<!DOCTYPE html>
<html>
<head>
<meta http-equiv="Content-Type" content="text/html; charset=utf-8"/>
<meta http-equiv="x-ua-compatible" content="IE=edge"/>
<title>Test results - Class org.springframework.web.servlet.tags.form.OptionTagTests</title>
<link href="../css/base-style.css" rel="stylesheet" type="text/css"/>
<link href="../css/style.css" rel="stylesheet" type="text/css"/>
<script src="../js/report.js" type="text/javascript"></script>
</head>
<body>
<div id="content">
<h1>Class org.springframework.web.servlet.tags.form.OptionTagTests</h1>
<div class="breadcrumbs">
<a href="../index.html">all</a> &gt; 
<a href="../packages/org.springframework.web.servlet.tags.form.html">org.springframework.web.servlet.tags.form</a> &gt; OptionTagTests</div>
<div id="summary">
<table>
<tr>
<td>
<div class="summaryGroup">
<table>
<tr>
<td>
<div class="infoBox" id="tests">
<div class="counter">18</div>
<p>tests</p>
</div>
</td>
<td>
<div class="infoBox" id="failures">
<div class="counter">0</div>
<p>failures</p>
</div>
</td>
<td>
<div class="infoBox" id="ignored">
<div class="counter">0</div>
<p>ignored</p>
</div>
</td>
<td>
<div class="infoBox" id="duration">
<div class="counter">0.135s</div>
<p>duration</p>
</div>
</td>
</tr>
</table>
</div>
</td>
<td>
<div class="infoBox success" id="successRate">
<div class="percent">100%</div>
<p>successful</p>
</div>
</td>
</tr>
</table>
</div>
<div id="tabs">
<ul class="tabLinks">
<li>
<a href="#tab0">Tests</a>
</li>
<li>
<a href="#tab1">Standard output</a>
</li>
</ul>
<div id="tab0" class="tab">
<h2>Tests</h2>
<table>
<thead>
<tr>
<th>Test</th>
<th>Duration</th>
<th>Result</th>
</tr>
</thead>
<tr>
<td class="success">asBodyTag</td>
<td class="success">0.005s</td>
<td class="success">passed</td>
</tr>
<tr>
<td class="success">asBodyTagCollapsed</td>
<td class="success">0.005s</td>
<td class="success">passed</td>
</tr>
<tr>
<td class="success">asBodyTagSelected</td>
<td class="success">0.005s</td>
<td class="success">passed</td>
</tr>
<tr>
<td class="success">asBodyTagWithEditor</td>
<td class="success">0.018s</td>
<td class="success">passed</td>
</tr>
<tr>
<td class="success">canBeDisabledEvenWhenSelected</td>
<td class="success">0.005s</td>
<td class="success">passed</td>
</tr>
<tr>
<td class="success">multiBind</td>
<td class="success">0.010s</td>
<td class="success">passed</td>
</tr>
<tr>
<td class="success">optionTagNotNestedWithinSelectTag</td>
<td class="success">0.012s</td>
<td class="success">passed</td>
</tr>
<tr>
<td class="success">renderNotSelected</td>
<td class="success">0.007s</td>
<td class="success">passed</td>
</tr>
<tr>
<td class="success">renderSelected</td>
<td class="success">0.004s</td>
<td class="success">passed</td>
</tr>
<tr>
<td class="success">renderWithDynamicAttributes</td>
<td class="success">0.006s</td>
<td class="success">passed</td>
</tr>
<tr>
<td class="success">withCustomObjectAndEditorNotSelected</td>
<td class="success">0.010s</td>
<td class="success">passed</td>
</tr>
<tr>
<td class="success">withCustomObjectAndEditorSelected</td>
<td class="success">0.007s</td>
<td class="success">passed</td>
</tr>
<tr>
<td class="success">withCustomObjectNotSelected</td>
<td class="success">0.004s</td>
<td class="success">passed</td>
</tr>
<tr>
<td class="success">withCustomObjectSelected</td>
<td class="success">0.005s</td>
<td class="success">passed</td>
</tr>
<tr>
<td class="success">withNoLabel</td>
<td class="success">0.005s</td>
<td class="success">passed</td>
</tr>
<tr>
<td class="success">withPropertyEditor</td>
<td class="success">0.008s</td>
<td class="success">passed</td>
</tr>
<tr>
<td class="success">withPropertyEditorStringComparison</td>
<td class="success">0.011s</td>
<td class="success">passed</td>
</tr>
<tr>
<td class="success">withoutContext</td>
<td class="success">0.008s</td>
<td class="success">passed</td>
</tr>
</table>
</div>
<div id="tab1" class="tab">
<h2>Standard output</h2>
<span class="code">
<pre>19:50:13.558 [Test worker] ERROR o.s.w.s.t.f.OptionTagTests$1 - The 'option' tag can only be used inside a valid 'select' tag.
java.lang.IllegalStateException: The 'option' tag can only be used inside a valid 'select' tag.
	at org.springframework.web.util.TagUtils.assertHasAncestorOfType(TagUtils.java:134) ~[spring-web-5.2.0.BUILD-SNAPSHOT.jar:5.2.0.BUILD-SNAPSHOT]
	at org.springframework.web.servlet.tags.form.OptionTag.assertUnderSelectTag(OptionTag.java:385) ~[main/:?]
	at org.springframework.web.servlet.tags.form.OptionTag.onWriteTagContent(OptionTag.java:314) ~[main/:?]
	at org.springframework.web.servlet.tags.form.AbstractHtmlElementBodyTag.writeTagContent(AbstractHtmlElementBodyTag.java:49) ~[main/:?]
	at org.springframework.web.servlet.tags.form.AbstractFormTag.doStartTagInternal(AbstractFormTag.java:86) ~[main/:?]
	at org.springframework.web.servlet.tags.RequestContextAwareTag.doStartTag(RequestContextAwareTag.java:83) ~[main/:?]
	at org.assertj.core.api.ThrowableAssert.catchThrowable(ThrowableAssert.java:62) [assertj-core-3.12.2.jar:?]
	at org.assertj.core.api.ThrowableTypeAssert.isThrownBy(ThrowableTypeAssert.java:59) [assertj-core-3.12.2.jar:?]
	at org.springframework.web.servlet.tags.form.OptionTagTests.optionTagNotNestedWithinSelectTag(OptionTagTests.java:468) [test/:?]
	at sun.reflect.NativeMethodAccessorImpl.invoke0(Native Method) ~[?:1.8.0_144]
	at sun.reflect.NativeMethodAccessorImpl.invoke(NativeMethodAccessorImpl.java:62) ~[?:1.8.0_144]
	at sun.reflect.DelegatingMethodAccessorImpl.invoke(DelegatingMethodAccessorImpl.java:43) ~[?:1.8.0_144]
	at java.lang.reflect.Method.invoke(Method.java:498) ~[?:1.8.0_144]
	at org.junit.runners.model.FrameworkMethod$1.runReflectiveCall(FrameworkMethod.java:59) [junit-4.13-beta-3.jar:4.13-beta-3]
	at org.junit.internal.runners.model.ReflectiveCallable.run(ReflectiveCallable.java:12) [junit-4.13-beta-3.jar:4.13-beta-3]
	at org.junit.runners.model.FrameworkMethod.invokeExplosively(FrameworkMethod.java:56) [junit-4.13-beta-3.jar:4.13-beta-3]
	at org.junit.internal.runners.statements.InvokeMethod.evaluate(InvokeMethod.java:17) [junit-4.13-beta-3.jar:4.13-beta-3]
	at org.junit.internal.runners.statements.RunBefores.evaluate(RunBefores.java:26) [junit-4.13-beta-3.jar:4.13-beta-3]
	at org.junit.runners.ParentRunner$3.evaluate(ParentRunner.java:305) [junit-4.13-beta-3.jar:4.13-beta-3]
	at org.junit.runners.BlockJUnit4ClassRunner$1.evaluate(BlockJUnit4ClassRunner.java:100) [junit-4.13-beta-3.jar:4.13-beta-3]
	at org.junit.runners.ParentRunner.runLeaf(ParentRunner.java:365) [junit-4.13-beta-3.jar:4.13-beta-3]
	at org.junit.runners.BlockJUnit4ClassRunner.runChild(BlockJUnit4ClassRunner.java:103) [junit-4.13-beta-3.jar:4.13-beta-3]
	at org.junit.runners.BlockJUnit4ClassRunner.runChild(BlockJUnit4ClassRunner.java:63) [junit-4.13-beta-3.jar:4.13-beta-3]
	at org.junit.runners.ParentRunner$4.run(ParentRunner.java:330) [junit-4.13-beta-3.jar:4.13-beta-3]
	at org.junit.runners.ParentRunner$1.schedule(ParentRunner.java:78) [junit-4.13-beta-3.jar:4.13-beta-3]
	at org.junit.runners.ParentRunner.runChildren(ParentRunner.java:328) [junit-4.13-beta-3.jar:4.13-beta-3]
	at org.junit.runners.ParentRunner.access$100(ParentRunner.java:65) [junit-4.13-beta-3.jar:4.13-beta-3]
	at org.junit.runners.ParentRunner$2.evaluate(ParentRunner.java:292) [junit-4.13-beta-3.jar:4.13-beta-3]
	at org.junit.runners.ParentRunner$3.evaluate(ParentRunner.java:305) [junit-4.13-beta-3.jar:4.13-beta-3]
	at org.junit.runners.ParentRunner.run(ParentRunner.java:412) [junit-4.13-beta-3.jar:4.13-beta-3]
	at org.gradle.api.internal.tasks.testing.junit.JUnitTestClassExecutor.runTestClass(JUnitTestClassExecutor.java:110) [gradle-testing-jvm-5.0.jar:5.0]
	at org.gradle.api.internal.tasks.testing.junit.JUnitTestClassExecutor.execute(JUnitTestClassExecutor.java:58) [gradle-testing-jvm-5.0.jar:5.0]
	at org.gradle.api.internal.tasks.testing.junit.JUnitTestClassExecutor.execute(JUnitTestClassExecutor.java:38) [gradle-testing-jvm-5.0.jar:5.0]
	at org.gradle.api.internal.tasks.testing.junit.AbstractJUnitTestClassProcessor.processTestClass(AbstractJUnitTestClassProcessor.java:66) [gradle-testing-jvm-5.0.jar:5.0]
	at org.gradle.api.internal.tasks.testing.SuiteTestClassProcessor.processTestClass(SuiteTestClassProcessor.java:51) [gradle-testing-base-5.0.jar:5.0]
	at sun.reflect.GeneratedMethodAccessor43.invoke(Unknown Source) ~[?:?]
	at sun.reflect.DelegatingMethodAccessorImpl.invoke(DelegatingMethodAccessorImpl.java:43) ~[?:1.8.0_144]
	at java.lang.reflect.Method.invoke(Method.java:498) ~[?:1.8.0_144]
	at org.gradle.internal.dispatch.ReflectionDispatch.dispatch(ReflectionDispatch.java:35) [gradle-messaging-5.0.jar:5.0]
	at org.gradle.internal.dispatch.ReflectionDispatch.dispatch(ReflectionDispatch.java:24) [gradle-messaging-5.0.jar:5.0]
	at org.gradle.internal.dispatch.ContextClassLoaderDispatch.dispatch(ContextClassLoaderDispatch.java:32) [gradle-messaging-5.0.jar:5.0]
	at org.gradle.internal.dispatch.ProxyDispatchAdapter$DispatchingInvocationHandler.invoke(ProxyDispatchAdapter.java:93) [gradle-messaging-5.0.jar:5.0]
	at com.sun.proxy.$Proxy2.processTestClass(Unknown Source) [?:?]
	at org.gradle.api.internal.tasks.testing.worker.TestWorker.processTestClass(TestWorker.java:118) [gradle-testing-base-5.0.jar:5.0]
	at sun.reflect.GeneratedMethodAccessor42.invoke(Unknown Source) ~[?:?]
	at sun.reflect.DelegatingMethodAccessorImpl.invoke(DelegatingMethodAccessorImpl.java:43) ~[?:1.8.0_144]
	at java.lang.reflect.Method.invoke(Method.java:498) ~[?:1.8.0_144]
	at org.gradle.internal.dispatch.ReflectionDispatch.dispatch(ReflectionDispatch.java:35) [gradle-messaging-5.0.jar:5.0]
	at org.gradle.internal.dispatch.ReflectionDispatch.dispatch(ReflectionDispatch.java:24) [gradle-messaging-5.0.jar:5.0]
	at org.gradle.internal.remote.internal.hub.MessageHubBackedObjectConnection$DispatchWrapper.dispatch(MessageHubBackedObjectConnection.java:175) [gradle-messaging-5.0.jar:5.0]
	at org.gradle.internal.remote.internal.hub.MessageHubBackedObjectConnection$DispatchWrapper.dispatch(MessageHubBackedObjectConnection.java:157) [gradle-messaging-5.0.jar:5.0]
	at org.gradle.internal.remote.internal.hub.MessageHub$Handler.run(MessageHub.java:404) [gradle-messaging-5.0.jar:5.0]
	at org.gradle.internal.concurrent.ExecutorPolicy$CatchAndRecordFailures.onExecute(ExecutorPolicy.java:63) [gradle-base-services-5.0.jar:5.0]
	at org.gradle.internal.concurrent.ManagedExecutorImpl$1.run(ManagedExecutorImpl.java:46) [gradle-base-services-5.0.jar:5.0]
	at java.util.concurrent.ThreadPoolExecutor.runWorker(ThreadPoolExecutor.java:1149) [?:1.8.0_144]
	at java.util.concurrent.ThreadPoolExecutor$Worker.run(ThreadPoolExecutor.java:624) [?:1.8.0_144]
	at org.gradle.internal.concurrent.ThreadFactoryImpl$ManagedThreadRunnable.run(ThreadFactoryImpl.java:55) [gradle-base-services-5.0.jar:5.0]
	at java.lang.Thread.run(Thread.java:748) [?:1.8.0_144]
19:50:13.591 [Test worker] ERROR o.s.w.s.t.f.OptionTagTests$1 - The 'option' tag can only be used inside a valid 'select' tag.
java.lang.IllegalStateException: The 'option' tag can only be used inside a valid 'select' tag.
	at org.springframework.web.util.TagUtils.assertHasAncestorOfType(TagUtils.java:134) ~[spring-web-5.2.0.BUILD-SNAPSHOT.jar:5.2.0.BUILD-SNAPSHOT]
	at org.springframework.web.servlet.tags.form.OptionTag.assertUnderSelectTag(OptionTag.java:385) ~[main/:?]
	at org.springframework.web.servlet.tags.form.OptionTag.onWriteTagContent(OptionTag.java:314) ~[main/:?]
	at org.springframework.web.servlet.tags.form.AbstractHtmlElementBodyTag.writeTagContent(AbstractHtmlElementBodyTag.java:49) ~[main/:?]
	at org.springframework.web.servlet.tags.form.AbstractFormTag.doStartTagInternal(AbstractFormTag.java:86) ~[main/:?]
	at org.springframework.web.servlet.tags.RequestContextAwareTag.doStartTag(RequestContextAwareTag.java:83) ~[main/:?]
	at org.assertj.core.api.ThrowableAssert.catchThrowable(ThrowableAssert.java:62) [assertj-core-3.12.2.jar:?]
	at org.assertj.core.api.ThrowableTypeAssert.isThrownBy(ThrowableTypeAssert.java:59) [assertj-core-3.12.2.jar:?]
	at org.springframework.web.servlet.tags.form.OptionTagTests.withoutContext(OptionTagTests.java:201) [test/:?]
	at sun.reflect.NativeMethodAccessorImpl.invoke0(Native Method) ~[?:1.8.0_144]
	at sun.reflect.NativeMethodAccessorImpl.invoke(NativeMethodAccessorImpl.java:62) ~[?:1.8.0_144]
	at sun.reflect.DelegatingMethodAccessorImpl.invoke(DelegatingMethodAccessorImpl.java:43) ~[?:1.8.0_144]
	at java.lang.reflect.Method.invoke(Method.java:498) ~[?:1.8.0_144]
	at org.junit.runners.model.FrameworkMethod$1.runReflectiveCall(FrameworkMethod.java:59) [junit-4.13-beta-3.jar:4.13-beta-3]
	at org.junit.internal.runners.model.ReflectiveCallable.run(ReflectiveCallable.java:12) [junit-4.13-beta-3.jar:4.13-beta-3]
	at org.junit.runners.model.FrameworkMethod.invokeExplosively(FrameworkMethod.java:56) [junit-4.13-beta-3.jar:4.13-beta-3]
	at org.junit.internal.runners.statements.InvokeMethod.evaluate(InvokeMethod.java:17) [junit-4.13-beta-3.jar:4.13-beta-3]
	at org.junit.internal.runners.statements.RunBefores.evaluate(RunBefores.java:26) [junit-4.13-beta-3.jar:4.13-beta-3]
	at org.junit.runners.ParentRunner$3.evaluate(ParentRunner.java:305) [junit-4.13-beta-3.jar:4.13-beta-3]
	at org.junit.runners.BlockJUnit4ClassRunner$1.evaluate(BlockJUnit4ClassRunner.java:100) [junit-4.13-beta-3.jar:4.13-beta-3]
	at org.junit.runners.ParentRunner.runLeaf(ParentRunner.java:365) [junit-4.13-beta-3.jar:4.13-beta-3]
	at org.junit.runners.BlockJUnit4ClassRunner.runChild(BlockJUnit4ClassRunner.java:103) [junit-4.13-beta-3.jar:4.13-beta-3]
	at org.junit.runners.BlockJUnit4ClassRunner.runChild(BlockJUnit4ClassRunner.java:63) [junit-4.13-beta-3.jar:4.13-beta-3]
	at org.junit.runners.ParentRunner$4.run(ParentRunner.java:330) [junit-4.13-beta-3.jar:4.13-beta-3]
	at org.junit.runners.ParentRunner$1.schedule(ParentRunner.java:78) [junit-4.13-beta-3.jar:4.13-beta-3]
	at org.junit.runners.ParentRunner.runChildren(ParentRunner.java:328) [junit-4.13-beta-3.jar:4.13-beta-3]
	at org.junit.runners.ParentRunner.access$100(ParentRunner.java:65) [junit-4.13-beta-3.jar:4.13-beta-3]
	at org.junit.runners.ParentRunner$2.evaluate(ParentRunner.java:292) [junit-4.13-beta-3.jar:4.13-beta-3]
	at org.junit.runners.ParentRunner$3.evaluate(ParentRunner.java:305) [junit-4.13-beta-3.jar:4.13-beta-3]
	at org.junit.runners.ParentRunner.run(ParentRunner.java:412) [junit-4.13-beta-3.jar:4.13-beta-3]
	at org.gradle.api.internal.tasks.testing.junit.JUnitTestClassExecutor.runTestClass(JUnitTestClassExecutor.java:110) [gradle-testing-jvm-5.0.jar:5.0]
	at org.gradle.api.internal.tasks.testing.junit.JUnitTestClassExecutor.execute(JUnitTestClassExecutor.java:58) [gradle-testing-jvm-5.0.jar:5.0]
	at org.gradle.api.internal.tasks.testing.junit.JUnitTestClassExecutor.execute(JUnitTestClassExecutor.java:38) [gradle-testing-jvm-5.0.jar:5.0]
	at org.gradle.api.internal.tasks.testing.junit.AbstractJUnitTestClassProcessor.processTestClass(AbstractJUnitTestClassProcessor.java:66) [gradle-testing-jvm-5.0.jar:5.0]
	at org.gradle.api.internal.tasks.testing.SuiteTestClassProcessor.processTestClass(SuiteTestClassProcessor.java:51) [gradle-testing-base-5.0.jar:5.0]
	at sun.reflect.GeneratedMethodAccessor43.invoke(Unknown Source) ~[?:?]
	at sun.reflect.DelegatingMethodAccessorImpl.invoke(DelegatingMethodAccessorImpl.java:43) ~[?:1.8.0_144]
	at java.lang.reflect.Method.invoke(Method.java:498) ~[?:1.8.0_144]
	at org.gradle.internal.dispatch.ReflectionDispatch.dispatch(ReflectionDispatch.java:35) [gradle-messaging-5.0.jar:5.0]
	at org.gradle.internal.dispatch.ReflectionDispatch.dispatch(ReflectionDispatch.java:24) [gradle-messaging-5.0.jar:5.0]
	at org.gradle.internal.dispatch.ContextClassLoaderDispatch.dispatch(ContextClassLoaderDispatch.java:32) [gradle-messaging-5.0.jar:5.0]
	at org.gradle.internal.dispatch.ProxyDispatchAdapter$DispatchingInvocationHandler.invoke(ProxyDispatchAdapter.java:93) [gradle-messaging-5.0.jar:5.0]
	at com.sun.proxy.$Proxy2.processTestClass(Unknown Source) [?:?]
	at org.gradle.api.internal.tasks.testing.worker.TestWorker.processTestClass(TestWorker.java:118) [gradle-testing-base-5.0.jar:5.0]
	at sun.reflect.GeneratedMethodAccessor42.invoke(Unknown Source) ~[?:?]
	at sun.reflect.DelegatingMethodAccessorImpl.invoke(DelegatingMethodAccessorImpl.java:43) ~[?:1.8.0_144]
	at java.lang.reflect.Method.invoke(Method.java:498) ~[?:1.8.0_144]
	at org.gradle.internal.dispatch.ReflectionDispatch.dispatch(ReflectionDispatch.java:35) [gradle-messaging-5.0.jar:5.0]
	at org.gradle.internal.dispatch.ReflectionDispatch.dispatch(ReflectionDispatch.java:24) [gradle-messaging-5.0.jar:5.0]
	at org.gradle.internal.remote.internal.hub.MessageHubBackedObjectConnection$DispatchWrapper.dispatch(MessageHubBackedObjectConnection.java:175) [gradle-messaging-5.0.jar:5.0]
	at org.gradle.internal.remote.internal.hub.MessageHubBackedObjectConnection$DispatchWrapper.dispatch(MessageHubBackedObjectConnection.java:157) [gradle-messaging-5.0.jar:5.0]
	at org.gradle.internal.remote.internal.hub.MessageHub$Handler.run(MessageHub.java:404) [gradle-messaging-5.0.jar:5.0]
	at org.gradle.internal.concurrent.ExecutorPolicy$CatchAndRecordFailures.onExecute(ExecutorPolicy.java:63) [gradle-base-services-5.0.jar:5.0]
	at org.gradle.internal.concurrent.ManagedExecutorImpl$1.run(ManagedExecutorImpl.java:46) [gradle-base-services-5.0.jar:5.0]
	at java.util.concurrent.ThreadPoolExecutor.runWorker(ThreadPoolExecutor.java:1149) [?:1.8.0_144]
	at java.util.concurrent.ThreadPoolExecutor$Worker.run(ThreadPoolExecutor.java:624) [?:1.8.0_144]
	at org.gradle.internal.concurrent.ThreadFactoryImpl$ManagedThreadRunnable.run(ThreadFactoryImpl.java:55) [gradle-base-services-5.0.jar:5.0]
	at java.lang.Thread.run(Thread.java:748) [?:1.8.0_144]
</pre>
</span>
</div>
</div>
<div id="footer">
<p>
<div>
<label class="hidden" id="label-for-line-wrapping-toggle" for="line-wrapping-toggle">Wrap lines
<input id="line-wrapping-toggle" type="checkbox" autocomplete="off"/>
</label>
</div>Generated by 
<a href="http://www.gradle.org">Gradle 5.0-rc-1</a> at 2019-6-21 19:50:49</p>
</div>
</div>
</body>
</html>
