<?xml version="1.0" encoding="UTF-8"?>
<testsuite name="org.springframework.beans.factory.xml.XmlBeanFactoryTests" tests="91" skipped="0" failures="0" errors="0" timestamp="2019-06-21T11:40:54" hostname="Macbook-Air.local" time="1.014">
  <properties/>
  <testcase name="testAutowire" classname="org.springframework.beans.factory.xml.XmlBeanFactoryTests" time="0.123"/>
  <testcase name="testInitMethodThrowsException" classname="org.springframework.beans.factory.xml.XmlBeanFactoryTests" time="0.004"/>
  <testcase name="testConstructorArgWithDoubleSimpleTypeMatch" classname="org.springframework.beans.factory.xml.XmlBeanFactoryTests" time="0.011"/>
  <testcase name="testCircularReferencesWithWrapping" classname="org.springframework.beans.factory.xml.XmlBeanFactoryTests" time="0.009"/>
  <testcase name="testNestedPropertyValue" classname="org.springframework.beans.factory.xml.XmlBeanFactoryTests" time="0.016"/>
  <testcase name="testAutowireByConstructorWithSimpleValues" classname="org.springframework.beans.factory.xml.XmlBeanFactoryTests" time="0.012"/>
  <testcase name="testCircularReferencesWithWrappingAndRawInjectionAllowed" classname="org.springframework.beans.factory.xml.XmlBeanFactoryTests" time="0.003"/>
  <testcase name="testInnerBeansWithoutDestroy" classname="org.springframework.beans.factory.xml.XmlBeanFactoryTests" time="0.022"/>
  <testcase name="testDependenciesThroughConstructorArguments" classname="org.springframework.beans.factory.xml.XmlBeanFactoryTests" time="0.024"/>
  <testcase name="testDependenciesMaterializeThis" classname="org.springframework.beans.factory.xml.XmlBeanFactoryTests" time="0.016"/>
  <testcase name="testInnerBeanInheritsScopeFromConcreteChildDefinition" classname="org.springframework.beans.factory.xml.XmlBeanFactoryTests" time="0.006"/>
  <testcase name="testFailsOnInnerBean" classname="org.springframework.beans.factory.xml.XmlBeanFactoryTests" time="0.027"/>
  <testcase name="testRefToSeparatePrototypeInstances" classname="org.springframework.beans.factory.xml.XmlBeanFactoryTests" time="0.007"/>
  <testcase name="testInheritanceWithClass" classname="org.springframework.beans.factory.xml.XmlBeanFactoryTests" time="0.008"/>
  <testcase name="testPrototypeInheritanceFromParentFactoryPrototype" classname="org.springframework.beans.factory.xml.XmlBeanFactoryTests" time="0.006"/>
  <testcase name="testOverrideMethodByArgTypeElement" classname="org.springframework.beans.factory.xml.XmlBeanFactoryTests" time="0.029"/>
  <testcase name="testResourceAndInputStream" classname="org.springframework.beans.factory.xml.XmlBeanFactoryTests" time="0.016"/>
  <testcase name="testLenientDependencyMatchingFactoryMethod" classname="org.springframework.beans.factory.xml.XmlBeanFactoryTests" time="0.01"/>
  <testcase name="testStringConstructorArrayNoTypeNonLenient" classname="org.springframework.beans.factory.xml.XmlBeanFactoryTests" time="0.009"/>
  <testcase name="testCircularReferences" classname="org.springframework.beans.factory.xml.XmlBeanFactoryTests" time="0.003"/>
  <testcase name="testJavaLangStringConstructor" classname="org.springframework.beans.factory.xml.XmlBeanFactoryTests" time="0.013"/>
  <testcase name="testDependenciesThroughProperties" classname="org.springframework.beans.factory.xml.XmlBeanFactoryTests" time="0.007"/>
  <testcase name="testLenientDependencyMatching" classname="org.springframework.beans.factory.xml.XmlBeanFactoryTests" time="0.01"/>
  <testcase name="testFactoryReferenceCircle" classname="org.springframework.beans.factory.xml.XmlBeanFactoryTests" time="0.005"/>
  <testcase name="testDependenciesThroughPropertyAutowiringByName" classname="org.springframework.beans.factory.xml.XmlBeanFactoryTests" time="0.006"/>
  <testcase name="testDependenciesThroughPropertyAutowiringByType" classname="org.springframework.beans.factory.xml.XmlBeanFactoryTests" time="0.005"/>
  <testcase name="testDoubleBooleanAutowire" classname="org.springframework.beans.factory.xml.XmlBeanFactoryTests" time="0.01"/>
  <testcase name="testComplexFactoryReferenceCircle" classname="org.springframework.beans.factory.xml.XmlBeanFactoryTests" time="0.01"/>
  <testcase name="testNoSuchInitMethod" classname="org.springframework.beans.factory.xml.XmlBeanFactoryTests" time="0.003"/>
  <testcase name="testInitMethodIsInvoked" classname="org.springframework.beans.factory.xml.XmlBeanFactoryTests" time="0.003"/>
  <testcase name="testSingletonInheritsFromParentFactoryPrototype" classname="org.springframework.beans.factory.xml.XmlBeanFactoryTests" time="0.006"/>
  <testcase name="testUrlResourceWithImport" classname="org.springframework.beans.factory.xml.XmlBeanFactoryTests" time="0.01"/>
  <testcase name="testWithDuplicateName" classname="org.springframework.beans.factory.xml.XmlBeanFactoryTests" time="0.007"/>
  <testcase name="testConstructorArgWithSingleMatch" classname="org.springframework.beans.factory.xml.XmlBeanFactoryTests" time="0.013"/>
  <testcase name="testConstructorWithUnresolvableParameterName" classname="org.springframework.beans.factory.xml.XmlBeanFactoryTests" time="0.022"/>
  <testcase name="testDependsOn" classname="org.springframework.beans.factory.xml.XmlBeanFactoryTests" time="0.005"/>
  <testcase name="throwsExceptionOnTooManyArguments" classname="org.springframework.beans.factory.xml.XmlBeanFactoryTests" time="0.014"/>
  <testcase name="testClassNotFoundWithDefaultBeanClassLoader" classname="org.springframework.beans.factory.xml.XmlBeanFactoryTests" time="0.008"/>
  <testcase name="testNonLenientDependencyMatchingFactoryMethod" classname="org.springframework.beans.factory.xml.XmlBeanFactoryTests" time="0.018"/>
  <testcase name="testInheritanceFromParentFactoryPrototype" classname="org.springframework.beans.factory.xml.XmlBeanFactoryTests" time="0.006"/>
  <testcase name="testWithDuplicateNameInAlias" classname="org.springframework.beans.factory.xml.XmlBeanFactoryTests" time="0.007"/>
  <testcase name="recursiveImport" classname="org.springframework.beans.factory.xml.XmlBeanFactoryTests" time="0.005"/>
  <testcase name="testCircularReferenceWithTwoFactoryBeans" classname="org.springframework.beans.factory.xml.XmlBeanFactoryTests" time="0.002"/>
  <testcase name="testAutowireModeNotInherited" classname="org.springframework.beans.factory.xml.XmlBeanFactoryTests" time="0.005"/>
  <testcase name="testInnerBeans" classname="org.springframework.beans.factory.xml.XmlBeanFactoryTests" time="0.008"/>
  <testcase name="testChildOverridesParentBean" classname="org.springframework.beans.factory.xml.XmlBeanFactoryTests" time="0.012"/>
  <testcase name="testDependenciesThroughConstructorArgumentAutowiring" classname="org.springframework.beans.factory.xml.XmlBeanFactoryTests" time="0.007"/>
  <testcase name="lookupOverrideOneMethodWithConstructorInjection" classname="org.springframework.beans.factory.xml.XmlBeanFactoryTests" time="0.018"/>
  <testcase name="testAutowireWithParent" classname="org.springframework.beans.factory.xml.XmlBeanFactoryTests" time="0.047"/>
  <testcase name="testCircularReferenceWithFactoryBeanFirst" classname="org.springframework.beans.factory.xml.XmlBeanFactoryTests" time="0.003"/>
  <testcase name="testInitializingBeanAndSameInitMethod" classname="org.springframework.beans.factory.xml.XmlBeanFactoryTests" time="0.004"/>
  <testcase name="testConstructorArgWithSingleSimpleTypeMatch" classname="org.springframework.beans.factory.xml.XmlBeanFactoryTests" time="0.011"/>
  <testcase name="testInitializingBeanAndInitMethod" classname="org.springframework.beans.factory.xml.XmlBeanFactoryTests" time="0.004"/>
  <testcase name="methodInjectedBeanMustBeOfSameEnhancedCglibSubclassTypeAcrossBeanFactories" classname="org.springframework.beans.factory.xml.XmlBeanFactoryTests" time="0.031"/>
  <testcase name="testReplaceMethodOverrideWithSetterInjection" classname="org.springframework.beans.factory.xml.XmlBeanFactoryTests" time="0.019"/>
  <testcase name="testDefaultLazyInit" classname="org.springframework.beans.factory.xml.XmlBeanFactoryTests" time="0.005"/>
  <testcase name="testCollectionsReferredToAsRefLocals" classname="org.springframework.beans.factory.xml.XmlBeanFactoryTests" time="0.014"/>
  <testcase name="testAbstractParentBeans" classname="org.springframework.beans.factory.xml.XmlBeanFactoryTests" time="0.004"/>
  <testcase name="lookupOverrideMethodsWithSetterInjection" classname="org.springframework.beans.factory.xml.XmlBeanFactoryTests" time="0.036"/>
  <testcase name="testDoubleBooleanAutowireWithIndex" classname="org.springframework.beans.factory.xml.XmlBeanFactoryTests" time="0.009"/>
  <testcase name="testRelatedCausesFromConstructorResolution" classname="org.springframework.beans.factory.xml.XmlBeanFactoryTests" time="0.012"/>
  <testcase name="testPrimitiveConstructorArray" classname="org.springframework.beans.factory.xml.XmlBeanFactoryTests" time="0.007"/>
  <testcase name="noSuchXmlFile" classname="org.springframework.beans.factory.xml.XmlBeanFactoryTests" time="0.001"/>
  <testcase name="serializableMethodReplacerAndSuperclass" classname="org.springframework.beans.factory.xml.XmlBeanFactoryTests" time="0.011"/>
  <testcase name="testIndexedPrimitiveConstructorArray" classname="org.springframework.beans.factory.xml.XmlBeanFactoryTests" time="0.008"/>
  <testcase name="testDependsOnInInnerBean" classname="org.springframework.beans.factory.xml.XmlBeanFactoryTests" time="0.008"/>
  <testcase name="testRejectsOverrideOfBogusMethodName" classname="org.springframework.beans.factory.xml.XmlBeanFactoryTests" time="0.007"/>
  <testcase name="testCustomStringConstructor" classname="org.springframework.beans.factory.xml.XmlBeanFactoryTests" time="0.011"/>
  <testcase name="testFileSystemResourceWithImport" classname="org.springframework.beans.factory.xml.XmlBeanFactoryTests" time="0.004"/>
  <testcase name="testClassPathResourceWithImport" classname="org.springframework.beans.factory.xml.XmlBeanFactoryTests" time="0.007"/>
  <testcase name="throwsExceptionOnAmbiguousResolution" classname="org.springframework.beans.factory.xml.XmlBeanFactoryTests" time="0.009"/>
  <testcase name="testClassNotFoundWithNoBeanClassLoader" classname="org.springframework.beans.factory.xml.XmlBeanFactoryTests" time="0.003"/>
  <testcase name="testDependenciesThroughPropertiesInInnerBean" classname="org.springframework.beans.factory.xml.XmlBeanFactoryTests" time="0.005"/>
  <testcase name="testPrototypeWithExplicitArguments" classname="org.springframework.beans.factory.xml.XmlBeanFactoryTests" time="0.006"/>
  <testcase name="testAutowireWithDefault" classname="org.springframework.beans.factory.xml.XmlBeanFactoryTests" time="0.005"/>
  <testcase name="testFactoryReferenceWithDoublePrefix" classname="org.springframework.beans.factory.xml.XmlBeanFactoryTests" time="0.003"/>
  <testcase name="testStringConstructorArrayNoType" classname="org.springframework.beans.factory.xml.XmlBeanFactoryTests" time="0.007"/>
  <testcase name="testRefToSingleton" classname="org.springframework.beans.factory.xml.XmlBeanFactoryTests" time="0.003"/>
  <testcase name="testConstructorArgResolution" classname="org.springframework.beans.factory.xml.XmlBeanFactoryTests" time="0.01"/>
  <testcase name="testAutowireByConstructor" classname="org.springframework.beans.factory.xml.XmlBeanFactoryTests" time="0.009"/>
  <testcase name="testSingletonFromParent" classname="org.springframework.beans.factory.xml.XmlBeanFactoryTests" time="0.006"/>
  <testcase name="testDependenciesThroughConstructorArgumentsInInnerBean" classname="org.springframework.beans.factory.xml.XmlBeanFactoryTests" time="0.004"/>
  <testcase name="testInheritanceWithDifferentClass" classname="org.springframework.beans.factory.xml.XmlBeanFactoryTests" time="0.006"/>
  <testcase name="testDependenciesThroughPropertiesWithInTheMiddle" classname="org.springframework.beans.factory.xml.XmlBeanFactoryTests" time="0.007"/>
  <testcase name="testCircularReferencesWithNotAllowed" classname="org.springframework.beans.factory.xml.XmlBeanFactoryTests" time="0.006"/>
  <testcase name="testOverrideMethodByArgTypeAttribute" classname="org.springframework.beans.factory.xml.XmlBeanFactoryTests" time="0.006"/>
  <testcase name="testPrototypeInheritanceFromParentFactorySingleton" classname="org.springframework.beans.factory.xml.XmlBeanFactoryTests" time="0.004"/>
  <testcase name="testNonLenientDependencyMatching" classname="org.springframework.beans.factory.xml.XmlBeanFactoryTests" time="0.008"/>
  <testcase name="invalidXmlFile" classname="org.springframework.beans.factory.xml.XmlBeanFactoryTests" time="0.012"/>
  <testcase name="noSuchFactoryBeanMethod" classname="org.springframework.beans.factory.xml.XmlBeanFactoryTests" time="0.007"/>
  <testcase name="testBogusParentageFromParentFactory" classname="org.springframework.beans.factory.xml.XmlBeanFactoryTests" time="0.006"/>
  <system-out><![CDATA[]]></system-out>
  <system-err><![CDATA[org.springframework.beans.factory.BeanCreationException: Error creating bean with name 'failsOnInnerBean' defined in class path resource [org/springframework/beans/factory/xml/XmlBeanFactoryTests-reftypes.xml]: Cannot create inner bean 'org.springframework.tests.sample.beans.TestBean#26e07242' of type [org.springframework.tests.sample.beans.TestBean] while setting bean property 'someMap' with key [TypedStringValue: value [someKey], target type [null]]; nested exception is org.springframework.beans.factory.BeanCreationException: Error creating bean with name 'org.springframework.tests.sample.beans.TestBean#26e07242' defined in class path resource [org/springframework/beans/factory/xml/XmlBeanFactoryTests-reftypes.xml]: Error setting property values; nested exception is org.springframework.beans.PropertyBatchUpdateException; nested PropertyAccessExceptions (1) are:
PropertyAccessException 1: org.springframework.beans.MethodInvocationException: Property 'touchy' threw exception; nested exception is java.lang.Exception: Can't contain a .
	at org.springframework.beans.factory.support.BeanDefinitionValueResolver.resolveInnerBean(BeanDefinitionValueResolver.java:389)
	at org.springframework.beans.factory.support.BeanDefinitionValueResolver.resolveValueIfNecessary(BeanDefinitionValueResolver.java:127)
	at org.springframework.beans.factory.support.BeanDefinitionValueResolver.lambda$resolveManagedMap$1(BeanDefinitionValueResolver.java:452)
	at java.util.LinkedHashMap.forEach(LinkedHashMap.java:684)
	at org.springframework.beans.factory.support.BeanDefinitionValueResolver.resolveManagedMap(BeanDefinitionValueResolver.java:450)
	at org.springframework.beans.factory.support.BeanDefinitionValueResolver.resolveValueIfNecessary(BeanDefinitionValueResolver.java:181)
	at org.springframework.beans.factory.support.AbstractAutowireCapableBeanFactory.applyPropertyValues(AbstractAutowireCapableBeanFactory.java:1694)
	at org.springframework.beans.factory.support.AbstractAutowireCapableBeanFactory.populateBean(AbstractAutowireCapableBeanFactory.java:1439)
	at org.springframework.beans.factory.support.AbstractAutowireCapableBeanFactory.doCreateBean(AbstractAutowireCapableBeanFactory.java:593)
	at org.springframework.beans.factory.support.AbstractAutowireCapableBeanFactory.createBean(AbstractAutowireCapableBeanFactory.java:516)
	at org.springframework.beans.factory.support.AbstractBeanFactory.lambda$doGetBean$0(AbstractBeanFactory.java:320)
	at org.springframework.beans.factory.support.DefaultSingletonBeanRegistry.getSingleton(DefaultSingletonBeanRegistry.java:222)
	at org.springframework.beans.factory.support.AbstractBeanFactory.doGetBean(AbstractBeanFactory.java:318)
	at org.springframework.beans.factory.support.AbstractBeanFactory.getBean(AbstractBeanFactory.java:199)
	at org.springframework.beans.factory.xml.XmlBeanFactoryTests.testFailsOnInnerBean(XmlBeanFactoryTests.java:289)
	at sun.reflect.NativeMethodAccessorImpl.invoke0(Native Method)
	at sun.reflect.NativeMethodAccessorImpl.invoke(NativeMethodAccessorImpl.java:62)
	at sun.reflect.DelegatingMethodAccessorImpl.invoke(DelegatingMethodAccessorImpl.java:43)
	at java.lang.reflect.Method.invoke(Method.java:498)
	at org.junit.runners.model.FrameworkMethod$1.runReflectiveCall(FrameworkMethod.java:59)
	at org.junit.internal.runners.model.ReflectiveCallable.run(ReflectiveCallable.java:12)
	at org.junit.runners.model.FrameworkMethod.invokeExplosively(FrameworkMethod.java:56)
	at org.junit.internal.runners.statements.InvokeMethod.evaluate(InvokeMethod.java:17)
	at org.junit.runners.ParentRunner$3.evaluate(ParentRunner.java:305)
	at org.junit.runners.BlockJUnit4ClassRunner$1.evaluate(BlockJUnit4ClassRunner.java:100)
	at org.junit.runners.ParentRunner.runLeaf(ParentRunner.java:365)
	at org.junit.runners.BlockJUnit4ClassRunner.runChild(BlockJUnit4ClassRunner.java:103)
	at org.junit.runners.BlockJUnit4ClassRunner.runChild(BlockJUnit4ClassRunner.java:63)
	at org.junit.runners.ParentRunner$4.run(ParentRunner.java:330)
	at org.junit.runners.ParentRunner$1.schedule(ParentRunner.java:78)
	at org.junit.runners.ParentRunner.runChildren(ParentRunner.java:328)
	at org.junit.runners.ParentRunner.access$100(ParentRunner.java:65)
	at org.junit.runners.ParentRunner$2.evaluate(ParentRunner.java:292)
	at org.junit.runners.ParentRunner$3.evaluate(ParentRunner.java:305)
	at org.junit.runners.ParentRunner.run(ParentRunner.java:412)
	at org.gradle.api.internal.tasks.testing.junit.JUnitTestClassExecutor.runTestClass(JUnitTestClassExecutor.java:110)
	at org.gradle.api.internal.tasks.testing.junit.JUnitTestClassExecutor.execute(JUnitTestClassExecutor.java:58)
	at org.gradle.api.internal.tasks.testing.junit.JUnitTestClassExecutor.execute(JUnitTestClassExecutor.java:38)
	at org.gradle.api.internal.tasks.testing.junit.AbstractJUnitTestClassProcessor.processTestClass(AbstractJUnitTestClassProcessor.java:66)
	at org.gradle.api.internal.tasks.testing.SuiteTestClassProcessor.processTestClass(SuiteTestClassProcessor.java:51)
	at sun.reflect.GeneratedMethodAccessor58.invoke(Unknown Source)
	at sun.reflect.DelegatingMethodAccessorImpl.invoke(DelegatingMethodAccessorImpl.java:43)
	at java.lang.reflect.Method.invoke(Method.java:498)
	at org.gradle.internal.dispatch.ReflectionDispatch.dispatch(ReflectionDispatch.java:35)
	at org.gradle.internal.dispatch.ReflectionDispatch.dispatch(ReflectionDispatch.java:24)
	at org.gradle.internal.dispatch.ContextClassLoaderDispatch.dispatch(ContextClassLoaderDispatch.java:32)
	at org.gradle.internal.dispatch.ProxyDispatchAdapter$DispatchingInvocationHandler.invoke(ProxyDispatchAdapter.java:93)
	at com.sun.proxy.$Proxy2.processTestClass(Unknown Source)
	at org.gradle.api.internal.tasks.testing.worker.TestWorker.processTestClass(TestWorker.java:118)
	at sun.reflect.GeneratedMethodAccessor57.invoke(Unknown Source)
	at sun.reflect.DelegatingMethodAccessorImpl.invoke(DelegatingMethodAccessorImpl.java:43)
	at java.lang.reflect.Method.invoke(Method.java:498)
	at org.gradle.internal.dispatch.ReflectionDispatch.dispatch(ReflectionDispatch.java:35)
	at org.gradle.internal.dispatch.ReflectionDispatch.dispatch(ReflectionDispatch.java:24)
	at org.gradle.internal.remote.internal.hub.MessageHubBackedObjectConnection$DispatchWrapper.dispatch(MessageHubBackedObjectConnection.java:175)
	at org.gradle.internal.remote.internal.hub.MessageHubBackedObjectConnection$DispatchWrapper.dispatch(MessageHubBackedObjectConnection.java:157)
	at org.gradle.internal.remote.internal.hub.MessageHub$Handler.run(MessageHub.java:404)
	at org.gradle.internal.concurrent.ExecutorPolicy$CatchAndRecordFailures.onExecute(ExecutorPolicy.java:63)
	at org.gradle.internal.concurrent.ManagedExecutorImpl$1.run(ManagedExecutorImpl.java:46)
	at java.util.concurrent.ThreadPoolExecutor.runWorker(ThreadPoolExecutor.java:1149)
	at java.util.concurrent.ThreadPoolExecutor$Worker.run(ThreadPoolExecutor.java:624)
	at org.gradle.internal.concurrent.ThreadFactoryImpl$ManagedThreadRunnable.run(ThreadFactoryImpl.java:55)
	at java.lang.Thread.run(Thread.java:748)
Caused by: org.springframework.beans.factory.BeanCreationException: Error creating bean with name 'org.springframework.tests.sample.beans.TestBean#26e07242' defined in class path resource [org/springframework/beans/factory/xml/XmlBeanFactoryTests-reftypes.xml]: Error setting property values; nested exception is org.springframework.beans.PropertyBatchUpdateException; nested PropertyAccessExceptions (1) are:
PropertyAccessException 1: org.springframework.beans.MethodInvocationException: Property 'touchy' threw exception; nested exception is java.lang.Exception: Can't contain a .
	at org.springframework.beans.factory.support.AbstractAutowireCapableBeanFactory.applyPropertyValues(AbstractAutowireCapableBeanFactory.java:1731)
	at org.springframework.beans.factory.support.AbstractAutowireCapableBeanFactory.populateBean(AbstractAutowireCapableBeanFactory.java:1439)
	at org.springframework.beans.factory.support.AbstractAutowireCapableBeanFactory.doCreateBean(AbstractAutowireCapableBeanFactory.java:593)
	at org.springframework.beans.factory.support.AbstractAutowireCapableBeanFactory.createBean(AbstractAutowireCapableBeanFactory.java:516)
	at org.springframework.beans.factory.support.BeanDefinitionValueResolver.resolveInnerBean(BeanDefinitionValueResolver.java:374)
	... 62 more
Caused by: org.springframework.beans.PropertyBatchUpdateException; nested PropertyAccessExceptions (1) are:
PropertyAccessException 1: org.springframework.beans.MethodInvocationException: Property 'touchy' threw exception; nested exception is java.lang.Exception: Can't contain a .
	at org.springframework.beans.AbstractPropertyAccessor.setPropertyValues(AbstractPropertyAccessor.java:122)
	at org.springframework.beans.AbstractPropertyAccessor.setPropertyValues(AbstractPropertyAccessor.java:77)
	at org.springframework.beans.factory.support.AbstractAutowireCapableBeanFactory.applyPropertyValues(AbstractAutowireCapableBeanFactory.java:1727)
	... 66 more
org.springframework.beans.factory.BeanCreationException: Error creating bean with name 'failsOnInnerBeanForConstructor' defined in class path resource [org/springframework/beans/factory/xml/XmlBeanFactoryTests-reftypes.xml]: Cannot create inner bean 'innerBean' of type [org.springframework.tests.sample.beans.TestBean] while setting constructor argument; nested exception is org.springframework.beans.factory.BeanCreationException: Error creating bean with name 'innerBean#1' defined in class path resource [org/springframework/beans/factory/xml/XmlBeanFactoryTests-reftypes.xml]: Error setting property values; nested exception is org.springframework.beans.PropertyBatchUpdateException; nested PropertyAccessExceptions (1) are:
PropertyAccessException 1: org.springframework.beans.MethodInvocationException: Property 'touchy' threw exception; nested exception is java.lang.Exception: Can't contain a .
	at org.springframework.beans.factory.support.BeanDefinitionValueResolver.resolveInnerBean(BeanDefinitionValueResolver.java:389)
	at org.springframework.beans.factory.support.BeanDefinitionValueResolver.resolveValueIfNecessary(BeanDefinitionValueResolver.java:127)
	at org.springframework.beans.factory.support.ConstructorResolver.resolveConstructorArguments(ConstructorResolver.java:687)
	at org.springframework.beans.factory.support.ConstructorResolver.autowireConstructor(ConstructorResolver.java:189)
	at org.springframework.beans.factory.support.AbstractAutowireCapableBeanFactory.autowireConstructor(AbstractAutowireCapableBeanFactory.java:1346)
	at org.springframework.beans.factory.support.AbstractAutowireCapableBeanFactory.createBeanInstance(AbstractAutowireCapableBeanFactory.java:1192)
	at org.springframework.beans.factory.support.AbstractAutowireCapableBeanFactory.doCreateBean(AbstractAutowireCapableBeanFactory.java:556)
	at org.springframework.beans.factory.support.AbstractAutowireCapableBeanFactory.createBean(AbstractAutowireCapableBeanFactory.java:516)
	at org.springframework.beans.factory.support.AbstractBeanFactory.lambda$doGetBean$0(AbstractBeanFactory.java:320)
	at org.springframework.beans.factory.support.DefaultSingletonBeanRegistry.getSingleton(DefaultSingletonBeanRegistry.java:222)
	at org.springframework.beans.factory.support.AbstractBeanFactory.doGetBean(AbstractBeanFactory.java:318)
	at org.springframework.beans.factory.support.AbstractBeanFactory.getBean(AbstractBeanFactory.java:199)
	at org.springframework.beans.factory.xml.XmlBeanFactoryTests.testFailsOnInnerBean(XmlBeanFactoryTests.java:299)
	at sun.reflect.NativeMethodAccessorImpl.invoke0(Native Method)
	at sun.reflect.NativeMethodAccessorImpl.invoke(NativeMethodAccessorImpl.java:62)
	at sun.reflect.DelegatingMethodAccessorImpl.invoke(DelegatingMethodAccessorImpl.java:43)
	at java.lang.reflect.Method.invoke(Method.java:498)
	at org.junit.runners.model.FrameworkMethod$1.runReflectiveCall(FrameworkMethod.java:59)
	at org.junit.internal.runners.model.ReflectiveCallable.run(ReflectiveCallable.java:12)
	at org.junit.runners.model.FrameworkMethod.invokeExplosively(FrameworkMethod.java:56)
	at org.junit.internal.runners.statements.InvokeMethod.evaluate(InvokeMethod.java:17)
	at org.junit.runners.ParentRunner$3.evaluate(ParentRunner.java:305)
	at org.junit.runners.BlockJUnit4ClassRunner$1.evaluate(BlockJUnit4ClassRunner.java:100)
	at org.junit.runners.ParentRunner.runLeaf(ParentRunner.java:365)
	at org.junit.runners.BlockJUnit4ClassRunner.runChild(BlockJUnit4ClassRunner.java:103)
	at org.junit.runners.BlockJUnit4ClassRunner.runChild(BlockJUnit4ClassRunner.java:63)
	at org.junit.runners.ParentRunner$4.run(ParentRunner.java:330)
	at org.junit.runners.ParentRunner$1.schedule(ParentRunner.java:78)
	at org.junit.runners.ParentRunner.runChildren(ParentRunner.java:328)
	at org.junit.runners.ParentRunner.access$100(ParentRunner.java:65)
	at org.junit.runners.ParentRunner$2.evaluate(ParentRunner.java:292)
	at org.junit.runners.ParentRunner$3.evaluate(ParentRunner.java:305)
	at org.junit.runners.ParentRunner.run(ParentRunner.java:412)
	at org.gradle.api.internal.tasks.testing.junit.JUnitTestClassExecutor.runTestClass(JUnitTestClassExecutor.java:110)
	at org.gradle.api.internal.tasks.testing.junit.JUnitTestClassExecutor.execute(JUnitTestClassExecutor.java:58)
	at org.gradle.api.internal.tasks.testing.junit.JUnitTestClassExecutor.execute(JUnitTestClassExecutor.java:38)
	at org.gradle.api.internal.tasks.testing.junit.AbstractJUnitTestClassProcessor.processTestClass(AbstractJUnitTestClassProcessor.java:66)
	at org.gradle.api.internal.tasks.testing.SuiteTestClassProcessor.processTestClass(SuiteTestClassProcessor.java:51)
	at sun.reflect.GeneratedMethodAccessor58.invoke(Unknown Source)
	at sun.reflect.DelegatingMethodAccessorImpl.invoke(DelegatingMethodAccessorImpl.java:43)
	at java.lang.reflect.Method.invoke(Method.java:498)
	at org.gradle.internal.dispatch.ReflectionDispatch.dispatch(ReflectionDispatch.java:35)
	at org.gradle.internal.dispatch.ReflectionDispatch.dispatch(ReflectionDispatch.java:24)
	at org.gradle.internal.dispatch.ContextClassLoaderDispatch.dispatch(ContextClassLoaderDispatch.java:32)
	at org.gradle.internal.dispatch.ProxyDispatchAdapter$DispatchingInvocationHandler.invoke(ProxyDispatchAdapter.java:93)
	at com.sun.proxy.$Proxy2.processTestClass(Unknown Source)
	at org.gradle.api.internal.tasks.testing.worker.TestWorker.processTestClass(TestWorker.java:118)
	at sun.reflect.GeneratedMethodAccessor57.invoke(Unknown Source)
	at sun.reflect.DelegatingMethodAccessorImpl.invoke(DelegatingMethodAccessorImpl.java:43)
	at java.lang.reflect.Method.invoke(Method.java:498)
	at org.gradle.internal.dispatch.ReflectionDispatch.dispatch(ReflectionDispatch.java:35)
	at org.gradle.internal.dispatch.ReflectionDispatch.dispatch(ReflectionDispatch.java:24)
	at org.gradle.internal.remote.internal.hub.MessageHubBackedObjectConnection$DispatchWrapper.dispatch(MessageHubBackedObjectConnection.java:175)
	at org.gradle.internal.remote.internal.hub.MessageHubBackedObjectConnection$DispatchWrapper.dispatch(MessageHubBackedObjectConnection.java:157)
	at org.gradle.internal.remote.internal.hub.MessageHub$Handler.run(MessageHub.java:404)
	at org.gradle.internal.concurrent.ExecutorPolicy$CatchAndRecordFailures.onExecute(ExecutorPolicy.java:63)
	at org.gradle.internal.concurrent.ManagedExecutorImpl$1.run(ManagedExecutorImpl.java:46)
	at java.util.concurrent.ThreadPoolExecutor.runWorker(ThreadPoolExecutor.java:1149)
	at java.util.concurrent.ThreadPoolExecutor$Worker.run(ThreadPoolExecutor.java:624)
	at org.gradle.internal.concurrent.ThreadFactoryImpl$ManagedThreadRunnable.run(ThreadFactoryImpl.java:55)
	at java.lang.Thread.run(Thread.java:748)
Caused by: org.springframework.beans.factory.BeanCreationException: Error creating bean with name 'innerBean#1' defined in class path resource [org/springframework/beans/factory/xml/XmlBeanFactoryTests-reftypes.xml]: Error setting property values; nested exception is org.springframework.beans.PropertyBatchUpdateException; nested PropertyAccessExceptions (1) are:
PropertyAccessException 1: org.springframework.beans.MethodInvocationException: Property 'touchy' threw exception; nested exception is java.lang.Exception: Can't contain a .
	at org.springframework.beans.factory.support.AbstractAutowireCapableBeanFactory.applyPropertyValues(AbstractAutowireCapableBeanFactory.java:1731)
	at org.springframework.beans.factory.support.AbstractAutowireCapableBeanFactory.populateBean(AbstractAutowireCapableBeanFactory.java:1439)
	at org.springframework.beans.factory.support.AbstractAutowireCapableBeanFactory.doCreateBean(AbstractAutowireCapableBeanFactory.java:593)
	at org.springframework.beans.factory.support.AbstractAutowireCapableBeanFactory.createBean(AbstractAutowireCapableBeanFactory.java:516)
	at org.springframework.beans.factory.support.BeanDefinitionValueResolver.resolveInnerBean(BeanDefinitionValueResolver.java:374)
	... 60 more
Caused by: org.springframework.beans.PropertyBatchUpdateException; nested PropertyAccessExceptions (1) are:
PropertyAccessException 1: org.springframework.beans.MethodInvocationException: Property 'touchy' threw exception; nested exception is java.lang.Exception: Can't contain a .
	at org.springframework.beans.AbstractPropertyAccessor.setPropertyValues(AbstractPropertyAccessor.java:122)
	at org.springframework.beans.AbstractPropertyAccessor.setPropertyValues(AbstractPropertyAccessor.java:77)
	at org.springframework.beans.factory.support.AbstractAutowireCapableBeanFactory.applyPropertyValues(AbstractAutowireCapableBeanFactory.java:1727)
	... 64 more
org.springframework.beans.factory.BeanCreationException: Error creating bean with name 'rod2Accessor' defined in class path resource [org/springframework/beans/factory/xml/XmlBeanFactoryTests-constructorArg.xml]: Error setting property values; nested exception is org.springframework.beans.PropertyBatchUpdateException; nested PropertyAccessExceptions (1) are:
PropertyAccessException 1: org.springframework.beans.MethodInvocationException: Property 'touchy' threw exception; nested exception is java.lang.Exception: Can't contain a .
	at org.springframework.beans.factory.support.AbstractAutowireCapableBeanFactory.applyPropertyValues(AbstractAutowireCapableBeanFactory.java:1731)
	at org.springframework.beans.factory.support.AbstractAutowireCapableBeanFactory.populateBean(AbstractAutowireCapableBeanFactory.java:1439)
	at org.springframework.beans.factory.support.AbstractAutowireCapableBeanFactory.doCreateBean(AbstractAutowireCapableBeanFactory.java:593)
	at org.springframework.beans.factory.support.AbstractAutowireCapableBeanFactory.createBean(AbstractAutowireCapableBeanFactory.java:516)
	at org.springframework.beans.factory.support.AbstractBeanFactory.lambda$doGetBean$0(AbstractBeanFactory.java:320)
	at org.springframework.beans.factory.support.DefaultSingletonBeanRegistry.getSingleton(DefaultSingletonBeanRegistry.java:222)
	at org.springframework.beans.factory.support.AbstractBeanFactory.doGetBean(AbstractBeanFactory.java:318)
	at org.springframework.beans.factory.support.AbstractBeanFactory.getBean(AbstractBeanFactory.java:199)
	at org.springframework.beans.factory.xml.XmlBeanFactoryTests.testRelatedCausesFromConstructorResolution(XmlBeanFactoryTests.java:907)
	at sun.reflect.NativeMethodAccessorImpl.invoke0(Native Method)
	at sun.reflect.NativeMethodAccessorImpl.invoke(NativeMethodAccessorImpl.java:62)
	at sun.reflect.DelegatingMethodAccessorImpl.invoke(DelegatingMethodAccessorImpl.java:43)
	at java.lang.reflect.Method.invoke(Method.java:498)
	at org.junit.runners.model.FrameworkMethod$1.runReflectiveCall(FrameworkMethod.java:59)
	at org.junit.internal.runners.model.ReflectiveCallable.run(ReflectiveCallable.java:12)
	at org.junit.runners.model.FrameworkMethod.invokeExplosively(FrameworkMethod.java:56)
	at org.junit.internal.runners.statements.InvokeMethod.evaluate(InvokeMethod.java:17)
	at org.junit.runners.ParentRunner$3.evaluate(ParentRunner.java:305)
	at org.junit.runners.BlockJUnit4ClassRunner$1.evaluate(BlockJUnit4ClassRunner.java:100)
	at org.junit.runners.ParentRunner.runLeaf(ParentRunner.java:365)
	at org.junit.runners.BlockJUnit4ClassRunner.runChild(BlockJUnit4ClassRunner.java:103)
	at org.junit.runners.BlockJUnit4ClassRunner.runChild(BlockJUnit4ClassRunner.java:63)
	at org.junit.runners.ParentRunner$4.run(ParentRunner.java:330)
	at org.junit.runners.ParentRunner$1.schedule(ParentRunner.java:78)
	at org.junit.runners.ParentRunner.runChildren(ParentRunner.java:328)
	at org.junit.runners.ParentRunner.access$100(ParentRunner.java:65)
	at org.junit.runners.ParentRunner$2.evaluate(ParentRunner.java:292)
	at org.junit.runners.ParentRunner$3.evaluate(ParentRunner.java:305)
	at org.junit.runners.ParentRunner.run(ParentRunner.java:412)
	at org.gradle.api.internal.tasks.testing.junit.JUnitTestClassExecutor.runTestClass(JUnitTestClassExecutor.java:110)
	at org.gradle.api.internal.tasks.testing.junit.JUnitTestClassExecutor.execute(JUnitTestClassExecutor.java:58)
	at org.gradle.api.internal.tasks.testing.junit.JUnitTestClassExecutor.execute(JUnitTestClassExecutor.java:38)
	at org.gradle.api.internal.tasks.testing.junit.AbstractJUnitTestClassProcessor.processTestClass(AbstractJUnitTestClassProcessor.java:66)
	at org.gradle.api.internal.tasks.testing.SuiteTestClassProcessor.processTestClass(SuiteTestClassProcessor.java:51)
	at sun.reflect.GeneratedMethodAccessor58.invoke(Unknown Source)
	at sun.reflect.DelegatingMethodAccessorImpl.invoke(DelegatingMethodAccessorImpl.java:43)
	at java.lang.reflect.Method.invoke(Method.java:498)
	at org.gradle.internal.dispatch.ReflectionDispatch.dispatch(ReflectionDispatch.java:35)
	at org.gradle.internal.dispatch.ReflectionDispatch.dispatch(ReflectionDispatch.java:24)
	at org.gradle.internal.dispatch.ContextClassLoaderDispatch.dispatch(ContextClassLoaderDispatch.java:32)
	at org.gradle.internal.dispatch.ProxyDispatchAdapter$DispatchingInvocationHandler.invoke(ProxyDispatchAdapter.java:93)
	at com.sun.proxy.$Proxy2.processTestClass(Unknown Source)
	at org.gradle.api.internal.tasks.testing.worker.TestWorker.processTestClass(TestWorker.java:118)
	at sun.reflect.GeneratedMethodAccessor57.invoke(Unknown Source)
	at sun.reflect.DelegatingMethodAccessorImpl.invoke(DelegatingMethodAccessorImpl.java:43)
	at java.lang.reflect.Method.invoke(Method.java:498)
	at org.gradle.internal.dispatch.ReflectionDispatch.dispatch(ReflectionDispatch.java:35)
	at org.gradle.internal.dispatch.ReflectionDispatch.dispatch(ReflectionDispatch.java:24)
	at org.gradle.internal.remote.internal.hub.MessageHubBackedObjectConnection$DispatchWrapper.dispatch(MessageHubBackedObjectConnection.java:175)
	at org.gradle.internal.remote.internal.hub.MessageHubBackedObjectConnection$DispatchWrapper.dispatch(MessageHubBackedObjectConnection.java:157)
	at org.gradle.internal.remote.internal.hub.MessageHub$Handler.run(MessageHub.java:404)
	at org.gradle.internal.concurrent.ExecutorPolicy$CatchAndRecordFailures.onExecute(ExecutorPolicy.java:63)
	at org.gradle.internal.concurrent.ManagedExecutorImpl$1.run(ManagedExecutorImpl.java:46)
	at java.util.concurrent.ThreadPoolExecutor.runWorker(ThreadPoolExecutor.java:1149)
	at java.util.concurrent.ThreadPoolExecutor$Worker.run(ThreadPoolExecutor.java:624)
	at org.gradle.internal.concurrent.ThreadFactoryImpl$ManagedThreadRunnable.run(ThreadFactoryImpl.java:55)
	at java.lang.Thread.run(Thread.java:748)
Caused by: org.springframework.beans.PropertyBatchUpdateException; nested PropertyAccessExceptions (1) are:
PropertyAccessException 1: org.springframework.beans.MethodInvocationException: Property 'touchy' threw exception; nested exception is java.lang.Exception: Can't contain a .
	at org.springframework.beans.AbstractPropertyAccessor.setPropertyValues(AbstractPropertyAccessor.java:122)
	at org.springframework.beans.AbstractPropertyAccessor.setPropertyValues(AbstractPropertyAccessor.java:77)
	at org.springframework.beans.factory.support.AbstractAutowireCapableBeanFactory.applyPropertyValues(AbstractAutowireCapableBeanFactory.java:1727)
	... 56 more
]]></system-err>
</testsuite>
