<?xml version="1.0" encoding="UTF-8"?>
<testsuite name="org.springframework.web.reactive.function.MultipartIntegrationTests" tests="12" skipped="0" failures="0" errors="0" timestamp="2019-06-21T11:49:00" hostname="Macbook-Air.local" time="0.539">
  <properties/>
  <testcase name="transferTo[server [org.springframework.http.server.reactive.bootstrap.JettyHttpServer@6e58972e]]" classname="org.springframework.web.reactive.function.MultipartIntegrationTests" time="0.052"/>
  <testcase name="multipartData[server [org.springframework.http.server.reactive.bootstrap.JettyHttpServer@6e58972e]]" classname="org.springframework.web.reactive.function.MultipartIntegrationTests" time="0.036"/>
  <testcase name="parts[server [org.springframework.http.server.reactive.bootstrap.JettyHttpServer@6e58972e]]" classname="org.springframework.web.reactive.function.MultipartIntegrationTests" time="0.039"/>
  <testcase name="transferTo[server [org.springframework.http.server.reactive.bootstrap.ReactorHttpServer@1a909a93]]" classname="org.springframework.web.reactive.function.MultipartIntegrationTests" time="0.039"/>
  <testcase name="multipartData[server [org.springframework.http.server.reactive.bootstrap.ReactorHttpServer@1a909a93]]" classname="org.springframework.web.reactive.function.MultipartIntegrationTests" time="0.037"/>
  <testcase name="parts[server [org.springframework.http.server.reactive.bootstrap.ReactorHttpServer@1a909a93]]" classname="org.springframework.web.reactive.function.MultipartIntegrationTests" time="0.04"/>
  <testcase name="transferTo[server [org.springframework.http.server.reactive.bootstrap.TomcatHttpServer@744adda4]]" classname="org.springframework.web.reactive.function.MultipartIntegrationTests" time="0.05"/>
  <testcase name="multipartData[server [org.springframework.http.server.reactive.bootstrap.TomcatHttpServer@744adda4]]" classname="org.springframework.web.reactive.function.MultipartIntegrationTests" time="0.05"/>
  <testcase name="parts[server [org.springframework.http.server.reactive.bootstrap.TomcatHttpServer@744adda4]]" classname="org.springframework.web.reactive.function.MultipartIntegrationTests" time="0.049"/>
  <testcase name="transferTo[server [org.springframework.http.server.reactive.bootstrap.UndertowHttpServer@63848be3]]" classname="org.springframework.web.reactive.function.MultipartIntegrationTests" time="0.072"/>
  <testcase name="multipartData[server [org.springframework.http.server.reactive.bootstrap.UndertowHttpServer@63848be3]]" classname="org.springframework.web.reactive.function.MultipartIntegrationTests" time="0.038"/>
  <testcase name="parts[server [org.springframework.http.server.reactive.bootstrap.UndertowHttpServer@63848be3]]" classname="org.springframework.web.reactive.function.MultipartIntegrationTests" time="0.036"/>
  <system-out><![CDATA[19:49:00.869 [Test worker] DEBUG o.s.w.s.a.HttpWebHandlerAdapter - enableLoggingRequestDetails='false': form data and headers will be masked to prevent unsafe logging of potentially sensitive data
19:49:00.869 [Test worker] WARN  o.e.j.s.h.ContextHandler - Empty contextPath
19:49:00.870 [Test worker] INFO  o.e.j.s.h.ContextHandler - Started o.e.j.s.ServletContextHandler@3a2377da{/,null,AVAILABLE}
19:49:00.870 [Test worker] DEBUG o.s.h.s.r.b.JettyHttpServer - Starting JettyHttpServer...
19:49:00.870 [Test worker] INFO  o.e.j.s.Server - jetty-9.4.18.v20190429; built: 2019-04-29T20:42:08.989Z; git: e1bc35120a6617ee3df052294e433f3a25ce7097; jvm 1.8.0_144-b01
19:49:00.871 [Test worker] INFO  o.e.j.s.AbstractConnector - Started ServerConnector@7b31c56a{HTTP/1.1,[http/1.1]}{0.0.0.0:51539}
19:49:00.871 [Test worker] INFO  o.e.j.s.Server - Started @141982ms
19:49:00.871 [Test worker] DEBUG o.s.h.s.r.b.JettyHttpServer - Server started on port 51539(0 millis).
19:49:00.872 [Test worker] DEBUG o.s.w.r.f.c.ExchangeFunctions - [66cda8fb] HTTP POST http://localhost:51539/transferTo
19:49:00.873 [reactor-http-nio-2] DEBUG o.s.h.c.m.MultipartHttpMessageWriter - [66cda8fb] Encoding parts [fooPart, barPart] (content masked)
19:49:00.886 [qtp267668801-4123] DEBUG o.s.w.s.a.HttpWebHandlerAdapter - [9b734df] HTTP POST "/transferTo"
19:49:00.891 [Thread-179] DEBUG o.s.c.c.CharSequenceEncoder - [9b734df] Writing "/var/folders/r6/7wpbx5cj36d80g35s9jtmjc80000gn/T/MultipartIntegrationTests2404711627898653249.tmp"
19:49:00.891 [Thread-179] DEBUG o.s.w.s.a.HttpWebHandlerAdapter - [9b734df] Completed 200 OK
19:49:00.892 [reactor-http-nio-2] DEBUG o.s.w.r.f.c.ExchangeFunctions - [66cda8fb] Response 200 OK
19:49:00.893 [reactor-http-nio-2] DEBUG o.s.c.c.StringDecoder - [66cda8fb] Decoded "/var/folders/r6/7wpbx5cj36d80g35s9jtmjc80000gn/T/MultipartIntegrationTests2404711627898653249.tmp"
19:49:00.894 [Test worker] DEBUG o.s.h.s.r.b.JettyHttpServer - Stopping JettyHttpServer...
19:49:00.894 [Test worker] INFO  o.e.j.s.h.ContextHandler - Stopped o.e.j.s.ServletContextHandler@3a2377da{/,null,UNAVAILABLE}
19:49:00.895 [Test worker] INFO  o.e.j.s.AbstractConnector - Stopped ServerConnector@7b31c56a{HTTP/1.1,[http/1.1]}{0.0.0.0:0}
19:49:00.895 [Test worker] DEBUG o.s.h.s.r.b.JettyHttpServer - Server stopped (0 millis).
19:49:00.911 [Test worker] DEBUG o.s.w.s.a.HttpWebHandlerAdapter - enableLoggingRequestDetails='false': form data and headers will be masked to prevent unsafe logging of potentially sensitive data
19:49:00.911 [Test worker] WARN  o.e.j.s.h.ContextHandler - Empty contextPath
19:49:00.911 [Test worker] INFO  o.e.j.s.h.ContextHandler - Started o.e.j.s.ServletContextHandler@2f4896ff{/,null,AVAILABLE}
19:49:00.911 [Test worker] DEBUG o.s.h.s.r.b.JettyHttpServer - Starting JettyHttpServer...
19:49:00.911 [Test worker] INFO  o.e.j.s.Server - jetty-9.4.18.v20190429; built: 2019-04-29T20:42:08.989Z; git: e1bc35120a6617ee3df052294e433f3a25ce7097; jvm 1.8.0_144-b01
19:49:00.913 [Test worker] INFO  o.e.j.s.AbstractConnector - Started ServerConnector@1c573379{HTTP/1.1,[http/1.1]}{0.0.0.0:51541}
19:49:00.913 [Test worker] INFO  o.e.j.s.Server - Started @142023ms
19:49:00.913 [Test worker] DEBUG o.s.h.s.r.b.JettyHttpServer - Server started on port 51541(0 millis).
19:49:00.914 [Test worker] DEBUG o.s.w.r.f.c.ExchangeFunctions - [22d30bb8] HTTP POST http://localhost:51541/multipartData
19:49:00.915 [reactor-http-nio-2] DEBUG o.s.h.c.m.MultipartHttpMessageWriter - [22d30bb8] Encoding parts [fooPart, barPart] (content masked)
19:49:00.927 [qtp1092858809-4132] DEBUG o.s.w.s.a.HttpWebHandlerAdapter - [82b90c9] HTTP POST "/multipartData"
19:49:00.929 [qtp1092858809-4132] DEBUG o.s.w.s.a.HttpWebHandlerAdapter - [82b90c9] Completed 200 OK
19:49:00.930 [reactor-http-nio-2] DEBUG o.s.w.r.f.c.ExchangeFunctions - [22d30bb8] Response 200 OK
19:49:00.930 [Test worker] DEBUG o.s.h.s.r.b.JettyHttpServer - Stopping JettyHttpServer...
19:49:00.930 [Test worker] INFO  o.e.j.s.h.ContextHandler - Stopped o.e.j.s.ServletContextHandler@2f4896ff{/,null,UNAVAILABLE}
19:49:00.931 [Test worker] INFO  o.e.j.s.AbstractConnector - Stopped ServerConnector@1c573379{HTTP/1.1,[http/1.1]}{0.0.0.0:0}
19:49:00.931 [Test worker] DEBUG o.s.h.s.r.b.JettyHttpServer - Server stopped (0 millis).
19:49:00.947 [Test worker] DEBUG o.s.w.s.a.HttpWebHandlerAdapter - enableLoggingRequestDetails='false': form data and headers will be masked to prevent unsafe logging of potentially sensitive data
19:49:00.947 [Test worker] WARN  o.e.j.s.h.ContextHandler - Empty contextPath
19:49:00.948 [Test worker] INFO  o.e.j.s.h.ContextHandler - Started o.e.j.s.ServletContextHandler@3313f22{/,null,AVAILABLE}
19:49:00.948 [Test worker] DEBUG o.s.h.s.r.b.JettyHttpServer - Starting JettyHttpServer...
19:49:00.948 [Test worker] INFO  o.e.j.s.Server - jetty-9.4.18.v20190429; built: 2019-04-29T20:42:08.989Z; git: e1bc35120a6617ee3df052294e433f3a25ce7097; jvm 1.8.0_144-b01
19:49:00.950 [Test worker] INFO  o.e.j.s.AbstractConnector - Started ServerConnector@17feb639{HTTP/1.1,[http/1.1]}{0.0.0.0:51543}
19:49:00.950 [Test worker] INFO  o.e.j.s.Server - Started @142060ms
19:49:00.950 [Test worker] DEBUG o.s.h.s.r.b.JettyHttpServer - Server started on port 51543(0 millis).
19:49:00.950 [Test worker] DEBUG o.s.w.r.f.c.ExchangeFunctions - [5e4ac138] HTTP POST http://localhost:51543/parts
19:49:00.952 [reactor-http-nio-2] DEBUG o.s.h.c.m.MultipartHttpMessageWriter - [5e4ac138] Encoding parts [fooPart, barPart] (content masked)
19:49:00.967 [qtp658009592-4141] DEBUG o.s.w.s.a.HttpWebHandlerAdapter - [7fdb2d65] HTTP POST "/parts"
19:49:00.968 [qtp658009592-4141] DEBUG o.s.w.s.a.HttpWebHandlerAdapter - [7fdb2d65] Completed 200 OK
19:49:00.969 [reactor-http-nio-2] DEBUG o.s.w.r.f.c.ExchangeFunctions - [5e4ac138] Response 200 OK
19:49:00.969 [Test worker] DEBUG o.s.h.s.r.b.JettyHttpServer - Stopping JettyHttpServer...
19:49:00.969 [Test worker] INFO  o.e.j.s.h.ContextHandler - Stopped o.e.j.s.ServletContextHandler@3313f22{/,null,UNAVAILABLE}
19:49:00.970 [Test worker] INFO  o.e.j.s.AbstractConnector - Stopped ServerConnector@17feb639{HTTP/1.1,[http/1.1]}{0.0.0.0:0}
19:49:00.970 [Test worker] DEBUG o.s.h.s.r.b.JettyHttpServer - Server stopped (0 millis).
19:49:00.985 [Test worker] DEBUG o.s.w.s.a.HttpWebHandlerAdapter - enableLoggingRequestDetails='false': form data and headers will be masked to prevent unsafe logging of potentially sensitive data
19:49:00.985 [Test worker] DEBUG o.s.h.s.r.b.ReactorHttpServer - Starting ReactorHttpServer...
19:49:00.985 [Test worker] DEBUG o.s.h.s.r.b.ReactorHttpServer - Server started on port 51545(0 millis).
19:49:00.986 [Test worker] DEBUG o.s.w.r.f.c.ExchangeFunctions - [71fff763] HTTP POST http://localhost:51545/transferTo
19:49:00.987 [reactor-http-nio-3] DEBUG o.s.h.c.m.MultipartHttpMessageWriter - [71fff763] Encoding parts [fooPart, barPart] (content masked)
19:49:00.998 [reactor-http-nio-4] DEBUG o.s.w.s.a.HttpWebHandlerAdapter - [8f523662] HTTP POST "/transferTo"
19:49:01.003 [Thread-180] DEBUG o.s.c.c.CharSequenceEncoder - [8f523662] Writing "/var/folders/r6/7wpbx5cj36d80g35s9jtmjc80000gn/T/MultipartIntegrationTests8286707753529991053.tmp"
19:49:01.007 [reactor-http-nio-4] DEBUG o.s.w.s.a.HttpWebHandlerAdapter - [8f523662] Completed 200 OK
19:49:01.008 [reactor-http-nio-3] DEBUG o.s.w.r.f.c.ExchangeFunctions - [71fff763] Response 200 OK
19:49:01.008 [reactor-http-nio-3] DEBUG o.s.c.c.StringDecoder - [71fff763] Decoded "/var/folders/r6/7wpbx5cj36d80g35s9jtmjc80000gn/T/MultipartIntegrationTests8286707753529991053.tmp"
19:49:01.009 [Test worker] DEBUG o.s.h.s.r.b.ReactorHttpServer - Stopping ReactorHttpServer...
19:49:01.010 [Test worker] DEBUG o.s.h.s.r.b.ReactorHttpServer - Server stopped (0 millis).
19:49:01.023 [Test worker] DEBUG o.s.w.s.a.HttpWebHandlerAdapter - enableLoggingRequestDetails='false': form data and headers will be masked to prevent unsafe logging of potentially sensitive data
19:49:01.023 [Test worker] DEBUG o.s.h.s.r.b.ReactorHttpServer - Starting ReactorHttpServer...
19:49:01.024 [Test worker] DEBUG o.s.h.s.r.b.ReactorHttpServer - Server started on port 51547(0 millis).
19:49:01.024 [Test worker] DEBUG o.s.w.r.f.c.ExchangeFunctions - [54035bca] HTTP POST http://localhost:51547/multipartData
19:49:01.025 [reactor-http-nio-1] DEBUG o.s.h.c.m.MultipartHttpMessageWriter - [54035bca] Encoding parts [fooPart, barPart] (content masked)
19:49:01.036 [reactor-http-nio-2] DEBUG o.s.w.s.a.HttpWebHandlerAdapter - [1a58b343] HTTP POST "/multipartData"
19:49:01.045 [reactor-http-nio-2] DEBUG o.s.w.s.a.HttpWebHandlerAdapter - [1a58b343] Completed 200 OK
19:49:01.046 [reactor-http-nio-1] DEBUG o.s.w.r.f.c.ExchangeFunctions - [54035bca] Response 200 OK
19:49:01.046 [Test worker] DEBUG o.s.h.s.r.b.ReactorHttpServer - Stopping ReactorHttpServer...
19:49:01.047 [Test worker] DEBUG o.s.h.s.r.b.ReactorHttpServer - Server stopped (0 millis).
19:49:01.063 [Test worker] DEBUG o.s.w.s.a.HttpWebHandlerAdapter - enableLoggingRequestDetails='false': form data and headers will be masked to prevent unsafe logging of potentially sensitive data
19:49:01.063 [Test worker] DEBUG o.s.h.s.r.b.ReactorHttpServer - Starting ReactorHttpServer...
19:49:01.064 [Test worker] DEBUG o.s.h.s.r.b.ReactorHttpServer - Server started on port 51549(0 millis).
19:49:01.064 [Test worker] DEBUG o.s.w.r.f.c.ExchangeFunctions - [5c481373] HTTP POST http://localhost:51549/parts
19:49:01.065 [reactor-http-nio-3] DEBUG o.s.h.c.m.MultipartHttpMessageWriter - [5c481373] Encoding parts [fooPart, barPart] (content masked)
19:49:01.078 [reactor-http-nio-4] DEBUG o.s.w.s.a.HttpWebHandlerAdapter - [bd65950d] HTTP POST "/parts"
19:49:01.086 [reactor-http-nio-4] DEBUG o.s.w.s.a.HttpWebHandlerAdapter - [bd65950d] Completed 200 OK
19:49:01.087 [reactor-http-nio-3] DEBUG o.s.w.r.f.c.ExchangeFunctions - [5c481373] Response 200 OK
19:49:01.087 [Test worker] DEBUG o.s.h.s.r.b.ReactorHttpServer - Stopping ReactorHttpServer...
19:49:01.087 [Test worker] DEBUG o.s.h.s.r.b.ReactorHttpServer - Server stopped (0 millis).
19:49:01.100 [Test worker] DEBUG o.s.w.s.a.HttpWebHandlerAdapter - enableLoggingRequestDetails='false': form data and headers will be masked to prevent unsafe logging of potentially sensitive data
19:49:01.101 [Test worker] DEBUG o.s.h.s.r.b.TomcatHttpServer - Starting TomcatHttpServer...
19:49:01.107 [Test worker] DEBUG o.s.h.s.r.b.TomcatHttpServer - Server started on port 51551(0 millis).
19:49:01.107 [Test worker] DEBUG o.s.w.r.f.c.ExchangeFunctions - [7ea138ea] HTTP POST http://localhost:51551/transferTo
19:49:01.109 [reactor-http-nio-4] DEBUG o.s.h.c.m.MultipartHttpMessageWriter - [7ea138ea] Encoding parts [fooPart, barPart] (content masked)
19:49:01.120 [http-nio-auto-141-exec-1] DEBUG o.s.w.s.a.HttpWebHandlerAdapter - [16f56302] HTTP POST "/transferTo"
19:49:01.122 [Thread-179] DEBUG o.s.c.c.CharSequenceEncoder - [16f56302] Writing "/var/folders/r6/7wpbx5cj36d80g35s9jtmjc80000gn/T/MultipartIntegrationTests7428915567812184711.tmp"
19:49:01.123 [Thread-179] DEBUG o.s.w.s.a.HttpWebHandlerAdapter - [16f56302] Completed 200 OK
19:49:01.123 [reactor-http-nio-4] DEBUG o.s.w.r.f.c.ExchangeFunctions - [7ea138ea] Response 200 OK
19:49:01.124 [reactor-http-nio-4] DEBUG o.s.c.c.StringDecoder - [7ea138ea] Decoded "/var/folders/r6/7wpbx5cj36d80g35s9jtmjc80000gn/T/MultipartIntegrationTests7428915567812184711.tmp"
19:49:01.126 [Test worker] DEBUG o.s.h.s.r.b.TomcatHttpServer - Stopping TomcatHttpServer...
19:49:01.137 [Test worker] DEBUG o.s.h.s.r.b.TomcatHttpServer - Server stopped (0 millis).
19:49:01.151 [Test worker] DEBUG o.s.w.s.a.HttpWebHandlerAdapter - enableLoggingRequestDetails='false': form data and headers will be masked to prevent unsafe logging of potentially sensitive data
19:49:01.151 [Test worker] DEBUG o.s.h.s.r.b.TomcatHttpServer - Starting TomcatHttpServer...
19:49:01.161 [Test worker] DEBUG o.s.h.s.r.b.TomcatHttpServer - Server started on port 51554(0 millis).
19:49:01.161 [Test worker] DEBUG o.s.w.r.f.c.ExchangeFunctions - [1cbd02ec] HTTP POST http://localhost:51554/multipartData
19:49:01.162 [reactor-http-nio-4] DEBUG o.s.h.c.m.MultipartHttpMessageWriter - [1cbd02ec] Encoding parts [fooPart, barPart] (content masked)
19:49:01.172 [http-nio-auto-142-exec-1] DEBUG o.s.w.s.a.HttpWebHandlerAdapter - [d464092] HTTP POST "/multipartData"
19:49:01.173 [http-nio-auto-142-exec-1] DEBUG o.s.w.s.a.HttpWebHandlerAdapter - [d464092] Completed 200 OK
19:49:01.174 [reactor-http-nio-4] DEBUG o.s.w.r.f.c.ExchangeFunctions - [1cbd02ec] Response 200 OK
19:49:01.174 [Test worker] DEBUG o.s.h.s.r.b.TomcatHttpServer - Stopping TomcatHttpServer...
19:49:01.187 [Test worker] DEBUG o.s.h.s.r.b.TomcatHttpServer - Server stopped (0 millis).
19:49:01.200 [Test worker] DEBUG o.s.w.s.a.HttpWebHandlerAdapter - enableLoggingRequestDetails='false': form data and headers will be masked to prevent unsafe logging of potentially sensitive data
19:49:01.200 [Test worker] DEBUG o.s.h.s.r.b.TomcatHttpServer - Starting TomcatHttpServer...
19:49:01.207 [Test worker] DEBUG o.s.h.s.r.b.TomcatHttpServer - Server started on port 51557(0 millis).
19:49:01.207 [Test worker] DEBUG o.s.w.r.f.c.ExchangeFunctions - [7193ac5b] HTTP POST http://localhost:51557/parts
19:49:01.209 [reactor-http-nio-4] DEBUG o.s.h.c.m.MultipartHttpMessageWriter - [7193ac5b] Encoding parts [fooPart, barPart] (content masked)
19:49:01.221 [http-nio-auto-143-exec-1] DEBUG o.s.w.s.a.HttpWebHandlerAdapter - [62e18b8f] HTTP POST "/parts"
19:49:01.222 [http-nio-auto-143-exec-1] DEBUG o.s.w.s.a.HttpWebHandlerAdapter - [62e18b8f] Completed 200 OK
19:49:01.223 [reactor-http-nio-4] DEBUG o.s.w.r.f.c.ExchangeFunctions - [7193ac5b] Response 200 OK
19:49:01.223 [Test worker] DEBUG o.s.h.s.r.b.TomcatHttpServer - Stopping TomcatHttpServer...
19:49:01.236 [Test worker] DEBUG o.s.h.s.r.b.TomcatHttpServer - Server stopped (0 millis).
19:49:01.252 [Test worker] DEBUG o.s.w.s.a.HttpWebHandlerAdapter - enableLoggingRequestDetails='false': form data and headers will be masked to prevent unsafe logging of potentially sensitive data
19:49:01.252 [Test worker] DEBUG o.s.h.s.r.b.UndertowHttpServer - Starting UndertowHttpServer...
19:49:01.260 [Test worker] DEBUG o.s.h.s.r.b.UndertowHttpServer - Server started on port 51560(0 millis).
19:49:01.261 [Test worker] DEBUG o.s.w.r.f.c.ExchangeFunctions - [77b6c7a7] HTTP POST http://localhost:51560/transferTo
19:49:01.263 [reactor-http-nio-4] DEBUG o.s.h.c.m.MultipartHttpMessageWriter - [77b6c7a7] Encoding parts [fooPart, barPart] (content masked)
19:49:01.265 [reactor-http-nio-4] ERROR i.n.u.ResourceLeakDetector - LEAK: ByteBuf.release() was not called before it's garbage-collected. See http://netty.io/wiki/reference-counted-objects.html for more information.
Recent access records: 
#1:
	io.netty.buffer.AdvancedLeakAwareByteBuf.getBytes(AdvancedLeakAwareByteBuf.java:250)
	io.netty.buffer.CompositeByteBuf.getBytes(CompositeByteBuf.java:1029)
	io.netty.buffer.CompositeByteBuf.getBytes(CompositeByteBuf.java:48)
	io.netty.buffer.AbstractUnpooledSlicedByteBuf.getBytes(AbstractUnpooledSlicedByteBuf.java:243)
	io.netty.buffer.AbstractByteBuf.readBytes(AbstractByteBuf.java:889)
	io.netty.buffer.AbstractByteBuf.readBytes(AbstractByteBuf.java:896)
	io.netty.buffer.WrappedByteBuf.readBytes(WrappedByteBuf.java:649)
	io.netty.buffer.AdvancedLeakAwareByteBuf.readBytes(AdvancedLeakAwareByteBuf.java:497)
	org.springframework.core.io.buffer.NettyDataBuffer.read(NettyDataBuffer.java:159)
	org.springframework.core.io.buffer.NettyDataBuffer.read(NettyDataBuffer.java:43)
	org.springframework.http.codec.multipart.DefaultMultipartMessageReader.toHeaders(DefaultMultipartMessageReader.java:229)
	org.springframework.http.codec.multipart.DefaultMultipartMessageReader.toPart(DefaultMultipartMessageReader.java:197)
	reactor.core.publisher.FluxMap$MapConditionalSubscriber.onNext(FluxMap.java:199)
	reactor.core.publisher.FluxTakeWhile$TakeWhileSubscriber.onNext(FluxTakeWhile.java:94)
	reactor.core.publisher.FluxContextStart$ContextStartSubscriber.onNext(FluxContextStart.java:103)
	reactor.core.publisher.FluxMap$MapConditionalSubscriber.onNext(FluxMap.java:213)
	reactor.core.publisher.FluxBufferPredicate$BufferPredicateSubscriber.emit(FluxBufferPredicate.java:290)
	reactor.core.publisher.FluxBufferPredicate$BufferPredicateSubscriber.onNextNewBuffer(FluxBufferPredicate.java:257)
	reactor.core.publisher.FluxBufferPredicate$BufferPredicateSubscriber.tryOnNext(FluxBufferPredicate.java:211)
	reactor.core.publisher.FluxBufferPredicate$BufferPredicateSubscriber.onNext(FluxBufferPredicate.java:184)
	reactor.core.publisher.FluxFlatMap$FlatMapMain.drainLoop(FluxFlatMap.java:664)
	reactor.core.publisher.FluxFlatMap$FlatMapMain.drain(FluxFlatMap.java:540)
	reactor.core.publisher.FluxFlatMap$FlatMapInner.onSubscribe(FluxFlatMap.java:924)
	reactor.core.publisher.FluxIterable.subscribe(FluxIterable.java:139)
	reactor.core.publisher.FluxIterable.subscribe(FluxIterable.java:63)
	reactor.core.publisher.Flux.subscribe(Flux.java:7922)
	reactor.core.publisher.FluxFlatMap$FlatMapMain.onNext(FluxFlatMap.java:389)
	reactor.core.publisher.FluxConcatMap$ConcatMapImmediate.innerNext(FluxConcatMap.java:275)
	reactor.core.publisher.FluxConcatMap$ConcatMapInner.onNext(FluxConcatMap.java:849)
	reactor.core.publisher.FluxConcatMap$WeakScalarSubscription.request(FluxConcatMap.java:470)
	reactor.core.publisher.Operators$MultiSubscriptionSubscriber.set(Operators.java:1939)
	reactor.core.publisher.FluxConcatMap$ConcatMapImmediate.drain(FluxConcatMap.java:436)
	reactor.core.publisher.FluxConcatMap$ConcatMapImmediate.onNext(FluxConcatMap.java:244)
	reactor.core.publisher.FluxMap$MapSubscriber.onNext(FluxMap.java:114)
	reactor.core.publisher.FluxPeek$PeekSubscriber.onNext(FluxPeek.java:192)
	reactor.core.publisher.FluxMap$MapSubscriber.onNext(FluxMap.java:114)
	reactor.netty.channel.FluxReceive.drainReceiver(FluxReceive.java:206)
	reactor.netty.channel.FluxReceive.onInboundNext(FluxReceive.java:322)
	reactor.netty.channel.ChannelOperations.onInboundNext(ChannelOperations.java:335)
	reactor.netty.http.server.HttpServerOperations.onInboundNext(HttpServerOperations.java:456)
	reactor.netty.channel.ChannelOperationsHandler.channelRead(ChannelOperationsHandler.java:91)
	io.netty.channel.AbstractChannelHandlerContext.invokeChannelRead(AbstractChannelHandlerContext.java:374)
	io.netty.channel.AbstractChannelHandlerContext.invokeChannelRead(AbstractChannelHandlerContext.java:360)
	io.netty.channel.AbstractChannelHandlerContext.fireChannelRead(AbstractChannelHandlerContext.java:352)
	reactor.netty.http.server.HttpTrafficHandler.channelRead(HttpTrafficHandler.java:190)
	io.netty.channel.AbstractChannelHandlerContext.invokeChannelRead(AbstractChannelHandlerContext.java:374)
	io.netty.channel.AbstractChannelHandlerContext.invokeChannelRead(AbstractChannelHandlerContext.java:360)
	io.netty.channel.AbstractChannelHandlerContext.fireChannelRead(AbstractChannelHandlerContext.java:352)
	io.netty.channel.CombinedChannelDuplexHandler$DelegatingChannelHandlerContext.fireChannelRead(CombinedChannelDuplexHandler.java:438)
	io.netty.handler.codec.ByteToMessageDecoder.fireChannelRead(ByteToMessageDecoder.java:323)
	io.netty.handler.codec.ByteToMessageDecoder.channelRead(ByteToMessageDecoder.java:297)
	io.netty.channel.CombinedChannelDuplexHandler.channelRead(CombinedChannelDuplexHandler.java:253)
	io.netty.channel.AbstractChannelHandlerContext.invokeChannelRead(AbstractChannelHandlerContext.java:374)
	io.netty.channel.AbstractChannelHandlerContext.invokeChannelRead(AbstractChannelHandlerContext.java:360)
	io.netty.channel.AbstractChannelHandlerContext.fireChannelRead(AbstractChannelHandlerContext.java:352)
	io.netty.channel.DefaultChannelPipeline$HeadContext.channelRead(DefaultChannelPipeline.java:1408)
	io.netty.channel.AbstractChannelHandlerContext.invokeChannelRead(AbstractChannelHandlerContext.java:374)
	io.netty.channel.AbstractChannelHandlerContext.invokeChannelRead(AbstractChannelHandlerContext.java:360)
	io.netty.channel.DefaultChannelPipeline.fireChannelRead(DefaultChannelPipeline.java:930)
	io.netty.channel.nio.AbstractNioByteChannel$NioByteUnsafe.read(AbstractNioByteChannel.java:163)
	io.netty.channel.nio.NioEventLoop.processSelectedKey(NioEventLoop.java:682)
	io.netty.channel.nio.NioEventLoop.processSelectedKeysOptimized(NioEventLoop.java:617)
	io.netty.channel.nio.NioEventLoop.processSelectedKeys(NioEventLoop.java:534)
	io.netty.channel.nio.NioEventLoop.run(NioEventLoop.java:496)
	io.netty.util.concurrent.SingleThreadEventExecutor$5.run(SingleThreadEventExecutor.java:906)
	io.netty.util.internal.ThreadExecutorMap$2.run(ThreadExecutorMap.java:74)
	io.netty.util.concurrent.FastThreadLocalRunnable.run(FastThreadLocalRunnable.java:30)
	java.lang.Thread.run(Thread.java:748)
#2:
	io.netty.buffer.AdvancedLeakAwareByteBuf.getByte(AdvancedLeakAwareByteBuf.java:154)
	io.netty.buffer.CompositeByteBuf.getByte(CompositeByteBuf.java:913)
	io.netty.buffer.WrappedCompositeByteBuf.getByte(WrappedCompositeByteBuf.java:652)
	io.netty.buffer.AdvancedLeakAwareCompositeByteBuf.getByte(AdvancedLeakAwareCompositeByteBuf.java:141)
	org.springframework.core.io.buffer.NettyDataBuffer.getByte(NettyDataBuffer.java:132)
	org.springframework.core.io.buffer.DataBufferUtils$KnuthMorrisPrattMatcher.match(DataBufferUtils.java:1005)
	org.springframework.http.codec.multipart.DefaultMultipartMessageReader.toPart(DefaultMultipartMessageReader.java:184)
	reactor.core.publisher.FluxMap$MapConditionalSubscriber.onNext(FluxMap.java:199)
	reactor.core.publisher.FluxTakeWhile$TakeWhileSubscriber.onNext(FluxTakeWhile.java:94)
	reactor.core.publisher.FluxContextStart$ContextStartSubscriber.onNext(FluxContextStart.java:103)
	reactor.core.publisher.FluxMap$MapConditionalSubscriber.onNext(FluxMap.java:213)
	reactor.core.publisher.FluxBufferPredicate$BufferPredicateSubscriber.emit(FluxBufferPredicate.java:290)
	reactor.core.publisher.FluxBufferPredicate$BufferPredicateSubscriber.onNextNewBuffer(FluxBufferPredicate.java:257)
	reactor.core.publisher.FluxBufferPredicate$BufferPredicateSubscriber.tryOnNext(FluxBufferPredicate.java:211)
	reactor.core.publisher.FluxBufferPredicate$BufferPredicateSubscriber.onNext(FluxBufferPredicate.java:184)
	reactor.core.publisher.FluxFlatMap$FlatMapMain.drainLoop(FluxFlatMap.java:664)
	reactor.core.publisher.FluxFlatMap$FlatMapMain.drain(FluxFlatMap.java:540)
	reactor.core.publisher.FluxFlatMap$FlatMapInner.onSubscribe(FluxFlatMap.java:924)
	reactor.core.publisher.FluxIterable.subscribe(FluxIterable.java:139)
	reactor.core.publisher.FluxIterable.subscribe(FluxIterable.java:63)
	reactor.core.publisher.Flux.subscribe(Flux.java:7922)
	reactor.core.publisher.FluxFlatMap$FlatMapMain.onNext(FluxFlatMap.java:389)
	reactor.core.publisher.FluxConcatMap$ConcatMapImmediate.innerNext(FluxConcatMap.java:275)
	reactor.core.publisher.FluxConcatMap$ConcatMapInner.onNext(FluxConcatMap.java:849)
	reactor.core.publisher.FluxConcatMap$WeakScalarSubscription.request(FluxConcatMap.java:470)
	reactor.core.publisher.Operators$MultiSubscriptionSubscriber.set(Operators.java:1939)
	reactor.core.publisher.FluxConcatMap$ConcatMapImmediate.drain(FluxConcatMap.java:436)
	reactor.core.publisher.FluxConcatMap$ConcatMapImmediate.onNext(FluxConcatMap.java:244)
	reactor.core.publisher.FluxMap$MapSubscriber.onNext(FluxMap.java:114)
	reactor.core.publisher.FluxPeek$PeekSubscriber.onNext(FluxPeek.java:192)
	reactor.core.publisher.FluxMap$MapSubscriber.onNext(FluxMap.java:114)
	reactor.netty.channel.FluxReceive.drainReceiver(FluxReceive.java:206)
	reactor.netty.channel.FluxReceive.onInboundNext(FluxReceive.java:322)
	reactor.netty.channel.ChannelOperations.onInboundNext(ChannelOperations.java:335)
	reactor.netty.http.server.HttpServerOperations.onInboundNext(HttpServerOperations.java:456)
	reactor.netty.channel.ChannelOperationsHandler.channelRead(ChannelOperationsHandler.java:91)
	io.netty.channel.AbstractChannelHandlerContext.invokeChannelRead(AbstractChannelHandlerContext.java:374)
	io.netty.channel.AbstractChannelHandlerContext.invokeChannelRead(AbstractChannelHandlerContext.java:360)
	io.netty.channel.AbstractChannelHandlerContext.fireChannelRead(AbstractChannelHandlerContext.java:352)
	reactor.netty.http.server.HttpTrafficHandler.channelRead(HttpTrafficHandler.java:190)
	io.netty.channel.AbstractChannelHandlerContext.invokeChannelRead(AbstractChannelHandlerContext.java:374)
	io.netty.channel.AbstractChannelHandlerContext.invokeChannelRead(AbstractChannelHandlerContext.java:360)
	io.netty.channel.AbstractChannelHandlerContext.fireChannelRead(AbstractChannelHandlerContext.java:352)
	io.netty.channel.CombinedChannelDuplexHandler$DelegatingChannelHandlerContext.fireChannelRead(CombinedChannelDuplexHandler.java:438)
	io.netty.handler.codec.ByteToMessageDecoder.fireChannelRead(ByteToMessageDecoder.java:323)
	io.netty.handler.codec.ByteToMessageDecoder.channelRead(ByteToMessageDecoder.java:297)
	io.netty.channel.CombinedChannelDuplexHandler.channelRead(CombinedChannelDuplexHandler.java:253)
	io.netty.channel.AbstractChannelHandlerContext.invokeChannelRead(AbstractChannelHandlerContext.java:374)
	io.netty.channel.AbstractChannelHandlerContext.invokeChannelRead(AbstractChannelHandlerContext.java:360)
	io.netty.channel.AbstractChannelHandlerContext.fireChannelRead(AbstractChannelHandlerContext.java:352)
	io.netty.channel.DefaultChannelPipeline$HeadContext.channelRead(DefaultChannelPipeline.java:1408)
	io.netty.channel.AbstractChannelHandlerContext.invokeChannelRead(AbstractChannelHandlerContext.java:374)
	io.netty.channel.AbstractChannelHandlerContext.invokeChannelRead(AbstractChannelHandlerContext.java:360)
	io.netty.channel.DefaultChannelPipeline.fireChannelRead(DefaultChannelPipeline.java:930)
	io.netty.channel.nio.AbstractNioByteChannel$NioByteUnsafe.read(AbstractNioByteChannel.java:163)
	io.netty.channel.nio.NioEventLoop.processSelectedKey(NioEventLoop.java:682)
	io.netty.channel.nio.NioEventLoop.processSelectedKeysOptimized(NioEventLoop.java:617)
	io.netty.channel.nio.NioEventLoop.processSelectedKeys(NioEventLoop.java:534)
	io.netty.channel.nio.NioEventLoop.run(NioEventLoop.java:496)
	io.netty.util.concurrent.SingleThreadEventExecutor$5.run(SingleThreadEventExecutor.java:906)
	io.netty.util.internal.ThreadExecutorMap$2.run(ThreadExecutorMap.java:74)
	io.netty.util.concurrent.FastThreadLocalRunnable.run(FastThreadLocalRunnable.java:30)
	java.lang.Thread.run(Thread.java:748)
#3:
	io.netty.buffer.AdvancedLeakAwareByteBuf.getByte(AdvancedLeakAwareByteBuf.java:154)
	org.springframework.core.io.buffer.NettyDataBuffer.getByte(NettyDataBuffer.java:132)
	org.springframework.core.io.buffer.DataBufferUtils$KnuthMorrisPrattMatcher.match(DataBufferUtils.java:1005)
	org.springframework.core.io.buffer.DataBufferUtils.endFrameAfterDelimiter(DataBufferUtils.java:634)
	org.springframework.core.io.buffer.DataBufferUtils.lambda$split$18(DataBufferUtils.java:603)
	reactor.core.publisher.FluxFlatMap$FlatMapMain.onNext(FluxFlatMap.java:350)
	reactor.core.publisher.FluxConcatMap$ConcatMapImmediate.innerNext(FluxConcatMap.java:275)
	reactor.core.publisher.FluxConcatMap$ConcatMapInner.onNext(FluxConcatMap.java:849)
	reactor.core.publisher.FluxConcatMap$WeakScalarSubscription.request(FluxConcatMap.java:470)
	reactor.core.publisher.Operators$MultiSubscriptionSubscriber.set(Operators.java:1939)
	reactor.core.publisher.FluxConcatMap$ConcatMapImmediate.drain(FluxConcatMap.java:436)
	reactor.core.publisher.FluxConcatMap$ConcatMapImmediate.onNext(FluxConcatMap.java:244)
	reactor.core.publisher.FluxMap$MapSubscriber.onNext(FluxMap.java:114)
	reactor.core.publisher.FluxPeek$PeekSubscriber.onNext(FluxPeek.java:192)
	reactor.core.publisher.FluxMap$MapSubscriber.onNext(FluxMap.java:114)
	reactor.netty.channel.FluxReceive.drainReceiver(FluxReceive.java:206)
	reactor.netty.channel.FluxReceive.onInboundNext(FluxReceive.java:322)
	reactor.netty.channel.ChannelOperations.onInboundNext(ChannelOperations.java:335)
	reactor.netty.http.server.HttpServerOperations.onInboundNext(HttpServerOperations.java:456)
	reactor.netty.channel.ChannelOperationsHandler.channelRead(ChannelOperationsHandler.java:91)
	io.netty.channel.AbstractChannelHandlerContext.invokeChannelRead(AbstractChannelHandlerContext.java:374)
	io.netty.channel.AbstractChannelHandlerContext.invokeChannelRead(AbstractChannelHandlerContext.java:360)
	io.netty.channel.AbstractChannelHandlerContext.fireChannelRead(AbstractChannelHandlerContext.java:352)
	reactor.netty.http.server.HttpTrafficHandler.channelRead(HttpTrafficHandler.java:190)
	io.netty.channel.AbstractChannelHandlerContext.invokeChannelRead(AbstractChannelHandlerContext.java:374)
	io.netty.channel.AbstractChannelHandlerContext.invokeChannelRead(AbstractChannelHandlerContext.java:360)
	io.netty.channel.AbstractChannelHandlerContext.fireChannelRead(AbstractChannelHandlerContext.java:352)
	io.netty.channel.CombinedChannelDuplexHandler$DelegatingChannelHandlerContext.fireChannelRead(CombinedChannelDuplexHandler.java:438)
	io.netty.handler.codec.ByteToMessageDecoder.fireChannelRead(ByteToMessageDecoder.java:323)
	io.netty.handler.codec.ByteToMessageDecoder.fireChannelRead(ByteToMessageDecoder.java:310)
	io.netty.handler.codec.ByteToMessageDecoder.callDecode(ByteToMessageDecoder.java:426)
	io.netty.handler.codec.ByteToMessageDecoder.channelRead(ByteToMessageDecoder.java:278)
	io.netty.channel.CombinedChannelDuplexHandler.channelRead(CombinedChannelDuplexHandler.java:253)
	io.netty.channel.AbstractChannelHandlerContext.invokeChannelRead(AbstractChannelHandlerContext.java:374)
	io.netty.channel.AbstractChannelHandlerContext.invokeChannelRead(AbstractChannelHandlerContext.java:360)
	io.netty.channel.AbstractChannelHandlerContext.fireChannelRead(AbstractChannelHandlerContext.java:352)
	io.netty.channel.DefaultChannelPipeline$HeadContext.channelRead(DefaultChannelPipeline.java:1408)
	io.netty.channel.AbstractChannelHandlerContext.invokeChannelRead(AbstractChannelHandlerContext.java:374)
	io.netty.channel.AbstractChannelHandlerContext.invokeChannelRead(AbstractChannelHandlerContext.java:360)
	io.netty.channel.DefaultChannelPipeline.fireChannelRead(DefaultChannelPipeline.java:930)
	io.netty.channel.nio.AbstractNioByteChannel$NioByteUnsafe.read(AbstractNioByteChannel.java:163)
	io.netty.channel.nio.NioEventLoop.processSelectedKey(NioEventLoop.java:682)
	io.netty.channel.nio.NioEventLoop.processSelectedKeysOptimized(NioEventLoop.java:617)
	io.netty.channel.nio.NioEventLoop.processSelectedKeys(NioEventLoop.java:534)
	io.netty.channel.nio.NioEventLoop.run(NioEventLoop.java:496)
	io.netty.util.concurrent.SingleThreadEventExecutor$5.run(SingleThreadEventExecutor.java:906)
	io.netty.util.internal.ThreadExecutorMap$2.run(ThreadExecutorMap.java:74)
	io.netty.util.concurrent.FastThreadLocalRunnable.run(FastThreadLocalRunnable.java:30)
	java.lang.Thread.run(Thread.java:748)
#4:
	reactor.core.publisher.FluxPeek$PeekSubscriber.onNext(FluxPeek.java:177)
	reactor.core.publisher.FluxMap$MapSubscriber.onNext(FluxMap.java:114)
	reactor.netty.channel.FluxReceive.drainReceiver(FluxReceive.java:206)
	reactor.netty.channel.FluxReceive.onInboundNext(FluxReceive.java:322)
	reactor.netty.channel.ChannelOperations.onInboundNext(ChannelOperations.java:335)
	reactor.netty.http.server.HttpServerOperations.onInboundNext(HttpServerOperations.java:456)
	reactor.netty.channel.ChannelOperationsHandler.channelRead(ChannelOperationsHandler.java:91)
	io.netty.channel.AbstractChannelHandlerContext.invokeChannelRead(AbstractChannelHandlerContext.java:374)
	io.netty.channel.AbstractChannelHandlerContext.invokeChannelRead(AbstractChannelHandlerContext.java:360)
	io.netty.channel.AbstractChannelHandlerContext.fireChannelRead(AbstractChannelHandlerContext.java:352)
	reactor.netty.http.server.HttpTrafficHandler.channelRead(HttpTrafficHandler.java:190)
	io.netty.channel.AbstractChannelHandlerContext.invokeChannelRead(AbstractChannelHandlerContext.java:374)
	io.netty.channel.AbstractChannelHandlerContext.invokeChannelRead(AbstractChannelHandlerContext.java:360)
	io.netty.channel.AbstractChannelHandlerContext.fireChannelRead(AbstractChannelHandlerContext.java:352)
	io.netty.channel.CombinedChannelDuplexHandler$DelegatingChannelHandlerContext.fireChannelRead(CombinedChannelDuplexHandler.java:438)
	io.netty.handler.codec.ByteToMessageDecoder.fireChannelRead(ByteToMessageDecoder.java:323)
	io.netty.handler.codec.ByteToMessageDecoder.fireChannelRead(ByteToMessageDecoder.java:310)
	io.netty.handler.codec.ByteToMessageDecoder.callDecode(ByteToMessageDecoder.java:426)
	io.netty.handler.codec.ByteToMessageDecoder.channelRead(ByteToMessageDecoder.java:278)
	io.netty.channel.CombinedChannelDuplexHandler.channelRead(CombinedChannelDuplexHandler.java:253)
	io.netty.channel.AbstractChannelHandlerContext.invokeChannelRead(AbstractChannelHandlerContext.java:374)
	io.netty.channel.AbstractChannelHandlerContext.invokeChannelRead(AbstractChannelHandlerContext.java:360)
	io.netty.channel.AbstractChannelHandlerContext.fireChannelRead(AbstractChannelHandlerContext.java:352)
	io.netty.channel.DefaultChannelPipeline$HeadContext.channelRead(DefaultChannelPipeline.java:1408)
	io.netty.channel.AbstractChannelHandlerContext.invokeChannelRead(AbstractChannelHandlerContext.java:374)
	io.netty.channel.AbstractChannelHandlerContext.invokeChannelRead(AbstractChannelHandlerContext.java:360)
	io.netty.channel.DefaultChannelPipeline.fireChannelRead(DefaultChannelPipeline.java:930)
	io.netty.channel.nio.AbstractNioByteChannel$NioByteUnsafe.read(AbstractNioByteChannel.java:163)
	io.netty.channel.nio.NioEventLoop.processSelectedKey(NioEventLoop.java:682)
	io.netty.channel.nio.NioEventLoop.processSelectedKeysOptimized(NioEventLoop.java:617)
	io.netty.channel.nio.NioEventLoop.processSelectedKeys(NioEventLoop.java:534)
	io.netty.channel.nio.NioEventLoop.run(NioEventLoop.java:496)
	io.netty.util.concurrent.SingleThreadEventExecutor$5.run(SingleThreadEventExecutor.java:906)
	io.netty.util.internal.ThreadExecutorMap$2.run(ThreadExecutorMap.java:74)
	io.netty.util.concurrent.FastThreadLocalRunnable.run(FastThreadLocalRunnable.java:30)
	java.lang.Thread.run(Thread.java:748)
#5:
	Hint: 'reactor.right.reactiveBridge' will handle the message from this point.
	io.netty.handler.codec.http.DefaultHttpContent.touch(DefaultHttpContent.java:88)
	io.netty.handler.codec.http.DefaultHttpContent.touch(DefaultHttpContent.java:24)
	io.netty.channel.DefaultChannelPipeline.touch(DefaultChannelPipeline.java:116)
	io.netty.channel.AbstractChannelHandlerContext.invokeChannelRead(AbstractChannelHandlerContext.java:357)
	io.netty.channel.AbstractChannelHandlerContext.fireChannelRead(AbstractChannelHandlerContext.java:352)
	reactor.netty.http.server.HttpTrafficHandler.channelRead(HttpTrafficHandler.java:190)
	io.netty.channel.AbstractChannelHandlerContext.invokeChannelRead(AbstractChannelHandlerContext.java:374)
	io.netty.channel.AbstractChannelHandlerContext.invokeChannelRead(AbstractChannelHandlerContext.java:360)
	io.netty.channel.AbstractChannelHandlerContext.fireChannelRead(AbstractChannelHandlerContext.java:352)
	io.netty.channel.CombinedChannelDuplexHandler$DelegatingChannelHandlerContext.fireChannelRead(CombinedChannelDuplexHandler.java:438)
	io.netty.handler.codec.ByteToMessageDecoder.fireChannelRead(ByteToMessageDecoder.java:323)
	io.netty.handler.codec.ByteToMessageDecoder.fireChannelRead(ByteToMessageDecoder.java:310)
	io.netty.handler.codec.ByteToMessageDecoder.callDecode(ByteToMessageDecoder.java:426)
	io.netty.handler.codec.ByteToMessageDecoder.channelRead(ByteToMessageDecoder.java:278)
	io.netty.channel.CombinedChannelDuplexHandler.channelRead(CombinedChannelDuplexHandler.java:253)
	io.netty.channel.AbstractChannelHandlerContext.invokeChannelRead(AbstractChannelHandlerContext.java:374)
	io.netty.channel.AbstractChannelHandlerContext.invokeChannelRead(AbstractChannelHandlerContext.java:360)
	io.netty.channel.AbstractChannelHandlerContext.fireChannelRead(AbstractChannelHandlerContext.java:352)
	io.netty.channel.DefaultChannelPipeline$HeadContext.channelRead(DefaultChannelPipeline.java:1408)
	io.netty.channel.AbstractChannelHandlerContext.invokeChannelRead(AbstractChannelHandlerContext.java:374)
	io.netty.channel.AbstractChannelHandlerContext.invokeChannelRead(AbstractChannelHandlerContext.java:360)
	io.netty.channel.DefaultChannelPipeline.fireChannelRead(DefaultChannelPipeline.java:930)
	io.netty.channel.nio.AbstractNioByteChannel$NioByteUnsafe.read(AbstractNioByteChannel.java:163)
	io.netty.channel.nio.NioEventLoop.processSelectedKey(NioEventLoop.java:682)
	io.netty.channel.nio.NioEventLoop.processSelectedKeysOptimized(NioEventLoop.java:617)
	io.netty.channel.nio.NioEventLoop.processSelectedKeys(NioEventLoop.java:534)
	io.netty.channel.nio.NioEventLoop.run(NioEventLoop.java:496)
	io.netty.util.concurrent.SingleThreadEventExecutor$5.run(SingleThreadEventExecutor.java:906)
	io.netty.util.internal.ThreadExecutorMap$2.run(ThreadExecutorMap.java:74)
	io.netty.util.concurrent.FastThreadLocalRunnable.run(FastThreadLocalRunnable.java:30)
	java.lang.Thread.run(Thread.java:748)
#6:
	Hint: 'reactor.left.httpTrafficHandler' will handle the message from this point.
	io.netty.handler.codec.http.DefaultHttpContent.touch(DefaultHttpContent.java:88)
	io.netty.handler.codec.http.DefaultHttpContent.touch(DefaultHttpContent.java:24)
	io.netty.channel.DefaultChannelPipeline.touch(DefaultChannelPipeline.java:116)
	io.netty.channel.AbstractChannelHandlerContext.invokeChannelRead(AbstractChannelHandlerContext.java:357)
	io.netty.channel.AbstractChannelHandlerContext.fireChannelRead(AbstractChannelHandlerContext.java:352)
	io.netty.channel.CombinedChannelDuplexHandler$DelegatingChannelHandlerContext.fireChannelRead(CombinedChannelDuplexHandler.java:438)
	io.netty.handler.codec.ByteToMessageDecoder.fireChannelRead(ByteToMessageDecoder.java:323)
	io.netty.handler.codec.ByteToMessageDecoder.fireChannelRead(ByteToMessageDecoder.java:310)
	io.netty.handler.codec.ByteToMessageDecoder.callDecode(ByteToMessageDecoder.java:426)
	io.netty.handler.codec.ByteToMessageDecoder.channelRead(ByteToMessageDecoder.java:278)
	io.netty.channel.CombinedChannelDuplexHandler.channelRead(CombinedChannelDuplexHandler.java:253)
	io.netty.channel.AbstractChannelHandlerContext.invokeChannelRead(AbstractChannelHandlerContext.java:374)
	io.netty.channel.AbstractChannelHandlerContext.invokeChannelRead(AbstractChannelHandlerContext.java:360)
	io.netty.channel.AbstractChannelHandlerContext.fireChannelRead(AbstractChannelHandlerContext.java:352)
	io.netty.channel.DefaultChannelPipeline$HeadContext.channelRead(DefaultChannelPipeline.java:1408)
	io.netty.channel.AbstractChannelHandlerContext.invokeChannelRead(AbstractChannelHandlerContext.java:374)
	io.netty.channel.AbstractChannelHandlerContext.invokeChannelRead(AbstractChannelHandlerContext.java:360)
	io.netty.channel.DefaultChannelPipeline.fireChannelRead(DefaultChannelPipeline.java:930)
	io.netty.channel.nio.AbstractNioByteChannel$NioByteUnsafe.read(AbstractNioByteChannel.java:163)
	io.netty.channel.nio.NioEventLoop.processSelectedKey(NioEventLoop.java:682)
	io.netty.channel.nio.NioEventLoop.processSelectedKeysOptimized(NioEventLoop.java:617)
	io.netty.channel.nio.NioEventLoop.processSelectedKeys(NioEventLoop.java:534)
	io.netty.channel.nio.NioEventLoop.run(NioEventLoop.java:496)
	io.netty.util.concurrent.SingleThreadEventExecutor$5.run(SingleThreadEventExecutor.java:906)
	io.netty.util.internal.ThreadExecutorMap$2.run(ThreadExecutorMap.java:74)
	io.netty.util.concurrent.FastThreadLocalRunnable.run(FastThreadLocalRunnable.java:30)
	java.lang.Thread.run(Thread.java:748)
Created at:
	io.netty.buffer.SimpleLeakAwareByteBuf.unwrappedDerived(SimpleLeakAwareByteBuf.java:143)
	io.netty.buffer.SimpleLeakAwareByteBuf.readRetainedSlice(SimpleLeakAwareByteBuf.java:67)
	io.netty.buffer.AdvancedLeakAwareByteBuf.readRetainedSlice(AdvancedLeakAwareByteBuf.java:107)
	io.netty.handler.codec.http.HttpObjectDecoder.decode(HttpObjectDecoder.java:336)
	io.netty.handler.codec.http.HttpServerCodec$HttpServerRequestDecoder.decode(HttpServerCodec.java:103)
	io.netty.handler.codec.ByteToMessageDecoder.decodeRemovalReentryProtection(ByteToMessageDecoder.java:502)
	io.netty.handler.codec.ByteToMessageDecoder.callDecode(ByteToMessageDecoder.java:441)
	io.netty.handler.codec.ByteToMessageDecoder.channelRead(ByteToMessageDecoder.java:278)
	io.netty.channel.CombinedChannelDuplexHandler.channelRead(CombinedChannelDuplexHandler.java:253)
	io.netty.channel.AbstractChannelHandlerContext.invokeChannelRead(AbstractChannelHandlerContext.java:374)
	io.netty.channel.AbstractChannelHandlerContext.invokeChannelRead(AbstractChannelHandlerContext.java:360)
	io.netty.channel.AbstractChannelHandlerContext.fireChannelRead(AbstractChannelHandlerContext.java:352)
	io.netty.channel.DefaultChannelPipeline$HeadContext.channelRead(DefaultChannelPipeline.java:1408)
	io.netty.channel.AbstractChannelHandlerContext.invokeChannelRead(AbstractChannelHandlerContext.java:374)
	io.netty.channel.AbstractChannelHandlerContext.invokeChannelRead(AbstractChannelHandlerContext.java:360)
	io.netty.channel.DefaultChannelPipeline.fireChannelRead(DefaultChannelPipeline.java:930)
	io.netty.channel.nio.AbstractNioByteChannel$NioByteUnsafe.read(AbstractNioByteChannel.java:163)
	io.netty.channel.nio.NioEventLoop.processSelectedKey(NioEventLoop.java:682)
	io.netty.channel.nio.NioEventLoop.processSelectedKeysOptimized(NioEventLoop.java:617)
	io.netty.channel.nio.NioEventLoop.processSelectedKeys(NioEventLoop.java:534)
	io.netty.channel.nio.NioEventLoop.run(NioEventLoop.java:496)
	io.netty.util.concurrent.SingleThreadEventExecutor$5.run(SingleThreadEventExecutor.java:906)
	io.netty.util.internal.ThreadExecutorMap$2.run(ThreadExecutorMap.java:74)
	io.netty.util.concurrent.FastThreadLocalRunnable.run(FastThreadLocalRunnable.java:30)
	java.lang.Thread.run(Thread.java:748)
: 5 leak records were discarded because they were duplicates
: 230 leak records were discarded because the leak record count is targeted to 4. Use system property io.netty.leakDetection.targetRecords to increase the limit.
19:49:01.268 [reactor-http-nio-4] ERROR i.n.u.ResourceLeakDetector - LEAK: ByteBuf.release() was not called before it's garbage-collected. See http://netty.io/wiki/reference-counted-objects.html for more information.
Recent access records: 
#1:
	org.springframework.core.io.buffer.NettyDataBuffer.release(NettyDataBuffer.java:308)
	org.springframework.core.io.buffer.DataBufferUtils.release(DataBufferUtils.java:498)
	org.springframework.http.codec.multipart.DefaultMultipartMessageReader.toPart(DefaultMultipartMessageReader.java:206)
	reactor.core.publisher.FluxMap$MapConditionalSubscriber.onNext(FluxMap.java:199)
	reactor.core.publisher.FluxTakeWhile$TakeWhileSubscriber.onNext(FluxTakeWhile.java:94)
	reactor.core.publisher.FluxContextStart$ContextStartSubscriber.onNext(FluxContextStart.java:103)
	reactor.core.publisher.FluxMap$MapConditionalSubscriber.onNext(FluxMap.java:213)
	reactor.core.publisher.FluxBufferPredicate$BufferPredicateSubscriber.emit(FluxBufferPredicate.java:290)
	reactor.core.publisher.FluxBufferPredicate$BufferPredicateSubscriber.onNextNewBuffer(FluxBufferPredicate.java:257)
	reactor.core.publisher.FluxBufferPredicate$BufferPredicateSubscriber.tryOnNext(FluxBufferPredicate.java:211)
	reactor.core.publisher.FluxBufferPredicate$BufferPredicateSubscriber.onNext(FluxBufferPredicate.java:184)
	reactor.core.publisher.FluxFlatMap$FlatMapMain.drainLoop(FluxFlatMap.java:664)
	reactor.core.publisher.FluxFlatMap$FlatMapMain.drain(FluxFlatMap.java:540)
	reactor.core.publisher.FluxFlatMap$FlatMapInner.onSubscribe(FluxFlatMap.java:924)
	reactor.core.publisher.FluxIterable.subscribe(FluxIterable.java:139)
	reactor.core.publisher.FluxIterable.subscribe(FluxIterable.java:63)
	reactor.core.publisher.Flux.subscribe(Flux.java:7922)
	reactor.core.publisher.FluxFlatMap$FlatMapMain.onNext(FluxFlatMap.java:389)
	reactor.core.publisher.FluxConcatMap$ConcatMapImmediate.innerNext(FluxConcatMap.java:275)
	reactor.core.publisher.FluxConcatMap$ConcatMapInner.onNext(FluxConcatMap.java:849)
	reactor.core.publisher.FluxConcatMap$WeakScalarSubscription.request(FluxConcatMap.java:470)
	reactor.core.publisher.Operators$MultiSubscriptionSubscriber.set(Operators.java:1939)
	reactor.core.publisher.FluxConcatMap$ConcatMapImmediate.drain(FluxConcatMap.java:436)
	reactor.core.publisher.FluxConcatMap$ConcatMapImmediate.onNext(FluxConcatMap.java:244)
	reactor.core.publisher.FluxMap$MapSubscriber.onNext(FluxMap.java:114)
	reactor.core.publisher.FluxPeek$PeekSubscriber.onNext(FluxPeek.java:192)
	reactor.core.publisher.FluxMap$MapSubscriber.onNext(FluxMap.java:114)
	reactor.netty.channel.FluxReceive.drainReceiver(FluxReceive.java:206)
	reactor.netty.channel.FluxReceive.onInboundNext(FluxReceive.java:322)
	reactor.netty.channel.ChannelOperations.onInboundNext(ChannelOperations.java:335)
	reactor.netty.http.server.HttpServerOperations.onInboundNext(HttpServerOperations.java:456)
	reactor.netty.channel.ChannelOperationsHandler.channelRead(ChannelOperationsHandler.java:91)
	io.netty.channel.AbstractChannelHandlerContext.invokeChannelRead(AbstractChannelHandlerContext.java:374)
	io.netty.channel.AbstractChannelHandlerContext.invokeChannelRead(AbstractChannelHandlerContext.java:360)
	io.netty.channel.AbstractChannelHandlerContext.fireChannelRead(AbstractChannelHandlerContext.java:352)
	reactor.netty.http.server.HttpTrafficHandler.channelRead(HttpTrafficHandler.java:190)
	io.netty.channel.AbstractChannelHandlerContext.invokeChannelRead(AbstractChannelHandlerContext.java:374)
	io.netty.channel.AbstractChannelHandlerContext.invokeChannelRead(AbstractChannelHandlerContext.java:360)
	io.netty.channel.AbstractChannelHandlerContext.fireChannelRead(AbstractChannelHandlerContext.java:352)
	io.netty.channel.CombinedChannelDuplexHandler$DelegatingChannelHandlerContext.fireChannelRead(CombinedChannelDuplexHandler.java:438)
	io.netty.handler.codec.ByteToMessageDecoder.fireChannelRead(ByteToMessageDecoder.java:323)
	io.netty.handler.codec.ByteToMessageDecoder.channelRead(ByteToMessageDecoder.java:297)
	io.netty.channel.CombinedChannelDuplexHandler.channelRead(CombinedChannelDuplexHandler.java:253)
	io.netty.channel.AbstractChannelHandlerContext.invokeChannelRead(AbstractChannelHandlerContext.java:374)
	io.netty.channel.AbstractChannelHandlerContext.invokeChannelRead(AbstractChannelHandlerContext.java:360)
	io.netty.channel.AbstractChannelHandlerContext.fireChannelRead(AbstractChannelHandlerContext.java:352)
	io.netty.channel.DefaultChannelPipeline$HeadContext.channelRead(DefaultChannelPipeline.java:1408)
	io.netty.channel.AbstractChannelHandlerContext.invokeChannelRead(AbstractChannelHandlerContext.java:374)
	io.netty.channel.AbstractChannelHandlerContext.invokeChannelRead(AbstractChannelHandlerContext.java:360)
	io.netty.channel.DefaultChannelPipeline.fireChannelRead(DefaultChannelPipeline.java:930)
	io.netty.channel.nio.AbstractNioByteChannel$NioByteUnsafe.read(AbstractNioByteChannel.java:163)
	io.netty.channel.nio.NioEventLoop.processSelectedKey(NioEventLoop.java:682)
	io.netty.channel.nio.NioEventLoop.processSelectedKeysOptimized(NioEventLoop.java:617)
	io.netty.channel.nio.NioEventLoop.processSelectedKeys(NioEventLoop.java:534)
	io.netty.channel.nio.NioEventLoop.run(NioEventLoop.java:496)
	io.netty.util.concurrent.SingleThreadEventExecutor$5.run(SingleThreadEventExecutor.java:906)
	io.netty.util.internal.ThreadExecutorMap$2.run(ThreadExecutorMap.java:74)
	io.netty.util.concurrent.FastThreadLocalRunnable.run(FastThreadLocalRunnable.java:30)
	java.lang.Thread.run(Thread.java:748)
#2:
	io.netty.buffer.AdvancedLeakAwareCompositeByteBuf.getByte(AdvancedLeakAwareCompositeByteBuf.java:140)
	org.springframework.core.io.buffer.NettyDataBuffer.getByte(NettyDataBuffer.java:132)
	org.springframework.core.io.buffer.DataBufferUtils$KnuthMorrisPrattMatcher.match(DataBufferUtils.java:1005)
	org.springframework.http.codec.multipart.DefaultMultipartMessageReader.toPart(DefaultMultipartMessageReader.java:184)
	reactor.core.publisher.FluxMap$MapConditionalSubscriber.onNext(FluxMap.java:199)
	reactor.core.publisher.FluxTakeWhile$TakeWhileSubscriber.onNext(FluxTakeWhile.java:94)
	reactor.core.publisher.FluxContextStart$ContextStartSubscriber.onNext(FluxContextStart.java:103)
	reactor.core.publisher.FluxMap$MapConditionalSubscriber.onNext(FluxMap.java:213)
	reactor.core.publisher.FluxBufferPredicate$BufferPredicateSubscriber.emit(FluxBufferPredicate.java:290)
	reactor.core.publisher.FluxBufferPredicate$BufferPredicateSubscriber.onNextNewBuffer(FluxBufferPredicate.java:257)
	reactor.core.publisher.FluxBufferPredicate$BufferPredicateSubscriber.tryOnNext(FluxBufferPredicate.java:211)
	reactor.core.publisher.FluxBufferPredicate$BufferPredicateSubscriber.onNext(FluxBufferPredicate.java:184)
	reactor.core.publisher.FluxFlatMap$FlatMapMain.drainLoop(FluxFlatMap.java:664)
	reactor.core.publisher.FluxFlatMap$FlatMapMain.drain(FluxFlatMap.java:540)
	reactor.core.publisher.FluxFlatMap$FlatMapInner.onSubscribe(FluxFlatMap.java:924)
	reactor.core.publisher.FluxIterable.subscribe(FluxIterable.java:139)
	reactor.core.publisher.FluxIterable.subscribe(FluxIterable.java:63)
	reactor.core.publisher.Flux.subscribe(Flux.java:7922)
	reactor.core.publisher.FluxFlatMap$FlatMapMain.onNext(FluxFlatMap.java:389)
	reactor.core.publisher.FluxConcatMap$ConcatMapImmediate.innerNext(FluxConcatMap.java:275)
	reactor.core.publisher.FluxConcatMap$ConcatMapInner.onNext(FluxConcatMap.java:849)
	reactor.core.publisher.FluxConcatMap$WeakScalarSubscription.request(FluxConcatMap.java:470)
	reactor.core.publisher.Operators$MultiSubscriptionSubscriber.set(Operators.java:1939)
	reactor.core.publisher.FluxConcatMap$ConcatMapImmediate.drain(FluxConcatMap.java:436)
	reactor.core.publisher.FluxConcatMap$ConcatMapImmediate.onNext(FluxConcatMap.java:244)
	reactor.core.publisher.FluxMap$MapSubscriber.onNext(FluxMap.java:114)
	reactor.core.publisher.FluxPeek$PeekSubscriber.onNext(FluxPeek.java:192)
	reactor.core.publisher.FluxMap$MapSubscriber.onNext(FluxMap.java:114)
	reactor.netty.channel.FluxReceive.drainReceiver(FluxReceive.java:206)
	reactor.netty.channel.FluxReceive.onInboundNext(FluxReceive.java:322)
	reactor.netty.channel.ChannelOperations.onInboundNext(ChannelOperations.java:335)
	reactor.netty.http.server.HttpServerOperations.onInboundNext(HttpServerOperations.java:456)
	reactor.netty.channel.ChannelOperationsHandler.channelRead(ChannelOperationsHandler.java:91)
	io.netty.channel.AbstractChannelHandlerContext.invokeChannelRead(AbstractChannelHandlerContext.java:374)
	io.netty.channel.AbstractChannelHandlerContext.invokeChannelRead(AbstractChannelHandlerContext.java:360)
	io.netty.channel.AbstractChannelHandlerContext.fireChannelRead(AbstractChannelHandlerContext.java:352)
	reactor.netty.http.server.HttpTrafficHandler.channelRead(HttpTrafficHandler.java:190)
	io.netty.channel.AbstractChannelHandlerContext.invokeChannelRead(AbstractChannelHandlerContext.java:374)
	io.netty.channel.AbstractChannelHandlerContext.invokeChannelRead(AbstractChannelHandlerContext.java:360)
	io.netty.channel.AbstractChannelHandlerContext.fireChannelRead(AbstractChannelHandlerContext.java:352)
	io.netty.channel.CombinedChannelDuplexHandler$DelegatingChannelHandlerContext.fireChannelRead(CombinedChannelDuplexHandler.java:438)
	io.netty.handler.codec.ByteToMessageDecoder.fireChannelRead(ByteToMessageDecoder.java:323)
	io.netty.handler.codec.ByteToMessageDecoder.channelRead(ByteToMessageDecoder.java:297)
	io.netty.channel.CombinedChannelDuplexHandler.channelRead(CombinedChannelDuplexHandler.java:253)
	io.netty.channel.AbstractChannelHandlerContext.invokeChannelRead(AbstractChannelHandlerContext.java:374)
	io.netty.channel.AbstractChannelHandlerContext.invokeChannelRead(AbstractChannelHandlerContext.java:360)
	io.netty.channel.AbstractChannelHandlerContext.fireChannelRead(AbstractChannelHandlerContext.java:352)
	io.netty.channel.DefaultChannelPipeline$HeadContext.channelRead(DefaultChannelPipeline.java:1408)
	io.netty.channel.AbstractChannelHandlerContext.invokeChannelRead(AbstractChannelHandlerContext.java:374)
	io.netty.channel.AbstractChannelHandlerContext.invokeChannelRead(AbstractChannelHandlerContext.java:360)
	io.netty.channel.DefaultChannelPipeline.fireChannelRead(DefaultChannelPipeline.java:930)
	io.netty.channel.nio.AbstractNioByteChannel$NioByteUnsafe.read(AbstractNioByteChannel.java:163)
	io.netty.channel.nio.NioEventLoop.processSelectedKey(NioEventLoop.java:682)
	io.netty.channel.nio.NioEventLoop.processSelectedKeysOptimized(NioEventLoop.java:617)
	io.netty.channel.nio.NioEventLoop.processSelectedKeys(NioEventLoop.java:534)
	io.netty.channel.nio.NioEventLoop.run(NioEventLoop.java:496)
	io.netty.util.concurrent.SingleThreadEventExecutor$5.run(SingleThreadEventExecutor.java:906)
	io.netty.util.internal.ThreadExecutorMap$2.run(ThreadExecutorMap.java:74)
	io.netty.util.concurrent.FastThreadLocalRunnable.run(FastThreadLocalRunnable.java:30)
	java.lang.Thread.run(Thread.java:748)
#3:
	io.netty.buffer.AdvancedLeakAwareCompositeByteBuf.getByte(AdvancedLeakAwareCompositeByteBuf.java:140)
	org.springframework.core.io.buffer.NettyDataBuffer.getByte(NettyDataBuffer.java:132)
	org.springframework.http.codec.multipart.DefaultMultipartMessageReader.toPart(DefaultMultipartMessageReader.java:179)
	reactor.core.publisher.FluxMap$MapConditionalSubscriber.onNext(FluxMap.java:199)
	reactor.core.publisher.FluxTakeWhile$TakeWhileSubscriber.onNext(FluxTakeWhile.java:94)
	reactor.core.publisher.FluxContextStart$ContextStartSubscriber.onNext(FluxContextStart.java:103)
	reactor.core.publisher.FluxMap$MapConditionalSubscriber.onNext(FluxMap.java:213)
	reactor.core.publisher.FluxBufferPredicate$BufferPredicateSubscriber.emit(FluxBufferPredicate.java:290)
	reactor.core.publisher.FluxBufferPredicate$BufferPredicateSubscriber.onNextNewBuffer(FluxBufferPredicate.java:257)
	reactor.core.publisher.FluxBufferPredicate$BufferPredicateSubscriber.tryOnNext(FluxBufferPredicate.java:211)
	reactor.core.publisher.FluxBufferPredicate$BufferPredicateSubscriber.onNext(FluxBufferPredicate.java:184)
	reactor.core.publisher.FluxFlatMap$FlatMapMain.drainLoop(FluxFlatMap.java:664)
	reactor.core.publisher.FluxFlatMap$FlatMapMain.drain(FluxFlatMap.java:540)
	reactor.core.publisher.FluxFlatMap$FlatMapInner.onSubscribe(FluxFlatMap.java:924)
	reactor.core.publisher.FluxIterable.subscribe(FluxIterable.java:139)
	reactor.core.publisher.FluxIterable.subscribe(FluxIterable.java:63)
	reactor.core.publisher.Flux.subscribe(Flux.java:7922)
	reactor.core.publisher.FluxFlatMap$FlatMapMain.onNext(FluxFlatMap.java:389)
	reactor.core.publisher.FluxConcatMap$ConcatMapImmediate.innerNext(FluxConcatMap.java:275)
	reactor.core.publisher.FluxConcatMap$ConcatMapInner.onNext(FluxConcatMap.java:849)
	reactor.core.publisher.FluxConcatMap$WeakScalarSubscription.request(FluxConcatMap.java:470)
	reactor.core.publisher.Operators$MultiSubscriptionSubscriber.set(Operators.java:1939)
	reactor.core.publisher.FluxConcatMap$ConcatMapImmediate.drain(FluxConcatMap.java:436)
	reactor.core.publisher.FluxConcatMap$ConcatMapImmediate.onNext(FluxConcatMap.java:244)
	reactor.core.publisher.FluxMap$MapSubscriber.onNext(FluxMap.java:114)
	reactor.core.publisher.FluxPeek$PeekSubscriber.onNext(FluxPeek.java:192)
	reactor.core.publisher.FluxMap$MapSubscriber.onNext(FluxMap.java:114)
	reactor.netty.channel.FluxReceive.drainReceiver(FluxReceive.java:206)
	reactor.netty.channel.FluxReceive.onInboundNext(FluxReceive.java:322)
	reactor.netty.channel.ChannelOperations.onInboundNext(ChannelOperations.java:335)
	reactor.netty.http.server.HttpServerOperations.onInboundNext(HttpServerOperations.java:456)
	reactor.netty.channel.ChannelOperationsHandler.channelRead(ChannelOperationsHandler.java:91)
	io.netty.channel.AbstractChannelHandlerContext.invokeChannelRead(AbstractChannelHandlerContext.java:374)
	io.netty.channel.AbstractChannelHandlerContext.invokeChannelRead(AbstractChannelHandlerContext.java:360)
	io.netty.channel.AbstractChannelHandlerContext.fireChannelRead(AbstractChannelHandlerContext.java:352)
	reactor.netty.http.server.HttpTrafficHandler.channelRead(HttpTrafficHandler.java:190)
	io.netty.channel.AbstractChannelHandlerContext.invokeChannelRead(AbstractChannelHandlerContext.java:374)
	io.netty.channel.AbstractChannelHandlerContext.invokeChannelRead(AbstractChannelHandlerContext.java:360)
	io.netty.channel.AbstractChannelHandlerContext.fireChannelRead(AbstractChannelHandlerContext.java:352)
	io.netty.channel.CombinedChannelDuplexHandler$DelegatingChannelHandlerContext.fireChannelRead(CombinedChannelDuplexHandler.java:438)
	io.netty.handler.codec.ByteToMessageDecoder.fireChannelRead(ByteToMessageDecoder.java:323)
	io.netty.handler.codec.ByteToMessageDecoder.channelRead(ByteToMessageDecoder.java:297)
	io.netty.channel.CombinedChannelDuplexHandler.channelRead(CombinedChannelDuplexHandler.java:253)
	io.netty.channel.AbstractChannelHandlerContext.invokeChannelRead(AbstractChannelHandlerContext.java:374)
	io.netty.channel.AbstractChannelHandlerContext.invokeChannelRead(AbstractChannelHandlerContext.java:360)
	io.netty.channel.AbstractChannelHandlerContext.fireChannelRead(AbstractChannelHandlerContext.java:352)
	io.netty.channel.DefaultChannelPipeline$HeadContext.channelRead(DefaultChannelPipeline.java:1408)
	io.netty.channel.AbstractChannelHandlerContext.invokeChannelRead(AbstractChannelHandlerContext.java:374)
	io.netty.channel.AbstractChannelHandlerContext.invokeChannelRead(AbstractChannelHandlerContext.java:360)
	io.netty.channel.DefaultChannelPipeline.fireChannelRead(DefaultChannelPipeline.java:930)
	io.netty.channel.nio.AbstractNioByteChannel$NioByteUnsafe.read(AbstractNioByteChannel.java:163)
	io.netty.channel.nio.NioEventLoop.processSelectedKey(NioEventLoop.java:682)
	io.netty.channel.nio.NioEventLoop.processSelectedKeysOptimized(NioEventLoop.java:617)
	io.netty.channel.nio.NioEventLoop.processSelectedKeys(NioEventLoop.java:534)
	io.netty.channel.nio.NioEventLoop.run(NioEventLoop.java:496)
	io.netty.util.concurrent.SingleThreadEventExecutor$5.run(SingleThreadEventExecutor.java:906)
	io.netty.util.internal.ThreadExecutorMap$2.run(ThreadExecutorMap.java:74)
	io.netty.util.concurrent.FastThreadLocalRunnable.run(FastThreadLocalRunnable.java:30)
	java.lang.Thread.run(Thread.java:748)
#4:
	io.netty.buffer.AdvancedLeakAwareCompositeByteBuf.addComponent(AdvancedLeakAwareCompositeByteBuf.java:920)
	org.springframework.core.io.buffer.NettyDataBufferFactory.join(NettyDataBufferFactory.java:111)
	org.springframework.core.io.buffer.DataBufferUtils.joinAndStrip(DataBufferUtils.java:686)
	org.springframework.core.io.buffer.DataBufferUtils.lambda$split$20(DataBufferUtils.java:605)
	reactor.core.publisher.FluxMap$MapConditionalSubscriber.onNext(FluxMap.java:199)
	reactor.core.publisher.FluxBufferPredicate$BufferPredicateSubscriber.emit(FluxBufferPredicate.java:290)
	reactor.core.publisher.FluxBufferPredicate$BufferPredicateSubscriber.onNextNewBuffer(FluxBufferPredicate.java:257)
	reactor.core.publisher.FluxBufferPredicate$BufferPredicateSubscriber.tryOnNext(FluxBufferPredicate.java:211)
	reactor.core.publisher.FluxBufferPredicate$BufferPredicateSubscriber.onNext(FluxBufferPredicate.java:184)
	reactor.core.publisher.FluxFlatMap$FlatMapMain.drainLoop(FluxFlatMap.java:664)
	reactor.core.publisher.FluxFlatMap$FlatMapMain.drain(FluxFlatMap.java:540)
	reactor.core.publisher.FluxFlatMap$FlatMapInner.onSubscribe(FluxFlatMap.java:924)
	reactor.core.publisher.FluxIterable.subscribe(FluxIterable.java:139)
	reactor.core.publisher.FluxIterable.subscribe(FluxIterable.java:63)
	reactor.core.publisher.Flux.subscribe(Flux.java:7922)
	reactor.core.publisher.FluxFlatMap$FlatMapMain.onNext(FluxFlatMap.java:389)
	reactor.core.publisher.FluxConcatMap$ConcatMapImmediate.innerNext(FluxConcatMap.java:275)
	reactor.core.publisher.FluxConcatMap$ConcatMapInner.onNext(FluxConcatMap.java:849)
	reactor.core.publisher.FluxConcatMap$WeakScalarSubscription.request(FluxConcatMap.java:470)
	reactor.core.publisher.Operators$MultiSubscriptionSubscriber.set(Operators.java:1939)
	reactor.core.publisher.FluxConcatMap$ConcatMapImmediate.drain(FluxConcatMap.java:436)
	reactor.core.publisher.FluxConcatMap$ConcatMapImmediate.onNext(FluxConcatMap.java:244)
	reactor.core.publisher.FluxMap$MapSubscriber.onNext(FluxMap.java:114)
	reactor.core.publisher.FluxPeek$PeekSubscriber.onNext(FluxPeek.java:192)
	reactor.core.publisher.FluxMap$MapSubscriber.onNext(FluxMap.java:114)
	reactor.netty.channel.FluxReceive.drainReceiver(FluxReceive.java:206)
	reactor.netty.channel.FluxReceive.onInboundNext(FluxReceive.java:322)
	reactor.netty.channel.ChannelOperations.onInboundNext(ChannelOperations.java:335)
	reactor.netty.http.server.HttpServerOperations.onInboundNext(HttpServerOperations.java:456)
	reactor.netty.channel.ChannelOperationsHandler.channelRead(ChannelOperationsHandler.java:91)
	io.netty.channel.AbstractChannelHandlerContext.invokeChannelRead(AbstractChannelHandlerContext.java:374)
	io.netty.channel.AbstractChannelHandlerContext.invokeChannelRead(AbstractChannelHandlerContext.java:360)
	io.netty.channel.AbstractChannelHandlerContext.fireChannelRead(AbstractChannelHandlerContext.java:352)
	reactor.netty.http.server.HttpTrafficHandler.channelRead(HttpTrafficHandler.java:190)
	io.netty.channel.AbstractChannelHandlerContext.invokeChannelRead(AbstractChannelHandlerContext.java:374)
	io.netty.channel.AbstractChannelHandlerContext.invokeChannelRead(AbstractChannelHandlerContext.java:360)
	io.netty.channel.AbstractChannelHandlerContext.fireChannelRead(AbstractChannelHandlerContext.java:352)
	io.netty.channel.CombinedChannelDuplexHandler$DelegatingChannelHandlerContext.fireChannelRead(CombinedChannelDuplexHandler.java:438)
	io.netty.handler.codec.ByteToMessageDecoder.fireChannelRead(ByteToMessageDecoder.java:323)
	io.netty.handler.codec.ByteToMessageDecoder.channelRead(ByteToMessageDecoder.java:297)
	io.netty.channel.CombinedChannelDuplexHandler.channelRead(CombinedChannelDuplexHandler.java:253)
	io.netty.channel.AbstractChannelHandlerContext.invokeChannelRead(AbstractChannelHandlerContext.java:374)
	io.netty.channel.AbstractChannelHandlerContext.invokeChannelRead(AbstractChannelHandlerContext.java:360)
	io.netty.channel.AbstractChannelHandlerContext.fireChannelRead(AbstractChannelHandlerContext.java:352)
	io.netty.channel.DefaultChannelPipeline$HeadContext.channelRead(DefaultChannelPipeline.java:1408)
	io.netty.channel.AbstractChannelHandlerContext.invokeChannelRead(AbstractChannelHandlerContext.java:374)
	io.netty.channel.AbstractChannelHandlerContext.invokeChannelRead(AbstractChannelHandlerContext.java:360)
	io.netty.channel.DefaultChannelPipeline.fireChannelRead(DefaultChannelPipeline.java:930)
	io.netty.channel.nio.AbstractNioByteChannel$NioByteUnsafe.read(AbstractNioByteChannel.java:163)
	io.netty.channel.nio.NioEventLoop.processSelectedKey(NioEventLoop.java:682)
	io.netty.channel.nio.NioEventLoop.processSelectedKeysOptimized(NioEventLoop.java:617)
	io.netty.channel.nio.NioEventLoop.processSelectedKeys(NioEventLoop.java:534)
	io.netty.channel.nio.NioEventLoop.run(NioEventLoop.java:496)
	io.netty.util.concurrent.SingleThreadEventExecutor$5.run(SingleThreadEventExecutor.java:906)
	io.netty.util.internal.ThreadExecutorMap$2.run(ThreadExecutorMap.java:74)
	io.netty.util.concurrent.FastThreadLocalRunnable.run(FastThreadLocalRunnable.java:30)
	java.lang.Thread.run(Thread.java:748)
Created at:
	io.netty.buffer.AbstractByteBufAllocator.compositeDirectBuffer(AbstractByteBufAllocator.java:223)
	io.netty.buffer.AbstractByteBufAllocator.compositeBuffer(AbstractByteBufAllocator.java:201)
	org.springframework.core.io.buffer.NettyDataBufferFactory.join(NettyDataBufferFactory.java:108)
	org.springframework.core.io.buffer.DataBufferUtils.joinAndStrip(DataBufferUtils.java:686)
	org.springframework.core.io.buffer.DataBufferUtils.lambda$split$20(DataBufferUtils.java:605)
	reactor.core.publisher.FluxMap$MapConditionalSubscriber.onNext(FluxMap.java:199)
	reactor.core.publisher.FluxBufferPredicate$BufferPredicateSubscriber.emit(FluxBufferPredicate.java:290)
	reactor.core.publisher.FluxBufferPredicate$BufferPredicateSubscriber.onNextNewBuffer(FluxBufferPredicate.java:257)
	reactor.core.publisher.FluxBufferPredicate$BufferPredicateSubscriber.tryOnNext(FluxBufferPredicate.java:211)
	reactor.core.publisher.FluxBufferPredicate$BufferPredicateSubscriber.onNext(FluxBufferPredicate.java:184)
	reactor.core.publisher.FluxFlatMap$FlatMapMain.drainLoop(FluxFlatMap.java:664)
	reactor.core.publisher.FluxFlatMap$FlatMapMain.drain(FluxFlatMap.java:540)
	reactor.core.publisher.FluxFlatMap$FlatMapInner.onSubscribe(FluxFlatMap.java:924)
	reactor.core.publisher.FluxIterable.subscribe(FluxIterable.java:139)
	reactor.core.publisher.FluxIterable.subscribe(FluxIterable.java:63)
	reactor.core.publisher.Flux.subscribe(Flux.java:7922)
	reactor.core.publisher.FluxFlatMap$FlatMapMain.onNext(FluxFlatMap.java:389)
	reactor.core.publisher.FluxConcatMap$ConcatMapImmediate.innerNext(FluxConcatMap.java:275)
	reactor.core.publisher.FluxConcatMap$ConcatMapInner.onNext(FluxConcatMap.java:849)
	reactor.core.publisher.FluxConcatMap$WeakScalarSubscription.request(FluxConcatMap.java:470)
	reactor.core.publisher.Operators$MultiSubscriptionSubscriber.set(Operators.java:1939)
	reactor.core.publisher.FluxConcatMap$ConcatMapImmediate.drain(FluxConcatMap.java:436)
	reactor.core.publisher.FluxConcatMap$ConcatMapImmediate.onNext(FluxConcatMap.java:244)
	reactor.core.publisher.FluxMap$MapSubscriber.onNext(FluxMap.java:114)
	reactor.core.publisher.FluxPeek$PeekSubscriber.onNext(FluxPeek.java:192)
	reactor.core.publisher.FluxMap$MapSubscriber.onNext(FluxMap.java:114)
	reactor.netty.channel.FluxReceive.drainReceiver(FluxReceive.java:206)
	reactor.netty.channel.FluxReceive.onInboundNext(FluxReceive.java:322)
	reactor.netty.channel.ChannelOperations.onInboundNext(ChannelOperations.java:335)
	reactor.netty.http.server.HttpServerOperations.onInboundNext(HttpServerOperations.java:456)
	reactor.netty.channel.ChannelOperationsHandler.channelRead(ChannelOperationsHandler.java:91)
	io.netty.channel.AbstractChannelHandlerContext.invokeChannelRead(AbstractChannelHandlerContext.java:374)
	io.netty.channel.AbstractChannelHandlerContext.invokeChannelRead(AbstractChannelHandlerContext.java:360)
	io.netty.channel.AbstractChannelHandlerContext.fireChannelRead(AbstractChannelHandlerContext.java:352)
	reactor.netty.http.server.HttpTrafficHandler.channelRead(HttpTrafficHandler.java:190)
	io.netty.channel.AbstractChannelHandlerContext.invokeChannelRead(AbstractChannelHandlerContext.java:374)
	io.netty.channel.AbstractChannelHandlerContext.invokeChannelRead(AbstractChannelHandlerContext.java:360)
	io.netty.channel.AbstractChannelHandlerContext.fireChannelRead(AbstractChannelHandlerContext.java:352)
	io.netty.channel.CombinedChannelDuplexHandler$DelegatingChannelHandlerContext.fireChannelRead(CombinedChannelDuplexHandler.java:438)
	io.netty.handler.codec.ByteToMessageDecoder.fireChannelRead(ByteToMessageDecoder.java:323)
	io.netty.handler.codec.ByteToMessageDecoder.channelRead(ByteToMessageDecoder.java:297)
	io.netty.channel.CombinedChannelDuplexHandler.channelRead(CombinedChannelDuplexHandler.java:253)
	io.netty.channel.AbstractChannelHandlerContext.invokeChannelRead(AbstractChannelHandlerContext.java:374)
	io.netty.channel.AbstractChannelHandlerContext.invokeChannelRead(AbstractChannelHandlerContext.java:360)
	io.netty.channel.AbstractChannelHandlerContext.fireChannelRead(AbstractChannelHandlerContext.java:352)
	io.netty.channel.DefaultChannelPipeline$HeadContext.channelRead(DefaultChannelPipeline.java:1408)
	io.netty.channel.AbstractChannelHandlerContext.invokeChannelRead(AbstractChannelHandlerContext.java:374)
	io.netty.channel.AbstractChannelHandlerContext.invokeChannelRead(AbstractChannelHandlerContext.java:360)
	io.netty.channel.DefaultChannelPipeline.fireChannelRead(DefaultChannelPipeline.java:930)
	io.netty.channel.nio.AbstractNioByteChannel$NioByteUnsafe.read(AbstractNioByteChannel.java:163)
	io.netty.channel.nio.NioEventLoop.processSelectedKey(NioEventLoop.java:682)
	io.netty.channel.nio.NioEventLoop.processSelectedKeysOptimized(NioEventLoop.java:617)
	io.netty.channel.nio.NioEventLoop.processSelectedKeys(NioEventLoop.java:534)
	io.netty.channel.nio.NioEventLoop.run(NioEventLoop.java:496)
	io.netty.util.concurrent.SingleThreadEventExecutor$5.run(SingleThreadEventExecutor.java:906)
	io.netty.util.internal.ThreadExecutorMap$2.run(ThreadExecutorMap.java:74)
	io.netty.util.concurrent.FastThreadLocalRunnable.run(FastThreadLocalRunnable.java:30)
	java.lang.Thread.run(Thread.java:748)
: 5 leak records were discarded because they were duplicates
: 120 leak records were discarded because the leak record count is targeted to 4. Use system property io.netty.leakDetection.targetRecords to increase the limit.
19:49:01.270 [reactor-http-nio-4] ERROR i.n.u.ResourceLeakDetector - LEAK: ByteBuf.release() was not called before it's garbage-collected. See http://netty.io/wiki/reference-counted-objects.html for more information.
Recent access records: 
#1:
	io.netty.buffer.AdvancedLeakAwareByteBuf.order(AdvancedLeakAwareByteBuf.java:70)
	io.netty.buffer.CompositeByteBuf.newComponent(CompositeByteBuf.java:318)
	io.netty.buffer.CompositeByteBuf.addComponent0(CompositeByteBuf.java:280)
	io.netty.buffer.CompositeByteBuf.addComponent(CompositeByteBuf.java:265)
	io.netty.buffer.CompositeByteBuf.addComponent(CompositeByteBuf.java:222)
	io.netty.buffer.WrappedCompositeByteBuf.addComponent(WrappedCompositeByteBuf.java:529)
	io.netty.buffer.AdvancedLeakAwareCompositeByteBuf.addComponent(AdvancedLeakAwareCompositeByteBuf.java:921)
	org.springframework.core.io.buffer.NettyDataBufferFactory.join(NettyDataBufferFactory.java:111)
	org.springframework.core.io.buffer.DataBufferUtils.joinAndStrip(DataBufferUtils.java:686)
	org.springframework.core.io.buffer.DataBufferUtils.lambda$split$20(DataBufferUtils.java:605)
	reactor.core.publisher.FluxMap$MapConditionalSubscriber.onNext(FluxMap.java:199)
	reactor.core.publisher.FluxBufferPredicate$BufferPredicateSubscriber.emit(FluxBufferPredicate.java:290)
	reactor.core.publisher.FluxBufferPredicate$BufferPredicateSubscriber.onNextNewBuffer(FluxBufferPredicate.java:257)
	reactor.core.publisher.FluxBufferPredicate$BufferPredicateSubscriber.tryOnNext(FluxBufferPredicate.java:211)
	reactor.core.publisher.FluxBufferPredicate$BufferPredicateSubscriber.onNext(FluxBufferPredicate.java:184)
	reactor.core.publisher.FluxFlatMap$FlatMapMain.drainLoop(FluxFlatMap.java:664)
	reactor.core.publisher.FluxFlatMap$FlatMapMain.drain(FluxFlatMap.java:540)
	reactor.core.publisher.FluxFlatMap$FlatMapInner.onSubscribe(FluxFlatMap.java:924)
	reactor.core.publisher.FluxIterable.subscribe(FluxIterable.java:139)
	reactor.core.publisher.FluxIterable.subscribe(FluxIterable.java:63)
	reactor.core.publisher.Flux.subscribe(Flux.java:7922)
	reactor.core.publisher.FluxFlatMap$FlatMapMain.onNext(FluxFlatMap.java:389)
	reactor.core.publisher.FluxConcatMap$ConcatMapImmediate.innerNext(FluxConcatMap.java:275)
	reactor.core.publisher.FluxConcatMap$ConcatMapInner.onNext(FluxConcatMap.java:849)
	reactor.core.publisher.FluxConcatMap$WeakScalarSubscription.request(FluxConcatMap.java:470)
	reactor.core.publisher.Operators$MultiSubscriptionSubscriber.set(Operators.java:1939)
	reactor.core.publisher.FluxConcatMap$ConcatMapImmediate.drain(FluxConcatMap.java:436)
	reactor.core.publisher.FluxConcatMap$ConcatMapImmediate.onNext(FluxConcatMap.java:244)
	reactor.core.publisher.FluxMap$MapSubscriber.onNext(FluxMap.java:114)
	reactor.core.publisher.FluxPeek$PeekSubscriber.onNext(FluxPeek.java:192)
	reactor.core.publisher.FluxMap$MapSubscriber.onNext(FluxMap.java:114)
	reactor.netty.channel.FluxReceive.drainReceiver(FluxReceive.java:206)
	reactor.netty.channel.FluxReceive.onInboundNext(FluxReceive.java:322)
	reactor.netty.channel.ChannelOperations.onInboundNext(ChannelOperations.java:335)
	reactor.netty.http.server.HttpServerOperations.onInboundNext(HttpServerOperations.java:456)
	reactor.netty.channel.ChannelOperationsHandler.channelRead(ChannelOperationsHandler.java:91)
	io.netty.channel.AbstractChannelHandlerContext.invokeChannelRead(AbstractChannelHandlerContext.java:374)
	io.netty.channel.AbstractChannelHandlerContext.invokeChannelRead(AbstractChannelHandlerContext.java:360)
	io.netty.channel.AbstractChannelHandlerContext.fireChannelRead(AbstractChannelHandlerContext.java:352)
	reactor.netty.http.server.HttpTrafficHandler.channelRead(HttpTrafficHandler.java:190)
	io.netty.channel.AbstractChannelHandlerContext.invokeChannelRead(AbstractChannelHandlerContext.java:374)
	io.netty.channel.AbstractChannelHandlerContext.invokeChannelRead(AbstractChannelHandlerContext.java:360)
	io.netty.channel.AbstractChannelHandlerContext.fireChannelRead(AbstractChannelHandlerContext.java:352)
	io.netty.channel.CombinedChannelDuplexHandler$DelegatingChannelHandlerContext.fireChannelRead(CombinedChannelDuplexHandler.java:438)
	io.netty.handler.codec.ByteToMessageDecoder.fireChannelRead(ByteToMessageDecoder.java:323)
	io.netty.handler.codec.ByteToMessageDecoder.channelRead(ByteToMessageDecoder.java:297)
	io.netty.channel.CombinedChannelDuplexHandler.channelRead(CombinedChannelDuplexHandler.java:253)
	io.netty.channel.AbstractChannelHandlerContext.invokeChannelRead(AbstractChannelHandlerContext.java:374)
	io.netty.channel.AbstractChannelHandlerContext.invokeChannelRead(AbstractChannelHandlerContext.java:360)
	io.netty.channel.AbstractChannelHandlerContext.fireChannelRead(AbstractChannelHandlerContext.java:352)
	io.netty.channel.DefaultChannelPipeline$HeadContext.channelRead(DefaultChannelPipeline.java:1408)
	io.netty.channel.AbstractChannelHandlerContext.invokeChannelRead(AbstractChannelHandlerContext.java:374)
	io.netty.channel.AbstractChannelHandlerContext.invokeChannelRead(AbstractChannelHandlerContext.java:360)
	io.netty.channel.DefaultChannelPipeline.fireChannelRead(DefaultChannelPipeline.java:930)
	io.netty.channel.nio.AbstractNioByteChannel$NioByteUnsafe.read(AbstractNioByteChannel.java:163)
	io.netty.channel.nio.NioEventLoop.processSelectedKey(NioEventLoop.java:682)
	io.netty.channel.nio.NioEventLoop.processSelectedKeysOptimized(NioEventLoop.java:617)
	io.netty.channel.nio.NioEventLoop.processSelectedKeys(NioEventLoop.java:534)
	io.netty.channel.nio.NioEventLoop.run(NioEventLoop.java:496)
	io.netty.util.concurrent.SingleThreadEventExecutor$5.run(SingleThreadEventExecutor.java:906)
	io.netty.util.internal.ThreadExecutorMap$2.run(ThreadExecutorMap.java:74)
	io.netty.util.concurrent.FastThreadLocalRunnable.run(FastThreadLocalRunnable.java:30)
	java.lang.Thread.run(Thread.java:748)
Created at:
	io.netty.buffer.SimpleLeakAwareByteBuf.unwrappedDerived(SimpleLeakAwareByteBuf.java:143)
	io.netty.buffer.SimpleLeakAwareByteBuf.retainedSlice(SimpleLeakAwareByteBuf.java:57)
	io.netty.buffer.AdvancedLeakAwareByteBuf.retainedSlice(AdvancedLeakAwareByteBuf.java:95)
	org.springframework.core.io.buffer.NettyDataBuffer.retainedSlice(NettyDataBuffer.java:267)
	org.springframework.core.io.buffer.NettyDataBuffer.retainedSlice(NettyDataBuffer.java:43)
	org.springframework.core.io.buffer.DataBufferUtils.endFrameAfterDelimiter(DataBufferUtils.java:645)
	org.springframework.core.io.buffer.DataBufferUtils.lambda$split$18(DataBufferUtils.java:603)
	reactor.core.publisher.FluxFlatMap$FlatMapMain.onNext(FluxFlatMap.java:350)
	reactor.core.publisher.FluxConcatMap$ConcatMapImmediate.innerNext(FluxConcatMap.java:275)
	reactor.core.publisher.FluxConcatMap$ConcatMapInner.onNext(FluxConcatMap.java:849)
	reactor.core.publisher.FluxConcatMap$WeakScalarSubscription.request(FluxConcatMap.java:470)
	reactor.core.publisher.Operators$MultiSubscriptionSubscriber.set(Operators.java:1939)
	reactor.core.publisher.FluxConcatMap$ConcatMapImmediate.drain(FluxConcatMap.java:436)
	reactor.core.publisher.FluxConcatMap$ConcatMapImmediate.onNext(FluxConcatMap.java:244)
	reactor.core.publisher.FluxMap$MapSubscriber.onNext(FluxMap.java:114)
	reactor.core.publisher.FluxPeek$PeekSubscriber.onNext(FluxPeek.java:192)
	reactor.core.publisher.FluxMap$MapSubscriber.onNext(FluxMap.java:114)
	reactor.netty.channel.FluxReceive.drainReceiver(FluxReceive.java:206)
	reactor.netty.channel.FluxReceive.onInboundNext(FluxReceive.java:322)
	reactor.netty.channel.ChannelOperations.onInboundNext(ChannelOperations.java:335)
	reactor.netty.http.server.HttpServerOperations.onInboundNext(HttpServerOperations.java:456)
	reactor.netty.channel.ChannelOperationsHandler.channelRead(ChannelOperationsHandler.java:91)
	io.netty.channel.AbstractChannelHandlerContext.invokeChannelRead(AbstractChannelHandlerContext.java:374)
	io.netty.channel.AbstractChannelHandlerContext.invokeChannelRead(AbstractChannelHandlerContext.java:360)
	io.netty.channel.AbstractChannelHandlerContext.fireChannelRead(AbstractChannelHandlerContext.java:352)
	reactor.netty.http.server.HttpTrafficHandler.channelRead(HttpTrafficHandler.java:190)
[...]
	io.netty.channel.AbstractChannelHandlerContext.invokeChannelRead(AbstractChannelHandlerContext.java:360)
	io.netty.channel.AbstractChannelHandlerContext.fireChannelRead(AbstractChannelHandlerContext.java:352)
	reactor.netty.http.server.HttpTrafficHandler.channelRead(HttpTrafficHandler.java:190)
	io.netty.channel.AbstractChannelHandlerContext.invokeChannelRead(AbstractChannelHandlerContext.java:374)
	io.netty.channel.AbstractChannelHandlerContext.invokeChannelRead(AbstractChannelHandlerContext.java:360)
	io.netty.channel.AbstractChannelHandlerContext.fireChannelRead(AbstractChannelHandlerContext.java:352)
	io.netty.channel.CombinedChannelDuplexHandler$DelegatingChannelHandlerContext.fireChannelRead(CombinedChannelDuplexHandler.java:438)
	io.netty.handler.codec.ByteToMessageDecoder.fireChannelRead(ByteToMessageDecoder.java:323)
	io.netty.handler.codec.ByteToMessageDecoder.fireChannelRead(ByteToMessageDecoder.java:310)
	io.netty.handler.codec.ByteToMessageDecoder.callDecode(ByteToMessageDecoder.java:426)
	io.netty.handler.codec.ByteToMessageDecoder.channelRead(ByteToMessageDecoder.java:278)
	io.netty.channel.CombinedChannelDuplexHandler.channelRead(CombinedChannelDuplexHandler.java:253)
	io.netty.channel.AbstractChannelHandlerContext.invokeChannelRead(AbstractChannelHandlerContext.java:374)
	io.netty.channel.AbstractChannelHandlerContext.invokeChannelRead(AbstractChannelHandlerContext.java:360)
	io.netty.channel.AbstractChannelHandlerContext.fireChannelRead(AbstractChannelHandlerContext.java:352)
	io.netty.channel.DefaultChannelPipeline$HeadContext.channelRead(DefaultChannelPipeline.java:1408)
	io.netty.channel.AbstractChannelHandlerContext.invokeChannelRead(AbstractChannelHandlerContext.java:374)
	io.netty.channel.AbstractChannelHandlerContext.invokeChannelRead(AbstractChannelHandlerContext.java:360)
	io.netty.channel.DefaultChannelPipeline.fireChannelRead(DefaultChannelPipeline.java:930)
	io.netty.channel.nio.AbstractNioByteChannel$NioByteUnsafe.read(AbstractNioByteChannel.java:163)
	io.netty.channel.nio.NioEventLoop.processSelectedKey(NioEventLoop.java:682)
	io.netty.channel.nio.NioEventLoop.processSelectedKeysOptimized(NioEventLoop.java:617)
	io.netty.channel.nio.NioEventLoop.processSelectedKeys(NioEventLoop.java:534)
	io.netty.channel.nio.NioEventLoop.run(NioEventLoop.java:496)
	io.netty.util.concurrent.SingleThreadEventExecutor$5.run(SingleThreadEventExecutor.java:906)
	io.netty.util.internal.ThreadExecutorMap$2.run(ThreadExecutorMap.java:74)
	io.netty.util.concurrent.FastThreadLocalRunnable.run(FastThreadLocalRunnable.java:30)
	java.lang.Thread.run(Thread.java:748)
#3:
	reactor.core.publisher.FluxPeek$PeekSubscriber.onNext(FluxPeek.java:177)
	reactor.core.publisher.FluxMap$MapSubscriber.onNext(FluxMap.java:114)
	reactor.netty.channel.FluxReceive.drainReceiver(FluxReceive.java:206)
	reactor.netty.channel.FluxReceive.onInboundNext(FluxReceive.java:322)
	reactor.netty.channel.ChannelOperations.onInboundNext(ChannelOperations.java:335)
	reactor.netty.http.server.HttpServerOperations.onInboundNext(HttpServerOperations.java:456)
	reactor.netty.channel.ChannelOperationsHandler.channelRead(ChannelOperationsHandler.java:91)
	io.netty.channel.AbstractChannelHandlerContext.invokeChannelRead(AbstractChannelHandlerContext.java:374)
	io.netty.channel.AbstractChannelHandlerContext.invokeChannelRead(AbstractChannelHandlerContext.java:360)
	io.netty.channel.AbstractChannelHandlerContext.fireChannelRead(AbstractChannelHandlerContext.java:352)
	reactor.netty.http.server.HttpTrafficHandler.channelRead(HttpTrafficHandler.java:190)
	io.netty.channel.AbstractChannelHandlerContext.invokeChannelRead(AbstractChannelHandlerContext.java:374)
	io.netty.channel.AbstractChannelHandlerContext.invokeChannelRead(AbstractChannelHandlerContext.java:360)
	io.netty.channel.AbstractChannelHandlerContext.fireChannelRead(AbstractChannelHandlerContext.java:352)
	io.netty.channel.CombinedChannelDuplexHandler$DelegatingChannelHandlerContext.fireChannelRead(CombinedChannelDuplexHandler.java:438)
	io.netty.handler.codec.ByteToMessageDecoder.fireChannelRead(ByteToMessageDecoder.java:323)
	io.netty.handler.codec.ByteToMessageDecoder.fireChannelRead(ByteToMessageDecoder.java:310)
	io.netty.handler.codec.ByteToMessageDecoder.callDecode(ByteToMessageDecoder.java:426)
	io.netty.handler.codec.ByteToMessageDecoder.channelRead(ByteToMessageDecoder.java:278)
	io.netty.channel.CombinedChannelDuplexHandler.channelRead(CombinedChannelDuplexHandler.java:253)
	io.netty.channel.AbstractChannelHandlerContext.invokeChannelRead(AbstractChannelHandlerContext.java:374)
	io.netty.channel.AbstractChannelHandlerContext.invokeChannelRead(AbstractChannelHandlerContext.java:360)
	io.netty.channel.AbstractChannelHandlerContext.fireChannelRead(AbstractChannelHandlerContext.java:352)
	io.netty.channel.DefaultChannelPipeline$HeadContext.channelRead(DefaultChannelPipeline.java:1408)
	io.netty.channel.AbstractChannelHandlerContext.invokeChannelRead(AbstractChannelHandlerContext.java:374)
	io.netty.channel.AbstractChannelHandlerContext.invokeChannelRead(AbstractChannelHandlerContext.java:360)
	io.netty.channel.DefaultChannelPipeline.fireChannelRead(DefaultChannelPipeline.java:930)
	io.netty.channel.nio.AbstractNioByteChannel$NioByteUnsafe.read(AbstractNioByteChannel.java:163)
	io.netty.channel.nio.NioEventLoop.processSelectedKey(NioEventLoop.java:682)
	io.netty.channel.nio.NioEventLoop.processSelectedKeysOptimized(NioEventLoop.java:617)
	io.netty.channel.nio.NioEventLoop.processSelectedKeys(NioEventLoop.java:534)
	io.netty.channel.nio.NioEventLoop.run(NioEventLoop.java:496)
	io.netty.util.concurrent.SingleThreadEventExecutor$5.run(SingleThreadEventExecutor.java:906)
	io.netty.util.internal.ThreadExecutorMap$2.run(ThreadExecutorMap.java:74)
	io.netty.util.concurrent.FastThreadLocalRunnable.run(FastThreadLocalRunnable.java:30)
	java.lang.Thread.run(Thread.java:748)
#4:
	Hint: 'reactor.right.reactiveBridge' will handle the message from this point.
	io.netty.handler.codec.http.DefaultHttpContent.touch(DefaultHttpContent.java:88)
	io.netty.handler.codec.http.DefaultHttpContent.touch(DefaultHttpContent.java:24)
	io.netty.channel.DefaultChannelPipeline.touch(DefaultChannelPipeline.java:116)
	io.netty.channel.AbstractChannelHandlerContext.invokeChannelRead(AbstractChannelHandlerContext.java:357)
	io.netty.channel.AbstractChannelHandlerContext.fireChannelRead(AbstractChannelHandlerContext.java:352)
	reactor.netty.http.server.HttpTrafficHandler.channelRead(HttpTrafficHandler.java:190)
	io.netty.channel.AbstractChannelHandlerContext.invokeChannelRead(AbstractChannelHandlerContext.java:374)
	io.netty.channel.AbstractChannelHandlerContext.invokeChannelRead(AbstractChannelHandlerContext.java:360)
	io.netty.channel.AbstractChannelHandlerContext.fireChannelRead(AbstractChannelHandlerContext.java:352)
	io.netty.channel.CombinedChannelDuplexHandler$DelegatingChannelHandlerContext.fireChannelRead(CombinedChannelDuplexHandler.java:438)
	io.netty.handler.codec.ByteToMessageDecoder.fireChannelRead(ByteToMessageDecoder.java:323)
	io.netty.handler.codec.ByteToMessageDecoder.fireChannelRead(ByteToMessageDecoder.java:310)
	io.netty.handler.codec.ByteToMessageDecoder.callDecode(ByteToMessageDecoder.java:426)
	io.netty.handler.codec.ByteToMessageDecoder.channelRead(ByteToMessageDecoder.java:278)
	io.netty.channel.CombinedChannelDuplexHandler.channelRead(CombinedChannelDuplexHandler.java:253)
	io.netty.channel.AbstractChannelHandlerContext.invokeChannelRead(AbstractChannelHandlerContext.java:374)
	io.netty.channel.AbstractChannelHandlerContext.invokeChannelRead(AbstractChannelHandlerContext.java:360)
	io.netty.channel.AbstractChannelHandlerContext.fireChannelRead(AbstractChannelHandlerContext.java:352)
	io.netty.channel.DefaultChannelPipeline$HeadContext.channelRead(DefaultChannelPipeline.java:1408)
	io.netty.channel.AbstractChannelHandlerContext.invokeChannelRead(AbstractChannelHandlerContext.java:374)
	io.netty.channel.AbstractChannelHandlerContext.invokeChannelRead(AbstractChannelHandlerContext.java:360)
	io.netty.channel.DefaultChannelPipeline.fireChannelRead(DefaultChannelPipeline.java:930)
	io.netty.channel.nio.AbstractNioByteChannel$NioByteUnsafe.read(AbstractNioByteChannel.java:163)
	io.netty.channel.nio.NioEventLoop.processSelectedKey(NioEventLoop.java:682)
	io.netty.channel.nio.NioEventLoop.processSelectedKeysOptimized(NioEventLoop.java:617)
	io.netty.channel.nio.NioEventLoop.processSelectedKeys(NioEventLoop.java:534)
	io.netty.channel.nio.NioEventLoop.run(NioEventLoop.java:496)
	io.netty.util.concurrent.SingleThreadEventExecutor$5.run(SingleThreadEventExecutor.java:906)
	io.netty.util.internal.ThreadExecutorMap$2.run(ThreadExecutorMap.java:74)
	io.netty.util.concurrent.FastThreadLocalRunnable.run(FastThreadLocalRunnable.java:30)
	java.lang.Thread.run(Thread.java:748)
#5:
	Hint: 'reactor.left.httpTrafficHandler' will handle the message from this point.
	io.netty.handler.codec.http.DefaultHttpContent.touch(DefaultHttpContent.java:88)
	io.netty.handler.codec.http.DefaultHttpContent.touch(DefaultHttpContent.java:24)
	io.netty.channel.DefaultChannelPipeline.touch(DefaultChannelPipeline.java:116)
	io.netty.channel.AbstractChannelHandlerContext.invokeChannelRead(AbstractChannelHandlerContext.java:357)
	io.netty.channel.AbstractChannelHandlerContext.fireChannelRead(AbstractChannelHandlerContext.java:352)
	io.netty.channel.CombinedChannelDuplexHandler$DelegatingChannelHandlerContext.fireChannelRead(CombinedChannelDuplexHandler.java:438)
	io.netty.handler.codec.ByteToMessageDecoder.fireChannelRead(ByteToMessageDecoder.java:323)
	io.netty.handler.codec.ByteToMessageDecoder.fireChannelRead(ByteToMessageDecoder.java:310)
	io.netty.handler.codec.ByteToMessageDecoder.callDecode(ByteToMessageDecoder.java:426)
	io.netty.handler.codec.ByteToMessageDecoder.channelRead(ByteToMessageDecoder.java:278)
	io.netty.channel.CombinedChannelDuplexHandler.channelRead(CombinedChannelDuplexHandler.java:253)
	io.netty.channel.AbstractChannelHandlerContext.invokeChannelRead(AbstractChannelHandlerContext.java:374)
	io.netty.channel.AbstractChannelHandlerContext.invokeChannelRead(AbstractChannelHandlerContext.java:360)
	io.netty.channel.AbstractChannelHandlerContext.fireChannelRead(AbstractChannelHandlerContext.java:352)
	io.netty.channel.DefaultChannelPipeline$HeadContext.channelRead(DefaultChannelPipeline.java:1408)
	io.netty.channel.AbstractChannelHandlerContext.invokeChannelRead(AbstractChannelHandlerContext.java:374)
	io.netty.channel.AbstractChannelHandlerContext.invokeChannelRead(AbstractChannelHandlerContext.java:360)
	io.netty.channel.DefaultChannelPipeline.fireChannelRead(DefaultChannelPipeline.java:930)
	io.netty.channel.nio.AbstractNioByteChannel$NioByteUnsafe.read(AbstractNioByteChannel.java:163)
	io.netty.channel.nio.NioEventLoop.processSelectedKey(NioEventLoop.java:682)
	io.netty.channel.nio.NioEventLoop.processSelectedKeysOptimized(NioEventLoop.java:617)
	io.netty.channel.nio.NioEventLoop.processSelectedKeys(NioEventLoop.java:534)
	io.netty.channel.nio.NioEventLoop.run(NioEventLoop.java:496)
	io.netty.util.concurrent.SingleThreadEventExecutor$5.run(SingleThreadEventExecutor.java:906)
	io.netty.util.internal.ThreadExecutorMap$2.run(ThreadExecutorMap.java:74)
	io.netty.util.concurrent.FastThreadLocalRunnable.run(FastThreadLocalRunnable.java:30)
	java.lang.Thread.run(Thread.java:748)
Created at:
	io.netty.buffer.SimpleLeakAwareByteBuf.unwrappedDerived(SimpleLeakAwareByteBuf.java:143)
	io.netty.buffer.SimpleLeakAwareByteBuf.readRetainedSlice(SimpleLeakAwareByteBuf.java:67)
	io.netty.buffer.AdvancedLeakAwareByteBuf.readRetainedSlice(AdvancedLeakAwareByteBuf.java:107)
	io.netty.handler.codec.http.HttpObjectDecoder.decode(HttpObjectDecoder.java:336)
	io.netty.handler.codec.http.HttpServerCodec$HttpServerRequestDecoder.decode(HttpServerCodec.java:103)
	io.netty.handler.codec.ByteToMessageDecoder.decodeRemovalReentryProtection(ByteToMessageDecoder.java:502)
	io.netty.handler.codec.ByteToMessageDecoder.callDecode(ByteToMessageDecoder.java:441)
	io.netty.handler.codec.ByteToMessageDecoder.channelRead(ByteToMessageDecoder.java:278)
	io.netty.channel.CombinedChannelDuplexHandler.channelRead(CombinedChannelDuplexHandler.java:253)
	io.netty.channel.AbstractChannelHandlerContext.invokeChannelRead(AbstractChannelHandlerContext.java:374)
	io.netty.channel.AbstractChannelHandlerContext.invokeChannelRead(AbstractChannelHandlerContext.java:360)
	io.netty.channel.AbstractChannelHandlerContext.fireChannelRead(AbstractChannelHandlerContext.java:352)
	io.netty.channel.DefaultChannelPipeline$HeadContext.channelRead(DefaultChannelPipeline.java:1408)
	io.netty.channel.AbstractChannelHandlerContext.invokeChannelRead(AbstractChannelHandlerContext.java:374)
	io.netty.channel.AbstractChannelHandlerContext.invokeChannelRead(AbstractChannelHandlerContext.java:360)
	io.netty.channel.DefaultChannelPipeline.fireChannelRead(DefaultChannelPipeline.java:930)
	io.netty.channel.nio.AbstractNioByteChannel$NioByteUnsafe.read(AbstractNioByteChannel.java:163)
	io.netty.channel.nio.NioEventLoop.processSelectedKey(NioEventLoop.java:682)
	io.netty.channel.nio.NioEventLoop.processSelectedKeysOptimized(NioEventLoop.java:617)
	io.netty.channel.nio.NioEventLoop.processSelectedKeys(NioEventLoop.java:534)
	io.netty.channel.nio.NioEventLoop.run(NioEventLoop.java:496)
	io.netty.util.concurrent.SingleThreadEventExecutor$5.run(SingleThreadEventExecutor.java:906)
	io.netty.util.internal.ThreadExecutorMap$2.run(ThreadExecutorMap.java:74)
	io.netty.util.concurrent.FastThreadLocalRunnable.run(FastThreadLocalRunnable.java:30)
	java.lang.Thread.run(Thread.java:748)
: 1 leak records were discarded because they were duplicates
: 14 leak records were discarded because the leak record count is targeted to 4. Use system property io.netty.leakDetection.targetRecords to increase the limit.
19:49:01.303 [XNIO-140 I/O-2] DEBUG o.s.w.s.a.HttpWebHandlerAdapter - [24c83c66] HTTP POST "/transferTo"
19:49:01.304 [Thread-180] DEBUG o.s.c.c.CharSequenceEncoder - [24c83c66] Writing "/var/folders/r6/7wpbx5cj36d80g35s9jtmjc80000gn/T/MultipartIntegrationTests8064533529540586256.tmp"
19:49:01.305 [XNIO-140 I/O-2] DEBUG o.s.w.s.a.HttpWebHandlerAdapter - [24c83c66] Completed 200 OK
19:49:01.305 [reactor-http-nio-4] DEBUG o.s.w.r.f.c.ExchangeFunctions - [77b6c7a7] Response 200 OK
19:49:01.306 [reactor-http-nio-4] DEBUG o.s.c.c.StringDecoder - [77b6c7a7] Decoded "/var/folders/r6/7wpbx5cj36d80g35s9jtmjc80000gn/T/MultipartIntegrationTests8064533529540586256.tmp"
19:49:01.307 [Test worker] DEBUG o.s.h.s.r.b.UndertowHttpServer - Stopping UndertowHttpServer...
19:49:01.308 [Test worker] DEBUG o.s.h.s.r.b.UndertowHttpServer - Server stopped (0 millis).
19:49:01.327 [Test worker] DEBUG o.s.w.s.a.HttpWebHandlerAdapter - enableLoggingRequestDetails='false': form data and headers will be masked to prevent unsafe logging of potentially sensitive data
19:49:01.327 [Test worker] DEBUG o.s.h.s.r.b.UndertowHttpServer - Starting UndertowHttpServer...
19:49:01.329 [Test worker] DEBUG o.s.h.s.r.b.UndertowHttpServer - Server started on port 51562(0 millis).
19:49:01.329 [Test worker] DEBUG o.s.w.r.f.c.ExchangeFunctions - [52f5796d] HTTP POST http://localhost:51562/multipartData
19:49:01.331 [reactor-http-nio-4] DEBUG o.s.h.c.m.MultipartHttpMessageWriter - [52f5796d] Encoding parts [fooPart, barPart] (content masked)
19:49:01.343 [XNIO-141 I/O-2] DEBUG o.s.w.s.a.HttpWebHandlerAdapter - [5e94bf8a] HTTP POST "/multipartData"
19:49:01.344 [XNIO-141 I/O-2] DEBUG o.s.w.s.a.HttpWebHandlerAdapter - [5e94bf8a] Completed 200 OK
19:49:01.345 [reactor-http-nio-4] DEBUG o.s.w.r.f.c.ExchangeFunctions - [52f5796d] Response 200 OK
19:49:01.345 [Test worker] DEBUG o.s.h.s.r.b.UndertowHttpServer - Stopping UndertowHttpServer...
19:49:01.346 [Test worker] DEBUG o.s.h.s.r.b.UndertowHttpServer - Server stopped (0 millis).
19:49:01.367 [Test worker] DEBUG o.s.w.s.a.HttpWebHandlerAdapter - enableLoggingRequestDetails='false': form data and headers will be masked to prevent unsafe logging of potentially sensitive data
19:49:01.367 [Test worker] DEBUG o.s.h.s.r.b.UndertowHttpServer - Starting UndertowHttpServer...
19:49:01.369 [Test worker] DEBUG o.s.h.s.r.b.UndertowHttpServer - Server started on port 51564(0 millis).
19:49:01.369 [Test worker] DEBUG o.s.w.r.f.c.ExchangeFunctions - [ade92f3] HTTP POST http://localhost:51564/parts
19:49:01.370 [reactor-http-nio-4] DEBUG o.s.h.c.m.MultipartHttpMessageWriter - [ade92f3] Encoding parts [fooPart, barPart] (content masked)
19:49:01.380 [XNIO-142 I/O-2] DEBUG o.s.w.s.a.HttpWebHandlerAdapter - [30bff44c] HTTP POST "/parts"
19:49:01.381 [XNIO-142 I/O-2] DEBUG o.s.w.s.a.HttpWebHandlerAdapter - [30bff44c] Completed 200 OK
19:49:01.382 [reactor-http-nio-4] DEBUG o.s.w.r.f.c.ExchangeFunctions - [ade92f3] Response 200 OK
19:49:01.382 [Test worker] DEBUG o.s.h.s.r.b.UndertowHttpServer - Stopping UndertowHttpServer...
19:49:01.382 [Test worker] DEBUG o.s.h.s.r.b.UndertowHttpServer - Server stopped (0 millis).
]]></system-out>
  <system-err><![CDATA[六月 21, 2019 7:49:01 下午 org.apache.catalina.core.StandardService startInternal
信息: Starting service [Tomcat]
六月 21, 2019 7:49:01 下午 org.apache.catalina.core.StandardEngine startInternal
信息: Starting Servlet engine: [Apache Tomcat/9.0.21]
六月 21, 2019 7:49:01 下午 org.apache.coyote.AbstractProtocol init
信息: Initializing ProtocolHandler ["http-nio-auto-141"]
六月 21, 2019 7:49:01 下午 org.apache.coyote.AbstractProtocol start
信息: Starting ProtocolHandler ["http-nio-auto-141-51551"]
六月 21, 2019 7:49:01 下午 org.apache.coyote.AbstractProtocol pause
信息: Pausing ProtocolHandler ["http-nio-auto-141-51551"]
六月 21, 2019 7:49:01 下午 org.apache.catalina.core.StandardService stopInternal
信息: Stopping service [Tomcat]
六月 21, 2019 7:49:01 下午 org.apache.coyote.AbstractProtocol stop
信息: Stopping ProtocolHandler ["http-nio-auto-141-51551"]
六月 21, 2019 7:49:01 下午 org.apache.coyote.AbstractProtocol destroy
信息: Destroying ProtocolHandler ["http-nio-auto-141-51551"]
六月 21, 2019 7:49:01 下午 org.apache.catalina.core.StandardService startInternal
信息: Starting service [Tomcat]
六月 21, 2019 7:49:01 下午 org.apache.catalina.core.StandardEngine startInternal
信息: Starting Servlet engine: [Apache Tomcat/9.0.21]
六月 21, 2019 7:49:01 下午 org.apache.coyote.AbstractProtocol init
信息: Initializing ProtocolHandler ["http-nio-auto-142"]
六月 21, 2019 7:49:01 下午 org.apache.coyote.AbstractProtocol start
信息: Starting ProtocolHandler ["http-nio-auto-142-51554"]
六月 21, 2019 7:49:01 下午 org.apache.coyote.AbstractProtocol pause
信息: Pausing ProtocolHandler ["http-nio-auto-142-51554"]
六月 21, 2019 7:49:01 下午 org.apache.catalina.core.StandardService stopInternal
信息: Stopping service [Tomcat]
六月 21, 2019 7:49:01 下午 org.apache.coyote.AbstractProtocol stop
信息: Stopping ProtocolHandler ["http-nio-auto-142-51554"]
六月 21, 2019 7:49:01 下午 org.apache.coyote.AbstractProtocol destroy
信息: Destroying ProtocolHandler ["http-nio-auto-142-51554"]
六月 21, 2019 7:49:01 下午 org.apache.catalina.core.StandardService startInternal
信息: Starting service [Tomcat]
六月 21, 2019 7:49:01 下午 org.apache.catalina.core.StandardEngine startInternal
信息: Starting Servlet engine: [Apache Tomcat/9.0.21]
六月 21, 2019 7:49:01 下午 org.apache.coyote.AbstractProtocol init
信息: Initializing ProtocolHandler ["http-nio-auto-143"]
六月 21, 2019 7:49:01 下午 org.apache.coyote.AbstractProtocol start
信息: Starting ProtocolHandler ["http-nio-auto-143-51557"]
六月 21, 2019 7:49:01 下午 org.apache.coyote.AbstractProtocol pause
信息: Pausing ProtocolHandler ["http-nio-auto-143-51557"]
六月 21, 2019 7:49:01 下午 org.apache.catalina.core.StandardService stopInternal
信息: Stopping service [Tomcat]
六月 21, 2019 7:49:01 下午 org.apache.coyote.AbstractProtocol stop
信息: Stopping ProtocolHandler ["http-nio-auto-143-51557"]
六月 21, 2019 7:49:01 下午 org.apache.coyote.AbstractProtocol destroy
信息: Destroying ProtocolHandler ["http-nio-auto-143-51557"]
]]></system-err>
</testsuite>
