<?xml version="1.0" encoding="UTF-8"?>
<testsuite name="org.springframework.web.reactive.function.client.WebClientDataBufferAllocatingTests" tests="36" skipped="0" failures="0" errors="0" timestamp="2020-11-25T14:43:28" hostname="lichangbaodeMacBook-Pro.local" time="0.852">
  <properties/>
  <testcase name="bodyToMonoVoidWithoutContentType[NettyDataBufferFactory (UnpooledByteBufAllocator(directByDefault: true))]" classname="org.springframework.web.reactive.function.client.WebClientDataBufferAllocatingTests" time="0.023"/>
  <testcase name="onStatusWithBodyNotConsumed[NettyDataBufferFactory (UnpooledByteBufAllocator(directByDefault: true))]" classname="org.springframework.web.reactive.function.client.WebClientDataBufferAllocatingTests" time="0.008"/>
  <testcase name="bodyToMonoVoid[NettyDataBufferFactory (UnpooledByteBufAllocator(directByDefault: true))]" classname="org.springframework.web.reactive.function.client.WebClientDataBufferAllocatingTests" time="0.004"/>
  <testcase name="onStatusWithMonoErrorAndBodyNotConsumed[NettyDataBufferFactory (UnpooledByteBufAllocator(directByDefault: true))]" classname="org.springframework.web.reactive.function.client.WebClientDataBufferAllocatingTests" time="0.005"/>
  <testcase name="onStatusWithBodyConsumed[NettyDataBufferFactory (UnpooledByteBufAllocator(directByDefault: true))]" classname="org.springframework.web.reactive.function.client.WebClientDataBufferAllocatingTests" time="0.004"/>
  <testcase name="onStatusWithMonoErrorAndBodyConsumed[NettyDataBufferFactory (UnpooledByteBufAllocator(directByDefault: true))]" classname="org.springframework.web.reactive.function.client.WebClientDataBufferAllocatingTests" time="0.005"/>
  <testcase name="bodyToMonoVoidWithoutContentType[NettyDataBufferFactory (UnpooledByteBufAllocator(directByDefault: false))]" classname="org.springframework.web.reactive.function.client.WebClientDataBufferAllocatingTests" time="0.005"/>
  <testcase name="onStatusWithBodyNotConsumed[NettyDataBufferFactory (UnpooledByteBufAllocator(directByDefault: false))]" classname="org.springframework.web.reactive.function.client.WebClientDataBufferAllocatingTests" time="0.005"/>
  <testcase name="bodyToMonoVoid[NettyDataBufferFactory (UnpooledByteBufAllocator(directByDefault: false))]" classname="org.springframework.web.reactive.function.client.WebClientDataBufferAllocatingTests" time="0.003"/>
  <testcase name="onStatusWithMonoErrorAndBodyNotConsumed[NettyDataBufferFactory (UnpooledByteBufAllocator(directByDefault: false))]" classname="org.springframework.web.reactive.function.client.WebClientDataBufferAllocatingTests" time="0.005"/>
  <testcase name="onStatusWithBodyConsumed[NettyDataBufferFactory (UnpooledByteBufAllocator(directByDefault: false))]" classname="org.springframework.web.reactive.function.client.WebClientDataBufferAllocatingTests" time="0.004"/>
  <testcase name="onStatusWithMonoErrorAndBodyConsumed[NettyDataBufferFactory (UnpooledByteBufAllocator(directByDefault: false))]" classname="org.springframework.web.reactive.function.client.WebClientDataBufferAllocatingTests" time="0.005"/>
  <testcase name="bodyToMonoVoidWithoutContentType[NettyDataBufferFactory (PooledByteBufAllocator(directByDefault: true))]" classname="org.springframework.web.reactive.function.client.WebClientDataBufferAllocatingTests" time="0.007"/>
  <testcase name="onStatusWithBodyNotConsumed[NettyDataBufferFactory (PooledByteBufAllocator(directByDefault: true))]" classname="org.springframework.web.reactive.function.client.WebClientDataBufferAllocatingTests" time="0.061"/>
  <testcase name="bodyToMonoVoid[NettyDataBufferFactory (PooledByteBufAllocator(directByDefault: true))]" classname="org.springframework.web.reactive.function.client.WebClientDataBufferAllocatingTests" time="0.058"/>
  <testcase name="onStatusWithMonoErrorAndBodyNotConsumed[NettyDataBufferFactory (PooledByteBufAllocator(directByDefault: true))]" classname="org.springframework.web.reactive.function.client.WebClientDataBufferAllocatingTests" time="0.06"/>
  <testcase name="onStatusWithBodyConsumed[NettyDataBufferFactory (PooledByteBufAllocator(directByDefault: true))]" classname="org.springframework.web.reactive.function.client.WebClientDataBufferAllocatingTests" time="0.062"/>
  <testcase name="onStatusWithMonoErrorAndBodyConsumed[NettyDataBufferFactory (PooledByteBufAllocator(directByDefault: true))]" classname="org.springframework.web.reactive.function.client.WebClientDataBufferAllocatingTests" time="0.061"/>
  <testcase name="bodyToMonoVoidWithoutContentType[NettyDataBufferFactory (PooledByteBufAllocator(directByDefault: false))]" classname="org.springframework.web.reactive.function.client.WebClientDataBufferAllocatingTests" time="0.065"/>
  <testcase name="onStatusWithBodyNotConsumed[NettyDataBufferFactory (PooledByteBufAllocator(directByDefault: false))]" classname="org.springframework.web.reactive.function.client.WebClientDataBufferAllocatingTests" time="0.062"/>
  <testcase name="bodyToMonoVoid[NettyDataBufferFactory (PooledByteBufAllocator(directByDefault: false))]" classname="org.springframework.web.reactive.function.client.WebClientDataBufferAllocatingTests" time="0.081"/>
  <testcase name="onStatusWithMonoErrorAndBodyNotConsumed[NettyDataBufferFactory (PooledByteBufAllocator(directByDefault: false))]" classname="org.springframework.web.reactive.function.client.WebClientDataBufferAllocatingTests" time="0.063"/>
  <testcase name="onStatusWithBodyConsumed[NettyDataBufferFactory (PooledByteBufAllocator(directByDefault: false))]" classname="org.springframework.web.reactive.function.client.WebClientDataBufferAllocatingTests" time="0.061"/>
  <testcase name="onStatusWithMonoErrorAndBodyConsumed[NettyDataBufferFactory (PooledByteBufAllocator(directByDefault: false))]" classname="org.springframework.web.reactive.function.client.WebClientDataBufferAllocatingTests" time="0.06"/>
  <testcase name="bodyToMonoVoidWithoutContentType[DefaultDataBufferFactory (preferDirect=true)]" classname="org.springframework.web.reactive.function.client.WebClientDataBufferAllocatingTests" time="0.007"/>
  <testcase name="onStatusWithBodyNotConsumed[DefaultDataBufferFactory (preferDirect=true)]" classname="org.springframework.web.reactive.function.client.WebClientDataBufferAllocatingTests" time="0.006"/>
  <testcase name="bodyToMonoVoid[DefaultDataBufferFactory (preferDirect=true)]" classname="org.springframework.web.reactive.function.client.WebClientDataBufferAllocatingTests" time="0.006"/>
  <testcase name="onStatusWithMonoErrorAndBodyNotConsumed[DefaultDataBufferFactory (preferDirect=true)]" classname="org.springframework.web.reactive.function.client.WebClientDataBufferAllocatingTests" time="0.01"/>
  <testcase name="onStatusWithBodyConsumed[DefaultDataBufferFactory (preferDirect=true)]" classname="org.springframework.web.reactive.function.client.WebClientDataBufferAllocatingTests" time="0.006"/>
  <testcase name="onStatusWithMonoErrorAndBodyConsumed[DefaultDataBufferFactory (preferDirect=true)]" classname="org.springframework.web.reactive.function.client.WebClientDataBufferAllocatingTests" time="0.006"/>
  <testcase name="bodyToMonoVoidWithoutContentType[DefaultDataBufferFactory (preferDirect=false)]" classname="org.springframework.web.reactive.function.client.WebClientDataBufferAllocatingTests" time="0.004"/>
  <testcase name="onStatusWithBodyNotConsumed[DefaultDataBufferFactory (preferDirect=false)]" classname="org.springframework.web.reactive.function.client.WebClientDataBufferAllocatingTests" time="0.006"/>
  <testcase name="bodyToMonoVoid[DefaultDataBufferFactory (preferDirect=false)]" classname="org.springframework.web.reactive.function.client.WebClientDataBufferAllocatingTests" time="0.004"/>
  <testcase name="onStatusWithMonoErrorAndBodyNotConsumed[DefaultDataBufferFactory (preferDirect=false)]" classname="org.springframework.web.reactive.function.client.WebClientDataBufferAllocatingTests" time="0.005"/>
  <testcase name="onStatusWithBodyConsumed[DefaultDataBufferFactory (preferDirect=false)]" classname="org.springframework.web.reactive.function.client.WebClientDataBufferAllocatingTests" time="0.006"/>
  <testcase name="onStatusWithMonoErrorAndBodyConsumed[DefaultDataBufferFactory (preferDirect=false)]" classname="org.springframework.web.reactive.function.client.WebClientDataBufferAllocatingTests" time="0.006"/>
  <system-out><![CDATA[22:43:28.660 [Test worker] DEBUG o.s.w.r.f.c.ExchangeFunctions - [6d0f5c8f] HTTP GET http://localhost:55054/sample
22:43:28.666 [reactor-http-nio-4] DEBUG o.s.w.r.f.c.ExchangeFunctions - [6d0f5c8f] Response 202 ACCEPTED
22:43:28.675 [Test worker] DEBUG o.s.w.r.f.c.ExchangeFunctions - [4d1f1106] HTTP GET http://localhost:55056/json
22:43:28.677 [reactor-http-nio-4] DEBUG o.s.w.r.f.c.ExchangeFunctions - [4d1f1106] Response 502 BAD_GATEWAY
22:43:28.682 [Test worker] DEBUG o.s.w.r.f.c.ExchangeFunctions - [d9f6e40] HTTP GET http://localhost:55058/json
22:43:28.684 [reactor-http-nio-4] DEBUG o.s.w.r.f.c.ExchangeFunctions - [d9f6e40] Response 201 CREATED
22:43:28.686 [Test worker] DEBUG o.s.w.r.f.c.ExchangeFunctions - [1613f01f] HTTP GET http://localhost:55060/json
22:43:28.688 [reactor-http-nio-4] DEBUG o.s.w.r.f.c.ExchangeFunctions - [1613f01f] Response 502 BAD_GATEWAY
22:43:28.691 [Test worker] DEBUG o.s.w.r.f.c.ExchangeFunctions - [b6514a1] HTTP GET http://localhost:55062/json
22:43:28.693 [reactor-http-nio-4] DEBUG o.s.w.r.f.c.ExchangeFunctions - [b6514a1] Response 502 BAD_GATEWAY
22:43:28.696 [Test worker] DEBUG o.s.w.r.f.c.ExchangeFunctions - [383689d0] HTTP GET http://localhost:55064/json
22:43:28.698 [reactor-http-nio-4] DEBUG o.s.w.r.f.c.ExchangeFunctions - [383689d0] Response 502 BAD_GATEWAY
22:43:28.701 [Test worker] DEBUG o.s.w.r.f.c.ExchangeFunctions - [e99cd11] HTTP GET http://localhost:55066/sample
22:43:28.703 [reactor-http-nio-4] DEBUG o.s.w.r.f.c.ExchangeFunctions - [e99cd11] Response 202 ACCEPTED
22:43:28.706 [Test worker] DEBUG o.s.w.r.f.c.ExchangeFunctions - [785ae3fc] HTTP GET http://localhost:55068/json
22:43:28.707 [reactor-http-nio-4] DEBUG o.s.w.r.f.c.ExchangeFunctions - [785ae3fc] Response 502 BAD_GATEWAY
22:43:28.710 [Test worker] DEBUG o.s.w.r.f.c.ExchangeFunctions - [3c858d63] HTTP GET http://localhost:55070/json
22:43:28.711 [reactor-http-nio-4] DEBUG o.s.w.r.f.c.ExchangeFunctions - [3c858d63] Response 201 CREATED
22:43:28.714 [Test worker] DEBUG o.s.w.r.f.c.ExchangeFunctions - [4442cff1] HTTP GET http://localhost:55072/json
22:43:28.715 [reactor-http-nio-4] DEBUG o.s.w.r.f.c.ExchangeFunctions - [4442cff1] Response 502 BAD_GATEWAY
22:43:28.718 [Test worker] DEBUG o.s.w.r.f.c.ExchangeFunctions - [7dbd3180] HTTP GET http://localhost:55074/json
22:43:28.720 [reactor-http-nio-4] DEBUG o.s.w.r.f.c.ExchangeFunctions - [7dbd3180] Response 502 BAD_GATEWAY
22:43:28.723 [Test worker] DEBUG o.s.w.r.f.c.ExchangeFunctions - [10d100bd] HTTP GET http://localhost:55076/json
22:43:28.724 [reactor-http-nio-4] DEBUG o.s.w.r.f.c.ExchangeFunctions - [10d100bd] Response 502 BAD_GATEWAY
22:43:28.727 [Test worker] DEBUG o.s.w.r.f.c.ExchangeFunctions - [46c888a4] HTTP GET http://localhost:55078/sample
22:43:28.729 [reactor-http-nio-4] DEBUG o.s.w.r.f.c.ExchangeFunctions - [46c888a4] Response 202 ACCEPTED
22:43:28.734 [Test worker] DEBUG o.s.w.r.f.c.ExchangeFunctions - [7ddf5550] HTTP GET http://localhost:55080/json
22:43:28.737 [reactor-http-nio-4] DEBUG o.s.w.r.f.c.ExchangeFunctions - [7ddf5550] Response 502 BAD_GATEWAY
22:43:28.798 [Test worker] DEBUG o.s.w.r.f.c.ExchangeFunctions - [62ef4bb0] HTTP GET http://localhost:55082/json
22:43:28.800 [reactor-http-nio-4] DEBUG o.s.w.r.f.c.ExchangeFunctions - [62ef4bb0] Response 201 CREATED
22:43:28.857 [Test worker] DEBUG o.s.w.r.f.c.ExchangeFunctions - [4586b82] HTTP GET http://localhost:55084/json
22:43:28.859 [reactor-http-nio-4] DEBUG o.s.w.r.f.c.ExchangeFunctions - [4586b82] Response 502 BAD_GATEWAY
22:43:28.916 [Test worker] DEBUG o.s.w.r.f.c.ExchangeFunctions - [50fb93f] HTTP GET http://localhost:55086/json
22:43:28.919 [reactor-http-nio-4] DEBUG o.s.w.r.f.c.ExchangeFunctions - [50fb93f] Response 502 BAD_GATEWAY
22:43:28.979 [Test worker] DEBUG o.s.w.r.f.c.ExchangeFunctions - [5a44b70e] HTTP GET http://localhost:55088/json
22:43:28.981 [reactor-http-nio-4] DEBUG o.s.w.r.f.c.ExchangeFunctions - [5a44b70e] Response 502 BAD_GATEWAY
22:43:29.040 [Test worker] DEBUG o.s.w.r.f.c.ExchangeFunctions - [363a38a8] HTTP GET http://localhost:55090/sample
22:43:29.046 [reactor-http-nio-4] DEBUG o.s.w.r.f.c.ExchangeFunctions - [363a38a8] Response 202 ACCEPTED
22:43:29.106 [Test worker] DEBUG o.s.w.r.f.c.ExchangeFunctions - [798a14d3] HTTP GET http://localhost:55092/json
22:43:29.111 [reactor-http-nio-4] DEBUG o.s.w.r.f.c.ExchangeFunctions - [798a14d3] Response 502 BAD_GATEWAY
22:43:29.168 [Test worker] DEBUG o.s.w.r.f.c.ExchangeFunctions - [2f64c842] HTTP GET http://localhost:55094/json
22:43:29.178 [reactor-http-nio-4] ERROR i.n.u.ResourceLeakDetector - LEAK: ByteBuf.release() was not called before it's garbage-collected. See http://netty.io/wiki/reference-counted-objects.html for more information.
Recent access records: 
#1:
	org.springframework.core.io.buffer.NettyDataBuffer.release(NettyDataBuffer.java:308)
	org.springframework.core.io.buffer.DataBufferUtils.release(DataBufferUtils.java:498)
	org.springframework.http.codec.multipart.DefaultMultipartMessageReader.toPart(DefaultMultipartMessageReader.java:206)
	reactor.core.publisher.FluxMap$MapConditionalSubscriber.onNext(FluxMap.java:199)
	reactor.core.publisher.FluxTakeWhile$TakeWhileSubscriber.onNext(FluxTakeWhile.java:94)
	reactor.core.publisher.FluxContextStart$ContextStartSubscriber.onNext(FluxContextStart.java:103)
	reactor.core.publisher.FluxMap$MapConditionalSubscriber.onNext(FluxMap.java:213)
	reactor.core.publisher.FluxBufferPredicate$BufferPredicateSubscriber.emit(FluxBufferPredicate.java:290)
	reactor.core.publisher.FluxBufferPredicate$BufferPredicateSubscriber.onNextNewBuffer(FluxBufferPredicate.java:257)
	reactor.core.publisher.FluxBufferPredicate$BufferPredicateSubscriber.tryOnNext(FluxBufferPredicate.java:211)
	reactor.core.publisher.FluxBufferPredicate$BufferPredicateSubscriber.onNext(FluxBufferPredicate.java:184)
	reactor.core.publisher.FluxFlatMap$FlatMapMain.drainLoop(FluxFlatMap.java:664)
	reactor.core.publisher.FluxFlatMap$FlatMapMain.drain(FluxFlatMap.java:540)
	reactor.core.publisher.FluxFlatMap$FlatMapInner.onSubscribe(FluxFlatMap.java:924)
	reactor.core.publisher.FluxIterable.subscribe(FluxIterable.java:139)
	reactor.core.publisher.FluxIterable.subscribe(FluxIterable.java:63)
	reactor.core.publisher.Flux.subscribe(Flux.java:7922)
	reactor.core.publisher.FluxFlatMap$FlatMapMain.onNext(FluxFlatMap.java:389)
	reactor.core.publisher.FluxConcatMap$ConcatMapImmediate.innerNext(FluxConcatMap.java:275)
	reactor.core.publisher.FluxConcatMap$ConcatMapInner.onNext(FluxConcatMap.java:849)
	reactor.core.publisher.FluxConcatMap$WeakScalarSubscription.request(FluxConcatMap.java:470)
	reactor.core.publisher.Operators$MultiSubscriptionSubscriber.set(Operators.java:1939)
	reactor.core.publisher.FluxConcatMap$ConcatMapImmediate.drain(FluxConcatMap.java:436)
	reactor.core.publisher.FluxConcatMap$ConcatMapImmediate.onNext(FluxConcatMap.java:244)
	reactor.core.publisher.FluxMap$MapSubscriber.onNext(FluxMap.java:114)
	reactor.core.publisher.FluxPeek$PeekSubscriber.onNext(FluxPeek.java:192)
	reactor.core.publisher.FluxMap$MapSubscriber.onNext(FluxMap.java:114)
	reactor.netty.channel.FluxReceive.drainReceiver(FluxReceive.java:206)
	reactor.netty.channel.FluxReceive.onInboundNext(FluxReceive.java:322)
	reactor.netty.channel.ChannelOperations.onInboundNext(ChannelOperations.java:335)
	reactor.netty.http.server.HttpServerOperations.onInboundNext(HttpServerOperations.java:456)
	reactor.netty.channel.ChannelOperationsHandler.channelRead(ChannelOperationsHandler.java:91)
	io.netty.channel.AbstractChannelHandlerContext.invokeChannelRead(AbstractChannelHandlerContext.java:374)
	io.netty.channel.AbstractChannelHandlerContext.invokeChannelRead(AbstractChannelHandlerContext.java:360)
	io.netty.channel.AbstractChannelHandlerContext.fireChannelRead(AbstractChannelHandlerContext.java:352)
	reactor.netty.http.server.HttpTrafficHandler.channelRead(HttpTrafficHandler.java:190)
	io.netty.channel.AbstractChannelHandlerContext.invokeChannelRead(AbstractChannelHandlerContext.java:374)
	io.netty.channel.AbstractChannelHandlerContext.invokeChannelRead(AbstractChannelHandlerContext.java:360)
	io.netty.channel.AbstractChannelHandlerContext.fireChannelRead(AbstractChannelHandlerContext.java:352)
	io.netty.channel.CombinedChannelDuplexHandler$DelegatingChannelHandlerContext.fireChannelRead(CombinedChannelDuplexHandler.java:438)
	io.netty.handler.codec.ByteToMessageDecoder.fireChannelRead(ByteToMessageDecoder.java:323)
	io.netty.handler.codec.ByteToMessageDecoder.fireChannelRead(ByteToMessageDecoder.java:310)
	io.netty.handler.codec.ByteToMessageDecoder.callDecode(ByteToMessageDecoder.java:426)
	io.netty.handler.codec.ByteToMessageDecoder.channelRead(ByteToMessageDecoder.java:278)
	io.netty.channel.CombinedChannelDuplexHandler.channelRead(CombinedChannelDuplexHandler.java:253)
	io.netty.channel.AbstractChannelHandlerContext.invokeChannelRead(AbstractChannelHandlerContext.java:374)
	io.netty.channel.AbstractChannelHandlerContext.invokeChannelRead(AbstractChannelHandlerContext.java:360)
	io.netty.channel.AbstractChannelHandlerContext.fireChannelRead(AbstractChannelHandlerContext.java:352)
	io.netty.channel.DefaultChannelPipeline$HeadContext.channelRead(DefaultChannelPipeline.java:1408)
	io.netty.channel.AbstractChannelHandlerContext.invokeChannelRead(AbstractChannelHandlerContext.java:374)
	io.netty.channel.AbstractChannelHandlerContext.invokeChannelRead(AbstractChannelHandlerContext.java:360)
	io.netty.channel.DefaultChannelPipeline.fireChannelRead(DefaultChannelPipeline.java:930)
	io.netty.channel.nio.AbstractNioByteChannel$NioByteUnsafe.read(AbstractNioByteChannel.java:163)
	io.netty.channel.nio.NioEventLoop.processSelectedKey(NioEventLoop.java:682)
	io.netty.channel.nio.NioEventLoop.processSelectedKeysOptimized(NioEventLoop.java:617)
	io.netty.channel.nio.NioEventLoop.processSelectedKeys(NioEventLoop.java:534)
	io.netty.channel.nio.NioEventLoop.run(NioEventLoop.java:496)
	io.netty.util.concurrent.SingleThreadEventExecutor$5.run(SingleThreadEventExecutor.java:906)
	io.netty.util.internal.ThreadExecutorMap$2.run(ThreadExecutorMap.java:74)
	io.netty.util.concurrent.FastThreadLocalRunnable.run(FastThreadLocalRunnable.java:30)
	java.lang.Thread.run(Thread.java:748)
#2:
	io.netty.buffer.AdvancedLeakAwareCompositeByteBuf.getByte(AdvancedLeakAwareCompositeByteBuf.java:140)
	org.springframework.core.io.buffer.NettyDataBuffer.getByte(NettyDataBuffer.java:132)
	org.springframework.core.io.buffer.DataBufferUtils$KnuthMorrisPrattMatcher.match(DataBufferUtils.java:1005)
	org.springframework.http.codec.multipart.DefaultMultipartMessageReader.toPart(DefaultMultipartMessageReader.java:184)
	reactor.core.publisher.FluxMap$MapConditionalSubscriber.onNext(FluxMap.java:199)
	reactor.core.publisher.FluxTakeWhile$TakeWhileSubscriber.onNext(FluxTakeWhile.java:94)
	reactor.core.publisher.FluxContextStart$ContextStartSubscriber.onNext(FluxContextStart.java:103)
	reactor.core.publisher.FluxMap$MapConditionalSubscriber.onNext(FluxMap.java:213)
	reactor.core.publisher.FluxBufferPredicate$BufferPredicateSubscriber.emit(FluxBufferPredicate.java:290)
	reactor.core.publisher.FluxBufferPredicate$BufferPredicateSubscriber.onNextNewBuffer(FluxBufferPredicate.java:257)
	reactor.core.publisher.FluxBufferPredicate$BufferPredicateSubscriber.tryOnNext(FluxBufferPredicate.java:211)
	reactor.core.publisher.FluxBufferPredicate$BufferPredicateSubscriber.onNext(FluxBufferPredicate.java:184)
	reactor.core.publisher.FluxFlatMap$FlatMapMain.drainLoop(FluxFlatMap.java:664)
	reactor.core.publisher.FluxFlatMap$FlatMapMain.drain(FluxFlatMap.java:540)
	reactor.core.publisher.FluxFlatMap$FlatMapInner.onSubscribe(FluxFlatMap.java:924)
	reactor.core.publisher.FluxIterable.subscribe(FluxIterable.java:139)
	reactor.core.publisher.FluxIterable.subscribe(FluxIterable.java:63)
	reactor.core.publisher.Flux.subscribe(Flux.java:7922)
	reactor.core.publisher.FluxFlatMap$FlatMapMain.onNext(FluxFlatMap.java:389)
	reactor.core.publisher.FluxConcatMap$ConcatMapImmediate.innerNext(FluxConcatMap.java:275)
	reactor.core.publisher.FluxConcatMap$ConcatMapInner.onNext(FluxConcatMap.java:849)
	reactor.core.publisher.FluxConcatMap$WeakScalarSubscription.request(FluxConcatMap.java:470)
	reactor.core.publisher.Operators$MultiSubscriptionSubscriber.set(Operators.java:1939)
	reactor.core.publisher.FluxConcatMap$ConcatMapImmediate.drain(FluxConcatMap.java:436)
	reactor.core.publisher.FluxConcatMap$ConcatMapImmediate.onNext(FluxConcatMap.java:244)
	reactor.core.publisher.FluxMap$MapSubscriber.onNext(FluxMap.java:114)
	reactor.core.publisher.FluxPeek$PeekSubscriber.onNext(FluxPeek.java:192)
	reactor.core.publisher.FluxMap$MapSubscriber.onNext(FluxMap.java:114)
	reactor.netty.channel.FluxReceive.drainReceiver(FluxReceive.java:206)
	reactor.netty.channel.FluxReceive.onInboundNext(FluxReceive.java:322)
	reactor.netty.channel.ChannelOperations.onInboundNext(ChannelOperations.java:335)
	reactor.netty.http.server.HttpServerOperations.onInboundNext(HttpServerOperations.java:456)
	reactor.netty.channel.ChannelOperationsHandler.channelRead(ChannelOperationsHandler.java:91)
	io.netty.channel.AbstractChannelHandlerContext.invokeChannelRead(AbstractChannelHandlerContext.java:374)
	io.netty.channel.AbstractChannelHandlerContext.invokeChannelRead(AbstractChannelHandlerContext.java:360)
	io.netty.channel.AbstractChannelHandlerContext.fireChannelRead(AbstractChannelHandlerContext.java:352)
	reactor.netty.http.server.HttpTrafficHandler.channelRead(HttpTrafficHandler.java:190)
	io.netty.channel.AbstractChannelHandlerContext.invokeChannelRead(AbstractChannelHandlerContext.java:374)
	io.netty.channel.AbstractChannelHandlerContext.invokeChannelRead(AbstractChannelHandlerContext.java:360)
	io.netty.channel.AbstractChannelHandlerContext.fireChannelRead(AbstractChannelHandlerContext.java:352)
	io.netty.channel.CombinedChannelDuplexHandler$DelegatingChannelHandlerContext.fireChannelRead(CombinedChannelDuplexHandler.java:438)
	io.netty.handler.codec.ByteToMessageDecoder.fireChannelRead(ByteToMessageDecoder.java:323)
	io.netty.handler.codec.ByteToMessageDecoder.fireChannelRead(ByteToMessageDecoder.java:310)
	io.netty.handler.codec.ByteToMessageDecoder.callDecode(ByteToMessageDecoder.java:426)
	io.netty.handler.codec.ByteToMessageDecoder.channelRead(ByteToMessageDecoder.java:278)
	io.netty.channel.CombinedChannelDuplexHandler.channelRead(CombinedChannelDuplexHandler.java:253)
	io.netty.channel.AbstractChannelHandlerContext.invokeChannelRead(AbstractChannelHandlerContext.java:374)
	io.netty.channel.AbstractChannelHandlerContext.invokeChannelRead(AbstractChannelHandlerContext.java:360)
	io.netty.channel.AbstractChannelHandlerContext.fireChannelRead(AbstractChannelHandlerContext.java:352)
	io.netty.channel.DefaultChannelPipeline$HeadContext.channelRead(DefaultChannelPipeline.java:1408)
	io.netty.channel.AbstractChannelHandlerContext.invokeChannelRead(AbstractChannelHandlerContext.java:374)
	io.netty.channel.AbstractChannelHandlerContext.invokeChannelRead(AbstractChannelHandlerContext.java:360)
	io.netty.channel.DefaultChannelPipeline.fireChannelRead(DefaultChannelPipeline.java:930)
	io.netty.channel.nio.AbstractNioByteChannel$NioByteUnsafe.read(AbstractNioByteChannel.java:163)
	io.netty.channel.nio.NioEventLoop.processSelectedKey(NioEventLoop.java:682)
	io.netty.channel.nio.NioEventLoop.processSelectedKeysOptimized(NioEventLoop.java:617)
	io.netty.channel.nio.NioEventLoop.processSelectedKeys(NioEventLoop.java:534)
	io.netty.channel.nio.NioEventLoop.run(NioEventLoop.java:496)
	io.netty.util.concurrent.SingleThreadEventExecutor$5.run(SingleThreadEventExecutor.java:906)
	io.netty.util.internal.ThreadExecutorMap$2.run(ThreadExecutorMap.java:74)
	io.netty.util.concurrent.FastThreadLocalRunnable.run(FastThreadLocalRunnable.java:30)
	java.lang.Thread.run(Thread.java:748)
#3:
	io.netty.buffer.AdvancedLeakAwareCompositeByteBuf.getByte(AdvancedLeakAwareCompositeByteBuf.java:140)
	org.springframework.core.io.buffer.NettyDataBuffer.getByte(NettyDataBuffer.java:132)
	org.springframework.http.codec.multipart.DefaultMultipartMessageReader.toPart(DefaultMultipartMessageReader.java:179)
	reactor.core.publisher.FluxMap$MapConditionalSubscriber.onNext(FluxMap.java:199)
	reactor.core.publisher.FluxTakeWhile$TakeWhileSubscriber.onNext(FluxTakeWhile.java:94)
	reactor.core.publisher.FluxContextStart$ContextStartSubscriber.onNext(FluxContextStart.java:103)
	reactor.core.publisher.FluxMap$MapConditionalSubscriber.onNext(FluxMap.java:213)
	reactor.core.publisher.FluxBufferPredicate$BufferPredicateSubscriber.emit(FluxBufferPredicate.java:290)
	reactor.core.publisher.FluxBufferPredicate$BufferPredicateSubscriber.onNextNewBuffer(FluxBufferPredicate.java:257)
	reactor.core.publisher.FluxBufferPredicate$BufferPredicateSubscriber.tryOnNext(FluxBufferPredicate.java:211)
	reactor.core.publisher.FluxBufferPredicate$BufferPredicateSubscriber.onNext(FluxBufferPredicate.java:184)
	reactor.core.publisher.FluxFlatMap$FlatMapMain.drainLoop(FluxFlatMap.java:664)
	reactor.core.publisher.FluxFlatMap$FlatMapMain.drain(FluxFlatMap.java:540)
	reactor.core.publisher.FluxFlatMap$FlatMapInner.onSubscribe(FluxFlatMap.java:924)
	reactor.core.publisher.FluxIterable.subscribe(FluxIterable.java:139)
	reactor.core.publisher.FluxIterable.subscribe(FluxIterable.java:63)
	reactor.core.publisher.Flux.subscribe(Flux.java:7922)
	reactor.core.publisher.FluxFlatMap$FlatMapMain.onNext(FluxFlatMap.java:389)
	reactor.core.publisher.FluxConcatMap$ConcatMapImmediate.innerNext(FluxConcatMap.java:275)
	reactor.core.publisher.FluxConcatMap$ConcatMapInner.onNext(FluxConcatMap.java:849)
	reactor.core.publisher.FluxConcatMap$WeakScalarSubscription.request(FluxConcatMap.java:470)
	reactor.core.publisher.Operators$MultiSubscriptionSubscriber.set(Operators.java:1939)
	reactor.core.publisher.FluxConcatMap$ConcatMapImmediate.drain(FluxConcatMap.java:436)
	reactor.core.publisher.FluxConcatMap$ConcatMapImmediate.onNext(FluxConcatMap.java:244)
	reactor.core.publisher.FluxMap$MapSubscriber.onNext(FluxMap.java:114)
	reactor.core.publisher.FluxPeek$PeekSubscriber.onNext(FluxPeek.java:192)
	reactor.core.publisher.FluxMap$MapSubscriber.onNext(FluxMap.java:114)
	reactor.netty.channel.FluxReceive.drainReceiver(FluxReceive.java:206)
	reactor.netty.channel.FluxReceive.onInboundNext(FluxReceive.java:322)
	reactor.netty.channel.ChannelOperations.onInboundNext(ChannelOperations.java:335)
	reactor.netty.http.server.HttpServerOperations.onInboundNext(HttpServerOperations.java:456)
	reactor.netty.channel.ChannelOperationsHandler.channelRead(ChannelOperationsHandler.java:91)
	io.netty.channel.AbstractChannelHandlerContext.invokeChannelRead(AbstractChannelHandlerContext.java:374)
	io.netty.channel.AbstractChannelHandlerContext.invokeChannelRead(AbstractChannelHandlerContext.java:360)
	io.netty.channel.AbstractChannelHandlerContext.fireChannelRead(AbstractChannelHandlerContext.java:352)
	reactor.netty.http.server.HttpTrafficHandler.channelRead(HttpTrafficHandler.java:190)
	io.netty.channel.AbstractChannelHandlerContext.invokeChannelRead(AbstractChannelHandlerContext.java:374)
	io.netty.channel.AbstractChannelHandlerContext.invokeChannelRead(AbstractChannelHandlerContext.java:360)
	io.netty.channel.AbstractChannelHandlerContext.fireChannelRead(AbstractChannelHandlerContext.java:352)
	io.netty.channel.CombinedChannelDuplexHandler$DelegatingChannelHandlerContext.fireChannelRead(CombinedChannelDuplexHandler.java:438)
	io.netty.handler.codec.ByteToMessageDecoder.fireChannelRead(ByteToMessageDecoder.java:323)
	io.netty.handler.codec.ByteToMessageDecoder.fireChannelRead(ByteToMessageDecoder.java:310)
	io.netty.handler.codec.ByteToMessageDecoder.callDecode(ByteToMessageDecoder.java:426)
	io.netty.handler.codec.ByteToMessageDecoder.channelRead(ByteToMessageDecoder.java:278)
	io.netty.channel.CombinedChannelDuplexHandler.channelRead(CombinedChannelDuplexHandler.java:253)
	io.netty.channel.AbstractChannelHandlerContext.invokeChannelRead(AbstractChannelHandlerContext.java:374)
	io.netty.channel.AbstractChannelHandlerContext.invokeChannelRead(AbstractChannelHandlerContext.java:360)
	io.netty.channel.AbstractChannelHandlerContext.fireChannelRead(AbstractChannelHandlerContext.java:352)
	io.netty.channel.DefaultChannelPipeline$HeadContext.channelRead(DefaultChannelPipeline.java:1408)
	io.netty.channel.AbstractChannelHandlerContext.invokeChannelRead(AbstractChannelHandlerContext.java:374)
	io.netty.channel.AbstractChannelHandlerContext.invokeChannelRead(AbstractChannelHandlerContext.java:360)
	io.netty.channel.DefaultChannelPipeline.fireChannelRead(DefaultChannelPipeline.java:930)
	io.netty.channel.nio.AbstractNioByteChannel$NioByteUnsafe.read(AbstractNioByteChannel.java:163)
	io.netty.channel.nio.NioEventLoop.processSelectedKey(NioEventLoop.java:682)
	io.netty.channel.nio.NioEventLoop.processSelectedKeysOptimized(NioEventLoop.java:617)
	io.netty.channel.nio.NioEventLoop.processSelectedKeys(NioEventLoop.java:534)
	io.netty.channel.nio.NioEventLoop.run(NioEventLoop.java:496)
	io.netty.util.concurrent.SingleThreadEventExecutor$5.run(SingleThreadEventExecutor.java:906)
	io.netty.util.internal.ThreadExecutorMap$2.run(ThreadExecutorMap.java:74)
	io.netty.util.concurrent.FastThreadLocalRunnable.run(FastThreadLocalRunnable.java:30)
	java.lang.Thread.run(Thread.java:748)
#4:
	io.netty.buffer.AdvancedLeakAwareCompositeByteBuf.addComponent(AdvancedLeakAwareCompositeByteBuf.java:920)
	org.springframework.core.io.buffer.NettyDataBufferFactory.join(NettyDataBufferFactory.java:111)
	org.springframework.core.io.buffer.DataBufferUtils.joinAndStrip(DataBufferUtils.java:686)
	org.springframework.core.io.buffer.DataBufferUtils.lambda$split$20(DataBufferUtils.java:605)
	reactor.core.publisher.FluxMap$MapConditionalSubscriber.onNext(FluxMap.java:199)
	reactor.core.publisher.FluxBufferPredicate$BufferPredicateSubscriber.emit(FluxBufferPredicate.java:290)
	reactor.core.publisher.FluxBufferPredicate$BufferPredicateSubscriber.onNextNewBuffer(FluxBufferPredicate.java:257)
	reactor.core.publisher.FluxBufferPredicate$BufferPredicateSubscriber.tryOnNext(FluxBufferPredicate.java:211)
	reactor.core.publisher.FluxBufferPredicate$BufferPredicateSubscriber.onNext(FluxBufferPredicate.java:184)
	reactor.core.publisher.FluxFlatMap$FlatMapMain.drainLoop(FluxFlatMap.java:664)
	reactor.core.publisher.FluxFlatMap$FlatMapMain.drain(FluxFlatMap.java:540)
	reactor.core.publisher.FluxFlatMap$FlatMapInner.onSubscribe(FluxFlatMap.java:924)
	reactor.core.publisher.FluxIterable.subscribe(FluxIterable.java:139)
	reactor.core.publisher.FluxIterable.subscribe(FluxIterable.java:63)
	reactor.core.publisher.Flux.subscribe(Flux.java:7922)
	reactor.core.publisher.FluxFlatMap$FlatMapMain.onNext(FluxFlatMap.java:389)
	reactor.core.publisher.FluxConcatMap$ConcatMapImmediate.innerNext(FluxConcatMap.java:275)
	reactor.core.publisher.FluxConcatMap$ConcatMapInner.onNext(FluxConcatMap.java:849)
	reactor.core.publisher.FluxConcatMap$WeakScalarSubscription.request(FluxConcatMap.java:470)
	reactor.core.publisher.Operators$MultiSubscriptionSubscriber.set(Operators.java:1939)
	reactor.core.publisher.FluxConcatMap$ConcatMapImmediate.drain(FluxConcatMap.java:436)
	reactor.core.publisher.FluxConcatMap$ConcatMapImmediate.onNext(FluxConcatMap.java:244)
	reactor.core.publisher.FluxMap$MapSubscriber.onNext(FluxMap.java:114)
	reactor.core.publisher.FluxPeek$PeekSubscriber.onNext(FluxPeek.java:192)
	reactor.core.publisher.FluxMap$MapSubscriber.onNext(FluxMap.java:114)
	reactor.netty.channel.FluxReceive.drainReceiver(FluxReceive.java:206)
	reactor.netty.channel.FluxReceive.onInboundNext(FluxReceive.java:322)
	reactor.netty.channel.ChannelOperations.onInboundNext(ChannelOperations.java:335)
	reactor.netty.http.server.HttpServerOperations.onInboundNext(HttpServerOperations.java:456)
	reactor.netty.channel.ChannelOperationsHandler.channelRead(ChannelOperationsHandler.java:91)
	io.netty.channel.AbstractChannelHandlerContext.invokeChannelRead(AbstractChannelHandlerContext.java:374)
	io.netty.channel.AbstractChannelHandlerContext.invokeChannelRead(AbstractChannelHandlerContext.java:360)
	io.netty.channel.AbstractChannelHandlerContext.fireChannelRead(AbstractChannelHandlerContext.java:352)
	reactor.netty.http.server.HttpTrafficHandler.channelRead(HttpTrafficHandler.java:190)
	io.netty.channel.AbstractChannelHandlerContext.invokeChannelRead(AbstractChannelHandlerContext.java:374)
	io.netty.channel.AbstractChannelHandlerContext.invokeChannelRead(AbstractChannelHandlerContext.java:360)
	io.netty.channel.AbstractChannelHandlerContext.fireChannelRead(AbstractChannelHandlerContext.java:352)
	io.netty.channel.CombinedChannelDuplexHandler$DelegatingChannelHandlerContext.fireChannelRead(CombinedChannelDuplexHandler.java:438)
	io.netty.handler.codec.ByteToMessageDecoder.fireChannelRead(ByteToMessageDecoder.java:323)
	io.netty.handler.codec.ByteToMessageDecoder.fireChannelRead(ByteToMessageDecoder.java:310)
	io.netty.handler.codec.ByteToMessageDecoder.callDecode(ByteToMessageDecoder.java:426)
	io.netty.handler.codec.ByteToMessageDecoder.channelRead(ByteToMessageDecoder.java:278)
	io.netty.channel.CombinedChannelDuplexHandler.channelRead(CombinedChannelDuplexHandler.java:253)
	io.netty.channel.AbstractChannelHandlerContext.invokeChannelRead(AbstractChannelHandlerContext.java:374)
	io.netty.channel.AbstractChannelHandlerContext.invokeChannelRead(AbstractChannelHandlerContext.java:360)
	io.netty.channel.AbstractChannelHandlerContext.fireChannelRead(AbstractChannelHandlerContext.java:352)
	io.netty.channel.DefaultChannelPipeline$HeadContext.channelRead(DefaultChannelPipeline.java:1408)
	io.netty.channel.AbstractChannelHandlerContext.invokeChannelRead(AbstractChannelHandlerContext.java:374)
	io.netty.channel.AbstractChannelHandlerContext.invokeChannelRead(AbstractChannelHandlerContext.java:360)
	io.netty.channel.DefaultChannelPipeline.fireChannelRead(DefaultChannelPipeline.java:930)
	io.netty.channel.nio.AbstractNioByteChannel$NioByteUnsafe.read(AbstractNioByteChannel.java:163)
	io.netty.channel.nio.NioEventLoop.processSelectedKey(NioEventLoop.java:682)
	io.netty.channel.nio.NioEventLoop.processSelectedKeysOptimized(NioEventLoop.java:617)
	io.netty.channel.nio.NioEventLoop.processSelectedKeys(NioEventLoop.java:534)
	io.netty.channel.nio.NioEventLoop.run(NioEventLoop.java:496)
	io.netty.util.concurrent.SingleThreadEventExecutor$5.run(SingleThreadEventExecutor.java:906)
	io.netty.util.internal.ThreadExecutorMap$2.run(ThreadExecutorMap.java:74)
	io.netty.util.concurrent.FastThreadLocalRunnable.run(FastThreadLocalRunnable.java:30)
	java.lang.Thread.run(Thread.java:748)
Created at:
	io.netty.buffer.AbstractByteBufAllocator.compositeDirectBuffer(AbstractByteBufAllocator.java:223)
	io.netty.buffer.AbstractByteBufAllocator.compositeBuffer(AbstractByteBufAllocator.java:201)
	org.springframework.core.io.buffer.NettyDataBufferFactory.join(NettyDataBufferFactory.java:108)
	org.springframework.core.io.buffer.DataBufferUtils.joinAndStrip(DataBufferUtils.java:686)
	org.springframework.core.io.buffer.DataBufferUtils.lambda$split$20(DataBufferUtils.java:605)
	reactor.core.publisher.FluxMap$MapConditionalSubscriber.onNext(FluxMap.java:199)
	reactor.core.publisher.FluxBufferPredicate$BufferPredicateSubscriber.emit(FluxBufferPredicate.java:290)
	reactor.core.publisher.FluxBufferPredicate$BufferPredicateSubscriber.onNextNewBuffer(FluxBufferPredicate.java:257)
	reactor.core.publisher.FluxBufferPredicate$BufferPredicateSubscriber.tryOnNext(FluxBufferPredicate.java:211)
	reactor.core.publisher.FluxBufferPredicate$BufferPredicateSubscriber.onNext(FluxBufferPredicate.java:184)
	reactor.core.publisher.FluxFlatMap$FlatMapMain.drainLoop(FluxFlatMap.java:664)
	reactor.core.publisher.FluxFlatMap$FlatMapMain.drain(FluxFlatMap.java:540)
	reactor.core.publisher.FluxFlatMap$FlatMapInner.onSubscribe(FluxFlatMap.java:924)
	reactor.core.publisher.FluxIterable.subscribe(FluxIterable.java:139)
	reactor.core.publisher.FluxIterable.subscribe(FluxIterable.java:63)
	reactor.core.publisher.Flux.subscribe(Flux.java:7922)
	reactor.core.publisher.FluxFlatMap$FlatMapMain.onNext(FluxFlatMap.java:389)
	reactor.core.publisher.FluxConcatMap$ConcatMapImmediate.innerNext(FluxConcatMap.java:275)
	reactor.core.publisher.FluxConcatMap$ConcatMapInner.onNext(FluxConcatMap.java:849)
	reactor.core.publisher.FluxConcatMap$WeakScalarSubscription.request(FluxConcatMap.java:470)
	reactor.core.publisher.Operators$MultiSubscriptionSubscriber.set(Operators.java:1939)
	reactor.core.publisher.FluxConcatMap$ConcatMapImmediate.drain(FluxConcatMap.java:436)
	reactor.core.publisher.FluxConcatMap$ConcatMapImmediate.onNext(FluxConcatMap.java:244)
	reactor.core.publisher.FluxMap$MapSubscriber.onNext(FluxMap.java:114)
	reactor.core.publisher.FluxPeek$PeekSubscriber.onNext(FluxPeek.java:192)
	reactor.core.publisher.FluxMap$MapSubscriber.onNext(FluxMap.java:114)
	reactor.netty.channel.FluxReceive.drainReceiver(FluxReceive.java:206)
	reactor.netty.channel.FluxReceive.onInboundNext(FluxReceive.java:322)
	reactor.netty.channel.ChannelOperations.onInboundNext(ChannelOperations.java:335)
	reactor.netty.http.server.HttpServerOperations.onInboundNext(HttpServerOperations.java:456)
	reactor.netty.channel.ChannelOperationsHandler.channelRead(ChannelOperationsHandler.java:91)
	io.netty.channel.AbstractChannelHandlerContext.invokeChannelRead(AbstractChannelHandlerContext.java:374)
	io.netty.channel.AbstractChannelHandlerContext.invokeChannelRead(AbstractChannelHandlerContext.java:360)
	io.netty.channel.AbstractChannelHandlerContext.fireChannelRead(AbstractChannelHandlerContext.java:352)
	reactor.netty.http.server.HttpTrafficHandler.channelRead(HttpTrafficHandler.java:190)
	io.netty.channel.AbstractChannelHandlerContext.invokeChannelRead(AbstractChannelHandlerContext.java:374)
	io.netty.channel.AbstractChannelHandlerContext.invokeChannelRead(AbstractChannelHandlerContext.java:360)
	io.netty.channel.AbstractChannelHandlerContext.fireChannelRead(AbstractChannelHandlerContext.java:352)
	io.netty.channel.CombinedChannelDuplexHandler$DelegatingChannelHandlerContext.fireChannelRead(CombinedChannelDuplexHandler.java:438)
	io.netty.handler.codec.ByteToMessageDecoder.fireChannelRead(ByteToMessageDecoder.java:323)
	io.netty.handler.codec.ByteToMessageDecoder.fireChannelRead(ByteToMessageDecoder.java:310)
	io.netty.handler.codec.ByteToMessageDecoder.callDecode(ByteToMessageDecoder.java:426)
	io.netty.handler.codec.ByteToMessageDecoder.channelRead(ByteToMessageDecoder.java:278)
	io.netty.channel.CombinedChannelDuplexHandler.channelRead(CombinedChannelDuplexHandler.java:253)
	io.netty.channel.AbstractChannelHandlerContext.invokeChannelRead(AbstractChannelHandlerContext.java:374)
	io.netty.channel.AbstractChannelHandlerContext.invokeChannelRead(AbstractChannelHandlerContext.java:360)
	io.netty.channel.AbstractChannelHandlerContext.fireChannelRead(AbstractChannelHandlerContext.java:352)
	io.netty.channel.DefaultChannelPipeline$HeadContext.channelRead(DefaultChannelPipeline.java:1408)
	io.netty.channel.AbstractChannelHandlerContext.invokeChannelRead(AbstractChannelHandlerContext.java:374)
	io.netty.channel.AbstractChannelHandlerContext.invokeChannelRead(AbstractChannelHandlerContext.java:360)
	io.netty.channel.DefaultChannelPipeline.fireChannelRead(DefaultChannelPipeline.java:930)
	io.netty.channel.nio.AbstractNioByteChannel$NioByteUnsafe.read(AbstractNioByteChannel.java:163)
	io.netty.channel.nio.NioEventLoop.processSelectedKey(NioEventLoop.java:682)
	io.netty.channel.nio.NioEventLoop.processSelectedKeysOptimized(NioEventLoop.java:617)
	io.netty.channel.nio.NioEventLoop.processSelectedKeys(NioEventLoop.java:534)
	io.netty.channel.nio.NioEventLoop.run(NioEventLoop.java:496)
	io.netty.util.concurrent.SingleThreadEventExecutor$5.run(SingleThreadEventExecutor.java:906)
	io.netty.util.internal.ThreadExecutorMap$2.run(ThreadExecutorMap.java:74)
	io.netty.util.concurrent.FastThreadLocalRunnable.run(FastThreadLocalRunnable.java:30)
	java.lang.Thread.run(Thread.java:748)
: 4 leak records were discarded because they were duplicates
: 121 leak records were discarded because the leak record count is targeted to 4. Use system property io.netty.leakDetection.targetRecords to increase the limit.
22:43:29.180 [reactor-http-nio-4] ERROR i.n.u.ResourceLeakDetector - LEAK: ByteBuf.release() was not called before it's garbage-collected. See http://netty.io/wiki/reference-counted-objects.html for more information.
Recent access records: 
#1:
	org.springframework.core.io.buffer.NettyDataBuffer.release(NettyDataBuffer.java:308)
	org.springframework.core.io.buffer.DataBufferUtils.release(DataBufferUtils.java:498)
	org.springframework.http.codec.multipart.DefaultMultipartMessageReader.toPart(DefaultMultipartMessageReader.java:206)
	reactor.core.publisher.FluxMap$MapConditionalSubscriber.onNext(FluxMap.java:199)
	reactor.core.publisher.FluxTakeWhile$TakeWhileSubscriber.onNext(FluxTakeWhile.java:94)
	reactor.core.publisher.FluxContextStart$ContextStartSubscriber.onNext(FluxContextStart.java:103)
	reactor.core.publisher.FluxMap$MapConditionalSubscriber.onNext(FluxMap.java:213)
	reactor.core.publisher.FluxBufferPredicate$BufferPredicateSubscriber.emit(FluxBufferPredicate.java:290)
	reactor.core.publisher.FluxBufferPredicate$BufferPredicateSubscriber.onNextNewBuffer(FluxBufferPredicate.java:257)
	reactor.core.publisher.FluxBufferPredicate$BufferPredicateSubscriber.tryOnNext(FluxBufferPredicate.java:211)
	reactor.core.publisher.FluxBufferPredicate$BufferPredicateSubscriber.onNext(FluxBufferPredicate.java:184)
	reactor.core.publisher.FluxFlatMap$FlatMapMain.drainLoop(FluxFlatMap.java:664)
	reactor.core.publisher.FluxFlatMap$FlatMapMain.drain(FluxFlatMap.java:540)
	reactor.core.publisher.FluxFlatMap$FlatMapInner.onSubscribe(FluxFlatMap.java:924)
	reactor.core.publisher.FluxIterable.subscribe(FluxIterable.java:139)
	reactor.core.publisher.FluxIterable.subscribe(FluxIterable.java:63)
	reactor.core.publisher.Flux.subscribe(Flux.java:7922)
	reactor.core.publisher.FluxFlatMap$FlatMapMain.onNext(FluxFlatMap.java:389)
	reactor.core.publisher.FluxConcatMap$ConcatMapImmediate.innerNext(FluxConcatMap.java:275)
	reactor.core.publisher.FluxConcatMap$ConcatMapInner.onNext(FluxConcatMap.java:849)
	reactor.core.publisher.FluxConcatMap$WeakScalarSubscription.request(FluxConcatMap.java:470)
	reactor.core.publisher.Operators$MultiSubscriptionSubscriber.set(Operators.java:1939)
	reactor.core.publisher.FluxConcatMap$ConcatMapImmediate.drain(FluxConcatMap.java:436)
	reactor.core.publisher.FluxConcatMap$ConcatMapImmediate.onNext(FluxConcatMap.java:244)
	reactor.core.publisher.FluxMap$MapSubscriber.onNext(FluxMap.java:114)
	reactor.core.publisher.FluxPeek$PeekSubscriber.onNext(FluxPeek.java:192)
	reactor.core.publisher.FluxMap$MapSubscriber.onNext(FluxMap.java:114)
	reactor.netty.channel.FluxReceive.drainReceiver(FluxReceive.java:206)
	reactor.netty.channel.FluxReceive.onInboundNext(FluxReceive.java:322)
	reactor.netty.channel.ChannelOperations.onInboundNext(ChannelOperations.java:335)
	reactor.netty.http.server.HttpServerOperations.onInboundNext(HttpServerOperations.java:456)
	reactor.netty.channel.ChannelOperationsHandler.channelRead(ChannelOperationsHandler.java:91)
	io.netty.channel.AbstractChannelHandlerContext.invokeChannelRead(AbstractChannelHandlerContext.java:374)
	io.netty.channel.AbstractChannelHandlerContext.invokeChannelRead(AbstractChannelHandlerContext.java:360)
	io.netty.channel.AbstractChannelHandlerContext.fireChannelRead(AbstractChannelHandlerContext.java:352)
	reactor.netty.http.server.HttpTrafficHandler.channelRead(HttpTrafficHandler.java:190)
	io.netty.channel.AbstractChannelHandlerContext.invokeChannelRead(AbstractChannelHandlerContext.java:374)
	io.netty.channel.AbstractChannelHandlerContext.invokeChannelRead(AbstractChannelHandlerContext.java:360)
	io.netty.channel.AbstractChannelHandlerContext.fireChannelRead(AbstractChannelHandlerContext.java:352)
	io.netty.channel.CombinedChannelDuplexHandler$DelegatingChannelHandlerContext.fireChannelRead(CombinedChannelDuplexHandler.java:438)
	io.netty.handler.codec.ByteToMessageDecoder.fireChannelRead(ByteToMessageDecoder.java:323)
	io.netty.handler.codec.ByteToMessageDecoder.fireChannelRead(ByteToMessageDecoder.java:310)
	io.netty.handler.codec.ByteToMessageDecoder.callDecode(ByteToMessageDecoder.java:426)
	io.netty.handler.codec.ByteToMessageDecoder.channelRead(ByteToMessageDecoder.java:278)
	io.netty.channel.CombinedChannelDuplexHandler.channelRead(CombinedChannelDuplexHandler.java:253)
	io.netty.channel.AbstractChannelHandlerContext.invokeChannelRead(AbstractChannelHandlerContext.java:374)
	io.netty.channel.AbstractChannelHandlerContext.invokeChannelRead(AbstractChannelHandlerContext.java:360)
	io.netty.channel.AbstractChannelHandlerContext.fireChannelRead(AbstractChannelHandlerContext.java:352)
	io.netty.channel.DefaultChannelPipeline$HeadContext.channelRead(DefaultChannelPipeline.java:1408)
	io.netty.channel.AbstractChannelHandlerContext.invokeChannelRead(AbstractChannelHandlerContext.java:374)
	io.netty.channel.AbstractChannelHandlerContext.invokeChannelRead(AbstractChannelHandlerContext.java:360)
	io.netty.channel.DefaultChannelPipeline.fireChannelRead(DefaultChannelPipeline.java:930)
	io.netty.channel.nio.AbstractNioByteChannel$NioByteUnsafe.read(AbstractNioByteChannel.java:163)
	io.netty.channel.nio.NioEventLoop.processSelectedKey(NioEventLoop.java:682)
	io.netty.channel.nio.NioEventLoop.processSelectedKeysOptimized(NioEventLoop.java:617)
	io.netty.channel.nio.NioEventLoop.processSelectedKeys(NioEventLoop.java:534)
	io.netty.channel.nio.NioEventLoop.run(NioEventLoop.java:496)
	io.netty.util.concurrent.SingleThreadEventExecutor$5.run(SingleThreadEventExecutor.java:906)
	io.netty.util.internal.ThreadExecutorMap$2.run(ThreadExecutorMap.java:74)
	io.netty.util.concurrent.FastThreadLocalRunnable.run(FastThreadLocalRunnable.java:30)
	java.lang.Thread.run(Thread.java:748)
#2:
	io.netty.buffer.AdvancedLeakAwareCompositeByteBuf.getByte(AdvancedLeakAwareCompositeByteBuf.java:140)
	org.springframework.core.io.buffer.NettyDataBuffer.getByte(NettyDataBuffer.java:132)
	org.springframework.core.io.buffer.DataBufferUtils$KnuthMorrisPrattMatcher.match(DataBufferUtils.java:1005)
	org.springframework.http.codec.multipart.DefaultMultipartMessageReader.toPart(DefaultMultipartMessageReader.java:184)
	reactor.core.publisher.FluxMap$MapConditionalSubscriber.onNext(FluxMap.java:199)
	reactor.core.publisher.FluxTakeWhile$TakeWhileSubscriber.onNext(FluxTakeWhile.java:94)
	reactor.core.publisher.FluxContextStart$ContextStartSubscriber.onNext(FluxContextStart.java:103)
	reactor.core.publisher.FluxMap$MapConditionalSubscriber.onNext(FluxMap.java:213)
	reactor.core.publisher.FluxBufferPredicate$BufferPredicateSubscriber.emit(FluxBufferPredicate.java:290)
	reactor.core.publisher.FluxBufferPredicate$BufferPredicateSubscriber.onNextNewBuffer(FluxBufferPredicate.java:257)
	reactor.core.publisher.FluxBufferPredicate$BufferPredicateSubscriber.tryOnNext(FluxBufferPredicate.java:211)
	reactor.core.publisher.FluxBufferPredicate$BufferPredicateSubscriber.onNext(FluxBufferPredicate.java:184)
	reactor.core.publisher.FluxFlatMap$FlatMapMain.drainLoop(FluxFlatMap.java:664)
	reactor.core.publisher.FluxFlatMap$FlatMapMain.drain(FluxFlatMap.java:540)
	reactor.core.publisher.FluxFlatMap$FlatMapInner.onSubscribe(FluxFlatMap.java:924)
	reactor.core.publisher.FluxIterable.subscribe(FluxIterable.java:139)
	reactor.core.publisher.FluxIterable.subscribe(FluxIterable.java:63)
	reactor.core.publisher.Flux.subscribe(Flux.java:7922)
	reactor.core.publisher.FluxFlatMap$FlatMapMain.onNext(FluxFlatMap.java:389)
	reactor.core.publisher.FluxConcatMap$ConcatMapImmediate.innerNext(FluxConcatMap.java:275)
	reactor.core.publisher.FluxConcatMap$ConcatMapInner.onNext(FluxConcatMap.java:849)
	reactor.core.publisher.FluxConcatMap$WeakScalarSubscription.request(FluxConcatMap.java:470)
	reactor.core.publisher.Operators$MultiSubscriptionSubscriber.set(Operators.java:1939)
	reactor.core.publisher.FluxConcatMap$ConcatMapImmediate.drain(FluxConcatMap.java:436)
	reactor.core.publisher.FluxConcatMap$ConcatMapImmediate.onNext(FluxConcatMap.java:244)
	reactor.core.publisher.FluxMap$MapSubscriber.onNext(FluxMap.java:114)
	reactor.core.publisher.FluxPeek$PeekSubscriber.onNext(FluxPeek.java:192)
	reactor.core.publisher.FluxMap$MapSubscriber.onNext(FluxMap.java:114)
	reactor.netty.channel.FluxReceive.drainReceiver(FluxReceive.java:206)
	reactor.netty.channel.FluxReceive.onInboundNext(FluxReceive.java:322)
	reactor.netty.channel.ChannelOperations.onInboundNext(ChannelOperations.java:335)
	reactor.netty.http.server.HttpServerOperations.onInboundNext(HttpServerOperations.java:456)
	reactor.netty.channel.ChannelOperationsHandler.channelRead(ChannelOperationsHandler.java:91)
	io.netty.channel.AbstractChannelHandlerContext.invokeChannelRead(AbstractChannelHandlerContext.java:374)
	io.netty.channel.AbstractChannelHandlerContext.invokeChannelRead(AbstractChannelHandlerContext.java:360)
	io.netty.channel.AbstractChannelHandlerContext.fireChannelRead(AbstractChannelHandlerContext.java:352)
	reactor.netty.http.server.HttpTrafficHandler.channelRead(HttpTrafficHandler.java:190)
	io.netty.channel.AbstractChannelHandlerContext.invokeChannelRead(AbstractChannelHandlerContext.java:374)
	io.netty.channel.AbstractChannelHandlerContext.invokeChannelRead(AbstractChannelHandlerContext.java:360)
	io.netty.channel.AbstractChannelHandlerContext.fireChannelRead(AbstractChannelHandlerContext.java:352)
	io.netty.channel.CombinedChannelDuplexHandler$DelegatingChannelHandlerContext.fireChannelRead(CombinedChannelDuplexHandler.java:438)
	io.netty.handler.codec.ByteToMessageDecoder.fireChannelRead(ByteToMessageDecoder.java:323)
	io.netty.handler.codec.ByteToMessageDecoder.fireChannelRead(ByteToMessageDecoder.java:310)
	io.netty.handler.codec.ByteToMessageDecoder.callDecode(ByteToMessageDecoder.java:426)
	io.netty.handler.codec.ByteToMessageDecoder.channelRead(ByteToMessageDecoder.java:278)
	io.netty.channel.CombinedChannelDuplexHandler.channelRead(CombinedChannelDuplexHandler.java:253)
	io.netty.channel.AbstractChannelHandlerContext.invokeChannelRead(AbstractChannelHandlerContext.java:374)
	io.netty.channel.AbstractChannelHandlerContext.invokeChannelRead(AbstractChannelHandlerContext.java:360)
	io.netty.channel.AbstractChannelHandlerContext.fireChannelRead(AbstractChannelHandlerContext.java:352)
	io.netty.channel.DefaultChannelPipeline$HeadContext.channelRead(DefaultChannelPipeline.java:1408)
	io.netty.channel.AbstractChannelHandlerContext.invokeChannelRead(AbstractChannelHandlerContext.java:374)
	io.netty.channel.AbstractChannelHandlerContext.invokeChannelRead(AbstractChannelHandlerContext.java:360)
	io.netty.channel.DefaultChannelPipeline.fireChannelRead(DefaultChannelPipeline.java:930)
	io.netty.channel.nio.AbstractNioByteChannel$NioByteUnsafe.read(AbstractNioByteChannel.java:163)
	io.netty.channel.nio.NioEventLoop.processSelectedKey(NioEventLoop.java:682)
	io.netty.channel.nio.NioEventLoop.processSelectedKeysOptimized(NioEventLoop.java:617)
	io.netty.channel.nio.NioEventLoop.processSelectedKeys(NioEventLoop.java:534)
	io.netty.channel.nio.NioEventLoop.run(NioEventLoop.java:496)
	io.netty.util.concurrent.SingleThreadEventExecutor$5.run(SingleThreadEventExecutor.java:906)
	io.netty.util.internal.ThreadExecutorMap$2.run(ThreadExecutorMap.java:74)
	io.netty.util.concurrent.FastThreadLocalRunnable.run(FastThreadLocalRunnable.java:30)
	java.lang.Thread.run(Thread.java:748)
#3:
	io.netty.buffer.AdvancedLeakAwareCompositeByteBuf.getByte(AdvancedLeakAwareCompositeByteBuf.java:140)
	org.springframework.core.io.buffer.NettyDataBuffer.getByte(NettyDataBuffer.java:132)
	org.springframework.http.codec.multipart.DefaultMultipartMessageReader.toPart(DefaultMultipartMessageReader.java:179)
	reactor.core.publisher.FluxMap$MapConditionalSubscriber.onNext(FluxMap.java:199)
	reactor.core.publisher.FluxTakeWhile$TakeWhileSubscriber.onNext(FluxTakeWhile.java:94)
	reactor.core.publisher.FluxContextStart$ContextStartSubscriber.onNext(FluxContextStart.java:103)
	reactor.core.publisher.FluxMap$MapConditionalSubscriber.onNext(FluxMap.java:213)
	reactor.core.publisher.FluxBufferPredicate$BufferPredicateSubscriber.emit(FluxBufferPredicate.java:290)
	reactor.core.publisher.FluxBufferPredicate$BufferPredicateSubscriber.onNextNewBuffer(FluxBufferPredicate.java:257)
	reactor.core.publisher.FluxBufferPredicate$BufferPredicateSubscriber.tryOnNext(FluxBufferPredicate.java:211)
	reactor.core.publisher.FluxBufferPredicate$BufferPredicateSubscriber.onNext(FluxBufferPredicate.java:184)
	reactor.core.publisher.FluxFlatMap$FlatMapMain.drainLoop(FluxFlatMap.java:664)
	reactor.core.publisher.FluxFlatMap$FlatMapMain.drain(FluxFlatMap.java:540)
	reactor.core.publisher.FluxFlatMap$FlatMapInner.onSubscribe(FluxFlatMap.java:924)
	reactor.core.publisher.FluxIterable.subscribe(FluxIterable.java:139)
	reactor.core.publisher.FluxIterable.subscribe(FluxIterable.java:63)
	reactor.core.publisher.Flux.subscribe(Flux.java:7922)
	reactor.core.publisher.FluxFlatMap$FlatMapMain.onNext(FluxFlatMap.java:389)
	reactor.core.publisher.FluxConcatMap$ConcatMapImmediate.innerNext(FluxConcatMap.java:275)
	reactor.core.publisher.FluxConcatMap$ConcatMapInner.onNext(FluxConcatMap.java:849)
	reactor.core.publisher.FluxConcatMap$WeakScalarSubscription.request(FluxConcatMap.java:470)
	reactor.core.publisher.Operators$MultiSubscriptionSubscriber.set(Operators.java:1939)
	reactor.core.publisher.FluxConcatMap$ConcatMapImmediate.drain(FluxConcatMap.java:436)
	reactor.core.publisher.FluxConcatMap$ConcatMapImmediate.onNext(FluxConcatMap.java:244)
	reactor.core.publisher.FluxMap$MapSubscriber.onNext(FluxMap.java:114)
	reactor.core.publisher.FluxPeek$PeekSubscriber.onNext(FluxPeek.java:192)
	reactor.core.publisher.FluxMap$MapSubscriber.onNext(FluxMap.java:114)
	reactor.netty.channel.FluxReceive.drainReceiver(FluxReceive.java:206)
	reactor.netty.channel.FluxReceive.onInboundNext(FluxReceive.java:322)
	reactor.netty.channel.ChannelOperations.onInboundNext(ChannelOperations.java:335)
	reactor.netty.http.server.HttpServerOperations.onInboundNext(HttpServerOperations.java:456)
	reactor.netty.channel.ChannelOperationsHandler.channelRead(ChannelOperationsHandler.java:91)
	io.netty.channel.AbstractChannelHandlerContext.invokeChannelRead(AbstractChannelHandlerContext.java:374)
	io.netty.channel.AbstractChannelHandlerContext.invokeChannelRead(AbstractChannelHandlerContext.java:360)
	io.netty.channel.AbstractChannelHandlerContext.fireChannelRead(AbstractChannelHandlerContext.java:352)
	reactor.netty.http.server.HttpTrafficHandler.channelRead(HttpTrafficHandler.java:190)
	io.netty.channel.AbstractChannelHandlerContext.invokeChannelRead(AbstractChannelHandlerContext.java:374)
	io.netty.channel.AbstractChannelHandlerContext.invokeChannelRead(AbstractChannelHandlerContext.java:360)
	io.netty.channel.AbstractChannelHandlerContext.fireChannelRead(AbstractChannelHandlerContext.java:352)
	io.netty.channel.CombinedChannelDuplexHandler$DelegatingChannelHandlerContext.fireChannelRead(CombinedChannelDuplexHandler.java:438)
	io.netty.handler.codec.ByteToMessageDecoder.fireChannelRead(ByteToMessageDecoder.java:323)
	io.netty.handler.codec.ByteToMessageDecoder.fireChannelRead(ByteToMessageDecoder.java:310)
	io.netty.handler.codec.ByteToMessageDecoder.callDecode(ByteToMessageDecoder.java:426)
	io.netty.handler.codec.ByteToMessageDecoder.channelRead(ByteToMessageDecoder.java:278)
	io.netty.channel.CombinedChannelDuplexHandler.channelRead(CombinedChannelDuplexHandler.java:253)
	io.netty.channel.AbstractChannelHandlerContext.invokeChannelRead(AbstractChannelHandlerContext.java:374)
	io.netty.channel.AbstractChannelHandlerContext.invokeChannelRead(AbstractChannelHandlerContext.java:360)
	io.netty.channel.AbstractChannelHandlerContext.fireChannelRead(AbstractChannelHandlerContext.java:352)
	io.netty.channel.DefaultChannelPipeline$HeadContext.channelRead(DefaultChannelPipeline.java:1408)
	io.netty.channel.AbstractChannelHandlerContext.invokeChannelRead(AbstractChannelHandlerContext.java:374)
	io.netty.channel.AbstractChannelHandlerContext.invokeChannelRead(AbstractChannelHandlerContext.java:360)
	io.netty.channel.DefaultChannelPipeline.fireChannelRead(DefaultChannelPipeline.java:930)
	io.netty.channel.nio.AbstractNioByteChannel$NioByteUnsafe.read(AbstractNioByteChannel.java:163)
	io.netty.channel.nio.NioEventLoop.processSelectedKey(NioEventLoop.java:682)
	io.netty.channel.nio.NioEventLoop.processSelectedKeysOptimized(NioEventLoop.java:617)
	io.netty.channel.nio.NioEventLoop.processSelectedKeys(NioEventLoop.java:534)
	io.netty.channel.nio.NioEventLoop.run(NioEventLoop.java:496)
	io.netty.util.concurrent.SingleThreadEventExecutor$5.run(SingleThreadEventExecutor.java:906)
	io.netty.util.internal.ThreadExecutorMap$2.run(ThreadExecutorMap.java:74)
	io.netty.util.concurrent.FastThreadLocalRunnable.run(FastThreadLocalRunnable.java:30)
	java.lang.Thread.run(Thread.java:748)
#4:
	io.netty.buffer.AdvancedLeakAwareCompositeByteBuf.addComponent(AdvancedLeakAwareCompositeByteBuf.java:920)
	org.springframework.core.io.buffer.NettyDataBufferFactory.join(NettyDataBufferFactory.java:111)
	org.springframework.core.io.buffer.DataBufferUtils.joinAndStrip(DataBufferUtils.java:686)
	org.springframework.core.io.buffer.DataBufferUtils.lambda$split$20(DataBufferUtils.java:605)
	reactor.core.publisher.FluxMap$MapConditionalSubscriber.onNext(FluxMap.java:199)
	reactor.core.publisher.FluxBufferPredicate$BufferPredicateSubscriber.emit(FluxBufferPredicate.java:290)
	reactor.core.publisher.FluxBufferPredicate$BufferPredicateSubscriber.onNextNewBuffer(FluxBufferPredicate.java:257)
	reactor.core.publisher.FluxBufferPredicate$BufferPredicateSubscriber.tryOnNext(FluxBufferPredicate.java:211)
	reactor.core.publisher.FluxBufferPredicate$BufferPredicateSubscriber.onNext(FluxBufferPredicate.java:184)
	reactor.core.publisher.FluxFlatMap$FlatMapMain.drainLoop(FluxFlatMap.java:664)
	reactor.core.publisher.FluxFlatMap$FlatMapMain.drain(FluxFlatMap.java:540)
	reactor.core.publisher.FluxFlatMap$FlatMapInner.onSubscribe(FluxFlatMap.java:924)
	reactor.core.publisher.FluxIterable.subscribe(FluxIterable.java:139)
	reactor.core.publisher.FluxIterable.subscribe(FluxIterable.java:63)
	reactor.core.publisher.Flux.subscribe(Flux.java:7922)
	reactor.core.publisher.FluxFlatMap$FlatMapMain.onNext(FluxFlatMap.java:389)
	reactor.core.publisher.FluxConcatMap$ConcatMapImmediate.innerNext(FluxConcatMap.java:275)
	reactor.core.publisher.FluxConcatMap$ConcatMapInner.onNext(FluxConcatMap.java:849)
	reactor.core.publisher.FluxConcatMap$WeakScalarSubscription.request(FluxConcatMap.java:470)
	reactor.core.publisher.Operators$MultiSubscriptionSubscriber.set(Operators.java:1939)
	reactor.core.publisher.FluxConcatMap$ConcatMapImmediate.drain(FluxConcatMap.java:436)
	reactor.core.publisher.FluxConcatMap$ConcatMapImmediate.onNext(FluxConcatMap.java:244)
	reactor.core.publisher.FluxMap$MapSubscriber.onNext(FluxMap.java:114)
	reactor.core.publisher.FluxPeek$PeekSubscriber.onNext(FluxPeek.java:192)
	reactor.core.publisher.FluxMap$MapSubscriber.onNext(FluxMap.java:114)
	reactor.netty.channel.FluxReceive.drainReceiver(FluxReceive.java:206)
	reactor.netty.channel.FluxReceive.onInboundNext(FluxReceive.java:322)
	reactor.netty.channel.ChannelOperations.onInboundNext(ChannelOperations.java:335)
	reactor.netty.http.server.HttpServerOperations.onInboundNext(HttpServerOperations.java:456)
	reactor.netty.channel.ChannelOperationsHandler.channelRead(ChannelOperationsHandler.java:91)
	io.netty.channel.AbstractChannelHandlerContext.invokeChannelRead(AbstractChannelHandlerContext.java:374)
	io.netty.channel.AbstractChannelHandlerContext.invokeChannelRead(AbstractChannelHandlerContext.java:360)
	io.netty.channel.AbstractChannelHandlerContext.fireChannelRead(AbstractChannelHandlerContext.java:352)
	reactor.netty.http.server.HttpTrafficHandler.channelRead(HttpTrafficHandler.java:190)
	io.netty.channel.AbstractChannelHandlerContext.invokeChannelRead(AbstractChannelHandlerContext.java:374)
	io.netty.channel.AbstractChannelHandlerContext.invokeChannelRead(AbstractChannelHandlerContext.java:360)
	io.netty.channel.AbstractChannelHandlerContext.fireChannelRead(AbstractChannelHandlerContext.java:352)
	io.netty.channel.CombinedChannelDuplexHandler$DelegatingChannelHandlerContext.fireChannelRead(CombinedChannelDuplexHandler.java:438)
	io.netty.handler.codec.ByteToMessageDecoder.fireChannelRead(ByteToMessageDecoder.java:323)
	io.netty.handler.codec.ByteToMessageDecoder.fireChannelRead(ByteToMessageDecoder.java:310)
	io.netty.handler.codec.ByteToMessageDecoder.callDecode(ByteToMessageDecoder.java:426)
	io.netty.handler.codec.ByteToMessageDecoder.channelRead(ByteToMessageDecoder.java:278)
	io.netty.channel.CombinedChannelDuplexHandler.channelRead(CombinedChannelDuplexHandler.java:253)
	io.netty.channel.AbstractChannelHandlerContext.invokeChannelRead(AbstractChannelHandlerContext.java:374)
	io.netty.channel.AbstractChannelHandlerContext.invokeChannelRead(AbstractChannelHandlerContext.java:360)
	io.netty.channel.AbstractChannelHandlerContext.fireChannelRead(AbstractChannelHandlerContext.java:352)
	io.netty.channel.DefaultChannelPipeline$HeadContext.channelRead(DefaultChannelPipeline.java:1408)
	io.netty.channel.AbstractChannelHandlerContext.invokeChannelRead(AbstractChannelHandlerContext.java:374)
	io.netty.channel.AbstractChannelHandlerContext.invokeChannelRead(AbstractChannelHandlerContext.java:360)
	io.netty.channel.DefaultChannelPipeline.fireChannelRead(DefaultChannelPipeline.java:930)
	io.netty.channel.nio.AbstractNioByteChannel$NioByteUnsafe.read(AbstractNioByteChannel.java:163)
	io.netty.channel.nio.NioEventLoop.processSelectedKey(NioEventLoop.java:682)
	io.netty.channel.nio.NioEventLoop.processSelectedKeysOptimized(NioEventLoop.java:617)
	io.netty.channel.nio.NioEventLoop.processSelectedKeys(NioEventLoop.java:534)
	io.netty.channel.nio.NioEventLoop.run(NioEventLoop.java:496)
	io.netty.util.concurrent.SingleThreadEventExecutor$5.run(SingleThreadEventExecutor.java:906)
	io.netty.util.internal.ThreadExecutorMap$2.run(ThreadExecutorMap.java:74)
	io.netty.util.concurrent.FastThreadLocalRunnable.run(FastThreadLocalRunnable.java:30)
	java.lang.Thread.run(Thread.java:748)
Created at:
	io.netty.buffer.AbstractByteBufAllocator.compositeDirectBuffer(AbstractByteBufAllocator.java:223)
	io.netty.buffer.AbstractByteBufAllocator.compositeBuffer(AbstractByteBufAllocator.java:201)
	org.springframework.core.io.buffer.NettyDataBufferFactory.join(NettyDataBufferFactory.java:108)
	org.springframework.core.io.buffer.DataBufferUtils.joinAndStrip(DataBufferUtils.java:686)
	org.springframework.core.io.buffer.DataBufferUtils.lambda$split$20(DataBufferUtils.java:605)
	reactor.core.publisher.FluxMap$MapConditionalSubscriber.onNext(FluxMap.java:199)
	reactor.core.publisher.FluxBufferPredicate$BufferPredicateSubscriber.emit(FluxBufferPredicate.java:290)
	reactor.core.publisher.FluxBufferPredicate$BufferPredicateSubscriber.onNextNewBuffer(FluxBufferPredicate.java:257)
	reactor.core.publisher.FluxBufferPredicate$BufferPredicateSubscriber.tryOnNext(FluxBufferPredicate.java:211)
	reactor.core.publisher.FluxBufferPredicate$BufferPredicateSubscriber.onNext(FluxBufferPredicate.java:184)
	reactor.core.publisher.FluxFlatMap$FlatMapMain.drainLoop(FluxFlatMap.java:664)
	reactor.core.publisher.FluxFlatMap$FlatMapMain.drain(FluxFlatMap.java:540)
	reactor.core.publisher.FluxFlatMap$FlatMapInner.onSubscribe(FluxFlatMap.java:924)
	reactor.core.publisher.FluxIterable.subscribe(FluxIterable.java:139)
	reactor.core.publisher.FluxIterable.subscribe(FluxIterable.java:63)
	reactor.core.publisher.Flux.subscribe(Flux.java:7922)
	reactor.core.publisher.FluxFlatMap$FlatMapMain.onNext(FluxFlatMap.java:389)
	reactor.core.publisher.FluxConcatMap$ConcatMapImmediate.innerNext(FluxConcatMap.java:275)
	reactor.core.publisher.FluxConcatMap$ConcatMapInner.onNext(FluxConcatMap.java:849)
	reactor.core.publisher.FluxConcatMap$WeakScalarSubscription.request(FluxConcatMap.java:470)
	reactor.core.publisher.Operators$MultiSubscriptionSubscriber.set(Operators.java:1939)
	reactor.core.publisher.FluxConcatMap$ConcatMapImmediate.drain(FluxConcatMap.java:436)
	reactor.core.publisher.FluxConcatMap$ConcatMapImmediate.onNext(FluxConcatMap.java:244)
	reactor.core.publisher.FluxMap$MapSubscriber.onNext(FluxMap.java:114)
	reactor.core.publisher.FluxPeek$PeekSubscriber.onNext(FluxPeek.java:192)
	reactor.core.publisher.FluxMap$MapSubscriber.onNext(FluxMap.java:114)
	reactor.netty.channel.FluxReceive.drainReceiver(FluxReceive.java:206)
	reactor.netty.channel.FluxReceive.onInboundNext(FluxReceive.java:322)
	reactor.netty.channel.ChannelOperations.onInboundNext(ChannelOperations.java:335)
	reactor.netty.http.server.HttpServerOperations.onInboundNext(HttpServerOperations.java:456)
	reactor.netty.channel.ChannelOperationsHandler.channelRead(ChannelOperationsHandler.java:91)
	io.netty.channel.AbstractChannelHandlerContext.invokeChannelRead(AbstractChannelHandlerContext.java:374)
	io.netty.channel.AbstractChannelHandlerContext.invokeChannelRead(AbstractChannelHandlerContext.java:360)
	io.netty.channel.AbstractChannelHandlerContext.fireChannelRead(AbstractChannelHandlerContext.java:352)
	reactor.netty.http.server.HttpTrafficHandler.channelRead(HttpTrafficHandler.java:190)
	io.netty.channel.AbstractChannelHandlerContext.invokeChannelRead(AbstractChannelHandlerContext.java:374)
	io.netty.channel.AbstractChannelHandlerContext.invokeChannelRead(AbstractChannelHandlerContext.java:360)
	io.netty.channel.AbstractChannelHandlerContext.fireChannelRead(AbstractChannelHandlerContext.java:352)
	io.netty.channel.CombinedChannelDuplexHandler$DelegatingChannelHandlerContext.fireChannelRead(CombinedChannelDuplexHandler.java:438)
	io.netty.handler.codec.ByteToMessageDecoder.fireChannelRead(ByteToMessageDecoder.java:323)
	io.netty.handler.codec.ByteToMessageDecoder.fireChannelRead(ByteToMessageDecoder.java:310)
	io.netty.handler.codec.ByteToMessageDecoder.callDecode(ByteToMessageDecoder.java:426)
	io.netty.handler.codec.ByteToMessageDecoder.channelRead(ByteToMessageDecoder.java:278)
	io.netty.channel.CombinedChannelDuplexHandler.channelRead(CombinedChannelDuplexHandler.java:253)
	io.netty.channel.AbstractChannelHandlerContext.invokeChannelRead(AbstractChannelHandlerContext.java:374)
	io.netty.channel.AbstractChannelHandlerContext.invokeChannelRead(AbstractChannelHandlerContext.java:360)
	io.netty.channel.AbstractChannelHandlerContext.fireChannelRead(AbstractChannelHandlerContext.java:352)
	io.netty.channel.DefaultChannelPipeline$HeadContext.channelRead(DefaultChannelPipeline.java:1408)
	io.netty.channel.AbstractChannelHandlerContext.invokeChannelRead(AbstractChannelHandlerContext.java:374)
	io.netty.channel.AbstractChannelHandlerContext.invokeChannelRead(AbstractChannelHandlerContext.java:360)
	io.netty.channel.DefaultChannelPipeline.fireChannelRead(DefaultChannelPipeline.java:930)
	io.netty.channel.nio.AbstractNioByteChannel$NioByteUnsafe.read(AbstractNioByteChannel.java:163)
	io.netty.channel.nio.NioEventLoop.processSelectedKey(NioEventLoop.java:682)
	io.netty.channel.nio.NioEventLoop.processSelectedKeysOptimized(NioEventLoop.java:617)
	io.netty.channel.nio.NioEventLoop.processSelectedKeys(NioEventLoop.java:534)
	io.netty.channel.nio.NioEventLoop.run(NioEventLoop.java:496)
	io.netty.util.concurrent.SingleThreadEventExecutor$5.run(SingleThreadEventExecutor.java:906)
	io.netty.util.internal.ThreadExecutorMap$2.run(ThreadExecutorMap.java:74)
	io.netty.util.concurrent.FastThreadLocalRunnable.run(FastThreadLocalRunnable.java:30)
	java.lang.Thread.run(Thread.java:748)
: 8 leak records were discarded because they were duplicates
: 117 leak records were discarded because the leak record count is targeted to 4. Use system property io.netty.leakDetection.targetRecords to increase the limit.
22:43:29.182 [reactor-http-nio-4] ERROR i.n.u.ResourceLeakDetector - LEAK: ByteBuf.release() was not called before it's garbage-collected. See http://netty.io/wiki/reference-counted-objects.html for more information.
Recent access records: 
#1:
	io.netty.buffer.AdvancedLeakAwareByteBuf.getBytes(AdvancedLeakAwareByteBuf.java:250)
	io.netty.buffer.CompositeByteBuf.getBytes(CompositeByteBuf.java:1029)
	io.netty.buffer.CompositeByteBuf.getBytes(CompositeByteBuf.java:48)
	io.netty.buffer.AbstractUnpooledSlicedByteBuf.getBytes(AbstractUnpooledSlicedByteBuf.java:243)
	io.netty.buffer.AbstractByteBuf.readBytes(AbstractByteBuf.java:889)
	io.netty.buffer.AbstractByteBuf.readBytes(AbstractByteBuf.java:896)
	io.netty.buffer.WrappedByteBuf.readBytes(WrappedByteBuf.java:649)
	io.netty.buffer.AdvancedLeakAwareByteBuf.readBytes(AdvancedLeakAwareByteBuf.java:497)
	org.springframework.core.io.buffer.NettyDataBuffer.read(NettyDataBuffer.java:159)
	org.springframework.core.io.buffer.NettyDataBuffer.read(NettyDataBuffer.java:43)
	org.springframework.http.codec.multipart.DefaultMultipartMessageReader.toHeaders(DefaultMultipartMessageReader.java:229)
	org.springframework.http.codec.multipart.DefaultMultipartMessageReader.toPart(DefaultMultipartMessageReader.java:197)
	reactor.core.publisher.FluxMap$MapConditionalSubscriber.onNext(FluxMap.java:199)
	reactor.core.publisher.FluxTakeWhile$TakeWhileSubscriber.onNext(FluxTakeWhile.java:94)
	reactor.core.publisher.FluxContextStart$ContextStartSubscriber.onNext(FluxContextStart.java:103)
	reactor.core.publisher.FluxMap$MapConditionalSubscriber.onNext(FluxMap.java:213)
	reactor.core.publisher.FluxBufferPredicate$BufferPredicateSubscriber.emit(FluxBufferPredicate.java:290)
	reactor.core.publisher.FluxBufferPredicate$BufferPredicateSubscriber.onNextNewBuffer(FluxBufferPredicate.java:257)
	reactor.core.publisher.FluxBufferPredicate$BufferPredicateSubscriber.tryOnNext(FluxBufferPredicate.java:211)
	reactor.core.publisher.FluxBufferPredicate$BufferPredicateSubscriber.onNext(FluxBufferPredicate.java:184)
	reactor.core.publisher.FluxFlatMap$FlatMapMain.drainLoop(FluxFlatMap.java:664)
	reactor.core.publisher.FluxFlatMap$FlatMapMain.drain(FluxFlatMap.java:540)
	reactor.core.publisher.FluxFlatMap$FlatMapInner.onSubscribe(FluxFlatMap.java:924)
	reactor.core.publisher.FluxIterable.subscribe(FluxIterable.java:139)
	reactor.core.publisher.FluxIterable.subscribe(FluxIterable.java:63)
	reactor.core.publisher.Flux.subscribe(Flux.java:7922)
	reactor.core.publisher.FluxFlatMap$FlatMapMain.onNext(FluxFlatMap.java:389)
	reactor.core.publisher.FluxConcatMap$ConcatMapImmediate.innerNext(FluxConcatMap.java:275)
	reactor.core.publisher.FluxConcatMap$ConcatMapInner.onNext(FluxConcatMap.java:849)
	reactor.core.publisher.FluxConcatMap$WeakScalarSubscription.request(FluxConcatMap.java:470)
	reactor.core.publisher.Operators$MultiSubscriptionSubscriber.set(Operators.java:1939)
	reactor.core.publisher.FluxConcatMap$ConcatMapImmediate.drain(FluxConcatMap.java:436)
	reactor.core.publisher.FluxConcatMap$ConcatMapImmediate.onNext(FluxConcatMap.java:244)
	reactor.core.publisher.FluxMap$MapSubscriber.onNext(FluxMap.java:114)
	reactor.core.publisher.FluxPeek$PeekSubscriber.onNext(FluxPeek.java:192)
	reactor.core.publisher.FluxMap$MapSubscriber.onNext(FluxMap.java:114)
	reactor.netty.channel.FluxReceive.drainReceiver(FluxReceive.java:206)
	reactor.netty.channel.FluxReceive.onInboundNext(FluxReceive.java:322)
	reactor.netty.channel.ChannelOperations.onInboundNext(ChannelOperations.java:335)
	reactor.netty.http.server.HttpServerOperations.onInboundNext(HttpServerOperations.java:456)
	reactor.netty.channel.ChannelOperationsHandler.channelRead(ChannelOperationsHandler.java:91)
	io.netty.channel.AbstractChannelHandlerContext.invokeChannelRead(AbstractChannelHandlerContext.java:374)
	io.netty.channel.AbstractChannelHandlerContext.invokeChannelRead(AbstractChannelHandlerContext.java:360)
	io.netty.channel.AbstractChannelHandlerContext.fireChannelRead(AbstractChannelHandlerContext.java:352)
	reactor.netty.http.server.HttpTrafficHandler.channelRead(HttpTrafficHandler.java:190)
	io.netty.channel.AbstractChannelHandlerContext.invokeChannelRead(AbstractChannelHandlerContext.java:374)
	io.netty.channel.AbstractChannelHandlerContext.invokeChannelRead(AbstractChannelHandlerContext.java:360)
	io.netty.channel.AbstractChannelHandlerContext.fireChannelRead(AbstractChannelHandlerContext.java:352)
	io.netty.channel.CombinedChannelDuplexHandler$DelegatingChannelHandlerContext.fireChannelRead(CombinedChannelDuplexHandler.java:438)
	io.netty.handler.codec.ByteToMessageDecoder.fireChannelRead(ByteToMessageDecoder.java:323)
	io.netty.handler.codec.ByteToMessageDecoder.fireChannelRead(ByteToMessageDecoder.java:310)
	io.netty.handler.codec.ByteToMessageDecoder.callDecode(ByteToMessageDecoder.java:426)
	io.netty.handler.codec.ByteToMessageDecoder.channelRead(ByteToMessageDecoder.java:278)
	io.netty.channel.CombinedChannelDuplexHandler.channelRead(CombinedChannelDuplexHandler.java:253)
	io.netty.channel.AbstractChannelHandlerContext.invokeChannelRead(AbstractChannelHandlerContext.java:374)
	io.netty.channel.AbstractChannelHandlerContext.invokeChannelRead(AbstractChannelHandlerContext.java:360)
	io.netty.channel.AbstractChannelHandlerContext.fireChannelRead(AbstractChannelHandlerContext.java:352)
	io.netty.channel.DefaultChannelPipeline$HeadContext.channelRead(DefaultChannelPipeline.java:1408)
	io.netty.channel.AbstractChannelHandlerContext.invokeChannelRead(AbstractChannelHandlerContext.java:374)
	io.netty.channel.AbstractChannelHandlerContext.invokeChannelRead(AbstractChannelHandlerContext.java:360)
	io.netty.channel.DefaultChannelPipeline.fireChannelRead(DefaultChannelPipeline.java:930)
	io.netty.channel.nio.AbstractNioByteChannel$NioByteUnsafe.read(AbstractNioByteChannel.java:163)
	io.netty.channel.nio.NioEventLoop.processSelectedKey(NioEventLoop.java:682)
	io.netty.channel.nio.NioEventLoop.processSelectedKeysOptimized(NioEventLoop.java:617)
	io.netty.channel.nio.NioEventLoop.processSelectedKeys(NioEventLoop.java:534)
	io.netty.channel.nio.NioEventLoop.run(NioEventLoop.java:496)
	io.netty.util.concurrent.SingleThreadEventExecutor$5.run(SingleThreadEventExecutor.java:906)
	io.netty.util.internal.ThreadExecutorMap$2.run(ThreadExecutorMap.java:74)
	io.netty.util.concurrent.FastThreadLocalRunnable.run(FastThreadLocalRunnable.java:30)
	java.lang.Thread.run(Thread.java:748)
#2:
	io.netty.buffer.AdvancedLeakAwareByteBuf.getByte(AdvancedLeakAwareByteBuf.java:154)
	io.netty.buffer.CompositeByteBuf.getByte(CompositeByteBuf.java:913)
	io.netty.buffer.WrappedCompositeByteBuf.getByte(WrappedCompositeByteBuf.java:652)
	io.netty.buffer.AdvancedLeakAwareCompositeByteBuf.getByte(AdvancedLeakAwareCompositeByteBuf.java:141)
	org.springframework.core.io.buffer.NettyDataBuffer.getByte(NettyDataBuffer.java:132)
	org.springframework.core.io.buffer.DataBufferUtils$KnuthMorrisPrattMatcher.match(DataBufferUtils.java:1005)
	org.springframework.http.codec.multipart.DefaultMultipartMessageReader.toPart(DefaultMultipartMessageReader.java:184)
	reactor.core.publisher.FluxMap$MapConditionalSubscriber.onNext(FluxMap.java:199)
	reactor.core.publisher.FluxTakeWhile$TakeWhileSubscriber.onNext(FluxTakeWhile.java:94)
	reactor.core.publisher.FluxContextStart$ContextStartSubscriber.onNext(FluxContextStart.java:103)
	reactor.core.publisher.FluxMap$MapConditionalSubscriber.onNext(FluxMap.java:213)
	reactor.core.publisher.FluxBufferPredicate$BufferPredicateSubscriber.emit(FluxBufferPredicate.java:290)
	reactor.core.publisher.FluxBufferPredicate$BufferPredicateSubscriber.onNextNewBuffer(FluxBufferPredicate.java:257)
	reactor.core.publisher.FluxBufferPredicate$BufferPredicateSubscriber.tryOnNext(FluxBufferPredicate.java:211)
	reactor.core.publisher.FluxBufferPredicate$BufferPredicateSubscriber.onNext(FluxBufferPredicate.java:184)
	reactor.core.publisher.FluxFlatMap$FlatMapMain.drainLoop(FluxFlatMap.java:664)
	reactor.core.publisher.FluxFlatMap$FlatMapMain.drain(FluxFlatMap.java:540)
	reactor.core.publisher.FluxFlatMap$FlatMapInner.onSubscribe(FluxFlatMap.java:924)
	reactor.core.publisher.FluxIterable.subscribe(FluxIterable.java:139)
	reactor.core.publisher.FluxIterable.subscribe(FluxIterable.java:63)
	reactor.core.publisher.Flux.subscribe(Flux.java:7922)
	reactor.core.publisher.FluxFlatMap$FlatMapMain.onNext(FluxFlatMap.java:389)
	reactor.core.publisher.FluxConcatMap$ConcatMapImmediate.innerNext(FluxConcatMap.java:275)
	reactor.core.publisher.FluxConcatMap$ConcatMapInner.onNext(FluxConcatMap.java:849)
	reactor.core.publisher.FluxConcatMap$WeakScalarSubscription.request(FluxConcatMap.java:470)
	reactor.core.publisher.Operators$MultiSubscriptionSubscriber.set(Operators.java:1939)
	reactor.core.publisher.FluxConcatMap$ConcatMapImmediate.drain(FluxConcatMap.java:436)
	reactor.core.publisher.FluxConcatMap$ConcatMapImmediate.onNext(FluxConcatMap.java:244)
	reactor.core.publisher.FluxMap$MapSubscriber.onNext(FluxMap.java:114)
	reactor.core.publisher.FluxPeek$PeekSubscriber.onNext(FluxPeek.java:192)
	reactor.core.publisher.FluxMap$MapSubscriber.onNext(FluxMap.java:114)
	reactor.netty.channel.FluxReceive.drainReceiver(FluxReceive.java:206)
	reactor.netty.channel.FluxReceive.onInboundNext(FluxReceive.java:322)
	reactor.netty.channel.ChannelOperations.onInboundNext(ChannelOperations.java:335)
	reactor.netty.http.server.HttpServerOperations.onInboundNext(HttpServerOperations.java:456)
	reactor.netty.channel.ChannelOperationsHandler.channelRead(ChannelOperationsHandler.java:91)
	io.netty.channel.AbstractChannelHandlerContext.invokeChannelRead(AbstractChannelHandlerContext.java:374)
	io.netty.channel.AbstractChannelHandlerContext.invokeChannelRead(AbstractChannelHandlerContext.java:360)
	io.netty.channel.AbstractChannelHandlerContext.fireChannelRead(AbstractChannelHandlerContext.java:352)
	reactor.netty.http.server.HttpTrafficHandler.channelRead(HttpTrafficHandler.java:190)
	io.netty.channel.AbstractChannelHandlerContext.invokeChannelRead(AbstractChannelHandlerContext.java:374)
	io.netty.channel.AbstractChannelHandlerContext.invokeChannelRead(AbstractChannelHandlerContext.java:360)
	io.netty.channel.AbstractChannelHandlerContext.fireChannelRead(AbstractChannelHandlerContext.java:352)
	io.netty.channel.CombinedChannelDuplexHandler$DelegatingChannelHandlerContext.fireChannelRead(CombinedChannelDuplexHandler.java:438)
	io.netty.handler.codec.ByteToMessageDecoder.fireChannelRead(ByteToMessageDecoder.java:323)
	io.netty.handler.codec.ByteToMessageDecoder.fireChannelRead(ByteToMessageDecoder.java:310)
	io.netty.handler.codec.ByteToMessageDecoder.callDecode(ByteToMessageDecoder.java:426)
	io.netty.handler.codec.ByteToMessageDecoder.channelRead(ByteToMessageDecoder.java:278)
	io.netty.channel.CombinedChannelDuplexHandler.channelRead(CombinedChannelDuplexHandler.java:253)
	io.netty.channel.AbstractChannelHandlerContext.invokeChannelRead(AbstractChannelHandlerContext.java:374)
	io.netty.channel.AbstractChannelHandlerContext.invokeChannelRead(AbstractChannelHandlerContext.java:360)
	io.netty.channel.AbstractChannelHandlerContext.fireChannelRead(AbstractChannelHandlerContext.java:352)
	io.netty.channel.DefaultChannelPipeline$HeadContext.channelRead(DefaultChannelPipeline.java:1408)
	io.netty.channel.AbstractChannelHandlerContext.invokeChannelRead(AbstractChannelHandlerContext.java:374)
	io.netty.channel.AbstractChannelHandlerContext.invokeChannelRead(AbstractChannelHandlerContext.java:360)
	io.netty.channel.DefaultChannelPipeline.fireChannelRead(DefaultChannelPipeline.java:930)
[...]
	io.netty.channel.nio.NioEventLoop.run(NioEventLoop.java:496)
	io.netty.util.concurrent.SingleThreadEventExecutor$5.run(SingleThreadEventExecutor.java:906)
	io.netty.util.internal.ThreadExecutorMap$2.run(ThreadExecutorMap.java:74)
	io.netty.util.concurrent.FastThreadLocalRunnable.run(FastThreadLocalRunnable.java:30)
	java.lang.Thread.run(Thread.java:748)
#5:
	Hint: 'reactor.left.httpTrafficHandler' will handle the message from this point.
	io.netty.handler.codec.http.DefaultHttpContent.touch(DefaultHttpContent.java:88)
	io.netty.handler.codec.http.DefaultHttpContent.touch(DefaultHttpContent.java:24)
	io.netty.channel.DefaultChannelPipeline.touch(DefaultChannelPipeline.java:116)
	io.netty.channel.AbstractChannelHandlerContext.invokeChannelRead(AbstractChannelHandlerContext.java:357)
	io.netty.channel.AbstractChannelHandlerContext.fireChannelRead(AbstractChannelHandlerContext.java:352)
	io.netty.channel.CombinedChannelDuplexHandler$DelegatingChannelHandlerContext.fireChannelRead(CombinedChannelDuplexHandler.java:438)
	io.netty.handler.codec.ByteToMessageDecoder.fireChannelRead(ByteToMessageDecoder.java:323)
	io.netty.handler.codec.ByteToMessageDecoder.fireChannelRead(ByteToMessageDecoder.java:310)
	io.netty.handler.codec.ByteToMessageDecoder.callDecode(ByteToMessageDecoder.java:426)
	io.netty.handler.codec.ByteToMessageDecoder.channelRead(ByteToMessageDecoder.java:278)
	io.netty.channel.CombinedChannelDuplexHandler.channelRead(CombinedChannelDuplexHandler.java:253)
	io.netty.channel.AbstractChannelHandlerContext.invokeChannelRead(AbstractChannelHandlerContext.java:374)
	io.netty.channel.AbstractChannelHandlerContext.invokeChannelRead(AbstractChannelHandlerContext.java:360)
	io.netty.channel.AbstractChannelHandlerContext.fireChannelRead(AbstractChannelHandlerContext.java:352)
	io.netty.channel.DefaultChannelPipeline$HeadContext.channelRead(DefaultChannelPipeline.java:1408)
	io.netty.channel.AbstractChannelHandlerContext.invokeChannelRead(AbstractChannelHandlerContext.java:374)
	io.netty.channel.AbstractChannelHandlerContext.invokeChannelRead(AbstractChannelHandlerContext.java:360)
	io.netty.channel.DefaultChannelPipeline.fireChannelRead(DefaultChannelPipeline.java:930)
	io.netty.channel.nio.AbstractNioByteChannel$NioByteUnsafe.read(AbstractNioByteChannel.java:163)
	io.netty.channel.nio.NioEventLoop.processSelectedKey(NioEventLoop.java:682)
	io.netty.channel.nio.NioEventLoop.processSelectedKeysOptimized(NioEventLoop.java:617)
	io.netty.channel.nio.NioEventLoop.processSelectedKeys(NioEventLoop.java:534)
	io.netty.channel.nio.NioEventLoop.run(NioEventLoop.java:496)
	io.netty.util.concurrent.SingleThreadEventExecutor$5.run(SingleThreadEventExecutor.java:906)
	io.netty.util.internal.ThreadExecutorMap$2.run(ThreadExecutorMap.java:74)
	io.netty.util.concurrent.FastThreadLocalRunnable.run(FastThreadLocalRunnable.java:30)
	java.lang.Thread.run(Thread.java:748)
Created at:
	io.netty.buffer.SimpleLeakAwareByteBuf.unwrappedDerived(SimpleLeakAwareByteBuf.java:143)
	io.netty.buffer.SimpleLeakAwareByteBuf.readRetainedSlice(SimpleLeakAwareByteBuf.java:67)
	io.netty.buffer.AdvancedLeakAwareByteBuf.readRetainedSlice(AdvancedLeakAwareByteBuf.java:107)
	io.netty.handler.codec.http.HttpObjectDecoder.decode(HttpObjectDecoder.java:336)
	io.netty.handler.codec.http.HttpServerCodec$HttpServerRequestDecoder.decode(HttpServerCodec.java:103)
	io.netty.handler.codec.ByteToMessageDecoder.decodeRemovalReentryProtection(ByteToMessageDecoder.java:502)
	io.netty.handler.codec.ByteToMessageDecoder.callDecode(ByteToMessageDecoder.java:441)
	io.netty.handler.codec.ByteToMessageDecoder.channelRead(ByteToMessageDecoder.java:278)
	io.netty.channel.CombinedChannelDuplexHandler.channelRead(CombinedChannelDuplexHandler.java:253)
	io.netty.channel.AbstractChannelHandlerContext.invokeChannelRead(AbstractChannelHandlerContext.java:374)
	io.netty.channel.AbstractChannelHandlerContext.invokeChannelRead(AbstractChannelHandlerContext.java:360)
	io.netty.channel.AbstractChannelHandlerContext.fireChannelRead(AbstractChannelHandlerContext.java:352)
	io.netty.channel.DefaultChannelPipeline$HeadContext.channelRead(DefaultChannelPipeline.java:1408)
	io.netty.channel.AbstractChannelHandlerContext.invokeChannelRead(AbstractChannelHandlerContext.java:374)
	io.netty.channel.AbstractChannelHandlerContext.invokeChannelRead(AbstractChannelHandlerContext.java:360)
	io.netty.channel.DefaultChannelPipeline.fireChannelRead(DefaultChannelPipeline.java:930)
	io.netty.channel.nio.AbstractNioByteChannel$NioByteUnsafe.read(AbstractNioByteChannel.java:163)
	io.netty.channel.nio.NioEventLoop.processSelectedKey(NioEventLoop.java:682)
	io.netty.channel.nio.NioEventLoop.processSelectedKeysOptimized(NioEventLoop.java:617)
	io.netty.channel.nio.NioEventLoop.processSelectedKeys(NioEventLoop.java:534)
	io.netty.channel.nio.NioEventLoop.run(NioEventLoop.java:496)
	io.netty.util.concurrent.SingleThreadEventExecutor$5.run(SingleThreadEventExecutor.java:906)
	io.netty.util.internal.ThreadExecutorMap$2.run(ThreadExecutorMap.java:74)
	io.netty.util.concurrent.FastThreadLocalRunnable.run(FastThreadLocalRunnable.java:30)
	java.lang.Thread.run(Thread.java:748)
: 2 leak records were discarded because they were duplicates
: 41 leak records were discarded because the leak record count is targeted to 4. Use system property io.netty.leakDetection.targetRecords to increase the limit.
22:43:29.192 [reactor-http-nio-4] DEBUG o.s.w.r.f.c.ExchangeFunctions - [2f64c842] Response 201 CREATED
22:43:29.249 [Test worker] DEBUG o.s.w.r.f.c.ExchangeFunctions - [42b826b5] HTTP GET http://localhost:55096/json
22:43:29.251 [reactor-http-nio-4] DEBUG o.s.w.r.f.c.ExchangeFunctions - [42b826b5] Response 502 BAD_GATEWAY
22:43:29.312 [Test worker] DEBUG o.s.w.r.f.c.ExchangeFunctions - [69a7b109] HTTP GET http://localhost:55101/json
22:43:29.314 [reactor-http-nio-4] DEBUG o.s.w.r.f.c.ExchangeFunctions - [69a7b109] Response 502 BAD_GATEWAY
22:43:29.373 [Test worker] DEBUG o.s.w.r.f.c.ExchangeFunctions - [4880b478] HTTP GET http://localhost:55103/json
22:43:29.375 [reactor-http-nio-4] DEBUG o.s.w.r.f.c.ExchangeFunctions - [4880b478] Response 502 BAD_GATEWAY
22:43:29.433 [Test worker] DEBUG o.s.w.r.f.c.ExchangeFunctions - [149df345] HTTP GET http://localhost:55105/sample
22:43:29.436 [reactor-http-nio-4] DEBUG o.s.w.r.f.c.ExchangeFunctions - [149df345] Response 202 ACCEPTED
22:43:29.439 [Test worker] DEBUG o.s.w.r.f.c.ExchangeFunctions - [2fe21e58] HTTP GET http://localhost:55107/json
22:43:29.440 [reactor-http-nio-4] DEBUG o.s.w.r.f.c.ExchangeFunctions - [2fe21e58] Response 502 BAD_GATEWAY
22:43:29.445 [Test worker] DEBUG o.s.w.r.f.c.ExchangeFunctions - [1ab84604] HTTP GET http://localhost:55109/json
22:43:29.448 [reactor-http-nio-4] DEBUG o.s.w.r.f.c.ExchangeFunctions - [1ab84604] Response 201 CREATED
22:43:29.451 [Test worker] DEBUG o.s.w.r.f.c.ExchangeFunctions - [15a42a12] HTTP GET http://localhost:55111/json
22:43:29.453 [reactor-http-nio-4] DEBUG o.s.w.r.f.c.ExchangeFunctions - [15a42a12] Response 502 BAD_GATEWAY
22:43:29.461 [Test worker] DEBUG o.s.w.r.f.c.ExchangeFunctions - [789feb54] HTTP GET http://localhost:55113/json
22:43:29.463 [reactor-http-nio-4] DEBUG o.s.w.r.f.c.ExchangeFunctions - [789feb54] Response 502 BAD_GATEWAY
22:43:29.467 [Test worker] DEBUG o.s.w.r.f.c.ExchangeFunctions - [2a20d6a5] HTTP GET http://localhost:55115/json
22:43:29.469 [reactor-http-nio-4] DEBUG o.s.w.r.f.c.ExchangeFunctions - [2a20d6a5] Response 502 BAD_GATEWAY
22:43:29.473 [Test worker] DEBUG o.s.w.r.f.c.ExchangeFunctions - [474a2969] HTTP GET http://localhost:55117/sample
22:43:29.475 [reactor-http-nio-4] DEBUG o.s.w.r.f.c.ExchangeFunctions - [474a2969] Response 202 ACCEPTED
22:43:29.477 [Test worker] DEBUG o.s.w.r.f.c.ExchangeFunctions - [4c6b1398] HTTP GET http://localhost:55119/json
22:43:29.479 [reactor-http-nio-4] DEBUG o.s.w.r.f.c.ExchangeFunctions - [4c6b1398] Response 502 BAD_GATEWAY
22:43:29.483 [Test worker] DEBUG o.s.w.r.f.c.ExchangeFunctions - [73df37ea] HTTP GET http://localhost:55121/json
22:43:29.485 [reactor-http-nio-4] DEBUG o.s.w.r.f.c.ExchangeFunctions - [73df37ea] Response 201 CREATED
22:43:29.487 [Test worker] DEBUG o.s.w.r.f.c.ExchangeFunctions - [3932d415] HTTP GET http://localhost:55123/json
22:43:29.488 [reactor-http-nio-4] DEBUG o.s.w.r.f.c.ExchangeFunctions - [3932d415] Response 502 BAD_GATEWAY
22:43:29.493 [Test worker] DEBUG o.s.w.r.f.c.ExchangeFunctions - [2d63d6e0] HTTP GET http://localhost:55125/json
22:43:29.494 [reactor-http-nio-4] DEBUG o.s.w.r.f.c.ExchangeFunctions - [2d63d6e0] Response 502 BAD_GATEWAY
22:43:29.498 [Test worker] DEBUG o.s.w.r.f.c.ExchangeFunctions - [4c7e924a] HTTP GET http://localhost:55127/json
22:43:29.500 [reactor-http-nio-4] DEBUG o.s.w.r.f.c.ExchangeFunctions - [4c7e924a] Response 502 BAD_GATEWAY
]]></system-out>
  <system-err><![CDATA[十一月 25, 2020 10:43:28 下午 okhttp3.mockwebserver.MockWebServer$3 execute
信息: MockWebServer[55054] starting to accept connections
十一月 25, 2020 10:43:28 下午 okhttp3.mockwebserver.MockWebServer$4 processOneRequest
信息: MockWebServer[55054] received request: GET /sample HTTP/1.1 and responded: HTTP/1.1 202 OK
十一月 25, 2020 10:43:28 下午 okhttp3.mockwebserver.MockWebServer$3 execute
信息: MockWebServer[55056] starting to accept connections
十一月 25, 2020 10:43:28 下午 okhttp3.mockwebserver.MockWebServer$4 processOneRequest
信息: MockWebServer[55056] received request: GET /json HTTP/1.1 and responded: HTTP/1.1 502 Server Error
十一月 25, 2020 10:43:28 下午 okhttp3.mockwebserver.MockWebServer$3 execute
信息: MockWebServer[55058] starting to accept connections
十一月 25, 2020 10:43:28 下午 okhttp3.mockwebserver.MockWebServer$4 processOneRequest
信息: MockWebServer[55058] received request: GET /json HTTP/1.1 and responded: HTTP/1.1 201 OK
十一月 25, 2020 10:43:28 下午 okhttp3.mockwebserver.MockWebServer$3 execute
信息: MockWebServer[55060] starting to accept connections
十一月 25, 2020 10:43:28 下午 okhttp3.mockwebserver.MockWebServer$4 processOneRequest
信息: MockWebServer[55060] received request: GET /json HTTP/1.1 and responded: HTTP/1.1 502 Server Error
十一月 25, 2020 10:43:28 下午 okhttp3.mockwebserver.MockWebServer$3 execute
信息: MockWebServer[55062] starting to accept connections
十一月 25, 2020 10:43:28 下午 okhttp3.mockwebserver.MockWebServer$4 processOneRequest
信息: MockWebServer[55062] received request: GET /json HTTP/1.1 and responded: HTTP/1.1 502 Server Error
十一月 25, 2020 10:43:28 下午 okhttp3.mockwebserver.MockWebServer$3 execute
信息: MockWebServer[55064] starting to accept connections
十一月 25, 2020 10:43:28 下午 okhttp3.mockwebserver.MockWebServer$4 processOneRequest
信息: MockWebServer[55064] received request: GET /json HTTP/1.1 and responded: HTTP/1.1 502 Server Error
十一月 25, 2020 10:43:28 下午 okhttp3.mockwebserver.MockWebServer$3 execute
信息: MockWebServer[55066] starting to accept connections
十一月 25, 2020 10:43:28 下午 okhttp3.mockwebserver.MockWebServer$4 processOneRequest
信息: MockWebServer[55066] received request: GET /sample HTTP/1.1 and responded: HTTP/1.1 202 OK
十一月 25, 2020 10:43:28 下午 okhttp3.mockwebserver.MockWebServer$3 execute
信息: MockWebServer[55068] starting to accept connections
十一月 25, 2020 10:43:28 下午 okhttp3.mockwebserver.MockWebServer$4 processOneRequest
信息: MockWebServer[55068] received request: GET /json HTTP/1.1 and responded: HTTP/1.1 502 Server Error
十一月 25, 2020 10:43:28 下午 okhttp3.mockwebserver.MockWebServer$3 execute
信息: MockWebServer[55070] starting to accept connections
十一月 25, 2020 10:43:28 下午 okhttp3.mockwebserver.MockWebServer$4 processOneRequest
信息: MockWebServer[55070] received request: GET /json HTTP/1.1 and responded: HTTP/1.1 201 OK
十一月 25, 2020 10:43:28 下午 okhttp3.mockwebserver.MockWebServer$3 execute
信息: MockWebServer[55072] starting to accept connections
十一月 25, 2020 10:43:28 下午 okhttp3.mockwebserver.MockWebServer$4 processOneRequest
信息: MockWebServer[55072] received request: GET /json HTTP/1.1 and responded: HTTP/1.1 502 Server Error
十一月 25, 2020 10:43:28 下午 okhttp3.mockwebserver.MockWebServer$3 execute
信息: MockWebServer[55074] starting to accept connections
十一月 25, 2020 10:43:28 下午 okhttp3.mockwebserver.MockWebServer$4 processOneRequest
信息: MockWebServer[55074] received request: GET /json HTTP/1.1 and responded: HTTP/1.1 502 Server Error
十一月 25, 2020 10:43:28 下午 okhttp3.mockwebserver.MockWebServer$3 execute
信息: MockWebServer[55076] starting to accept connections
十一月 25, 2020 10:43:28 下午 okhttp3.mockwebserver.MockWebServer$4 processOneRequest
信息: MockWebServer[55076] received request: GET /json HTTP/1.1 and responded: HTTP/1.1 502 Server Error
十一月 25, 2020 10:43:28 下午 okhttp3.mockwebserver.MockWebServer$3 execute
信息: MockWebServer[55078] starting to accept connections
十一月 25, 2020 10:43:28 下午 okhttp3.mockwebserver.MockWebServer$4 processOneRequest
信息: MockWebServer[55078] received request: GET /sample HTTP/1.1 and responded: HTTP/1.1 202 OK
十一月 25, 2020 10:43:28 下午 okhttp3.mockwebserver.MockWebServer$3 execute
信息: MockWebServer[55080] starting to accept connections
十一月 25, 2020 10:43:28 下午 okhttp3.mockwebserver.MockWebServer$4 processOneRequest
信息: MockWebServer[55080] received request: GET /json HTTP/1.1 and responded: HTTP/1.1 502 Server Error
十一月 25, 2020 10:43:28 下午 okhttp3.mockwebserver.MockWebServer$3 execute
信息: MockWebServer[55082] starting to accept connections
十一月 25, 2020 10:43:28 下午 okhttp3.mockwebserver.MockWebServer$4 processOneRequest
信息: MockWebServer[55082] received request: GET /json HTTP/1.1 and responded: HTTP/1.1 201 OK
十一月 25, 2020 10:43:28 下午 okhttp3.mockwebserver.MockWebServer$3 execute
信息: MockWebServer[55084] starting to accept connections
十一月 25, 2020 10:43:28 下午 okhttp3.mockwebserver.MockWebServer$4 processOneRequest
信息: MockWebServer[55084] received request: GET /json HTTP/1.1 and responded: HTTP/1.1 502 Server Error
十一月 25, 2020 10:43:28 下午 okhttp3.mockwebserver.MockWebServer$3 execute
信息: MockWebServer[55086] starting to accept connections
十一月 25, 2020 10:43:28 下午 okhttp3.mockwebserver.MockWebServer$4 processOneRequest
信息: MockWebServer[55086] received request: GET /json HTTP/1.1 and responded: HTTP/1.1 502 Server Error
十一月 25, 2020 10:43:28 下午 okhttp3.mockwebserver.MockWebServer$3 execute
信息: MockWebServer[55088] starting to accept connections
十一月 25, 2020 10:43:28 下午 okhttp3.mockwebserver.MockWebServer$4 processOneRequest
信息: MockWebServer[55088] received request: GET /json HTTP/1.1 and responded: HTTP/1.1 502 Server Error
十一月 25, 2020 10:43:29 下午 okhttp3.mockwebserver.MockWebServer$3 execute
信息: MockWebServer[55090] starting to accept connections
十一月 25, 2020 10:43:29 下午 okhttp3.mockwebserver.MockWebServer$4 processOneRequest
信息: MockWebServer[55090] received request: GET /sample HTTP/1.1 and responded: HTTP/1.1 202 OK
十一月 25, 2020 10:43:29 下午 okhttp3.mockwebserver.MockWebServer$3 execute
信息: MockWebServer[55092] starting to accept connections
十一月 25, 2020 10:43:29 下午 okhttp3.mockwebserver.MockWebServer$4 processOneRequest
信息: MockWebServer[55092] received request: GET /json HTTP/1.1 and responded: HTTP/1.1 502 Server Error
十一月 25, 2020 10:43:29 下午 okhttp3.mockwebserver.MockWebServer$3 execute
信息: MockWebServer[55094] starting to accept connections
十一月 25, 2020 10:43:29 下午 okhttp3.mockwebserver.MockWebServer$4 processOneRequest
信息: MockWebServer[55094] received request: GET /json HTTP/1.1 and responded: HTTP/1.1 201 OK
十一月 25, 2020 10:43:29 下午 okhttp3.mockwebserver.MockWebServer$3 execute
信息: MockWebServer[55096] starting to accept connections
十一月 25, 2020 10:43:29 下午 okhttp3.mockwebserver.MockWebServer$4 processOneRequest
信息: MockWebServer[55096] received request: GET /json HTTP/1.1 and responded: HTTP/1.1 502 Server Error
十一月 25, 2020 10:43:29 下午 okhttp3.mockwebserver.MockWebServer$3 execute
信息: MockWebServer[55101] starting to accept connections
十一月 25, 2020 10:43:29 下午 okhttp3.mockwebserver.MockWebServer$4 processOneRequest
信息: MockWebServer[55101] received request: GET /json HTTP/1.1 and responded: HTTP/1.1 502 Server Error
十一月 25, 2020 10:43:29 下午 okhttp3.mockwebserver.MockWebServer$3 execute
信息: MockWebServer[55103] starting to accept connections
十一月 25, 2020 10:43:29 下午 okhttp3.mockwebserver.MockWebServer$4 processOneRequest
信息: MockWebServer[55103] received request: GET /json HTTP/1.1 and responded: HTTP/1.1 502 Server Error
十一月 25, 2020 10:43:29 下午 okhttp3.mockwebserver.MockWebServer$3 execute
信息: MockWebServer[55105] starting to accept connections
十一月 25, 2020 10:43:29 下午 okhttp3.mockwebserver.MockWebServer$4 processOneRequest
信息: MockWebServer[55105] received request: GET /sample HTTP/1.1 and responded: HTTP/1.1 202 OK
十一月 25, 2020 10:43:29 下午 okhttp3.mockwebserver.MockWebServer$3 execute
信息: MockWebServer[55107] starting to accept connections
十一月 25, 2020 10:43:29 下午 okhttp3.mockwebserver.MockWebServer$4 processOneRequest
信息: MockWebServer[55107] received request: GET /json HTTP/1.1 and responded: HTTP/1.1 502 Server Error
十一月 25, 2020 10:43:29 下午 okhttp3.mockwebserver.MockWebServer$3 execute
信息: MockWebServer[55109] starting to accept connections
十一月 25, 2020 10:43:29 下午 okhttp3.mockwebserver.MockWebServer$4 processOneRequest
信息: MockWebServer[55109] received request: GET /json HTTP/1.1 and responded: HTTP/1.1 201 OK
十一月 25, 2020 10:43:29 下午 okhttp3.mockwebserver.MockWebServer$3 execute
信息: MockWebServer[55111] starting to accept connections
十一月 25, 2020 10:43:29 下午 okhttp3.mockwebserver.MockWebServer$4 processOneRequest
信息: MockWebServer[55111] received request: GET /json HTTP/1.1 and responded: HTTP/1.1 502 Server Error
十一月 25, 2020 10:43:29 下午 okhttp3.mockwebserver.MockWebServer$3 execute
信息: MockWebServer[55113] starting to accept connections
十一月 25, 2020 10:43:29 下午 okhttp3.mockwebserver.MockWebServer$4 processOneRequest
信息: MockWebServer[55113] received request: GET /json HTTP/1.1 and responded: HTTP/1.1 502 Server Error
十一月 25, 2020 10:43:29 下午 okhttp3.mockwebserver.MockWebServer$3 execute
信息: MockWebServer[55115] starting to accept connections
十一月 25, 2020 10:43:29 下午 okhttp3.mockwebserver.MockWebServer$4 processOneRequest
信息: MockWebServer[55115] received request: GET /json HTTP/1.1 and responded: HTTP/1.1 502 Server Error
十一月 25, 2020 10:43:29 下午 okhttp3.mockwebserver.MockWebServer$3 execute
信息: MockWebServer[55117] starting to accept connections
十一月 25, 2020 10:43:29 下午 okhttp3.mockwebserver.MockWebServer$4 processOneRequest
信息: MockWebServer[55117] received request: GET /sample HTTP/1.1 and responded: HTTP/1.1 202 OK
十一月 25, 2020 10:43:29 下午 okhttp3.mockwebserver.MockWebServer$3 execute
信息: MockWebServer[55119] starting to accept connections
十一月 25, 2020 10:43:29 下午 okhttp3.mockwebserver.MockWebServer$4 processOneRequest
信息: MockWebServer[55119] received request: GET /json HTTP/1.1 and responded: HTTP/1.1 502 Server Error
十一月 25, 2020 10:43:29 下午 okhttp3.mockwebserver.MockWebServer$3 execute
信息: MockWebServer[55121] starting to accept connections
十一月 25, 2020 10:43:29 下午 okhttp3.mockwebserver.MockWebServer$4 processOneRequest
信息: MockWebServer[55121] received request: GET /json HTTP/1.1 and responded: HTTP/1.1 201 OK
十一月 25, 2020 10:43:29 下午 okhttp3.mockwebserver.MockWebServer$3 execute
信息: MockWebServer[55123] starting to accept connections
十一月 25, 2020 10:43:29 下午 okhttp3.mockwebserver.MockWebServer$4 processOneRequest
信息: MockWebServer[55123] received request: GET /json HTTP/1.1 and responded: HTTP/1.1 502 Server Error
十一月 25, 2020 10:43:29 下午 okhttp3.mockwebserver.MockWebServer$3 execute
信息: MockWebServer[55125] starting to accept connections
十一月 25, 2020 10:43:29 下午 okhttp3.mockwebserver.MockWebServer$4 processOneRequest
信息: MockWebServer[55125] received request: GET /json HTTP/1.1 and responded: HTTP/1.1 502 Server Error
十一月 25, 2020 10:43:29 下午 okhttp3.mockwebserver.MockWebServer$3 execute
信息: MockWebServer[55127] starting to accept connections
十一月 25, 2020 10:43:29 下午 okhttp3.mockwebserver.MockWebServer$4 processOneRequest
信息: MockWebServer[55127] received request: GET /json HTTP/1.1 and responded: HTTP/1.1 502 Server Error
]]></system-err>
</testsuite>
