<?xml version="1.0" encoding="UTF-8"?>
<testsuite name="org.springframework.web.reactive.function.server.RouterFunctionsTests" tests="11" skipped="0" failures="0" errors="0" timestamp="2019-06-21T11:48:55" hostname="Macbook-Air.local" time="0.231">
  <properties/>
  <testcase name="toHttpHandlerHandlerThrowsException" classname="org.springframework.web.reactive.function.server.RouterFunctionsTests" time="0.03"/>
  <testcase name="routeNoMatch" classname="org.springframework.web.reactive.function.server.RouterFunctionsTests" time="0.033"/>
  <testcase name="toHttpHandlerWebFilter" classname="org.springframework.web.reactive.function.server.RouterFunctionsTests" time="0.029"/>
  <testcase name="toHttpHandlerNormal" classname="org.springframework.web.reactive.function.server.RouterFunctionsTests" time="0.016"/>
  <testcase name="nestNoMatch" classname="org.springframework.web.reactive.function.server.RouterFunctionsTests" time="0.016"/>
  <testcase name="toHttpHandlerHandlerResponseStatusException" classname="org.springframework.web.reactive.function.server.RouterFunctionsTests" time="0.014"/>
  <testcase name="toHttpHandlerHandlerReturnResponseStatusExceptionInResponseWriteTo" classname="org.springframework.web.reactive.function.server.RouterFunctionsTests" time="0.021"/>
  <testcase name="toHttpHandlerHandlerReturnsException" classname="org.springframework.web.reactive.function.server.RouterFunctionsTests" time="0.018"/>
  <testcase name="routeMatch" classname="org.springframework.web.reactive.function.server.RouterFunctionsTests" time="0.021"/>
  <testcase name="nestMatch" classname="org.springframework.web.reactive.function.server.RouterFunctionsTests" time="0.016"/>
  <testcase name="toHttpHandlerHandlerThrowResponseStatusExceptionInResponseWriteTo" classname="org.springframework.web.reactive.function.server.RouterFunctionsTests" time="0.017"/>
  <system-out><![CDATA[19:48:55.291 [Test worker] DEBUG o.s.w.s.a.HttpWebHandlerAdapter - enableLoggingRequestDetails='false': form data and headers will be masked to prevent unsafe logging of potentially sensitive data
19:48:55.291 [Test worker] DEBUG o.s.w.s.a.HttpWebHandlerAdapter - [7242b688] HTTP GET ""
19:48:55.291 [Test worker] ERROR o.s.w.s.a.HttpWebHandlerAdapter - [7242b688] 500 Server Error for HTTP GET ""
java.lang.IllegalStateException: null
	at org.springframework.web.reactive.function.server.RouterFunctionsTests.lambda$toHttpHandlerHandlerThrowsException$7(RouterFunctionsTests.java:142) ~[test/:?]
	at org.springframework.web.reactive.function.server.RouterFunctions$RouterFunctionWebHandler.lambda$null$1(RouterFunctions.java:1006) ~[main/:?]
	at org.springframework.web.reactive.function.server.RouterFunctions$RouterFunctionWebHandler.wrapException(RouterFunctions.java:1024) ~[main/:?]
	at org.springframework.web.reactive.function.server.RouterFunctions$RouterFunctionWebHandler.lambda$null$2(RouterFunctions.java:1006) ~[main/:?]
	at reactor.core.publisher.FluxFlatMap.trySubscribeScalarMap(FluxFlatMap.java:141) [reactor-core-3.3.0.M2.jar:3.3.0.M2]
	at reactor.core.publisher.MonoFlatMap.subscribe(MonoFlatMap.java:53) [reactor-core-3.3.0.M2.jar:3.3.0.M2]
	at reactor.core.publisher.MonoFlatMap.subscribe(MonoFlatMap.java:60) [reactor-core-3.3.0.M2.jar:3.3.0.M2]
	at reactor.core.publisher.MonoDefer.subscribe(MonoDefer.java:52) [reactor-core-3.3.0.M2.jar:3.3.0.M2]
	at reactor.core.publisher.MonoDefer.subscribe(MonoDefer.java:52) [reactor-core-3.3.0.M2.jar:3.3.0.M2]
	at reactor.core.publisher.MonoOnErrorResume.subscribe(MonoOnErrorResume.java:44) [reactor-core-3.3.0.M2.jar:3.3.0.M2]
	at reactor.core.publisher.MonoOnErrorResume.subscribe(MonoOnErrorResume.java:44) [reactor-core-3.3.0.M2.jar:3.3.0.M2]
	at reactor.core.publisher.MonoPeekTerminal.subscribe(MonoPeekTerminal.java:61) [reactor-core-3.3.0.M2.jar:3.3.0.M2]
	at reactor.core.publisher.MonoOnErrorResume.subscribe(MonoOnErrorResume.java:44) [reactor-core-3.3.0.M2.jar:3.3.0.M2]
	at reactor.core.publisher.Mono.subscribe(Mono.java:3850) [reactor-core-3.3.0.M2.jar:3.3.0.M2]
	at reactor.core.publisher.MonoIgnoreThen$ThenIgnoreMain.drain(MonoIgnoreThen.java:172) [reactor-core-3.3.0.M2.jar:3.3.0.M2]
	at reactor.core.publisher.MonoIgnoreThen.subscribe(MonoIgnoreThen.java:56) [reactor-core-3.3.0.M2.jar:3.3.0.M2]
	at reactor.core.publisher.Mono.block(Mono.java:1495) [reactor-core-3.3.0.M2.jar:3.3.0.M2]
	at org.springframework.web.reactive.function.server.RouterFunctionsTests.toHttpHandlerHandlerThrowsException(RouterFunctionsTests.java:152) [test/:?]
	at sun.reflect.NativeMethodAccessorImpl.invoke0(Native Method) ~[?:1.8.0_144]
	at sun.reflect.NativeMethodAccessorImpl.invoke(NativeMethodAccessorImpl.java:62) ~[?:1.8.0_144]
	at sun.reflect.DelegatingMethodAccessorImpl.invoke(DelegatingMethodAccessorImpl.java:43) ~[?:1.8.0_144]
	at java.lang.reflect.Method.invoke(Method.java:498) ~[?:1.8.0_144]
	at org.junit.runners.model.FrameworkMethod$1.runReflectiveCall(FrameworkMethod.java:59) [junit-4.13-beta-3.jar:4.13-beta-3]
	at org.junit.internal.runners.model.ReflectiveCallable.run(ReflectiveCallable.java:12) [junit-4.13-beta-3.jar:4.13-beta-3]
	at org.junit.runners.model.FrameworkMethod.invokeExplosively(FrameworkMethod.java:56) [junit-4.13-beta-3.jar:4.13-beta-3]
	at org.junit.internal.runners.statements.InvokeMethod.evaluate(InvokeMethod.java:17) [junit-4.13-beta-3.jar:4.13-beta-3]
	at org.junit.runners.ParentRunner$3.evaluate(ParentRunner.java:305) [junit-4.13-beta-3.jar:4.13-beta-3]
	at org.junit.runners.BlockJUnit4ClassRunner$1.evaluate(BlockJUnit4ClassRunner.java:100) [junit-4.13-beta-3.jar:4.13-beta-3]
	at org.junit.runners.ParentRunner.runLeaf(ParentRunner.java:365) [junit-4.13-beta-3.jar:4.13-beta-3]
	at org.junit.runners.BlockJUnit4ClassRunner.runChild(BlockJUnit4ClassRunner.java:103) [junit-4.13-beta-3.jar:4.13-beta-3]
	at org.junit.runners.BlockJUnit4ClassRunner.runChild(BlockJUnit4ClassRunner.java:63) [junit-4.13-beta-3.jar:4.13-beta-3]
	at org.junit.runners.ParentRunner$4.run(ParentRunner.java:330) [junit-4.13-beta-3.jar:4.13-beta-3]
	at org.junit.runners.ParentRunner$1.schedule(ParentRunner.java:78) [junit-4.13-beta-3.jar:4.13-beta-3]
	at org.junit.runners.ParentRunner.runChildren(ParentRunner.java:328) [junit-4.13-beta-3.jar:4.13-beta-3]
	at org.junit.runners.ParentRunner.access$100(ParentRunner.java:65) [junit-4.13-beta-3.jar:4.13-beta-3]
	at org.junit.runners.ParentRunner$2.evaluate(ParentRunner.java:292) [junit-4.13-beta-3.jar:4.13-beta-3]
	at org.junit.runners.ParentRunner$3.evaluate(ParentRunner.java:305) [junit-4.13-beta-3.jar:4.13-beta-3]
	at org.junit.runners.ParentRunner.run(ParentRunner.java:412) [junit-4.13-beta-3.jar:4.13-beta-3]
	at org.gradle.api.internal.tasks.testing.junit.JUnitTestClassExecutor.runTestClass(JUnitTestClassExecutor.java:110) [gradle-testing-jvm-5.0.jar:5.0]
	at org.gradle.api.internal.tasks.testing.junit.JUnitTestClassExecutor.execute(JUnitTestClassExecutor.java:58) [gradle-testing-jvm-5.0.jar:5.0]
	at org.gradle.api.internal.tasks.testing.junit.JUnitTestClassExecutor.execute(JUnitTestClassExecutor.java:38) [gradle-testing-jvm-5.0.jar:5.0]
	at org.gradle.api.internal.tasks.testing.junit.AbstractJUnitTestClassProcessor.processTestClass(AbstractJUnitTestClassProcessor.java:66) [gradle-testing-jvm-5.0.jar:5.0]
	at org.gradle.api.internal.tasks.testing.SuiteTestClassProcessor.processTestClass(SuiteTestClassProcessor.java:51) [gradle-testing-base-5.0.jar:5.0]
	at sun.reflect.GeneratedMethodAccessor48.invoke(Unknown Source) ~[?:?]
	at sun.reflect.DelegatingMethodAccessorImpl.invoke(DelegatingMethodAccessorImpl.java:43) ~[?:1.8.0_144]
	at java.lang.reflect.Method.invoke(Method.java:498) ~[?:1.8.0_144]
	at org.gradle.internal.dispatch.ReflectionDispatch.dispatch(ReflectionDispatch.java:35) [gradle-messaging-5.0.jar:5.0]
	at org.gradle.internal.dispatch.ReflectionDispatch.dispatch(ReflectionDispatch.java:24) [gradle-messaging-5.0.jar:5.0]
	at org.gradle.internal.dispatch.ContextClassLoaderDispatch.dispatch(ContextClassLoaderDispatch.java:32) [gradle-messaging-5.0.jar:5.0]
	at org.gradle.internal.dispatch.ProxyDispatchAdapter$DispatchingInvocationHandler.invoke(ProxyDispatchAdapter.java:93) [gradle-messaging-5.0.jar:5.0]
	at com.sun.proxy.$Proxy2.processTestClass(Unknown Source) [?:?]
	at org.gradle.api.internal.tasks.testing.worker.TestWorker.processTestClass(TestWorker.java:118) [gradle-testing-base-5.0.jar:5.0]
	at sun.reflect.GeneratedMethodAccessor47.invoke(Unknown Source) ~[?:?]
	at sun.reflect.DelegatingMethodAccessorImpl.invoke(DelegatingMethodAccessorImpl.java:43) ~[?:1.8.0_144]
	at java.lang.reflect.Method.invoke(Method.java:498) ~[?:1.8.0_144]
	at org.gradle.internal.dispatch.ReflectionDispatch.dispatch(ReflectionDispatch.java:35) [gradle-messaging-5.0.jar:5.0]
	at org.gradle.internal.dispatch.ReflectionDispatch.dispatch(ReflectionDispatch.java:24) [gradle-messaging-5.0.jar:5.0]
	at org.gradle.internal.remote.internal.hub.MessageHubBackedObjectConnection$DispatchWrapper.dispatch(MessageHubBackedObjectConnection.java:175) [gradle-messaging-5.0.jar:5.0]
	at org.gradle.internal.remote.internal.hub.MessageHubBackedObjectConnection$DispatchWrapper.dispatch(MessageHubBackedObjectConnection.java:157) [gradle-messaging-5.0.jar:5.0]
	at org.gradle.internal.remote.internal.hub.MessageHub$Handler.run(MessageHub.java:404) [gradle-messaging-5.0.jar:5.0]
	at org.gradle.internal.concurrent.ExecutorPolicy$CatchAndRecordFailures.onExecute(ExecutorPolicy.java:63) [gradle-base-services-5.0.jar:5.0]
	at org.gradle.internal.concurrent.ManagedExecutorImpl$1.run(ManagedExecutorImpl.java:46) [gradle-base-services-5.0.jar:5.0]
	at java.util.concurrent.ThreadPoolExecutor.runWorker(ThreadPoolExecutor.java:1149) [?:1.8.0_144]
	at java.util.concurrent.ThreadPoolExecutor$Worker.run(ThreadPoolExecutor.java:624) [?:1.8.0_144]
	at org.gradle.internal.concurrent.ThreadFactoryImpl$ManagedThreadRunnable.run(ThreadFactoryImpl.java:55) [gradle-base-services-5.0.jar:5.0]
	at java.lang.Thread.run(Thread.java:748) [?:1.8.0_144]
	Suppressed: reactor.core.publisher.FluxOnAssembly$OnAssemblyException: 
Error has been observed at the following site(s):
	|_ checkpoint ⇢ HTTP GET "" [ExceptionHandlingWebHandler]

19:48:55.357 [Test worker] DEBUG o.s.w.s.a.HttpWebHandlerAdapter - enableLoggingRequestDetails='false': form data and headers will be masked to prevent unsafe logging of potentially sensitive data
19:48:55.358 [Test worker] DEBUG o.s.w.s.a.HttpWebHandlerAdapter - [64ed053c] HTTP GET ""
19:48:55.358 [Test worker] DEBUG o.s.w.s.a.HttpWebHandlerAdapter - [64ed053c] Completed 202 ACCEPTED
19:48:55.373 [Test worker] DEBUG o.s.w.s.a.HttpWebHandlerAdapter - enableLoggingRequestDetails='false': form data and headers will be masked to prevent unsafe logging of potentially sensitive data
19:48:55.373 [Test worker] DEBUG o.s.w.s.a.HttpWebHandlerAdapter - [1749a1f0] HTTP GET ""
19:48:55.374 [Test worker] DEBUG o.s.w.s.a.HttpWebHandlerAdapter - [1749a1f0] Completed 202 ACCEPTED
19:48:55.403 [Test worker] DEBUG o.s.w.s.a.HttpWebHandlerAdapter - enableLoggingRequestDetails='false': form data and headers will be masked to prevent unsafe logging of potentially sensitive data
19:48:55.404 [Test worker] DEBUG o.s.w.s.a.HttpWebHandlerAdapter - [459c37ea] HTTP GET ""
19:48:55.404 [Test worker] DEBUG o.s.w.s.h.ResponseStatusExceptionHandler - [459c37ea] Resolved [ResponseStatusException: 404 NOT_FOUND "Not found"] for HTTP GET 
19:48:55.404 [Test worker] DEBUG o.s.w.s.a.HttpWebHandlerAdapter - [459c37ea] Completed 404 NOT_FOUND
19:48:55.418 [Test worker] DEBUG o.s.w.s.a.HttpWebHandlerAdapter - enableLoggingRequestDetails='false': form data and headers will be masked to prevent unsafe logging of potentially sensitive data
19:48:55.418 [Test worker] DEBUG o.s.w.s.a.HttpWebHandlerAdapter - [7e837d2] HTTP GET ""
19:48:55.424 [Test worker] DEBUG o.s.w.s.h.ResponseStatusExceptionHandler - [7e837d2] Resolved [ResponseStatusException: 404 NOT_FOUND "Not found"] for HTTP GET 
19:48:55.425 [Test worker] DEBUG o.s.w.s.a.HttpWebHandlerAdapter - [7e837d2] Completed 404 NOT_FOUND
19:48:55.440 [Test worker] DEBUG o.s.w.s.a.HttpWebHandlerAdapter - enableLoggingRequestDetails='false': form data and headers will be masked to prevent unsafe logging of potentially sensitive data
19:48:55.440 [Test worker] DEBUG o.s.w.s.a.HttpWebHandlerAdapter - [1961da67] HTTP GET ""
19:48:55.440 [Test worker] ERROR o.s.w.s.a.HttpWebHandlerAdapter - [1961da67] 500 Server Error for HTTP GET ""
java.lang.IllegalStateException: null
	at org.springframework.web.reactive.function.server.RouterFunctionsTests.lambda$toHttpHandlerHandlerReturnsException$8(RouterFunctionsTests.java:159) ~[test/:?]
	at org.springframework.web.reactive.function.server.RouterFunctions$RouterFunctionWebHandler.lambda$null$1(RouterFunctions.java:1006) ~[main/:?]
	at org.springframework.web.reactive.function.server.RouterFunctions$RouterFunctionWebHandler.wrapException(RouterFunctions.java:1024) ~[main/:?]
	at org.springframework.web.reactive.function.server.RouterFunctions$RouterFunctionWebHandler.lambda$null$2(RouterFunctions.java:1006) ~[main/:?]
	at reactor.core.publisher.FluxFlatMap.trySubscribeScalarMap(FluxFlatMap.java:141) [reactor-core-3.3.0.M2.jar:3.3.0.M2]
	at reactor.core.publisher.MonoFlatMap.subscribe(MonoFlatMap.java:53) [reactor-core-3.3.0.M2.jar:3.3.0.M2]
	at reactor.core.publisher.MonoFlatMap.subscribe(MonoFlatMap.java:60) [reactor-core-3.3.0.M2.jar:3.3.0.M2]
	at reactor.core.publisher.MonoDefer.subscribe(MonoDefer.java:52) [reactor-core-3.3.0.M2.jar:3.3.0.M2]
	at reactor.core.publisher.MonoDefer.subscribe(MonoDefer.java:52) [reactor-core-3.3.0.M2.jar:3.3.0.M2]
	at reactor.core.publisher.MonoOnErrorResume.subscribe(MonoOnErrorResume.java:44) [reactor-core-3.3.0.M2.jar:3.3.0.M2]
	at reactor.core.publisher.MonoOnErrorResume.subscribe(MonoOnErrorResume.java:44) [reactor-core-3.3.0.M2.jar:3.3.0.M2]
	at reactor.core.publisher.MonoPeekTerminal.subscribe(MonoPeekTerminal.java:61) [reactor-core-3.3.0.M2.jar:3.3.0.M2]
	at reactor.core.publisher.MonoOnErrorResume.subscribe(MonoOnErrorResume.java:44) [reactor-core-3.3.0.M2.jar:3.3.0.M2]
	at reactor.core.publisher.Mono.subscribe(Mono.java:3850) [reactor-core-3.3.0.M2.jar:3.3.0.M2]
	at reactor.core.publisher.MonoIgnoreThen$ThenIgnoreMain.drain(MonoIgnoreThen.java:172) [reactor-core-3.3.0.M2.jar:3.3.0.M2]
	at reactor.core.publisher.MonoIgnoreThen.subscribe(MonoIgnoreThen.java:56) [reactor-core-3.3.0.M2.jar:3.3.0.M2]
	at reactor.core.publisher.Mono.block(Mono.java:1495) [reactor-core-3.3.0.M2.jar:3.3.0.M2]
	at org.springframework.web.reactive.function.server.RouterFunctionsTests.toHttpHandlerHandlerReturnsException(RouterFunctionsTests.java:168) [test/:?]
	at sun.reflect.NativeMethodAccessorImpl.invoke0(Native Method) ~[?:1.8.0_144]
	at sun.reflect.NativeMethodAccessorImpl.invoke(NativeMethodAccessorImpl.java:62) ~[?:1.8.0_144]
	at sun.reflect.DelegatingMethodAccessorImpl.invoke(DelegatingMethodAccessorImpl.java:43) ~[?:1.8.0_144]
	at java.lang.reflect.Method.invoke(Method.java:498) ~[?:1.8.0_144]
	at org.junit.runners.model.FrameworkMethod$1.runReflectiveCall(FrameworkMethod.java:59) [junit-4.13-beta-3.jar:4.13-beta-3]
	at org.junit.internal.runners.model.ReflectiveCallable.run(ReflectiveCallable.java:12) [junit-4.13-beta-3.jar:4.13-beta-3]
	at org.junit.runners.model.FrameworkMethod.invokeExplosively(FrameworkMethod.java:56) [junit-4.13-beta-3.jar:4.13-beta-3]
	at org.junit.internal.runners.statements.InvokeMethod.evaluate(InvokeMethod.java:17) [junit-4.13-beta-3.jar:4.13-beta-3]
	at org.junit.runners.ParentRunner$3.evaluate(ParentRunner.java:305) [junit-4.13-beta-3.jar:4.13-beta-3]
	at org.junit.runners.BlockJUnit4ClassRunner$1.evaluate(BlockJUnit4ClassRunner.java:100) [junit-4.13-beta-3.jar:4.13-beta-3]
	at org.junit.runners.ParentRunner.runLeaf(ParentRunner.java:365) [junit-4.13-beta-3.jar:4.13-beta-3]
	at org.junit.runners.BlockJUnit4ClassRunner.runChild(BlockJUnit4ClassRunner.java:103) [junit-4.13-beta-3.jar:4.13-beta-3]
	at org.junit.runners.BlockJUnit4ClassRunner.runChild(BlockJUnit4ClassRunner.java:63) [junit-4.13-beta-3.jar:4.13-beta-3]
	at org.junit.runners.ParentRunner$4.run(ParentRunner.java:330) [junit-4.13-beta-3.jar:4.13-beta-3]
	at org.junit.runners.ParentRunner$1.schedule(ParentRunner.java:78) [junit-4.13-beta-3.jar:4.13-beta-3]
	at org.junit.runners.ParentRunner.runChildren(ParentRunner.java:328) [junit-4.13-beta-3.jar:4.13-beta-3]
	at org.junit.runners.ParentRunner.access$100(ParentRunner.java:65) [junit-4.13-beta-3.jar:4.13-beta-3]
	at org.junit.runners.ParentRunner$2.evaluate(ParentRunner.java:292) [junit-4.13-beta-3.jar:4.13-beta-3]
	at org.junit.runners.ParentRunner$3.evaluate(ParentRunner.java:305) [junit-4.13-beta-3.jar:4.13-beta-3]
	at org.junit.runners.ParentRunner.run(ParentRunner.java:412) [junit-4.13-beta-3.jar:4.13-beta-3]
	at org.gradle.api.internal.tasks.testing.junit.JUnitTestClassExecutor.runTestClass(JUnitTestClassExecutor.java:110) [gradle-testing-jvm-5.0.jar:5.0]
	at org.gradle.api.internal.tasks.testing.junit.JUnitTestClassExecutor.execute(JUnitTestClassExecutor.java:58) [gradle-testing-jvm-5.0.jar:5.0]
	at org.gradle.api.internal.tasks.testing.junit.JUnitTestClassExecutor.execute(JUnitTestClassExecutor.java:38) [gradle-testing-jvm-5.0.jar:5.0]
	at org.gradle.api.internal.tasks.testing.junit.AbstractJUnitTestClassProcessor.processTestClass(AbstractJUnitTestClassProcessor.java:66) [gradle-testing-jvm-5.0.jar:5.0]
	at org.gradle.api.internal.tasks.testing.SuiteTestClassProcessor.processTestClass(SuiteTestClassProcessor.java:51) [gradle-testing-base-5.0.jar:5.0]
	at sun.reflect.GeneratedMethodAccessor48.invoke(Unknown Source) ~[?:?]
	at sun.reflect.DelegatingMethodAccessorImpl.invoke(DelegatingMethodAccessorImpl.java:43) ~[?:1.8.0_144]
	at java.lang.reflect.Method.invoke(Method.java:498) ~[?:1.8.0_144]
	at org.gradle.internal.dispatch.ReflectionDispatch.dispatch(ReflectionDispatch.java:35) [gradle-messaging-5.0.jar:5.0]
	at org.gradle.internal.dispatch.ReflectionDispatch.dispatch(ReflectionDispatch.java:24) [gradle-messaging-5.0.jar:5.0]
	at org.gradle.internal.dispatch.ContextClassLoaderDispatch.dispatch(ContextClassLoaderDispatch.java:32) [gradle-messaging-5.0.jar:5.0]
	at org.gradle.internal.dispatch.ProxyDispatchAdapter$DispatchingInvocationHandler.invoke(ProxyDispatchAdapter.java:93) [gradle-messaging-5.0.jar:5.0]
	at com.sun.proxy.$Proxy2.processTestClass(Unknown Source) [?:?]
	at org.gradle.api.internal.tasks.testing.worker.TestWorker.processTestClass(TestWorker.java:118) [gradle-testing-base-5.0.jar:5.0]
	at sun.reflect.GeneratedMethodAccessor47.invoke(Unknown Source) ~[?:?]
	at sun.reflect.DelegatingMethodAccessorImpl.invoke(DelegatingMethodAccessorImpl.java:43) ~[?:1.8.0_144]
	at java.lang.reflect.Method.invoke(Method.java:498) ~[?:1.8.0_144]
	at org.gradle.internal.dispatch.ReflectionDispatch.dispatch(ReflectionDispatch.java:35) [gradle-messaging-5.0.jar:5.0]
	at org.gradle.internal.dispatch.ReflectionDispatch.dispatch(ReflectionDispatch.java:24) [gradle-messaging-5.0.jar:5.0]
	at org.gradle.internal.remote.internal.hub.MessageHubBackedObjectConnection$DispatchWrapper.dispatch(MessageHubBackedObjectConnection.java:175) [gradle-messaging-5.0.jar:5.0]
	at org.gradle.internal.remote.internal.hub.MessageHubBackedObjectConnection$DispatchWrapper.dispatch(MessageHubBackedObjectConnection.java:157) [gradle-messaging-5.0.jar:5.0]
	at org.gradle.internal.remote.internal.hub.MessageHub$Handler.run(MessageHub.java:404) [gradle-messaging-5.0.jar:5.0]
	at org.gradle.internal.concurrent.ExecutorPolicy$CatchAndRecordFailures.onExecute(ExecutorPolicy.java:63) [gradle-base-services-5.0.jar:5.0]
	at org.gradle.internal.concurrent.ManagedExecutorImpl$1.run(ManagedExecutorImpl.java:46) [gradle-base-services-5.0.jar:5.0]
	at java.util.concurrent.ThreadPoolExecutor.runWorker(ThreadPoolExecutor.java:1149) [?:1.8.0_144]
	at java.util.concurrent.ThreadPoolExecutor$Worker.run(ThreadPoolExecutor.java:624) [?:1.8.0_144]
	at org.gradle.internal.concurrent.ThreadFactoryImpl$ManagedThreadRunnable.run(ThreadFactoryImpl.java:55) [gradle-base-services-5.0.jar:5.0]
	at java.lang.Thread.run(Thread.java:748) [?:1.8.0_144]
	Suppressed: reactor.core.publisher.FluxOnAssembly$OnAssemblyException: 
Error has been observed at the following site(s):
	|_ checkpoint ⇢ HTTP GET "" [ExceptionHandlingWebHandler]

19:48:55.494 [Test worker] DEBUG o.s.w.s.a.HttpWebHandlerAdapter - enableLoggingRequestDetails='false': form data and headers will be masked to prevent unsafe logging of potentially sensitive data
19:48:55.494 [Test worker] DEBUG o.s.w.s.a.HttpWebHandlerAdapter - [62761f1e] HTTP GET ""
19:48:55.497 [Test worker] DEBUG o.s.w.s.h.ResponseStatusExceptionHandler - [62761f1e] Resolved [ResponseStatusException: 404 NOT_FOUND "Not found"] for HTTP GET 
19:48:55.497 [Test worker] DEBUG o.s.w.s.a.HttpWebHandlerAdapter - [62761f1e] Completed 404 NOT_FOUND
]]></system-out>
  <system-err><![CDATA[]]></system-err>
</testsuite>
