<?xml version="1.0" encoding="UTF-8"?>
<testsuite name="org.springframework.web.reactive.result.method.annotation.JacksonHintsIntegrationTests" tests="36" skipped="0" failures="0" errors="0" timestamp="2020-11-25T14:42:36" hostname="lichangbaodeMacBook-Pro.local" time="2.953">
  <properties/>
  <testcase name="jsonViewWithEntityMonoRequest[server [org.springframework.http.server.reactive.bootstrap.JettyHttpServer@2e041f11]]" classname="org.springframework.web.reactive.result.method.annotation.JacksonHintsIntegrationTests" time="0.092"/>
  <testcase name="jsonViewWithRequest[server [org.springframework.http.server.reactive.bootstrap.JettyHttpServer@2e041f11]]" classname="org.springframework.web.reactive.result.method.annotation.JacksonHintsIntegrationTests" time="0.078"/>
  <testcase name="jsonViewWithMonoResponseEntity[server [org.springframework.http.server.reactive.bootstrap.JettyHttpServer@2e041f11]]" classname="org.springframework.web.reactive.result.method.annotation.JacksonHintsIntegrationTests" time="0.075"/>
  <testcase name="jsonViewWithFluxRequest[server [org.springframework.http.server.reactive.bootstrap.JettyHttpServer@2e041f11]]" classname="org.springframework.web.reactive.result.method.annotation.JacksonHintsIntegrationTests" time="0.077"/>
  <testcase name="jsonViewWithMonoRequest[server [org.springframework.http.server.reactive.bootstrap.JettyHttpServer@2e041f11]]" classname="org.springframework.web.reactive.result.method.annotation.JacksonHintsIntegrationTests" time="0.075"/>
  <testcase name="jsonViewResponse[server [org.springframework.http.server.reactive.bootstrap.JettyHttpServer@2e041f11]]" classname="org.springframework.web.reactive.result.method.annotation.JacksonHintsIntegrationTests" time="0.078"/>
  <testcase name="jsonViewWithFluxResponse[server [org.springframework.http.server.reactive.bootstrap.JettyHttpServer@2e041f11]]" classname="org.springframework.web.reactive.result.method.annotation.JacksonHintsIntegrationTests" time="0.075"/>
  <testcase name="jsonViewWithEntityFluxRequest[server [org.springframework.http.server.reactive.bootstrap.JettyHttpServer@2e041f11]]" classname="org.springframework.web.reactive.result.method.annotation.JacksonHintsIntegrationTests" time="0.08"/>
  <testcase name="jsonViewWithMonoResponse[server [org.springframework.http.server.reactive.bootstrap.JettyHttpServer@2e041f11]]" classname="org.springframework.web.reactive.result.method.annotation.JacksonHintsIntegrationTests" time="0.074"/>
  <testcase name="jsonViewWithEntityMonoRequest[server [org.springframework.http.server.reactive.bootstrap.ReactorHttpServer@7bc3b45f]]" classname="org.springframework.web.reactive.result.method.annotation.JacksonHintsIntegrationTests" time="0.079"/>
  <testcase name="jsonViewWithRequest[server [org.springframework.http.server.reactive.bootstrap.ReactorHttpServer@7bc3b45f]]" classname="org.springframework.web.reactive.result.method.annotation.JacksonHintsIntegrationTests" time="0.072"/>
  <testcase name="jsonViewWithMonoResponseEntity[server [org.springframework.http.server.reactive.bootstrap.ReactorHttpServer@7bc3b45f]]" classname="org.springframework.web.reactive.result.method.annotation.JacksonHintsIntegrationTests" time="0.069"/>
  <testcase name="jsonViewWithFluxRequest[server [org.springframework.http.server.reactive.bootstrap.ReactorHttpServer@7bc3b45f]]" classname="org.springframework.web.reactive.result.method.annotation.JacksonHintsIntegrationTests" time="0.074"/>
  <testcase name="jsonViewWithMonoRequest[server [org.springframework.http.server.reactive.bootstrap.ReactorHttpServer@7bc3b45f]]" classname="org.springframework.web.reactive.result.method.annotation.JacksonHintsIntegrationTests" time="0.078"/>
  <testcase name="jsonViewResponse[server [org.springframework.http.server.reactive.bootstrap.ReactorHttpServer@7bc3b45f]]" classname="org.springframework.web.reactive.result.method.annotation.JacksonHintsIntegrationTests" time="0.072"/>
  <testcase name="jsonViewWithFluxResponse[server [org.springframework.http.server.reactive.bootstrap.ReactorHttpServer@7bc3b45f]]" classname="org.springframework.web.reactive.result.method.annotation.JacksonHintsIntegrationTests" time="0.072"/>
  <testcase name="jsonViewWithEntityFluxRequest[server [org.springframework.http.server.reactive.bootstrap.ReactorHttpServer@7bc3b45f]]" classname="org.springframework.web.reactive.result.method.annotation.JacksonHintsIntegrationTests" time="0.072"/>
  <testcase name="jsonViewWithMonoResponse[server [org.springframework.http.server.reactive.bootstrap.ReactorHttpServer@7bc3b45f]]" classname="org.springframework.web.reactive.result.method.annotation.JacksonHintsIntegrationTests" time="0.072"/>
  <testcase name="jsonViewWithEntityMonoRequest[server [org.springframework.http.server.reactive.bootstrap.TomcatHttpServer@2a9998e0]]" classname="org.springframework.web.reactive.result.method.annotation.JacksonHintsIntegrationTests" time="0.087"/>
  <testcase name="jsonViewWithRequest[server [org.springframework.http.server.reactive.bootstrap.TomcatHttpServer@2a9998e0]]" classname="org.springframework.web.reactive.result.method.annotation.JacksonHintsIntegrationTests" time="0.104"/>
  <testcase name="jsonViewWithMonoResponseEntity[server [org.springframework.http.server.reactive.bootstrap.TomcatHttpServer@2a9998e0]]" classname="org.springframework.web.reactive.result.method.annotation.JacksonHintsIntegrationTests" time="0.097"/>
  <testcase name="jsonViewWithFluxRequest[server [org.springframework.http.server.reactive.bootstrap.TomcatHttpServer@2a9998e0]]" classname="org.springframework.web.reactive.result.method.annotation.JacksonHintsIntegrationTests" time="0.104"/>
  <testcase name="jsonViewWithMonoRequest[server [org.springframework.http.server.reactive.bootstrap.TomcatHttpServer@2a9998e0]]" classname="org.springframework.web.reactive.result.method.annotation.JacksonHintsIntegrationTests" time="0.107"/>
  <testcase name="jsonViewResponse[server [org.springframework.http.server.reactive.bootstrap.TomcatHttpServer@2a9998e0]]" classname="org.springframework.web.reactive.result.method.annotation.JacksonHintsIntegrationTests" time="0.097"/>
  <testcase name="jsonViewWithFluxResponse[server [org.springframework.http.server.reactive.bootstrap.TomcatHttpServer@2a9998e0]]" classname="org.springframework.web.reactive.result.method.annotation.JacksonHintsIntegrationTests" time="0.096"/>
  <testcase name="jsonViewWithEntityFluxRequest[server [org.springframework.http.server.reactive.bootstrap.TomcatHttpServer@2a9998e0]]" classname="org.springframework.web.reactive.result.method.annotation.JacksonHintsIntegrationTests" time="0.1"/>
  <testcase name="jsonViewWithMonoResponse[server [org.springframework.http.server.reactive.bootstrap.TomcatHttpServer@2a9998e0]]" classname="org.springframework.web.reactive.result.method.annotation.JacksonHintsIntegrationTests" time="0.091"/>
  <testcase name="jsonViewWithEntityMonoRequest[server [org.springframework.http.server.reactive.bootstrap.UndertowHttpServer@321374f]]" classname="org.springframework.web.reactive.result.method.annotation.JacksonHintsIntegrationTests" time="0.098"/>
  <testcase name="jsonViewWithRequest[server [org.springframework.http.server.reactive.bootstrap.UndertowHttpServer@321374f]]" classname="org.springframework.web.reactive.result.method.annotation.JacksonHintsIntegrationTests" time="0.084"/>
  <testcase name="jsonViewWithMonoResponseEntity[server [org.springframework.http.server.reactive.bootstrap.UndertowHttpServer@321374f]]" classname="org.springframework.web.reactive.result.method.annotation.JacksonHintsIntegrationTests" time="0.077"/>
  <testcase name="jsonViewWithFluxRequest[server [org.springframework.http.server.reactive.bootstrap.UndertowHttpServer@321374f]]" classname="org.springframework.web.reactive.result.method.annotation.JacksonHintsIntegrationTests" time="0.075"/>
  <testcase name="jsonViewWithMonoRequest[server [org.springframework.http.server.reactive.bootstrap.UndertowHttpServer@321374f]]" classname="org.springframework.web.reactive.result.method.annotation.JacksonHintsIntegrationTests" time="0.073"/>
  <testcase name="jsonViewResponse[server [org.springframework.http.server.reactive.bootstrap.UndertowHttpServer@321374f]]" classname="org.springframework.web.reactive.result.method.annotation.JacksonHintsIntegrationTests" time="0.073"/>
  <testcase name="jsonViewWithFluxResponse[server [org.springframework.http.server.reactive.bootstrap.UndertowHttpServer@321374f]]" classname="org.springframework.web.reactive.result.method.annotation.JacksonHintsIntegrationTests" time="0.072"/>
  <testcase name="jsonViewWithEntityFluxRequest[server [org.springframework.http.server.reactive.bootstrap.UndertowHttpServer@321374f]]" classname="org.springframework.web.reactive.result.method.annotation.JacksonHintsIntegrationTests" time="0.078"/>
  <testcase name="jsonViewWithMonoResponse[server [org.springframework.http.server.reactive.bootstrap.UndertowHttpServer@321374f]]" classname="org.springframework.web.reactive.result.method.annotation.JacksonHintsIntegrationTests" time="0.074"/>
  <system-out><![CDATA[22:42:36.523 [Test worker] DEBUG o.s.w.r.r.m.a.RequestMappingHandlerMapping - 9 mappings in 'requestMappingHandlerMapping'
22:42:36.539 [Test worker] DEBUG o.s.w.r.r.m.a.ControllerMethodResolver - ControllerAdvice beans: none
22:42:36.563 [Test worker] DEBUG o.s.w.s.a.HttpWebHandlerAdapter - enableLoggingRequestDetails='false': form data and headers will be masked to prevent unsafe logging of potentially sensitive data
22:42:36.563 [Test worker] WARN  o.e.j.s.h.ContextHandler - Empty contextPath
22:42:36.563 [Test worker] INFO  o.e.j.s.h.ContextHandler - Started o.e.j.s.ServletContextHandler@4a955a5c{/,null,AVAILABLE}
22:42:36.563 [Test worker] DEBUG o.s.h.s.r.b.JettyHttpServer - Starting JettyHttpServer...
22:42:36.563 [Test worker] INFO  o.e.j.s.Server - jetty-9.4.18.v20190429; built: 2019-04-29T20:42:08.989Z; git: e1bc35120a6617ee3df052294e433f3a25ce7097; jvm 1.8.0_211-b12
22:42:36.565 [Test worker] INFO  o.e.j.s.AbstractConnector - Started ServerConnector@6599d431{HTTP/1.1,[http/1.1]}{0.0.0.0:53861}
22:42:36.565 [Test worker] INFO  o.e.j.s.Server - Started @28991ms
22:42:36.565 [Test worker] DEBUG o.s.h.s.r.b.JettyHttpServer - Server started on port 53861(0 millis).
22:42:36.565 [Test worker] DEBUG o.s.w.c.RestTemplate - HTTP POST http://localhost:53861/request/entity/mono
22:42:36.565 [Test worker] DEBUG o.s.w.c.RestTemplate - Accept=[text/plain, application/json, application/x-jackson-smile, application/*+json, */*]
22:42:36.566 [Test worker] DEBUG o.s.w.c.RestTemplate - Writing [org.springframework.web.reactive.result.method.annotation.JacksonHintsIntegrationTests$JacksonViewBean@7f433cbf] as "application/json"
22:42:36.569 [qtp1403190344-1177] DEBUG o.s.w.s.a.HttpWebHandlerAdapter - [23fc5552] HTTP POST "/request/entity/mono"
22:42:36.569 [qtp1403190344-1177] DEBUG o.s.w.r.r.m.a.RequestMappingHandlerMapping - [23fc5552] Mapped to org.springframework.web.reactive.result.method.annotation.JacksonHintsIntegrationTests$JsonViewRestController#entityMonoRequest(HttpEntity)
22:42:36.570 [qtp1403190344-1177] DEBUG o.s.w.r.r.m.a.HttpEntityMethodArgumentResolver - [23fc5552] Content-Type:application/json;charset=UTF-8
22:42:36.571 [qtp1403190344-1177] DEBUG o.s.w.r.r.m.a.HttpEntityMethodArgumentResolver - [23fc5552] 0..1 [org.springframework.web.reactive.result.method.annotation.JacksonHintsIntegrationTests$JacksonViewBean]
22:42:36.573 [qtp1403190344-1177] DEBUG o.s.w.r.r.m.a.ResponseBodyResultHandler - Using 'application/json' given [application/json] and supported [application/json, application/*+json, application/x-jackson-smile, application/*+x-jackson-smile, text/event-stream]
22:42:36.573 [qtp1403190344-1177] DEBUG o.s.w.r.r.m.a.ResponseBodyResultHandler - [23fc5552] 0..1 [org.springframework.web.reactive.result.method.annotation.JacksonHintsIntegrationTests$JacksonViewBean]
22:42:36.580 [qtp1403190344-1177] DEBUG o.s.h.c.j.Jackson2JsonDecoder - [23fc5552] Decoded [org.springframework.web.reactive.result.method.annotation.JacksonHintsIntegrationTests$JacksonViewBe (truncated)...]
22:42:36.580 [qtp1403190344-1177] DEBUG o.s.h.c.j.Jackson2JsonEncoder - [23fc5552] Encoding [org.springframework.web.reactive.result.method.annotation.JacksonHintsIntegrationTests$JacksonViewBe (truncated)...]
22:42:36.580 [qtp1403190344-1177] DEBUG o.s.w.s.a.HttpWebHandlerAdapter - [23fc5552] Completed 200 OK
22:42:36.580 [Test worker] DEBUG o.s.w.c.RestTemplate - Response 200 OK
22:42:36.580 [Test worker] DEBUG o.s.w.c.RestTemplate - Reading to [java.lang.String] as "application/json"
22:42:36.580 [Test worker] DEBUG o.s.h.s.r.b.JettyHttpServer - Stopping JettyHttpServer...
22:42:36.580 [Test worker] INFO  o.e.j.s.h.ContextHandler - Stopped o.e.j.s.ServletContextHandler@4a955a5c{/,null,UNAVAILABLE}
22:42:36.581 [Test worker] INFO  o.e.j.s.AbstractConnector - Stopped ServerConnector@6599d431{HTTP/1.1,[http/1.1]}{0.0.0.0:0}
22:42:36.582 [Test worker] DEBUG o.s.h.s.r.b.JettyHttpServer - Server stopped (0 millis).
22:42:36.612 [Test worker] DEBUG o.s.w.r.r.m.a.RequestMappingHandlerMapping - 9 mappings in 'requestMappingHandlerMapping'
22:42:36.627 [Test worker] DEBUG o.s.w.r.r.m.a.ControllerMethodResolver - ControllerAdvice beans: none
22:42:36.652 [Test worker] DEBUG o.s.w.s.a.HttpWebHandlerAdapter - enableLoggingRequestDetails='false': form data and headers will be masked to prevent unsafe logging of potentially sensitive data
22:42:36.652 [Test worker] WARN  o.e.j.s.h.ContextHandler - Empty contextPath
22:42:36.652 [Test worker] INFO  o.e.j.s.h.ContextHandler - Started o.e.j.s.ServletContextHandler@731ae6ab{/,null,AVAILABLE}
22:42:36.653 [Test worker] DEBUG o.s.h.s.r.b.JettyHttpServer - Starting JettyHttpServer...
22:42:36.653 [Test worker] INFO  o.e.j.s.Server - jetty-9.4.18.v20190429; built: 2019-04-29T20:42:08.989Z; git: e1bc35120a6617ee3df052294e433f3a25ce7097; jvm 1.8.0_211-b12
22:42:36.655 [Test worker] INFO  o.e.j.s.AbstractConnector - Started ServerConnector@2e34f2b5{HTTP/1.1,[http/1.1]}{0.0.0.0:53863}
22:42:36.655 [Test worker] INFO  o.e.j.s.Server - Started @29081ms
22:42:36.655 [Test worker] DEBUG o.s.h.s.r.b.JettyHttpServer - Server started on port 53863(0 millis).
22:42:36.655 [Test worker] DEBUG o.s.w.c.RestTemplate - HTTP POST http://localhost:53863/request/raw
22:42:36.655 [Test worker] DEBUG o.s.w.c.RestTemplate - Accept=[text/plain, application/json, application/x-jackson-smile, application/*+json, */*]
22:42:36.655 [Test worker] DEBUG o.s.w.c.RestTemplate - Writing [org.springframework.web.reactive.result.method.annotation.JacksonHintsIntegrationTests$JacksonViewBean@10602b7d] as "application/json"
22:42:36.656 [qtp1260138951-1189] DEBUG o.s.w.s.a.HttpWebHandlerAdapter - [3db51388] HTTP POST "/request/raw"
22:42:36.657 [qtp1260138951-1189] DEBUG o.s.w.r.r.m.a.RequestMappingHandlerMapping - [3db51388] Mapped to org.springframework.web.reactive.result.method.annotation.JacksonHintsIntegrationTests$JsonViewRestController#rawRequest(JacksonViewBean)
22:42:36.657 [qtp1260138951-1189] DEBUG o.s.w.r.r.m.a.RequestBodyMethodArgumentResolver - [3db51388] Content-Type:application/json;charset=UTF-8
22:42:36.657 [qtp1260138951-1189] DEBUG o.s.w.r.r.m.a.RequestBodyMethodArgumentResolver - [3db51388] 0..1 [org.springframework.web.reactive.result.method.annotation.JacksonHintsIntegrationTests$JacksonViewBean]
22:42:36.658 [qtp1260138951-1189] DEBUG o.s.h.c.j.Jackson2JsonDecoder - [3db51388] Decoded [org.springframework.web.reactive.result.method.annotation.JacksonHintsIntegrationTests$JacksonViewBe (truncated)...]
22:42:36.658 [qtp1260138951-1189] DEBUG o.s.w.r.r.m.a.ResponseBodyResultHandler - Using 'application/json' given [application/json] and supported [application/json, application/*+json, application/x-jackson-smile, application/*+x-jackson-smile, text/event-stream]
22:42:36.658 [qtp1260138951-1189] DEBUG o.s.w.r.r.m.a.ResponseBodyResultHandler - [3db51388] 0..1 [org.springframework.web.reactive.result.method.annotation.JacksonHintsIntegrationTests$JacksonViewBean]
22:42:36.658 [qtp1260138951-1189] DEBUG o.s.h.c.j.Jackson2JsonEncoder - [3db51388] Encoding [org.springframework.web.reactive.result.method.annotation.JacksonHintsIntegrationTests$JacksonViewBe (truncated)...]
22:42:36.659 [Test worker] DEBUG o.s.w.c.RestTemplate - Response 200 OK
22:42:36.659 [qtp1260138951-1189] DEBUG o.s.w.s.a.HttpWebHandlerAdapter - [3db51388] Completed 200 OK
22:42:36.659 [Test worker] DEBUG o.s.w.c.RestTemplate - Reading to [java.lang.String] as "application/json"
22:42:36.659 [Test worker] DEBUG o.s.h.s.r.b.JettyHttpServer - Stopping JettyHttpServer...
22:42:36.659 [Test worker] INFO  o.e.j.s.h.ContextHandler - Stopped o.e.j.s.ServletContextHandler@731ae6ab{/,null,UNAVAILABLE}
22:42:36.660 [Test worker] INFO  o.e.j.s.AbstractConnector - Stopped ServerConnector@2e34f2b5{HTTP/1.1,[http/1.1]}{0.0.0.0:0}
22:42:36.660 [Test worker] DEBUG o.s.h.s.r.b.JettyHttpServer - Server stopped (0 millis).
22:42:36.691 [Test worker] DEBUG o.s.w.r.r.m.a.RequestMappingHandlerMapping - 9 mappings in 'requestMappingHandlerMapping'
22:42:36.706 [Test worker] DEBUG o.s.w.r.r.m.a.ControllerMethodResolver - ControllerAdvice beans: none
22:42:36.730 [Test worker] DEBUG o.s.w.s.a.HttpWebHandlerAdapter - enableLoggingRequestDetails='false': form data and headers will be masked to prevent unsafe logging of potentially sensitive data
22:42:36.730 [Test worker] WARN  o.e.j.s.h.ContextHandler - Empty contextPath
22:42:36.730 [Test worker] INFO  o.e.j.s.h.ContextHandler - Started o.e.j.s.ServletContextHandler@125c6cd6{/,null,AVAILABLE}
22:42:36.730 [Test worker] DEBUG o.s.h.s.r.b.JettyHttpServer - Starting JettyHttpServer...
22:42:36.730 [Test worker] INFO  o.e.j.s.Server - jetty-9.4.18.v20190429; built: 2019-04-29T20:42:08.989Z; git: e1bc35120a6617ee3df052294e433f3a25ce7097; jvm 1.8.0_211-b12
22:42:36.731 [Test worker] INFO  o.e.j.s.AbstractConnector - Started ServerConnector@d570c7b{HTTP/1.1,[http/1.1]}{0.0.0.0:53865}
22:42:36.731 [Test worker] INFO  o.e.j.s.Server - Started @29158ms
22:42:36.731 [Test worker] DEBUG o.s.h.s.r.b.JettyHttpServer - Server started on port 53865(0 millis).
22:42:36.731 [Test worker] DEBUG o.s.w.c.RestTemplate - HTTP GET http://localhost:53865/response/entity
22:42:36.732 [Test worker] DEBUG o.s.w.c.RestTemplate - Accept=[text/plain, application/json, application/x-jackson-smile, application/*+json, */*]
22:42:36.733 [qtp1616153216-1203] DEBUG o.s.w.s.a.HttpWebHandlerAdapter - [4617cd34] HTTP GET "/response/entity"
22:42:36.733 [qtp1616153216-1203] DEBUG o.s.w.r.r.m.a.RequestMappingHandlerMapping - [4617cd34] Mapped to org.springframework.web.reactive.result.method.annotation.JacksonHintsIntegrationTests$JsonViewRestController#monoResponseEntity()
22:42:36.733 [qtp1616153216-1203] DEBUG o.s.w.r.r.m.a.ResponseEntityResultHandler - Using 'application/json' given [application/json] and supported [application/json, application/*+json, application/x-jackson-smile, application/*+x-jackson-smile, text/event-stream]
22:42:36.733 [qtp1616153216-1203] DEBUG o.s.w.r.r.m.a.ResponseEntityResultHandler - [4617cd34] 0..1 [org.springframework.web.reactive.result.method.annotation.JacksonHintsIntegrationTests$JacksonViewBean]
22:42:36.733 [qtp1616153216-1203] DEBUG o.s.h.c.j.Jackson2JsonEncoder - [4617cd34] Encoding [org.springframework.web.reactive.result.method.annotation.JacksonHintsIntegrationTests$JacksonViewBe (truncated)...]
22:42:36.734 [qtp1616153216-1203] DEBUG o.s.w.s.a.HttpWebHandlerAdapter - [4617cd34] Completed 200 OK
22:42:36.734 [Test worker] DEBUG o.s.w.c.RestTemplate - Response 200 OK
22:42:36.734 [Test worker] DEBUG o.s.w.c.RestTemplate - Reading to [java.lang.String] as "application/json"
22:42:36.734 [Test worker] DEBUG o.s.h.s.r.b.JettyHttpServer - Stopping JettyHttpServer...
22:42:36.734 [Test worker] INFO  o.e.j.s.h.ContextHandler - Stopped o.e.j.s.ServletContextHandler@125c6cd6{/,null,UNAVAILABLE}
22:42:36.735 [Test worker] INFO  o.e.j.s.AbstractConnector - Stopped ServerConnector@d570c7b{HTTP/1.1,[http/1.1]}{0.0.0.0:0}
22:42:36.735 [Test worker] DEBUG o.s.h.s.r.b.JettyHttpServer - Server stopped (0 millis).
22:42:36.766 [Test worker] DEBUG o.s.w.r.r.m.a.RequestMappingHandlerMapping - 9 mappings in 'requestMappingHandlerMapping'
22:42:36.781 [Test worker] DEBUG o.s.w.r.r.m.a.ControllerMethodResolver - ControllerAdvice beans: none
22:42:36.804 [Test worker] DEBUG o.s.w.s.a.HttpWebHandlerAdapter - enableLoggingRequestDetails='false': form data and headers will be masked to prevent unsafe logging of potentially sensitive data
22:42:36.804 [Test worker] WARN  o.e.j.s.h.ContextHandler - Empty contextPath
22:42:36.804 [Test worker] INFO  o.e.j.s.h.ContextHandler - Started o.e.j.s.ServletContextHandler@39bb4822{/,null,AVAILABLE}
22:42:36.804 [Test worker] DEBUG o.s.h.s.r.b.JettyHttpServer - Starting JettyHttpServer...
22:42:36.804 [Test worker] INFO  o.e.j.s.Server - jetty-9.4.18.v20190429; built: 2019-04-29T20:42:08.989Z; git: e1bc35120a6617ee3df052294e433f3a25ce7097; jvm 1.8.0_211-b12
22:42:36.806 [Test worker] INFO  o.e.j.s.AbstractConnector - Started ServerConnector@3b53b163{HTTP/1.1,[http/1.1]}{0.0.0.0:53867}
22:42:36.806 [Test worker] INFO  o.e.j.s.Server - Started @29232ms
22:42:36.806 [Test worker] DEBUG o.s.h.s.r.b.JettyHttpServer - Server started on port 53867(0 millis).
22:42:36.806 [Test worker] DEBUG o.s.w.c.RestTemplate - HTTP POST http://localhost:53867/request/flux
22:42:36.806 [Test worker] DEBUG o.s.w.c.RestTemplate - Accept=[text/plain, application/json, application/x-jackson-smile, application/*+json, */*]
22:42:36.807 [Test worker] DEBUG o.s.w.c.RestTemplate - Writing [[org.springframework.web.reactive.result.method.annotation.JacksonHintsIntegrationTests$JacksonViewBean@57c105e6, org.springframework.web.reactive.result.method.annotation.JacksonHintsIntegrationTests$JacksonViewBean@7fc293a7]] as "application/json"
22:42:36.808 [qtp628337912-1217] DEBUG o.s.w.s.a.HttpWebHandlerAdapter - [4fae910c] HTTP POST "/request/flux"
22:42:36.809 [qtp628337912-1217] DEBUG o.s.w.r.r.m.a.RequestMappingHandlerMapping - [4fae910c] Mapped to org.springframework.web.reactive.result.method.annotation.JacksonHintsIntegrationTests$JsonViewRestController#fluxRequest(Flux)
22:42:36.809 [qtp628337912-1217] DEBUG o.s.w.r.r.m.a.RequestBodyMethodArgumentResolver - [4fae910c] Content-Type:application/json;charset=UTF-8
22:42:36.810 [qtp628337912-1217] DEBUG o.s.w.r.r.m.a.RequestBodyMethodArgumentResolver - [4fae910c] 0..N [org.springframework.web.reactive.result.method.annotation.JacksonHintsIntegrationTests$JacksonViewBean]
22:42:36.810 [qtp628337912-1217] DEBUG o.s.w.r.r.m.a.ResponseBodyResultHandler - Using 'application/json' given [application/json] and supported [application/json, application/*+json, application/x-jackson-smile, application/*+x-jackson-smile, text/event-stream]
22:42:36.810 [qtp628337912-1217] DEBUG o.s.w.r.r.m.a.ResponseBodyResultHandler - [4fae910c] 0..N [org.springframework.web.reactive.result.method.annotation.JacksonHintsIntegrationTests$JacksonViewBean]
22:42:36.811 [qtp628337912-1217] DEBUG o.s.h.c.j.Jackson2JsonDecoder - [4fae910c] Decoded [org.springframework.web.reactive.result.method.annotation.JacksonHintsIntegrationTests$JacksonViewBe (truncated)...]
22:42:36.811 [qtp628337912-1217] DEBUG o.s.h.c.j.Jackson2JsonDecoder - [4fae910c] Decoded [org.springframework.web.reactive.result.method.annotation.JacksonHintsIntegrationTests$JacksonViewBe (truncated)...]
22:42:36.811 [qtp628337912-1217] DEBUG o.s.h.c.j.Jackson2JsonEncoder - [4fae910c] Encoding [[org.springframework.web.reactive.result.method.annotation.JacksonHintsIntegrationTests$JacksonViewB (truncated)...]
22:42:36.811 [qtp628337912-1217] DEBUG o.s.w.s.a.HttpWebHandlerAdapter - [4fae910c] Completed 200 OK
22:42:36.811 [Test worker] DEBUG o.s.w.c.RestTemplate - Response 200 OK
22:42:36.811 [Test worker] DEBUG o.s.w.c.RestTemplate - Reading to [java.lang.String] as "application/json"
22:42:36.811 [Test worker] DEBUG o.s.h.s.r.b.JettyHttpServer - Stopping JettyHttpServer...
22:42:36.811 [Test worker] INFO  o.e.j.s.h.ContextHandler - Stopped o.e.j.s.ServletContextHandler@39bb4822{/,null,UNAVAILABLE}
22:42:36.812 [Test worker] INFO  o.e.j.s.AbstractConnector - Stopped ServerConnector@3b53b163{HTTP/1.1,[http/1.1]}{0.0.0.0:0}
22:42:36.812 [Test worker] DEBUG o.s.h.s.r.b.JettyHttpServer - Server stopped (0 millis).
22:42:36.841 [Test worker] DEBUG o.s.w.r.r.m.a.RequestMappingHandlerMapping - 9 mappings in 'requestMappingHandlerMapping'
22:42:36.856 [Test worker] DEBUG o.s.w.r.r.m.a.ControllerMethodResolver - ControllerAdvice beans: none
22:42:36.881 [Test worker] DEBUG o.s.w.s.a.HttpWebHandlerAdapter - enableLoggingRequestDetails='false': form data and headers will be masked to prevent unsafe logging of potentially sensitive data
22:42:36.881 [Test worker] WARN  o.e.j.s.h.ContextHandler - Empty contextPath
22:42:36.881 [Test worker] INFO  o.e.j.s.h.ContextHandler - Started o.e.j.s.ServletContextHandler@4bce08c4{/,null,AVAILABLE}
22:42:36.881 [Test worker] DEBUG o.s.h.s.r.b.JettyHttpServer - Starting JettyHttpServer...
22:42:36.881 [Test worker] INFO  o.e.j.s.Server - jetty-9.4.18.v20190429; built: 2019-04-29T20:42:08.989Z; git: e1bc35120a6617ee3df052294e433f3a25ce7097; jvm 1.8.0_211-b12
22:42:36.883 [Test worker] INFO  o.e.j.s.AbstractConnector - Started ServerConnector@752d47ab{HTTP/1.1,[http/1.1]}{0.0.0.0:53869}
22:42:36.883 [Test worker] INFO  o.e.j.s.Server - Started @29309ms
22:42:36.883 [Test worker] DEBUG o.s.h.s.r.b.JettyHttpServer - Server started on port 53869(0 millis).
22:42:36.883 [Test worker] DEBUG o.s.w.c.RestTemplate - HTTP POST http://localhost:53869/request/mono
22:42:36.883 [Test worker] DEBUG o.s.w.c.RestTemplate - Accept=[text/plain, application/json, application/x-jackson-smile, application/*+json, */*]
22:42:36.883 [Test worker] DEBUG o.s.w.c.RestTemplate - Writing [org.springframework.web.reactive.result.method.annotation.JacksonHintsIntegrationTests$JacksonViewBean@1625428d] as "application/json"
22:42:36.884 [qtp615766574-1231] DEBUG o.s.w.s.a.HttpWebHandlerAdapter - [466a29dc] HTTP POST "/request/mono"
22:42:36.885 [qtp615766574-1231] DEBUG o.s.w.r.r.m.a.RequestMappingHandlerMapping - [466a29dc] Mapped to org.springframework.web.reactive.result.method.annotation.JacksonHintsIntegrationTests$JsonViewRestController#monoRequest(Mono)
22:42:36.885 [qtp615766574-1231] DEBUG o.s.w.r.r.m.a.RequestBodyMethodArgumentResolver - [466a29dc] Content-Type:application/json;charset=UTF-8
22:42:36.885 [qtp615766574-1231] DEBUG o.s.w.r.r.m.a.RequestBodyMethodArgumentResolver - [466a29dc] 0..1 [org.springframework.web.reactive.result.method.annotation.JacksonHintsIntegrationTests$JacksonViewBean]
22:42:36.886 [qtp615766574-1231] DEBUG o.s.w.r.r.m.a.ResponseBodyResultHandler - Using 'application/json' given [application/json] and supported [application/json, application/*+json, application/x-jackson-smile, application/*+x-jackson-smile, text/event-stream]
22:42:36.886 [qtp615766574-1231] DEBUG o.s.w.r.r.m.a.ResponseBodyResultHandler - [466a29dc] 0..1 [org.springframework.web.reactive.result.method.annotation.JacksonHintsIntegrationTests$JacksonViewBean]
22:42:36.886 [qtp615766574-1231] DEBUG o.s.h.c.j.Jackson2JsonDecoder - [466a29dc] Decoded [org.springframework.web.reactive.result.method.annotation.JacksonHintsIntegrationTests$JacksonViewBe (truncated)...]
22:42:36.886 [qtp615766574-1231] DEBUG o.s.h.c.j.Jackson2JsonEncoder - [466a29dc] Encoding [org.springframework.web.reactive.result.method.annotation.JacksonHintsIntegrationTests$JacksonViewBe (truncated)...]
22:42:36.886 [qtp615766574-1231] DEBUG o.s.w.s.a.HttpWebHandlerAdapter - [466a29dc] Completed 200 OK
22:42:36.886 [Test worker] DEBUG o.s.w.c.RestTemplate - Response 200 OK
22:42:36.886 [Test worker] DEBUG o.s.w.c.RestTemplate - Reading to [java.lang.String] as "application/json"
22:42:36.886 [Test worker] DEBUG o.s.h.s.r.b.JettyHttpServer - Stopping JettyHttpServer...
22:42:36.886 [Test worker] INFO  o.e.j.s.h.ContextHandler - Stopped o.e.j.s.ServletContextHandler@4bce08c4{/,null,UNAVAILABLE}
22:42:36.887 [Test worker] INFO  o.e.j.s.AbstractConnector - Stopped ServerConnector@752d47ab{HTTP/1.1,[http/1.1]}{0.0.0.0:0}
22:42:36.887 [Test worker] DEBUG o.s.h.s.r.b.JettyHttpServer - Server stopped (0 millis).
22:42:36.916 [Test worker] DEBUG o.s.w.r.r.m.a.RequestMappingHandlerMapping - 9 mappings in 'requestMappingHandlerMapping'
22:42:36.933 [Test worker] DEBUG o.s.w.r.r.m.a.ControllerMethodResolver - ControllerAdvice beans: none
22:42:36.957 [Test worker] DEBUG o.s.w.s.a.HttpWebHandlerAdapter - enableLoggingRequestDetails='false': form data and headers will be masked to prevent unsafe logging of potentially sensitive data
22:42:36.957 [Test worker] WARN  o.e.j.s.h.ContextHandler - Empty contextPath
22:42:36.957 [Test worker] INFO  o.e.j.s.h.ContextHandler - Started o.e.j.s.ServletContextHandler@4c9b6452{/,null,AVAILABLE}
22:42:36.957 [Test worker] DEBUG o.s.h.s.r.b.JettyHttpServer - Starting JettyHttpServer...
22:42:36.958 [Test worker] INFO  o.e.j.s.Server - jetty-9.4.18.v20190429; built: 2019-04-29T20:42:08.989Z; git: e1bc35120a6617ee3df052294e433f3a25ce7097; jvm 1.8.0_211-b12
22:42:36.959 [Test worker] INFO  o.e.j.s.AbstractConnector - Started ServerConnector@67cb89fb{HTTP/1.1,[http/1.1]}{0.0.0.0:53872}
22:42:36.959 [Test worker] INFO  o.e.j.s.Server - Started @29385ms
22:42:36.959 [Test worker] DEBUG o.s.h.s.r.b.JettyHttpServer - Server started on port 53872(0 millis).
22:42:36.959 [Test worker] DEBUG o.s.w.c.RestTemplate - HTTP GET http://localhost:53872/response/raw
22:42:36.959 [Test worker] DEBUG o.s.w.c.RestTemplate - Accept=[text/plain, application/json, application/x-jackson-smile, application/*+json, */*]
22:42:36.961 [qtp1412519915-1245] DEBUG o.s.w.s.a.HttpWebHandlerAdapter - [5a65c9ea] HTTP GET "/response/raw"
22:42:36.961 [qtp1412519915-1245] DEBUG o.s.w.r.r.m.a.RequestMappingHandlerMapping - [5a65c9ea] Mapped to org.springframework.web.reactive.result.method.annotation.JacksonHintsIntegrationTests$JsonViewRestController#rawResponse()
22:42:36.962 [qtp1412519915-1245] DEBUG o.s.w.r.r.m.a.ResponseBodyResultHandler - Using 'application/json' given [application/json] and supported [application/json, application/*+json, application/x-jackson-smile, application/*+x-jackson-smile, text/event-stream]
22:42:36.962 [qtp1412519915-1245] DEBUG o.s.w.r.r.m.a.ResponseBodyResultHandler - [5a65c9ea] 0..1 [org.springframework.web.reactive.result.method.annotation.JacksonHintsIntegrationTests$JacksonViewBean]
22:42:36.962 [qtp1412519915-1245] DEBUG o.s.h.c.j.Jackson2JsonEncoder - [5a65c9ea] Encoding [org.springframework.web.reactive.result.method.annotation.JacksonHintsIntegrationTests$JacksonViewBe (truncated)...]
22:42:36.963 [qtp1412519915-1245] DEBUG o.s.w.s.a.HttpWebHandlerAdapter - [5a65c9ea] Completed 200 OK
22:42:36.963 [Test worker] DEBUG o.s.w.c.RestTemplate - Response 200 OK
22:42:36.963 [Test worker] DEBUG o.s.w.c.RestTemplate - Reading to [java.lang.String] as "application/json"
22:42:36.963 [Test worker] DEBUG o.s.h.s.r.b.JettyHttpServer - Stopping JettyHttpServer...
22:42:36.963 [Test worker] INFO  o.e.j.s.h.ContextHandler - Stopped o.e.j.s.ServletContextHandler@4c9b6452{/,null,UNAVAILABLE}
22:42:36.964 [Test worker] INFO  o.e.j.s.AbstractConnector - Stopped ServerConnector@67cb89fb{HTTP/1.1,[http/1.1]}{0.0.0.0:0}
22:42:36.965 [Test worker] DEBUG o.s.h.s.r.b.JettyHttpServer - Server stopped (0 millis).
22:42:36.994 [Test worker] DEBUG o.s.w.r.r.m.a.RequestMappingHandlerMapping - 9 mappings in 'requestMappingHandlerMapping'
22:42:37.010 [Test worker] DEBUG o.s.w.r.r.m.a.ControllerMethodResolver - ControllerAdvice beans: none
22:42:37.033 [Test worker] DEBUG o.s.w.s.a.HttpWebHandlerAdapter - enableLoggingRequestDetails='false': form data and headers will be masked to prevent unsafe logging of potentially sensitive data
22:42:37.033 [Test worker] WARN  o.e.j.s.h.ContextHandler - Empty contextPath
22:42:37.034 [Test worker] INFO  o.e.j.s.h.ContextHandler - Started o.e.j.s.ServletContextHandler@334594f0{/,null,AVAILABLE}
22:42:37.034 [Test worker] DEBUG o.s.h.s.r.b.JettyHttpServer - Starting JettyHttpServer...
22:42:37.034 [Test worker] INFO  o.e.j.s.Server - jetty-9.4.18.v20190429; built: 2019-04-29T20:42:08.989Z; git: e1bc35120a6617ee3df052294e433f3a25ce7097; jvm 1.8.0_211-b12
22:42:37.035 [Test worker] INFO  o.e.j.s.AbstractConnector - Started ServerConnector@5d88382f{HTTP/1.1,[http/1.1]}{0.0.0.0:53876}
22:42:37.035 [Test worker] INFO  o.e.j.s.Server - Started @29462ms
22:42:37.035 [Test worker] DEBUG o.s.h.s.r.b.JettyHttpServer - Server started on port 53876(0 millis).
22:42:37.035 [Test worker] DEBUG o.s.w.c.RestTemplate - HTTP GET http://localhost:53876/response/flux
22:42:37.036 [Test worker] DEBUG o.s.w.c.RestTemplate - Accept=[text/plain, application/json, application/x-jackson-smile, application/*+json, */*]
22:42:37.037 [qtp1955714555-1259] DEBUG o.s.w.s.a.HttpWebHandlerAdapter - [5d0e80f8] HTTP GET "/response/flux"
22:42:37.037 [qtp1955714555-1259] DEBUG o.s.w.r.r.m.a.RequestMappingHandlerMapping - [5d0e80f8] Mapped to org.springframework.web.reactive.result.method.annotation.JacksonHintsIntegrationTests$JsonViewRestController#fluxResponse()
22:42:37.038 [qtp1955714555-1259] DEBUG o.s.w.r.r.m.a.ResponseBodyResultHandler - Using 'application/json' given [application/json] and supported [application/json, application/*+json, application/x-jackson-smile, application/*+x-jackson-smile, text/event-stream]
22:42:37.038 [qtp1955714555-1259] DEBUG o.s.w.r.r.m.a.ResponseBodyResultHandler - [5d0e80f8] 0..N [org.springframework.web.reactive.result.method.annotation.JacksonHintsIntegrationTests$JacksonViewBean]
22:42:37.038 [qtp1955714555-1259] DEBUG o.s.h.c.j.Jackson2JsonEncoder - [5d0e80f8] Encoding [[org.springframework.web.reactive.result.method.annotation.JacksonHintsIntegrationTests$JacksonViewB (truncated)...]
22:42:37.039 [qtp1955714555-1259] DEBUG o.s.w.s.a.HttpWebHandlerAdapter - [5d0e80f8] Completed 200 OK
22:42:37.039 [Test worker] DEBUG o.s.w.c.RestTemplate - Response 200 OK
22:42:37.039 [Test worker] DEBUG o.s.w.c.RestTemplate - Reading to [java.lang.String] as "application/json"
22:42:37.039 [Test worker] DEBUG o.s.h.s.r.b.JettyHttpServer - Stopping JettyHttpServer...
22:42:37.039 [Test worker] INFO  o.e.j.s.h.ContextHandler - Stopped o.e.j.s.ServletContextHandler@334594f0{/,null,UNAVAILABLE}
22:42:37.040 [Test worker] INFO  o.e.j.s.AbstractConnector - Stopped ServerConnector@5d88382f{HTTP/1.1,[http/1.1]}{0.0.0.0:0}
22:42:37.040 [Test worker] DEBUG o.s.h.s.r.b.JettyHttpServer - Server stopped (0 millis).
22:42:37.073 [Test worker] DEBUG o.s.w.r.r.m.a.RequestMappingHandlerMapping - 9 mappings in 'requestMappingHandlerMapping'
22:42:37.089 [Test worker] DEBUG o.s.w.r.r.m.a.ControllerMethodResolver - ControllerAdvice beans: none
22:42:37.113 [Test worker] DEBUG o.s.w.s.a.HttpWebHandlerAdapter - enableLoggingRequestDetails='false': form data and headers will be masked to prevent unsafe logging of potentially sensitive data
22:42:37.113 [Test worker] WARN  o.e.j.s.h.ContextHandler - Empty contextPath
22:42:37.113 [Test worker] INFO  o.e.j.s.h.ContextHandler - Started o.e.j.s.ServletContextHandler@6109933d{/,null,AVAILABLE}
22:42:37.113 [Test worker] DEBUG o.s.h.s.r.b.JettyHttpServer - Starting JettyHttpServer...
22:42:37.113 [Test worker] INFO  o.e.j.s.Server - jetty-9.4.18.v20190429; built: 2019-04-29T20:42:08.989Z; git: e1bc35120a6617ee3df052294e433f3a25ce7097; jvm 1.8.0_211-b12
22:42:37.115 [Test worker] INFO  o.e.j.s.AbstractConnector - Started ServerConnector@97594b7{HTTP/1.1,[http/1.1]}{0.0.0.0:53878}
22:42:37.115 [Test worker] INFO  o.e.j.s.Server - Started @29542ms
22:42:37.115 [Test worker] DEBUG o.s.h.s.r.b.JettyHttpServer - Server started on port 53878(0 millis).
22:42:37.115 [Test worker] DEBUG o.s.w.c.RestTemplate - HTTP POST http://localhost:53878/request/entity/flux
22:42:37.115 [Test worker] DEBUG o.s.w.c.RestTemplate - Accept=[text/plain, application/json, application/x-jackson-smile, application/*+json, */*]
22:42:37.116 [Test worker] DEBUG o.s.w.c.RestTemplate - Writing [[org.springframework.web.reactive.result.method.annotation.JacksonHintsIntegrationTests$JacksonViewBean@3c996d59, org.springframework.web.reactive.result.method.annotation.JacksonHintsIntegrationTests$JacksonViewBean@2e915804]] as "application/json"
22:42:37.117 [qtp580237131-1273] DEBUG o.s.w.s.a.HttpWebHandlerAdapter - [93ae6ea] HTTP POST "/request/entity/flux"
22:42:37.117 [qtp580237131-1273] DEBUG o.s.w.r.r.m.a.RequestMappingHandlerMapping - [93ae6ea] Mapped to org.springframework.web.reactive.result.method.annotation.JacksonHintsIntegrationTests$JsonViewRestController#entityFluxRequest(HttpEntity)
22:42:37.118 [qtp580237131-1273] DEBUG o.s.w.r.r.m.a.HttpEntityMethodArgumentResolver - [93ae6ea] Content-Type:application/json;charset=UTF-8
22:42:37.118 [qtp580237131-1273] DEBUG o.s.w.r.r.m.a.HttpEntityMethodArgumentResolver - [93ae6ea] 0..N [org.springframework.web.reactive.result.method.annotation.JacksonHintsIntegrationTests$JacksonViewBean]
22:42:37.119 [qtp580237131-1273] DEBUG o.s.w.r.r.m.a.ResponseBodyResultHandler - Using 'application/json' given [application/json] and supported [application/json, application/*+json, application/x-jackson-smile, application/*+x-jackson-smile, text/event-stream]
22:42:37.119 [qtp580237131-1273] DEBUG o.s.w.r.r.m.a.ResponseBodyResultHandler - [93ae6ea] 0..N [org.springframework.web.reactive.result.method.annotation.JacksonHintsIntegrationTests$JacksonViewBean]
22:42:37.119 [qtp580237131-1273] DEBUG o.s.h.c.j.Jackson2JsonDecoder - [93ae6ea] Decoded [org.springframework.web.reactive.result.method.annotation.JacksonHintsIntegrationTests$JacksonViewBe (truncated)...]
22:42:37.119 [qtp580237131-1273] DEBUG o.s.h.c.j.Jackson2JsonDecoder - [93ae6ea] Decoded [org.springframework.web.reactive.result.method.annotation.JacksonHintsIntegrationTests$JacksonViewBe (truncated)...]
22:42:37.119 [qtp580237131-1273] DEBUG o.s.h.c.j.Jackson2JsonEncoder - [93ae6ea] Encoding [[org.springframework.web.reactive.result.method.annotation.JacksonHintsIntegrationTests$JacksonViewB (truncated)...]
22:42:37.119 [qtp580237131-1273] DEBUG o.s.w.s.a.HttpWebHandlerAdapter - [93ae6ea] Completed 200 OK
22:42:37.119 [Test worker] DEBUG o.s.w.c.RestTemplate - Response 200 OK
22:42:37.119 [Test worker] DEBUG o.s.w.c.RestTemplate - Reading to [java.lang.String] as "application/json"
22:42:37.119 [Test worker] DEBUG o.s.h.s.r.b.JettyHttpServer - Stopping JettyHttpServer...
22:42:37.120 [Test worker] INFO  o.e.j.s.h.ContextHandler - Stopped o.e.j.s.ServletContextHandler@6109933d{/,null,UNAVAILABLE}
22:42:37.120 [Test worker] INFO  o.e.j.s.AbstractConnector - Stopped ServerConnector@97594b7{HTTP/1.1,[http/1.1]}{0.0.0.0:0}
22:42:37.121 [Test worker] DEBUG o.s.h.s.r.b.JettyHttpServer - Server stopped (0 millis).
22:42:37.150 [Test worker] DEBUG o.s.w.r.r.m.a.RequestMappingHandlerMapping - 9 mappings in 'requestMappingHandlerMapping'
22:42:37.165 [Test worker] DEBUG o.s.w.r.r.m.a.ControllerMethodResolver - ControllerAdvice beans: none
22:42:37.189 [Test worker] DEBUG o.s.w.s.a.HttpWebHandlerAdapter - enableLoggingRequestDetails='false': form data and headers will be masked to prevent unsafe logging of potentially sensitive data
22:42:37.189 [Test worker] WARN  o.e.j.s.h.ContextHandler - Empty contextPath
22:42:37.189 [Test worker] INFO  o.e.j.s.h.ContextHandler - Started o.e.j.s.ServletContextHandler@792a9e13{/,null,AVAILABLE}
22:42:37.189 [Test worker] DEBUG o.s.h.s.r.b.JettyHttpServer - Starting JettyHttpServer...
22:42:37.189 [Test worker] INFO  o.e.j.s.Server - jetty-9.4.18.v20190429; built: 2019-04-29T20:42:08.989Z; git: e1bc35120a6617ee3df052294e433f3a25ce7097; jvm 1.8.0_211-b12
22:42:37.190 [Test worker] INFO  o.e.j.s.AbstractConnector - Started ServerConnector@750a023f{HTTP/1.1,[http/1.1]}{0.0.0.0:53880}
22:42:37.190 [Test worker] INFO  o.e.j.s.Server - Started @29617ms
22:42:37.190 [Test worker] DEBUG o.s.h.s.r.b.JettyHttpServer - Server started on port 53880(0 millis).
22:42:37.190 [Test worker] DEBUG o.s.w.c.RestTemplate - HTTP GET http://localhost:53880/response/mono
22:42:37.191 [Test worker] DEBUG o.s.w.c.RestTemplate - Accept=[text/plain, application/json, application/x-jackson-smile, application/*+json, */*]
22:42:37.191 [qtp1275650059-1287] DEBUG o.s.w.s.a.HttpWebHandlerAdapter - [9d42547] HTTP GET "/response/mono"
22:42:37.192 [qtp1275650059-1287] DEBUG o.s.w.r.r.m.a.RequestMappingHandlerMapping - [9d42547] Mapped to org.springframework.web.reactive.result.method.annotation.JacksonHintsIntegrationTests$JsonViewRestController#monoResponse()
22:42:37.192 [qtp1275650059-1287] DEBUG o.s.w.r.r.m.a.ResponseBodyResultHandler - Using 'application/json' given [application/json] and supported [application/json, application/*+json, application/x-jackson-smile, application/*+x-jackson-smile, text/event-stream]
22:42:37.192 [qtp1275650059-1287] DEBUG o.s.w.r.r.m.a.ResponseBodyResultHandler - [9d42547] 0..1 [org.springframework.web.reactive.result.method.annotation.JacksonHintsIntegrationTests$JacksonViewBean]
22:42:37.193 [qtp1275650059-1287] DEBUG o.s.h.c.j.Jackson2JsonEncoder - [9d42547] Encoding [org.springframework.web.reactive.result.method.annotation.JacksonHintsIntegrationTests$JacksonViewBe (truncated)...]
22:42:37.193 [qtp1275650059-1287] DEBUG o.s.w.s.a.HttpWebHandlerAdapter - [9d42547] Completed 200 OK
22:42:37.193 [Test worker] DEBUG o.s.w.c.RestTemplate - Response 200 OK
22:42:37.193 [Test worker] DEBUG o.s.w.c.RestTemplate - Reading to [java.lang.String] as "application/json"
22:42:37.193 [Test worker] DEBUG o.s.h.s.r.b.JettyHttpServer - Stopping JettyHttpServer...
22:42:37.193 [Test worker] INFO  o.e.j.s.h.ContextHandler - Stopped o.e.j.s.ServletContextHandler@792a9e13{/,null,UNAVAILABLE}
22:42:37.194 [Test worker] INFO  o.e.j.s.AbstractConnector - Stopped ServerConnector@750a023f{HTTP/1.1,[http/1.1]}{0.0.0.0:0}
22:42:37.194 [Test worker] DEBUG o.s.h.s.r.b.JettyHttpServer - Server stopped (0 millis).
22:42:37.224 [Test worker] DEBUG o.s.w.r.r.m.a.RequestMappingHandlerMapping - 9 mappings in 'requestMappingHandlerMapping'
22:42:37.239 [Test worker] DEBUG o.s.w.r.r.m.a.ControllerMethodResolver - ControllerAdvice beans: none
22:42:37.264 [Test worker] DEBUG o.s.w.s.a.HttpWebHandlerAdapter - enableLoggingRequestDetails='false': form data and headers will be masked to prevent unsafe logging of potentially sensitive data
22:42:37.264 [Test worker] DEBUG o.s.h.s.r.b.ReactorHttpServer - Starting ReactorHttpServer...
22:42:37.264 [Test worker] DEBUG o.s.h.s.r.b.ReactorHttpServer - Server started on port 53882(0 millis).
22:42:37.264 [Test worker] DEBUG o.s.w.c.RestTemplate - HTTP POST http://localhost:53882/request/entity/mono
22:42:37.264 [Test worker] DEBUG o.s.w.c.RestTemplate - Accept=[text/plain, application/json, application/x-jackson-smile, application/*+json, */*]
22:42:37.265 [Test worker] DEBUG o.s.w.c.RestTemplate - Writing [org.springframework.web.reactive.result.method.annotation.JacksonHintsIntegrationTests$JacksonViewBean@64aea375] as "application/json"
22:42:37.265 [reactor-http-nio-2] DEBUG o.s.w.s.a.HttpWebHandlerAdapter - [9e7a2bdc] HTTP POST "/request/entity/mono"
22:42:37.266 [reactor-http-nio-2] DEBUG o.s.w.r.r.m.a.RequestMappingHandlerMapping - [9e7a2bdc] Mapped to org.springframework.web.reactive.result.method.annotation.JacksonHintsIntegrationTests$JsonViewRestController#entityMonoRequest(HttpEntity)
22:42:37.266 [reactor-http-nio-2] DEBUG o.s.w.r.r.m.a.HttpEntityMethodArgumentResolver - [9e7a2bdc] Content-Type:application/json
22:42:37.266 [reactor-http-nio-2] DEBUG o.s.w.r.r.m.a.HttpEntityMethodArgumentResolver - [9e7a2bdc] 0..1 [org.springframework.web.reactive.result.method.annotation.JacksonHintsIntegrationTests$JacksonViewBean]
22:42:37.271 [reactor-http-nio-2] DEBUG o.s.w.r.r.m.a.ResponseBodyResultHandler - Using 'application/json' given [application/json] and supported [application/json, application/*+json, application/x-jackson-smile, application/*+x-jackson-smile, text/event-stream]
22:42:37.271 [reactor-http-nio-2] DEBUG o.s.w.r.r.m.a.ResponseBodyResultHandler - [9e7a2bdc] 0..1 [org.springframework.web.reactive.result.method.annotation.JacksonHintsIntegrationTests$JacksonViewBean]
22:42:37.272 [reactor-http-nio-2] DEBUG o.s.h.c.j.Jackson2JsonDecoder - [9e7a2bdc] Decoded [org.springframework.web.reactive.result.method.annotation.JacksonHintsIntegrationTests$JacksonViewBe (truncated)...]
22:42:37.272 [reactor-http-nio-2] DEBUG o.s.h.c.j.Jackson2JsonEncoder - [9e7a2bdc] Encoding [org.springframework.web.reactive.result.method.annotation.JacksonHintsIntegrationTests$JacksonViewBe (truncated)...]
22:42:37.273 [Test worker] DEBUG o.s.w.c.RestTemplate - Response 200 OK
22:42:37.273 [Test worker] DEBUG o.s.w.c.RestTemplate - Reading to [java.lang.String] as "application/json"
22:42:37.273 [Test worker] DEBUG o.s.h.s.r.b.ReactorHttpServer - Stopping ReactorHttpServer...
22:42:37.273 [Test worker] DEBUG o.s.h.s.r.b.ReactorHttpServer - Server stopped (0 millis).
22:42:37.303 [Test worker] DEBUG o.s.w.r.r.m.a.RequestMappingHandlerMapping - 9 mappings in 'requestMappingHandlerMapping'
22:42:37.318 [Test worker] DEBUG o.s.w.r.r.m.a.ControllerMethodResolver - ControllerAdvice beans: none
22:42:37.341 [Test worker] DEBUG o.s.w.s.a.HttpWebHandlerAdapter - enableLoggingRequestDetails='false': form data and headers will be masked to prevent unsafe logging of potentially sensitive data
22:42:37.341 [Test worker] DEBUG o.s.h.s.r.b.ReactorHttpServer - Starting ReactorHttpServer...
22:42:37.342 [Test worker] DEBUG o.s.h.s.r.b.ReactorHttpServer - Server started on port 53884(0 millis).
22:42:37.342 [Test worker] DEBUG o.s.w.c.RestTemplate - HTTP POST http://localhost:53884/request/raw
22:42:37.342 [Test worker] DEBUG o.s.w.c.RestTemplate - Accept=[text/plain, application/json, application/x-jackson-smile, application/*+json, */*]
22:42:37.342 [Test worker] DEBUG o.s.w.c.RestTemplate - Writing [org.springframework.web.reactive.result.method.annotation.JacksonHintsIntegrationTests$JacksonViewBean@9ef1eba] as "application/json"
22:42:37.343 [reactor-http-nio-4] DEBUG o.s.w.s.a.HttpWebHandlerAdapter - [0d1dbaac] HTTP POST "/request/raw"
22:42:37.343 [reactor-http-nio-4] DEBUG o.s.w.r.r.m.a.RequestMappingHandlerMapping - [0d1dbaac] Mapped to org.springframework.web.reactive.result.method.annotation.JacksonHintsIntegrationTests$JsonViewRestController#rawRequest(JacksonViewBean)
22:42:37.343 [reactor-http-nio-4] DEBUG o.s.w.r.r.m.a.RequestBodyMethodArgumentResolver - [0d1dbaac] Content-Type:application/json
22:42:37.344 [reactor-http-nio-4] DEBUG o.s.w.r.r.m.a.RequestBodyMethodArgumentResolver - [0d1dbaac] 0..1 [org.springframework.web.reactive.result.method.annotation.JacksonHintsIntegrationTests$JacksonViewBean]
22:42:37.344 [reactor-http-nio-4] DEBUG o.s.h.c.j.Jackson2JsonDecoder - [0d1dbaac] Decoded [org.springframework.web.reactive.result.method.annotation.JacksonHintsIntegrationTests$JacksonViewBe (truncated)...]
22:42:37.344 [reactor-http-nio-4] DEBUG o.s.w.r.r.m.a.ResponseBodyResultHandler - Using 'application/json' given [application/json] and supported [application/json, application/*+json, application/x-jackson-smile, application/*+x-jackson-smile, text/event-stream]
22:42:37.344 [reactor-http-nio-4] DEBUG o.s.w.r.r.m.a.ResponseBodyResultHandler - [0d1dbaac] 0..1 [org.springframework.web.reactive.result.method.annotation.JacksonHintsIntegrationTests$JacksonViewBean]
22:42:37.345 [reactor-http-nio-4] DEBUG o.s.h.c.j.Jackson2JsonEncoder - [0d1dbaac] Encoding [org.springframework.web.reactive.result.method.annotation.JacksonHintsIntegrationTests$JacksonViewBe (truncated)...]
22:42:37.345 [Test worker] DEBUG o.s.w.c.RestTemplate - Response 200 OK
22:42:37.345 [Test worker] DEBUG o.s.w.c.RestTemplate - Reading to [java.lang.String] as "application/json"
22:42:37.345 [Test worker] DEBUG o.s.h.s.r.b.ReactorHttpServer - Stopping ReactorHttpServer...
22:42:37.346 [Test worker] DEBUG o.s.h.s.r.b.ReactorHttpServer - Server stopped (0 millis).
22:42:37.374 [Test worker] DEBUG o.s.w.r.r.m.a.RequestMappingHandlerMapping - 9 mappings in 'requestMappingHandlerMapping'
22:42:37.388 [Test worker] DEBUG o.s.w.r.r.m.a.ControllerMethodResolver - ControllerAdvice beans: none
22:42:37.411 [Test worker] DEBUG o.s.w.s.a.HttpWebHandlerAdapter - enableLoggingRequestDetails='false': form data and headers will be masked to prevent unsafe logging of potentially sensitive data
22:42:37.411 [Test worker] DEBUG o.s.h.s.r.b.ReactorHttpServer - Starting ReactorHttpServer...
22:42:37.412 [Test worker] DEBUG o.s.h.s.r.b.ReactorHttpServer - Server started on port 53886(0 millis).
22:42:37.412 [Test worker] DEBUG o.s.w.c.RestTemplate - HTTP GET http://localhost:53886/response/entity
22:42:37.412 [Test worker] DEBUG o.s.w.c.RestTemplate - Accept=[text/plain, application/json, application/x-jackson-smile, application/*+json, */*]
22:42:37.413 [reactor-http-nio-6] DEBUG o.s.w.s.a.HttpWebHandlerAdapter - [5152a3ba] HTTP GET "/response/entity"
22:42:37.413 [reactor-http-nio-6] DEBUG o.s.w.r.r.m.a.RequestMappingHandlerMapping - [5152a3ba] Mapped to org.springframework.web.reactive.result.method.annotation.JacksonHintsIntegrationTests$JsonViewRestController#monoResponseEntity()
22:42:37.414 [reactor-http-nio-6] DEBUG o.s.w.r.r.m.a.ResponseEntityResultHandler - Using 'application/json' given [application/json] and supported [application/json, application/*+json, application/x-jackson-smile, application/*+x-jackson-smile, text/event-stream]
22:42:37.414 [reactor-http-nio-6] DEBUG o.s.w.r.r.m.a.ResponseEntityResultHandler - [5152a3ba] 0..1 [org.springframework.web.reactive.result.method.annotation.JacksonHintsIntegrationTests$JacksonViewBean]
22:42:37.414 [reactor-http-nio-6] DEBUG o.s.h.c.j.Jackson2JsonEncoder - [5152a3ba] Encoding [org.springframework.web.reactive.result.method.annotation.JacksonHintsIntegrationTests$JacksonViewBe (truncated)...]
22:42:37.415 [Test worker] DEBUG o.s.w.c.RestTemplate - Response 200 OK
22:42:37.415 [Test worker] DEBUG o.s.w.c.RestTemplate - Reading to [java.lang.String] as "application/json"
22:42:37.415 [Test worker] DEBUG o.s.h.s.r.b.ReactorHttpServer - Stopping ReactorHttpServer...
22:42:37.415 [Test worker] DEBUG o.s.h.s.r.b.ReactorHttpServer - Server stopped (0 millis).
22:42:37.444 [Test worker] DEBUG o.s.w.r.r.m.a.RequestMappingHandlerMapping - 9 mappings in 'requestMappingHandlerMapping'
22:42:37.460 [Test worker] DEBUG o.s.w.r.r.m.a.ControllerMethodResolver - ControllerAdvice beans: none
22:42:37.483 [Test worker] DEBUG o.s.w.s.a.HttpWebHandlerAdapter - enableLoggingRequestDetails='false': form data and headers will be masked to prevent unsafe logging of potentially sensitive data
22:42:37.483 [Test worker] DEBUG o.s.h.s.r.b.ReactorHttpServer - Starting ReactorHttpServer...
22:42:37.484 [Test worker] DEBUG o.s.h.s.r.b.ReactorHttpServer - Server started on port 53888(0 millis).
22:42:37.484 [Test worker] DEBUG o.s.w.c.RestTemplate - HTTP POST http://localhost:53888/request/flux
22:42:37.484 [Test worker] DEBUG o.s.w.c.RestTemplate - Accept=[text/plain, application/json, application/x-jackson-smile, application/*+json, */*]
22:42:37.484 [Test worker] DEBUG o.s.w.c.RestTemplate - Writing [[org.springframework.web.reactive.result.method.annotation.JacksonHintsIntegrationTests$JacksonViewBean@56ab9d, org.springframework.web.reactive.result.method.annotation.JacksonHintsIntegrationTests$JacksonViewBean@97ff0af]] as "application/json"
22:42:37.486 [reactor-http-nio-8] DEBUG o.s.w.s.a.HttpWebHandlerAdapter - [785988c5] HTTP POST "/request/flux"
22:42:37.486 [reactor-http-nio-8] DEBUG o.s.w.r.r.m.a.RequestMappingHandlerMapping - [785988c5] Mapped to org.springframework.web.reactive.result.method.annotation.JacksonHintsIntegrationTests$JsonViewRestController#fluxRequest(Flux)
22:42:37.486 [reactor-http-nio-8] DEBUG o.s.w.r.r.m.a.RequestBodyMethodArgumentResolver - [785988c5] Content-Type:application/json
22:42:37.487 [reactor-http-nio-8] DEBUG o.s.w.r.r.m.a.RequestBodyMethodArgumentResolver - [785988c5] 0..N [org.springframework.web.reactive.result.method.annotation.JacksonHintsIntegrationTests$JacksonViewBean]
22:42:37.487 [reactor-http-nio-8] DEBUG o.s.w.r.r.m.a.ResponseBodyResultHandler - Using 'application/json' given [application/json] and supported [application/json, application/*+json, application/x-jackson-smile, application/*+x-jackson-smile, text/event-stream]
22:42:37.487 [reactor-http-nio-8] DEBUG o.s.w.r.r.m.a.ResponseBodyResultHandler - [785988c5] 0..N [org.springframework.web.reactive.result.method.annotation.JacksonHintsIntegrationTests$JacksonViewBean]
22:42:37.488 [reactor-http-nio-8] DEBUG o.s.h.c.j.Jackson2JsonDecoder - [785988c5] Decoded [org.springframework.web.reactive.result.method.annotation.JacksonHintsIntegrationTests$JacksonViewBe (truncated)...]
22:42:37.488 [reactor-http-nio-8] DEBUG o.s.h.c.j.Jackson2JsonDecoder - [785988c5] Decoded [org.springframework.web.reactive.result.method.annotation.JacksonHintsIntegrationTests$JacksonViewBe (truncated)...]
22:42:37.488 [reactor-http-nio-8] DEBUG o.s.h.c.j.Jackson2JsonEncoder - [785988c5] Encoding [[org.springframework.web.reactive.result.method.annotation.JacksonHintsIntegrationTests$JacksonViewB (truncated)...]
22:42:37.489 [Test worker] DEBUG o.s.w.c.RestTemplate - Response 200 OK
22:42:37.489 [reactor-http-nio-8] DEBUG o.s.w.s.a.HttpWebHandlerAdapter - [785988c5] Completed 200 OK
22:42:37.489 [Test worker] DEBUG o.s.w.c.RestTemplate - Reading to [java.lang.String] as "application/json"
22:42:37.489 [Test worker] DEBUG o.s.h.s.r.b.ReactorHttpServer - Stopping ReactorHttpServer...
22:42:37.489 [Test worker] DEBUG o.s.h.s.r.b.ReactorHttpServer - Server stopped (0 millis).
22:42:37.517 [Test worker] DEBUG o.s.w.r.r.m.a.RequestMappingHandlerMapping - 9 mappings in 'requestMappingHandlerMapping'
22:42:37.533 [Test worker] DEBUG o.s.w.r.r.m.a.ControllerMethodResolver - ControllerAdvice beans: none
22:42:37.556 [Test worker] DEBUG o.s.w.s.a.HttpWebHandlerAdapter - enableLoggingRequestDetails='false': form data and headers will be masked to prevent unsafe logging of potentially sensitive data
22:42:37.556 [Test worker] DEBUG o.s.h.s.r.b.ReactorHttpServer - Starting ReactorHttpServer...
22:42:37.564 [Test worker] DEBUG o.s.h.s.r.b.ReactorHttpServer - Server started on port 53890(0 millis).
22:42:37.564 [Test worker] DEBUG o.s.w.c.RestTemplate - HTTP POST http://localhost:53890/request/mono
22:42:37.564 [Test worker] DEBUG o.s.w.c.RestTemplate - Accept=[text/plain, application/json, application/x-jackson-smile, application/*+json, */*]
22:42:37.564 [Test worker] DEBUG o.s.w.c.RestTemplate - Writing [org.springframework.web.reactive.result.method.annotation.JacksonHintsIntegrationTests$JacksonViewBean@4f9b5bfb] as "application/json"
22:42:37.565 [reactor-http-nio-10] DEBUG o.s.w.s.a.HttpWebHandlerAdapter - [f990956a] HTTP POST "/request/mono"
22:42:37.565 [reactor-http-nio-10] DEBUG o.s.w.r.r.m.a.RequestMappingHandlerMapping - [f990956a] Mapped to org.springframework.web.reactive.result.method.annotation.JacksonHintsIntegrationTests$JsonViewRestController#monoRequest(Mono)
22:42:37.566 [reactor-http-nio-10] DEBUG o.s.w.r.r.m.a.RequestBodyMethodArgumentResolver - [f990956a] Content-Type:application/json
22:42:37.566 [reactor-http-nio-10] DEBUG o.s.w.r.r.m.a.RequestBodyMethodArgumentResolver - [f990956a] 0..1 [org.springframework.web.reactive.result.method.annotation.JacksonHintsIntegrationTests$JacksonViewBean]
22:42:37.566 [reactor-http-nio-10] DEBUG o.s.w.r.r.m.a.ResponseBodyResultHandler - Using 'application/json' given [application/json] and supported [application/json, application/*+json, application/x-jackson-smile, application/*+x-jackson-smile, text/event-stream]
22:42:37.566 [reactor-http-nio-10] DEBUG o.s.w.r.r.m.a.ResponseBodyResultHandler - [f990956a] 0..1 [org.springframework.web.reactive.result.method.annotation.JacksonHintsIntegrationTests$JacksonViewBean]
22:42:37.567 [reactor-http-nio-10] DEBUG o.s.h.c.j.Jackson2JsonDecoder - [f990956a] Decoded [org.springframework.web.reactive.result.method.annotation.JacksonHintsIntegrationTests$JacksonViewBe (truncated)...]
22:42:37.567 [reactor-http-nio-10] DEBUG o.s.h.c.j.Jackson2JsonEncoder - [f990956a] Encoding [org.springframework.web.reactive.result.method.annotation.JacksonHintsIntegrationTests$JacksonViewBe (truncated)...]
22:42:37.567 [Test worker] DEBUG o.s.w.c.RestTemplate - Response 200 OK
22:42:37.567 [Test worker] DEBUG o.s.w.c.RestTemplate - Reading to [java.lang.String] as "application/json"
22:42:37.567 [Test worker] DEBUG o.s.h.s.r.b.ReactorHttpServer - Stopping ReactorHttpServer...
22:42:37.568 [Test worker] DEBUG o.s.h.s.r.b.ReactorHttpServer - Server stopped (0 millis).
22:42:37.597 [Test worker] DEBUG o.s.w.r.r.m.a.RequestMappingHandlerMapping - 9 mappings in 'requestMappingHandlerMapping'
22:42:37.612 [Test worker] DEBUG o.s.w.r.r.m.a.ControllerMethodResolver - ControllerAdvice beans: none
22:42:37.636 [Test worker] DEBUG o.s.w.s.a.HttpWebHandlerAdapter - enableLoggingRequestDetails='false': form data and headers will be masked to prevent unsafe logging of potentially sensitive data
22:42:37.636 [Test worker] DEBUG o.s.h.s.r.b.ReactorHttpServer - Starting ReactorHttpServer...
22:42:37.636 [Test worker] DEBUG o.s.h.s.r.b.ReactorHttpServer - Server started on port 53892(0 millis).
22:42:37.636 [Test worker] DEBUG o.s.w.c.RestTemplate - HTTP GET http://localhost:53892/response/raw
22:42:37.636 [Test worker] DEBUG o.s.w.c.RestTemplate - Accept=[text/plain, application/json, application/x-jackson-smile, application/*+json, */*]
22:42:37.637 [reactor-http-nio-12] DEBUG o.s.w.s.a.HttpWebHandlerAdapter - [3af4161a] HTTP GET "/response/raw"
22:42:37.637 [reactor-http-nio-12] DEBUG o.s.w.r.r.m.a.RequestMappingHandlerMapping - [3af4161a] Mapped to org.springframework.web.reactive.result.method.annotation.JacksonHintsIntegrationTests$JsonViewRestController#rawResponse()
22:42:37.638 [reactor-http-nio-12] DEBUG o.s.w.r.r.m.a.ResponseBodyResultHandler - Using 'application/json' given [application/json] and supported [application/json, application/*+json, application/x-jackson-smile, application/*+x-jackson-smile, text/event-stream]
22:42:37.638 [reactor-http-nio-12] DEBUG o.s.w.r.r.m.a.ResponseBodyResultHandler - [3af4161a] 0..1 [org.springframework.web.reactive.result.method.annotation.JacksonHintsIntegrationTests$JacksonViewBean]
22:42:37.638 [reactor-http-nio-12] DEBUG o.s.h.c.j.Jackson2JsonEncoder - [3af4161a] Encoding [org.springframework.web.reactive.result.method.annotation.JacksonHintsIntegrationTests$JacksonViewBe (truncated)...]
22:42:37.639 [Test worker] DEBUG o.s.w.c.RestTemplate - Response 200 OK
22:42:37.639 [Test worker] DEBUG o.s.w.c.RestTemplate - Reading to [java.lang.String] as "application/json"
22:42:37.639 [Test worker] DEBUG o.s.h.s.r.b.ReactorHttpServer - Stopping ReactorHttpServer...
22:42:37.640 [Test worker] DEBUG o.s.h.s.r.b.ReactorHttpServer - Server stopped (0 millis).
22:42:37.669 [Test worker] DEBUG o.s.w.r.r.m.a.RequestMappingHandlerMapping - 9 mappings in 'requestMappingHandlerMapping'
22:42:37.684 [Test worker] DEBUG o.s.w.r.r.m.a.ControllerMethodResolver - ControllerAdvice beans: none
22:42:37.707 [Test worker] DEBUG o.s.w.s.a.HttpWebHandlerAdapter - enableLoggingRequestDetails='false': form data and headers will be masked to prevent unsafe logging of potentially sensitive data
22:42:37.707 [Test worker] DEBUG o.s.h.s.r.b.ReactorHttpServer - Starting ReactorHttpServer...
22:42:37.708 [Test worker] DEBUG o.s.h.s.r.b.ReactorHttpServer - Server started on port 53894(0 millis).
22:42:37.708 [Test worker] DEBUG o.s.w.c.RestTemplate - HTTP GET http://localhost:53894/response/flux
22:42:37.708 [Test worker] DEBUG o.s.w.c.RestTemplate - Accept=[text/plain, application/json, application/x-jackson-smile, application/*+json, */*]
22:42:37.709 [reactor-http-nio-14] DEBUG o.s.w.s.a.HttpWebHandlerAdapter - [fdb76a68] HTTP GET "/response/flux"
22:42:37.709 [reactor-http-nio-14] DEBUG o.s.w.r.r.m.a.RequestMappingHandlerMapping - [fdb76a68] Mapped to org.springframework.web.reactive.result.method.annotation.JacksonHintsIntegrationTests$JsonViewRestController#fluxResponse()
22:42:37.710 [reactor-http-nio-14] DEBUG o.s.w.r.r.m.a.ResponseBodyResultHandler - Using 'application/json' given [application/json] and supported [application/json, application/*+json, application/x-jackson-smile, application/*+x-jackson-smile, text/event-stream]
22:42:37.710 [reactor-http-nio-14] DEBUG o.s.w.r.r.m.a.ResponseBodyResultHandler - [fdb76a68] 0..N [org.springframework.web.reactive.result.method.annotation.JacksonHintsIntegrationTests$JacksonViewBean]
22:42:37.710 [reactor-http-nio-14] DEBUG o.s.h.c.j.Jackson2JsonEncoder - [fdb76a68] Encoding [[org.springframework.web.reactive.result.method.annotation.JacksonHintsIntegrationTests$JacksonViewB (truncated)...]
22:42:37.711 [Test worker] DEBUG o.s.w.c.RestTemplate - Response 200 OK
22:42:37.711 [reactor-http-nio-14] DEBUG o.s.w.s.a.HttpWebHandlerAdapter - [fdb76a68] Completed 200 OK
22:42:37.711 [Test worker] DEBUG o.s.w.c.RestTemplate - Reading to [java.lang.String] as "application/json"
22:42:37.712 [Test worker] DEBUG o.s.h.s.r.b.ReactorHttpServer - Stopping ReactorHttpServer...
22:42:37.712 [Test worker] DEBUG o.s.h.s.r.b.ReactorHttpServer - Server stopped (0 millis).
22:42:37.740 [Test worker] DEBUG o.s.w.r.r.m.a.RequestMappingHandlerMapping - 9 mappings in 'requestMappingHandlerMapping'
22:42:37.755 [Test worker] DEBUG o.s.w.r.r.m.a.ControllerMethodResolver - ControllerAdvice beans: none
22:42:37.778 [Test worker] DEBUG o.s.w.s.a.HttpWebHandlerAdapter - enableLoggingRequestDetails='false': form data and headers will be masked to prevent unsafe logging of potentially sensitive data
22:42:37.778 [Test worker] DEBUG o.s.h.s.r.b.ReactorHttpServer - Starting ReactorHttpServer...
22:42:37.779 [Test worker] DEBUG o.s.h.s.r.b.ReactorHttpServer - Server started on port 53896(0 millis).
22:42:37.779 [Test worker] DEBUG o.s.w.c.RestTemplate - HTTP POST http://localhost:53896/request/entity/flux
22:42:37.779 [Test worker] DEBUG o.s.w.c.RestTemplate - Accept=[text/plain, application/json, application/x-jackson-smile, application/*+json, */*]
22:42:37.779 [Test worker] DEBUG o.s.w.c.RestTemplate - Writing [[org.springframework.web.reactive.result.method.annotation.JacksonHintsIntegrationTests$JacksonViewBean@63ef46b0, org.springframework.web.reactive.result.method.annotation.JacksonHintsIntegrationTests$JacksonViewBean@22a6de30]] as "application/json"
22:42:37.780 [reactor-http-nio-16] DEBUG o.s.w.s.a.HttpWebHandlerAdapter - [5aacca1f] HTTP POST "/request/entity/flux"
22:42:37.781 [reactor-http-nio-16] DEBUG o.s.w.r.r.m.a.RequestMappingHandlerMapping - [5aacca1f] Mapped to org.springframework.web.reactive.result.method.annotation.JacksonHintsIntegrationTests$JsonViewRestController#entityFluxRequest(HttpEntity)
22:42:37.781 [reactor-http-nio-16] DEBUG o.s.w.r.r.m.a.HttpEntityMethodArgumentResolver - [5aacca1f] Content-Type:application/json
22:42:37.782 [reactor-http-nio-16] DEBUG o.s.w.r.r.m.a.HttpEntityMethodArgumentResolver - [5aacca1f] 0..N [org.springframework.web.reactive.result.method.annotation.JacksonHintsIntegrationTests$JacksonViewBean]
22:42:37.782 [reactor-http-nio-16] DEBUG o.s.w.r.r.m.a.ResponseBodyResultHandler - Using 'application/json' given [application/json] and supported [application/json, application/*+json, application/x-jackson-smile, application/*+x-jackson-smile, text/event-stream]
22:42:37.782 [reactor-http-nio-16] DEBUG o.s.w.r.r.m.a.ResponseBodyResultHandler - [5aacca1f] 0..N [org.springframework.web.reactive.result.method.annotation.JacksonHintsIntegrationTests$JacksonViewBean]
22:42:37.783 [reactor-http-nio-16] DEBUG o.s.h.c.j.Jackson2JsonDecoder - [5aacca1f] Decoded [org.springframework.web.reactive.result.method.annotation.JacksonHintsIntegrationTests$JacksonViewBe (truncated)...]
22:42:37.783 [reactor-http-nio-16] DEBUG o.s.h.c.j.Jackson2JsonDecoder - [5aacca1f] Decoded [org.springframework.web.reactive.result.method.annotation.JacksonHintsIntegrationTests$JacksonViewBe (truncated)...]
22:42:37.783 [reactor-http-nio-16] DEBUG o.s.h.c.j.Jackson2JsonEncoder - [5aacca1f] Encoding [[org.springframework.web.reactive.result.method.annotation.JacksonHintsIntegrationTests$JacksonViewB (truncated)...]
22:42:37.784 [Test worker] DEBUG o.s.w.c.RestTemplate - Response 200 OK
22:42:37.784 [reactor-http-nio-16] DEBUG o.s.w.s.a.HttpWebHandlerAdapter - [5aacca1f] Completed 200 OK
22:42:37.784 [Test worker] DEBUG o.s.w.c.RestTemplate - Reading to [java.lang.String] as "application/json"
22:42:37.784 [Test worker] DEBUG o.s.h.s.r.b.ReactorHttpServer - Stopping ReactorHttpServer...
22:42:37.784 [Test worker] DEBUG o.s.h.s.r.b.ReactorHttpServer - Server stopped (0 millis).
22:42:37.814 [Test worker] DEBUG o.s.w.r.r.m.a.RequestMappingHandlerMapping - 9 mappings in 'requestMappingHandlerMapping'
22:42:37.829 [Test worker] DEBUG o.s.w.r.r.m.a.ControllerMethodResolver - ControllerAdvice beans: none
22:42:37.852 [Test worker] DEBUG o.s.w.s.a.HttpWebHandlerAdapter - enableLoggingRequestDetails='false': form data and headers will be masked to prevent unsafe logging of potentially sensitive data
22:42:37.852 [Test worker] DEBUG o.s.h.s.r.b.ReactorHttpServer - Starting ReactorHttpServer...
22:42:37.853 [Test worker] DEBUG o.s.h.s.r.b.ReactorHttpServer - Server started on port 53898(0 millis).
22:42:37.853 [Test worker] DEBUG o.s.w.c.RestTemplate - HTTP GET http://localhost:53898/response/mono
22:42:37.853 [Test worker] DEBUG o.s.w.c.RestTemplate - Accept=[text/plain, application/json, application/x-jackson-smile, application/*+json, */*]
22:42:37.854 [reactor-http-nio-2] DEBUG o.s.w.s.a.HttpWebHandlerAdapter - [1118884f] HTTP GET "/response/mono"
22:42:37.854 [reactor-http-nio-2] DEBUG o.s.w.r.r.m.a.RequestMappingHandlerMapping - [1118884f] Mapped to org.springframework.web.reactive.result.method.annotation.JacksonHintsIntegrationTests$JsonViewRestController#monoResponse()
22:42:37.855 [reactor-http-nio-2] DEBUG o.s.w.r.r.m.a.ResponseBodyResultHandler - Using 'application/json' given [application/json] and supported [application/json, application/*+json, application/x-jackson-smile, application/*+x-jackson-smile, text/event-stream]
22:42:37.855 [reactor-http-nio-2] DEBUG o.s.w.r.r.m.a.ResponseBodyResultHandler - [1118884f] 0..1 [org.springframework.web.reactive.result.method.annotation.JacksonHintsIntegrationTests$JacksonViewBean]
22:42:37.855 [reactor-http-nio-2] DEBUG o.s.h.c.j.Jackson2JsonEncoder - [1118884f] Encoding [org.springframework.web.reactive.result.method.annotation.JacksonHintsIntegrationTests$JacksonViewBe (truncated)...]
22:42:37.856 [Test worker] DEBUG o.s.w.c.RestTemplate - Response 200 OK
22:42:37.856 [Test worker] DEBUG o.s.w.c.RestTemplate - Reading to [java.lang.String] as "application/json"
22:42:37.856 [Test worker] DEBUG o.s.h.s.r.b.ReactorHttpServer - Stopping ReactorHttpServer...
22:42:37.856 [Test worker] DEBUG o.s.h.s.r.b.ReactorHttpServer - Server stopped (0 millis).
22:42:37.884 [Test worker] DEBUG o.s.w.r.r.m.a.RequestMappingHandlerMapping - 9 mappings in 'requestMappingHandlerMapping'
22:42:37.899 [Test worker] DEBUG o.s.w.r.r.m.a.ControllerMethodResolver - ControllerAdvice beans: none
22:42:37.922 [Test worker] DEBUG o.s.w.s.a.HttpWebHandlerAdapter - enableLoggingRequestDetails='false': form data and headers will be masked to prevent unsafe logging of potentially sensitive data
22:42:37.922 [Test worker] DEBUG o.s.h.s.r.b.TomcatHttpServer - Starting TomcatHttpServer...
22:42:37.926 [Test worker] DEBUG o.s.h.s.r.b.TomcatHttpServer - Server started on port 53900(0 millis).
22:42:37.926 [Test worker] DEBUG o.s.w.c.RestTemplate - HTTP POST http://localhost:53900/request/entity/mono
22:42:37.927 [Test worker] DEBUG o.s.w.c.RestTemplate - Accept=[text/plain, application/json, application/x-jackson-smile, application/*+json, */*]
22:42:37.927 [Test worker] DEBUG o.s.w.c.RestTemplate - Writing [org.springframework.web.reactive.result.method.annotation.JacksonHintsIntegrationTests$JacksonViewBean@173bb3b3] as "application/json"
22:42:37.928 [http-nio-auto-25-exec-1] DEBUG o.s.w.s.a.HttpWebHandlerAdapter - [43fe373c] HTTP POST "/request/entity/mono"
22:42:37.929 [http-nio-auto-25-exec-1] DEBUG o.s.w.r.r.m.a.RequestMappingHandlerMapping - [43fe373c] Mapped to org.springframework.web.reactive.result.method.annotation.JacksonHintsIntegrationTests$JsonViewRestController#entityMonoRequest(HttpEntity)
22:42:37.929 [http-nio-auto-25-exec-1] DEBUG o.s.w.r.r.m.a.HttpEntityMethodArgumentResolver - [43fe373c] Content-Type:application/json
22:42:37.929 [http-nio-auto-25-exec-1] DEBUG o.s.w.r.r.m.a.HttpEntityMethodArgumentResolver - [43fe373c] 0..1 [org.springframework.web.reactive.result.method.annotation.JacksonHintsIntegrationTests$JacksonViewBean]
22:42:37.931 [http-nio-auto-25-exec-1] DEBUG o.s.w.r.r.m.a.ResponseBodyResultHandler - Using 'application/json' given [application/json] and supported [application/json, application/*+json, application/x-jackson-smile, application/*+x-jackson-smile, text/event-stream]
22:42:37.931 [http-nio-auto-25-exec-1] DEBUG o.s.w.r.r.m.a.ResponseBodyResultHandler - [43fe373c] 0..1 [org.springframework.web.reactive.result.method.annotation.JacksonHintsIntegrationTests$JacksonViewBean]
22:42:37.932 [http-nio-auto-25-exec-1] DEBUG o.s.h.c.j.Jackson2JsonDecoder - [43fe373c] Decoded [org.springframework.web.reactive.result.method.annotation.JacksonHintsIntegrationTests$JacksonViewBe (truncated)...]
22:42:37.932 [http-nio-auto-25-exec-1] DEBUG o.s.h.c.j.Jackson2JsonEncoder - [43fe373c] Encoding [org.springframework.web.reactive.result.method.annotation.JacksonHintsIntegrationTests$JacksonViewBe (truncated)...]
22:42:37.932 [http-nio-auto-25-exec-1] DEBUG o.s.w.s.a.HttpWebHandlerAdapter - [43fe373c] Completed 200 OK
22:42:37.932 [Test worker] DEBUG o.s.w.c.RestTemplate - Response 200 OK
22:42:37.932 [Test worker] DEBUG o.s.w.c.RestTemplate - Reading to [java.lang.String] as "application/json"
22:42:37.933 [Test worker] DEBUG o.s.h.s.r.b.TomcatHttpServer - Stopping TomcatHttpServer...
22:42:37.943 [Test worker] DEBUG o.s.h.s.r.b.TomcatHttpServer - Server stopped (0 millis).
22:42:37.983 [Test worker] DEBUG o.s.w.r.r.m.a.RequestMappingHandlerMapping - 9 mappings in 'requestMappingHandlerMapping'
22:42:38.001 [Test worker] DEBUG o.s.w.r.r.m.a.ControllerMethodResolver - ControllerAdvice beans: none
22:42:38.026 [Test worker] DEBUG o.s.w.s.a.HttpWebHandlerAdapter - enableLoggingRequestDetails='false': form data and headers will be masked to prevent unsafe logging of potentially sensitive data
22:42:38.027 [Test worker] DEBUG o.s.h.s.r.b.TomcatHttpServer - Starting TomcatHttpServer...
22:42:38.031 [Test worker] DEBUG o.s.h.s.r.b.TomcatHttpServer - Server started on port 53903(0 millis).
22:42:38.031 [Test worker] DEBUG o.s.w.c.RestTemplate - HTTP POST http://localhost:53903/request/raw
22:42:38.032 [Test worker] DEBUG o.s.w.c.RestTemplate - Accept=[text/plain, application/json, application/x-jackson-smile, application/*+json, */*]
22:42:38.032 [Test worker] DEBUG o.s.w.c.RestTemplate - Writing [org.springframework.web.reactive.result.method.annotation.JacksonHintsIntegrationTests$JacksonViewBean@571e27fd] as "application/json"
22:42:38.034 [http-nio-auto-26-exec-1] DEBUG o.s.w.s.a.HttpWebHandlerAdapter - [6fbd9203] HTTP POST "/request/raw"
22:42:38.034 [http-nio-auto-26-exec-1] DEBUG o.s.w.r.r.m.a.RequestMappingHandlerMapping - [6fbd9203] Mapped to org.springframework.web.reactive.result.method.annotation.JacksonHintsIntegrationTests$JsonViewRestController#rawRequest(JacksonViewBean)
22:42:38.034 [http-nio-auto-26-exec-1] DEBUG o.s.w.r.r.m.a.RequestBodyMethodArgumentResolver - [6fbd9203] Content-Type:application/json
22:42:38.035 [http-nio-auto-26-exec-1] DEBUG o.s.w.r.r.m.a.RequestBodyMethodArgumentResolver - [6fbd9203] 0..1 [org.springframework.web.reactive.result.method.annotation.JacksonHintsIntegrationTests$JacksonViewBean]
22:42:38.035 [http-nio-auto-26-exec-1] DEBUG o.s.h.c.j.Jackson2JsonDecoder - [6fbd9203] Decoded [org.springframework.web.reactive.result.method.annotation.JacksonHintsIntegrationTests$JacksonViewBe (truncated)...]
22:42:38.036 [http-nio-auto-26-exec-1] DEBUG o.s.w.r.r.m.a.ResponseBodyResultHandler - Using 'application/json' given [application/json] and supported [application/json, application/*+json, application/x-jackson-smile, application/*+x-jackson-smile, text/event-stream]
22:42:38.036 [http-nio-auto-26-exec-1] DEBUG o.s.w.r.r.m.a.ResponseBodyResultHandler - [6fbd9203] 0..1 [org.springframework.web.reactive.result.method.annotation.JacksonHintsIntegrationTests$JacksonViewBean]
22:42:38.036 [http-nio-auto-26-exec-1] DEBUG o.s.h.c.j.Jackson2JsonEncoder - [6fbd9203] Encoding [org.springframework.web.reactive.result.method.annotation.JacksonHintsIntegrationTests$JacksonViewBe (truncated)...]
22:42:38.036 [http-nio-auto-26-exec-1] DEBUG o.s.w.s.a.HttpWebHandlerAdapter - [6fbd9203] Completed 200 OK
22:42:38.036 [Test worker] DEBUG o.s.w.c.RestTemplate - Response 200 OK
22:42:38.036 [Test worker] DEBUG o.s.w.c.RestTemplate - Reading to [java.lang.String] as "application/json"
22:42:38.037 [Test worker] DEBUG o.s.h.s.r.b.TomcatHttpServer - Stopping TomcatHttpServer...
22:42:38.047 [Test worker] DEBUG o.s.h.s.r.b.TomcatHttpServer - Server stopped (0 millis).
22:42:38.083 [Test worker] DEBUG o.s.w.r.r.m.a.RequestMappingHandlerMapping - 9 mappings in 'requestMappingHandlerMapping'
22:42:38.098 [Test worker] DEBUG o.s.w.r.r.m.a.ControllerMethodResolver - ControllerAdvice beans: none
22:42:38.122 [Test worker] DEBUG o.s.w.s.a.HttpWebHandlerAdapter - enableLoggingRequestDetails='false': form data and headers will be masked to prevent unsafe logging of potentially sensitive data
22:42:38.122 [Test worker] DEBUG o.s.h.s.r.b.TomcatHttpServer - Starting TomcatHttpServer...
22:42:38.128 [Test worker] DEBUG o.s.h.s.r.b.TomcatHttpServer - Server started on port 53906(0 millis).
22:42:38.128 [Test worker] DEBUG o.s.w.c.RestTemplate - HTTP GET http://localhost:53906/response/entity
22:42:38.128 [Test worker] DEBUG o.s.w.c.RestTemplate - Accept=[text/plain, application/json, application/x-jackson-smile, application/*+json, */*]
22:42:38.130 [http-nio-auto-27-exec-1] DEBUG o.s.w.s.a.HttpWebHandlerAdapter - [779f44d3] HTTP GET "/response/entity"
22:42:38.131 [http-nio-auto-27-exec-1] DEBUG o.s.w.r.r.m.a.RequestMappingHandlerMapping - [779f44d3] Mapped to org.springframework.web.reactive.result.method.annotation.JacksonHintsIntegrationTests$JsonViewRestController#monoResponseEntity()
22:42:38.131 [http-nio-auto-27-exec-1] DEBUG o.s.w.r.r.m.a.ResponseEntityResultHandler - Using 'application/json' given [application/json] and supported [application/json, application/*+json, application/x-jackson-smile, application/*+x-jackson-smile, text/event-stream]
22:42:38.131 [http-nio-auto-27-exec-1] DEBUG o.s.w.r.r.m.a.ResponseEntityResultHandler - [779f44d3] 0..1 [org.springframework.web.reactive.result.method.annotation.JacksonHintsIntegrationTests$JacksonViewBean]
22:42:38.132 [http-nio-auto-27-exec-1] DEBUG o.s.h.c.j.Jackson2JsonEncoder - [779f44d3] Encoding [org.springframework.web.reactive.result.method.annotation.JacksonHintsIntegrationTests$JacksonViewBe (truncated)...]
22:42:38.132 [http-nio-auto-27-exec-1] DEBUG o.s.w.s.a.HttpWebHandlerAdapter - [779f44d3] Completed 200 OK
22:42:38.132 [Test worker] DEBUG o.s.w.c.RestTemplate - Response 200 OK
22:42:38.132 [Test worker] DEBUG o.s.w.c.RestTemplate - Reading to [java.lang.String] as "application/json"
22:42:38.132 [Test worker] DEBUG o.s.h.s.r.b.TomcatHttpServer - Stopping TomcatHttpServer...
22:42:38.144 [Test worker] DEBUG o.s.h.s.r.b.TomcatHttpServer - Server stopped (0 millis).
22:42:38.182 [Test worker] DEBUG o.s.w.r.r.m.a.RequestMappingHandlerMapping - 9 mappings in 'requestMappingHandlerMapping'
22:42:38.199 [Test worker] DEBUG o.s.w.r.r.m.a.ControllerMethodResolver - ControllerAdvice beans: none
22:42:38.227 [Test worker] DEBUG o.s.w.s.a.HttpWebHandlerAdapter - enableLoggingRequestDetails='false': form data and headers will be masked to prevent unsafe logging of potentially sensitive data
22:42:38.227 [Test worker] DEBUG o.s.h.s.r.b.TomcatHttpServer - Starting TomcatHttpServer...
22:42:38.231 [Test worker] DEBUG o.s.h.s.r.b.TomcatHttpServer - Server started on port 53912(0 millis).
22:42:38.232 [Test worker] DEBUG o.s.w.c.RestTemplate - HTTP POST http://localhost:53912/request/flux
22:42:38.232 [Test worker] DEBUG o.s.w.c.RestTemplate - Accept=[text/plain, application/json, application/x-jackson-smile, application/*+json, */*]
22:42:38.232 [Test worker] DEBUG o.s.w.c.RestTemplate - Writing [[org.springframework.web.reactive.result.method.annotation.JacksonHintsIntegrationTests$JacksonViewBean@53f7a5a, org.springframework.web.reactive.result.method.annotation.JacksonHintsIntegrationTests$JacksonViewBean@7a75b06e]] as "application/json"
22:42:38.234 [http-nio-auto-28-exec-1] DEBUG o.s.w.s.a.HttpWebHandlerAdapter - [235ead43] HTTP POST "/request/flux"
22:42:38.234 [http-nio-auto-28-exec-1] DEBUG o.s.w.r.r.m.a.RequestMappingHandlerMapping - [235ead43] Mapped to org.springframework.web.reactive.result.method.annotation.JacksonHintsIntegrationTests$JsonViewRestController#fluxRequest(Flux)
22:42:38.234 [http-nio-auto-28-exec-1] DEBUG o.s.w.r.r.m.a.RequestBodyMethodArgumentResolver - [235ead43] Content-Type:application/json
22:42:38.234 [http-nio-auto-28-exec-1] DEBUG o.s.w.r.r.m.a.RequestBodyMethodArgumentResolver - [235ead43] 0..N [org.springframework.web.reactive.result.method.annotation.JacksonHintsIntegrationTests$JacksonViewBean]
22:42:38.235 [http-nio-auto-28-exec-1] DEBUG o.s.w.r.r.m.a.ResponseBodyResultHandler - Using 'application/json' given [application/json] and supported [application/json, application/*+json, application/x-jackson-smile, application/*+x-jackson-smile, text/event-stream]
22:42:38.235 [http-nio-auto-28-exec-1] DEBUG o.s.w.r.r.m.a.ResponseBodyResultHandler - [235ead43] 0..N [org.springframework.web.reactive.result.method.annotation.JacksonHintsIntegrationTests$JacksonViewBean]
22:42:38.235 [http-nio-auto-28-exec-1] DEBUG o.s.h.c.j.Jackson2JsonDecoder - [235ead43] Decoded [org.springframework.web.reactive.result.method.annotation.JacksonHintsIntegrationTests$JacksonViewBe (truncated)...]
22:42:38.235 [http-nio-auto-28-exec-1] DEBUG o.s.h.c.j.Jackson2JsonDecoder - [235ead43] Decoded [org.springframework.web.reactive.result.method.annotation.JacksonHintsIntegrationTests$JacksonViewBe (truncated)...]
22:42:38.236 [http-nio-auto-28-exec-1] DEBUG o.s.h.c.j.Jackson2JsonEncoder - [235ead43] Encoding [[org.springframework.web.reactive.result.method.annotation.JacksonHintsIntegrationTests$JacksonViewB (truncated)...]
22:42:38.236 [http-nio-auto-28-exec-1] DEBUG o.s.w.s.a.HttpWebHandlerAdapter - [235ead43] Completed 200 OK
22:42:38.236 [Test worker] DEBUG o.s.w.c.RestTemplate - Response 200 OK
22:42:38.236 [Test worker] DEBUG o.s.w.c.RestTemplate - Reading to [java.lang.String] as "application/json"
22:42:38.236 [Test worker] DEBUG o.s.h.s.r.b.TomcatHttpServer - Stopping TomcatHttpServer...
22:42:38.248 [Test worker] DEBUG o.s.h.s.r.b.TomcatHttpServer - Server stopped (0 millis).
22:42:38.290 [Test worker] DEBUG o.s.w.r.r.m.a.RequestMappingHandlerMapping - 9 mappings in 'requestMappingHandlerMapping'
22:42:38.308 [Test worker] DEBUG o.s.w.r.r.m.a.ControllerMethodResolver - ControllerAdvice beans: none
[...]
22:42:39.145 [XNIO-29 I/O-2] DEBUG o.s.h.c.j.Jackson2JsonDecoder - [29bf760c] Decoded [org.springframework.web.reactive.result.method.annotation.JacksonHintsIntegrationTests$JacksonViewBe (truncated)...]
22:42:39.145 [XNIO-29 I/O-2] DEBUG o.s.h.c.j.Jackson2JsonEncoder - [29bf760c] Encoding [org.springframework.web.reactive.result.method.annotation.JacksonHintsIntegrationTests$JacksonViewBe (truncated)...]
22:42:39.145 [XNIO-29 I/O-2] DEBUG o.s.w.s.a.HttpWebHandlerAdapter - [29bf760c] Completed 200 OK
22:42:39.145 [Test worker] DEBUG o.s.w.c.RestTemplate - Response 200 OK
22:42:39.145 [Test worker] DEBUG o.s.w.c.RestTemplate - Reading to [java.lang.String] as "application/json"
22:42:39.145 [Test worker] DEBUG o.s.h.s.r.b.UndertowHttpServer - Stopping UndertowHttpServer...
22:42:39.146 [Test worker] DEBUG o.s.h.s.r.b.UndertowHttpServer - Server stopped (0 millis).
22:42:39.175 [Test worker] DEBUG o.s.w.r.r.m.a.RequestMappingHandlerMapping - 9 mappings in 'requestMappingHandlerMapping'
22:42:39.191 [Test worker] DEBUG o.s.w.r.r.m.a.ControllerMethodResolver - ControllerAdvice beans: none
22:42:39.214 [Test worker] DEBUG o.s.w.s.a.HttpWebHandlerAdapter - enableLoggingRequestDetails='false': form data and headers will be masked to prevent unsafe logging of potentially sensitive data
22:42:39.214 [Test worker] DEBUG o.s.h.s.r.b.UndertowHttpServer - Starting UndertowHttpServer...
22:42:39.216 [Test worker] DEBUG o.s.h.s.r.b.UndertowHttpServer - Server started on port 53940(0 millis).
22:42:39.216 [Test worker] DEBUG o.s.w.c.RestTemplate - HTTP GET http://localhost:53940/response/raw
22:42:39.216 [Test worker] DEBUG o.s.w.c.RestTemplate - Accept=[text/plain, application/json, application/x-jackson-smile, application/*+json, */*]
22:42:39.217 [XNIO-30 I/O-2] DEBUG o.s.w.s.a.HttpWebHandlerAdapter - [64417a4] HTTP GET "/response/raw"
22:42:39.217 [XNIO-30 I/O-2] DEBUG o.s.w.r.r.m.a.RequestMappingHandlerMapping - [64417a4] Mapped to org.springframework.web.reactive.result.method.annotation.JacksonHintsIntegrationTests$JsonViewRestController#rawResponse()
22:42:39.218 [XNIO-30 I/O-2] DEBUG o.s.w.r.r.m.a.ResponseBodyResultHandler - Using 'application/json' given [application/json] and supported [application/json, application/*+json, application/x-jackson-smile, application/*+x-jackson-smile, text/event-stream]
22:42:39.218 [XNIO-30 I/O-2] DEBUG o.s.w.r.r.m.a.ResponseBodyResultHandler - [64417a4] 0..1 [org.springframework.web.reactive.result.method.annotation.JacksonHintsIntegrationTests$JacksonViewBean]
22:42:39.218 [XNIO-30 I/O-2] DEBUG o.s.h.c.j.Jackson2JsonEncoder - [64417a4] Encoding [org.springframework.web.reactive.result.method.annotation.JacksonHintsIntegrationTests$JacksonViewBe (truncated)...]
22:42:39.218 [XNIO-30 I/O-2] DEBUG o.s.w.s.a.HttpWebHandlerAdapter - [64417a4] Completed 200 OK
22:42:39.218 [Test worker] DEBUG o.s.w.c.RestTemplate - Response 200 OK
22:42:39.218 [Test worker] DEBUG o.s.w.c.RestTemplate - Reading to [java.lang.String] as "application/json"
22:42:39.219 [Test worker] DEBUG o.s.h.s.r.b.UndertowHttpServer - Stopping UndertowHttpServer...
22:42:39.219 [Test worker] DEBUG o.s.h.s.r.b.UndertowHttpServer - Server stopped (0 millis).
22:42:39.248 [Test worker] DEBUG o.s.w.r.r.m.a.RequestMappingHandlerMapping - 9 mappings in 'requestMappingHandlerMapping'
22:42:39.263 [Test worker] DEBUG o.s.w.r.r.m.a.ControllerMethodResolver - ControllerAdvice beans: none
22:42:39.286 [Test worker] DEBUG o.s.w.s.a.HttpWebHandlerAdapter - enableLoggingRequestDetails='false': form data and headers will be masked to prevent unsafe logging of potentially sensitive data
22:42:39.286 [Test worker] DEBUG o.s.h.s.r.b.UndertowHttpServer - Starting UndertowHttpServer...
22:42:39.288 [Test worker] DEBUG o.s.h.s.r.b.UndertowHttpServer - Server started on port 53942(0 millis).
22:42:39.288 [Test worker] DEBUG o.s.w.c.RestTemplate - HTTP GET http://localhost:53942/response/flux
22:42:39.288 [Test worker] DEBUG o.s.w.c.RestTemplate - Accept=[text/plain, application/json, application/x-jackson-smile, application/*+json, */*]
22:42:39.289 [XNIO-31 I/O-2] DEBUG o.s.w.s.a.HttpWebHandlerAdapter - [1a8c3ca4] HTTP GET "/response/flux"
22:42:39.289 [XNIO-31 I/O-2] DEBUG o.s.w.r.r.m.a.RequestMappingHandlerMapping - [1a8c3ca4] Mapped to org.springframework.web.reactive.result.method.annotation.JacksonHintsIntegrationTests$JsonViewRestController#fluxResponse()
22:42:39.290 [XNIO-31 I/O-2] DEBUG o.s.w.r.r.m.a.ResponseBodyResultHandler - Using 'application/json' given [application/json] and supported [application/json, application/*+json, application/x-jackson-smile, application/*+x-jackson-smile, text/event-stream]
22:42:39.290 [XNIO-31 I/O-2] DEBUG o.s.w.r.r.m.a.ResponseBodyResultHandler - [1a8c3ca4] 0..N [org.springframework.web.reactive.result.method.annotation.JacksonHintsIntegrationTests$JacksonViewBean]
22:42:39.290 [XNIO-31 I/O-2] DEBUG o.s.h.c.j.Jackson2JsonEncoder - [1a8c3ca4] Encoding [[org.springframework.web.reactive.result.method.annotation.JacksonHintsIntegrationTests$JacksonViewB (truncated)...]
22:42:39.291 [XNIO-31 I/O-2] DEBUG o.s.w.s.a.HttpWebHandlerAdapter - [1a8c3ca4] Completed 200 OK
22:42:39.291 [Test worker] DEBUG o.s.w.c.RestTemplate - Response 200 OK
22:42:39.291 [Test worker] DEBUG o.s.w.c.RestTemplate - Reading to [java.lang.String] as "application/json"
22:42:39.291 [Test worker] DEBUG o.s.h.s.r.b.UndertowHttpServer - Stopping UndertowHttpServer...
22:42:39.292 [Test worker] DEBUG o.s.h.s.r.b.UndertowHttpServer - Server stopped (0 millis).
22:42:39.319 [Test worker] DEBUG o.s.w.r.r.m.a.RequestMappingHandlerMapping - 9 mappings in 'requestMappingHandlerMapping'
22:42:39.334 [Test worker] DEBUG o.s.w.r.r.m.a.ControllerMethodResolver - ControllerAdvice beans: none
22:42:39.358 [Test worker] DEBUG o.s.w.s.a.HttpWebHandlerAdapter - enableLoggingRequestDetails='false': form data and headers will be masked to prevent unsafe logging of potentially sensitive data
22:42:39.358 [Test worker] DEBUG o.s.h.s.r.b.UndertowHttpServer - Starting UndertowHttpServer...
22:42:39.366 [Test worker] DEBUG o.s.h.s.r.b.UndertowHttpServer - Server started on port 53944(0 millis).
22:42:39.366 [Test worker] DEBUG o.s.w.c.RestTemplate - HTTP POST http://localhost:53944/request/entity/flux
22:42:39.366 [Test worker] DEBUG o.s.w.c.RestTemplate - Accept=[text/plain, application/json, application/x-jackson-smile, application/*+json, */*]
22:42:39.367 [Test worker] DEBUG o.s.w.c.RestTemplate - Writing [[org.springframework.web.reactive.result.method.annotation.JacksonHintsIntegrationTests$JacksonViewBean@67adcaa6, org.springframework.web.reactive.result.method.annotation.JacksonHintsIntegrationTests$JacksonViewBean@4d55ff46]] as "application/json"
22:42:39.368 [XNIO-32 I/O-2] DEBUG o.s.w.s.a.HttpWebHandlerAdapter - [3da8f1b8] HTTP POST "/request/entity/flux"
22:42:39.368 [XNIO-32 I/O-2] DEBUG o.s.w.r.r.m.a.RequestMappingHandlerMapping - [3da8f1b8] Mapped to org.springframework.web.reactive.result.method.annotation.JacksonHintsIntegrationTests$JsonViewRestController#entityFluxRequest(HttpEntity)
22:42:39.368 [XNIO-32 I/O-2] DEBUG o.s.w.r.r.m.a.HttpEntityMethodArgumentResolver - [3da8f1b8] Content-Type:application/json
22:42:39.368 [XNIO-32 I/O-2] DEBUG o.s.w.r.r.m.a.HttpEntityMethodArgumentResolver - [3da8f1b8] 0..N [org.springframework.web.reactive.result.method.annotation.JacksonHintsIntegrationTests$JacksonViewBean]
22:42:39.369 [XNIO-32 I/O-2] DEBUG o.s.w.r.r.m.a.ResponseBodyResultHandler - Using 'application/json' given [application/json] and supported [application/json, application/*+json, application/x-jackson-smile, application/*+x-jackson-smile, text/event-stream]
22:42:39.369 [XNIO-32 I/O-2] DEBUG o.s.w.r.r.m.a.ResponseBodyResultHandler - [3da8f1b8] 0..N [org.springframework.web.reactive.result.method.annotation.JacksonHintsIntegrationTests$JacksonViewBean]
22:42:39.369 [XNIO-32 I/O-2] DEBUG o.s.h.c.j.Jackson2JsonDecoder - [3da8f1b8] Decoded [org.springframework.web.reactive.result.method.annotation.JacksonHintsIntegrationTests$JacksonViewBe (truncated)...]
22:42:39.369 [XNIO-32 I/O-2] DEBUG o.s.h.c.j.Jackson2JsonDecoder - [3da8f1b8] Decoded [org.springframework.web.reactive.result.method.annotation.JacksonHintsIntegrationTests$JacksonViewBe (truncated)...]
22:42:39.369 [XNIO-32 I/O-2] DEBUG o.s.h.c.j.Jackson2JsonEncoder - [3da8f1b8] Encoding [[org.springframework.web.reactive.result.method.annotation.JacksonHintsIntegrationTests$JacksonViewB (truncated)...]
22:42:39.370 [XNIO-32 I/O-2] DEBUG o.s.w.s.a.HttpWebHandlerAdapter - [3da8f1b8] Completed 200 OK
22:42:39.370 [Test worker] DEBUG o.s.w.c.RestTemplate - Response 200 OK
22:42:39.370 [Test worker] DEBUG o.s.w.c.RestTemplate - Reading to [java.lang.String] as "application/json"
22:42:39.370 [Test worker] DEBUG o.s.h.s.r.b.UndertowHttpServer - Stopping UndertowHttpServer...
22:42:39.370 [Test worker] DEBUG o.s.h.s.r.b.UndertowHttpServer - Server stopped (0 millis).
22:42:39.400 [Test worker] DEBUG o.s.w.r.r.m.a.RequestMappingHandlerMapping - 9 mappings in 'requestMappingHandlerMapping'
22:42:39.415 [Test worker] DEBUG o.s.w.r.r.m.a.ControllerMethodResolver - ControllerAdvice beans: none
22:42:39.438 [Test worker] DEBUG o.s.w.s.a.HttpWebHandlerAdapter - enableLoggingRequestDetails='false': form data and headers will be masked to prevent unsafe logging of potentially sensitive data
22:42:39.438 [Test worker] DEBUG o.s.h.s.r.b.UndertowHttpServer - Starting UndertowHttpServer...
22:42:39.441 [Test worker] DEBUG o.s.h.s.r.b.UndertowHttpServer - Server started on port 53946(0 millis).
22:42:39.441 [Test worker] DEBUG o.s.w.c.RestTemplate - HTTP GET http://localhost:53946/response/mono
22:42:39.441 [Test worker] DEBUG o.s.w.c.RestTemplate - Accept=[text/plain, application/json, application/x-jackson-smile, application/*+json, */*]
22:42:39.442 [XNIO-33 I/O-2] DEBUG o.s.w.s.a.HttpWebHandlerAdapter - [90c986d] HTTP GET "/response/mono"
22:42:39.442 [XNIO-33 I/O-2] DEBUG o.s.w.r.r.m.a.RequestMappingHandlerMapping - [90c986d] Mapped to org.springframework.web.reactive.result.method.annotation.JacksonHintsIntegrationTests$JsonViewRestController#monoResponse()
22:42:39.442 [XNIO-33 I/O-2] DEBUG o.s.w.r.r.m.a.ResponseBodyResultHandler - Using 'application/json' given [application/json] and supported [application/json, application/*+json, application/x-jackson-smile, application/*+x-jackson-smile, text/event-stream]
22:42:39.442 [XNIO-33 I/O-2] DEBUG o.s.w.r.r.m.a.ResponseBodyResultHandler - [90c986d] 0..1 [org.springframework.web.reactive.result.method.annotation.JacksonHintsIntegrationTests$JacksonViewBean]
22:42:39.443 [XNIO-33 I/O-2] DEBUG o.s.h.c.j.Jackson2JsonEncoder - [90c986d] Encoding [org.springframework.web.reactive.result.method.annotation.JacksonHintsIntegrationTests$JacksonViewBe (truncated)...]
22:42:39.443 [XNIO-33 I/O-2] DEBUG o.s.w.s.a.HttpWebHandlerAdapter - [90c986d] Completed 200 OK
22:42:39.443 [Test worker] DEBUG o.s.w.c.RestTemplate - Response 200 OK
22:42:39.443 [Test worker] DEBUG o.s.w.c.RestTemplate - Reading to [java.lang.String] as "application/json"
22:42:39.443 [Test worker] DEBUG o.s.h.s.r.b.UndertowHttpServer - Stopping UndertowHttpServer...
22:42:39.444 [Test worker] DEBUG o.s.h.s.r.b.UndertowHttpServer - Server stopped (0 millis).
]]></system-out>
  <system-err><![CDATA[十一月 25, 2020 10:42:37 下午 org.apache.catalina.core.StandardService startInternal
信息: Starting service [Tomcat]
十一月 25, 2020 10:42:37 下午 org.apache.catalina.core.StandardEngine startInternal
信息: Starting Servlet engine: [Apache Tomcat/9.0.21]
十一月 25, 2020 10:42:37 下午 org.apache.coyote.AbstractProtocol init
信息: Initializing ProtocolHandler ["http-nio-auto-25"]
十一月 25, 2020 10:42:37 下午 org.apache.coyote.AbstractProtocol start
信息: Starting ProtocolHandler ["http-nio-auto-25-53900"]
十一月 25, 2020 10:42:37 下午 org.apache.coyote.AbstractProtocol pause
信息: Pausing ProtocolHandler ["http-nio-auto-25-53900"]
十一月 25, 2020 10:42:37 下午 org.apache.catalina.core.StandardService stopInternal
信息: Stopping service [Tomcat]
十一月 25, 2020 10:42:37 下午 org.apache.coyote.AbstractProtocol stop
信息: Stopping ProtocolHandler ["http-nio-auto-25-53900"]
十一月 25, 2020 10:42:37 下午 org.apache.coyote.AbstractProtocol destroy
信息: Destroying ProtocolHandler ["http-nio-auto-25-53900"]
十一月 25, 2020 10:42:38 下午 org.apache.catalina.core.StandardService startInternal
信息: Starting service [Tomcat]
十一月 25, 2020 10:42:38 下午 org.apache.catalina.core.StandardEngine startInternal
信息: Starting Servlet engine: [Apache Tomcat/9.0.21]
十一月 25, 2020 10:42:38 下午 org.apache.coyote.AbstractProtocol init
信息: Initializing ProtocolHandler ["http-nio-auto-26"]
十一月 25, 2020 10:42:38 下午 org.apache.coyote.AbstractProtocol start
信息: Starting ProtocolHandler ["http-nio-auto-26-53903"]
十一月 25, 2020 10:42:38 下午 org.apache.coyote.AbstractProtocol pause
信息: Pausing ProtocolHandler ["http-nio-auto-26-53903"]
十一月 25, 2020 10:42:38 下午 org.apache.catalina.core.StandardService stopInternal
信息: Stopping service [Tomcat]
十一月 25, 2020 10:42:38 下午 org.apache.coyote.AbstractProtocol stop
信息: Stopping ProtocolHandler ["http-nio-auto-26-53903"]
十一月 25, 2020 10:42:38 下午 org.apache.coyote.AbstractProtocol destroy
信息: Destroying ProtocolHandler ["http-nio-auto-26-53903"]
十一月 25, 2020 10:42:38 下午 org.apache.catalina.core.StandardService startInternal
信息: Starting service [Tomcat]
十一月 25, 2020 10:42:38 下午 org.apache.catalina.core.StandardEngine startInternal
信息: Starting Servlet engine: [Apache Tomcat/9.0.21]
十一月 25, 2020 10:42:38 下午 org.apache.coyote.AbstractProtocol init
信息: Initializing ProtocolHandler ["http-nio-auto-27"]
十一月 25, 2020 10:42:38 下午 org.apache.coyote.AbstractProtocol start
信息: Starting ProtocolHandler ["http-nio-auto-27-53906"]
十一月 25, 2020 10:42:38 下午 org.apache.coyote.AbstractProtocol pause
信息: Pausing ProtocolHandler ["http-nio-auto-27-53906"]
十一月 25, 2020 10:42:38 下午 org.apache.catalina.core.StandardService stopInternal
信息: Stopping service [Tomcat]
十一月 25, 2020 10:42:38 下午 org.apache.coyote.AbstractProtocol stop
信息: Stopping ProtocolHandler ["http-nio-auto-27-53906"]
十一月 25, 2020 10:42:38 下午 org.apache.coyote.AbstractProtocol destroy
信息: Destroying ProtocolHandler ["http-nio-auto-27-53906"]
十一月 25, 2020 10:42:38 下午 org.apache.catalina.core.StandardService startInternal
信息: Starting service [Tomcat]
十一月 25, 2020 10:42:38 下午 org.apache.catalina.core.StandardEngine startInternal
信息: Starting Servlet engine: [Apache Tomcat/9.0.21]
十一月 25, 2020 10:42:38 下午 org.apache.coyote.AbstractProtocol init
信息: Initializing ProtocolHandler ["http-nio-auto-28"]
十一月 25, 2020 10:42:38 下午 org.apache.coyote.AbstractProtocol start
信息: Starting ProtocolHandler ["http-nio-auto-28-53912"]
十一月 25, 2020 10:42:38 下午 org.apache.coyote.AbstractProtocol pause
信息: Pausing ProtocolHandler ["http-nio-auto-28-53912"]
十一月 25, 2020 10:42:38 下午 org.apache.catalina.core.StandardService stopInternal
信息: Stopping service [Tomcat]
十一月 25, 2020 10:42:38 下午 org.apache.coyote.AbstractProtocol stop
信息: Stopping ProtocolHandler ["http-nio-auto-28-53912"]
十一月 25, 2020 10:42:38 下午 org.apache.coyote.AbstractProtocol destroy
信息: Destroying ProtocolHandler ["http-nio-auto-28-53912"]
十一月 25, 2020 10:42:38 下午 org.apache.catalina.core.StandardService startInternal
信息: Starting service [Tomcat]
十一月 25, 2020 10:42:38 下午 org.apache.catalina.core.StandardEngine startInternal
信息: Starting Servlet engine: [Apache Tomcat/9.0.21]
十一月 25, 2020 10:42:38 下午 org.apache.coyote.AbstractProtocol init
信息: Initializing ProtocolHandler ["http-nio-auto-29"]
十一月 25, 2020 10:42:38 下午 org.apache.coyote.AbstractProtocol start
信息: Starting ProtocolHandler ["http-nio-auto-29-53915"]
十一月 25, 2020 10:42:38 下午 org.apache.coyote.AbstractProtocol pause
信息: Pausing ProtocolHandler ["http-nio-auto-29-53915"]
十一月 25, 2020 10:42:38 下午 org.apache.catalina.core.StandardService stopInternal
信息: Stopping service [Tomcat]
十一月 25, 2020 10:42:38 下午 org.apache.coyote.AbstractProtocol stop
信息: Stopping ProtocolHandler ["http-nio-auto-29-53915"]
十一月 25, 2020 10:42:38 下午 org.apache.coyote.AbstractProtocol destroy
信息: Destroying ProtocolHandler ["http-nio-auto-29-53915"]
十一月 25, 2020 10:42:38 下午 org.apache.catalina.core.StandardService startInternal
信息: Starting service [Tomcat]
十一月 25, 2020 10:42:38 下午 org.apache.catalina.core.StandardEngine startInternal
信息: Starting Servlet engine: [Apache Tomcat/9.0.21]
十一月 25, 2020 10:42:38 下午 org.apache.coyote.AbstractProtocol init
信息: Initializing ProtocolHandler ["http-nio-auto-30"]
十一月 25, 2020 10:42:38 下午 org.apache.coyote.AbstractProtocol start
信息: Starting ProtocolHandler ["http-nio-auto-30-53918"]
十一月 25, 2020 10:42:38 下午 org.apache.coyote.AbstractProtocol pause
信息: Pausing ProtocolHandler ["http-nio-auto-30-53918"]
十一月 25, 2020 10:42:38 下午 org.apache.catalina.core.StandardService stopInternal
信息: Stopping service [Tomcat]
十一月 25, 2020 10:42:38 下午 org.apache.coyote.AbstractProtocol stop
信息: Stopping ProtocolHandler ["http-nio-auto-30-53918"]
十一月 25, 2020 10:42:38 下午 org.apache.coyote.AbstractProtocol destroy
信息: Destroying ProtocolHandler ["http-nio-auto-30-53918"]
十一月 25, 2020 10:42:38 下午 org.apache.catalina.core.StandardService startInternal
信息: Starting service [Tomcat]
十一月 25, 2020 10:42:38 下午 org.apache.catalina.core.StandardEngine startInternal
信息: Starting Servlet engine: [Apache Tomcat/9.0.21]
十一月 25, 2020 10:42:38 下午 org.apache.coyote.AbstractProtocol init
信息: Initializing ProtocolHandler ["http-nio-auto-31"]
十一月 25, 2020 10:42:38 下午 org.apache.coyote.AbstractProtocol start
信息: Starting ProtocolHandler ["http-nio-auto-31-53921"]
十一月 25, 2020 10:42:38 下午 org.apache.coyote.AbstractProtocol pause
信息: Pausing ProtocolHandler ["http-nio-auto-31-53921"]
十一月 25, 2020 10:42:38 下午 org.apache.catalina.core.StandardService stopInternal
信息: Stopping service [Tomcat]
十一月 25, 2020 10:42:38 下午 org.apache.coyote.AbstractProtocol stop
信息: Stopping ProtocolHandler ["http-nio-auto-31-53921"]
十一月 25, 2020 10:42:38 下午 org.apache.coyote.AbstractProtocol destroy
信息: Destroying ProtocolHandler ["http-nio-auto-31-53921"]
十一月 25, 2020 10:42:38 下午 org.apache.catalina.core.StandardService startInternal
信息: Starting service [Tomcat]
十一月 25, 2020 10:42:38 下午 org.apache.catalina.core.StandardEngine startInternal
信息: Starting Servlet engine: [Apache Tomcat/9.0.21]
十一月 25, 2020 10:42:38 下午 org.apache.coyote.AbstractProtocol init
信息: Initializing ProtocolHandler ["http-nio-auto-32"]
十一月 25, 2020 10:42:38 下午 org.apache.coyote.AbstractProtocol start
信息: Starting ProtocolHandler ["http-nio-auto-32-53924"]
十一月 25, 2020 10:42:38 下午 org.apache.coyote.AbstractProtocol pause
信息: Pausing ProtocolHandler ["http-nio-auto-32-53924"]
十一月 25, 2020 10:42:38 下午 org.apache.catalina.core.StandardService stopInternal
信息: Stopping service [Tomcat]
十一月 25, 2020 10:42:38 下午 org.apache.coyote.AbstractProtocol stop
信息: Stopping ProtocolHandler ["http-nio-auto-32-53924"]
十一月 25, 2020 10:42:38 下午 org.apache.coyote.AbstractProtocol destroy
信息: Destroying ProtocolHandler ["http-nio-auto-32-53924"]
十一月 25, 2020 10:42:38 下午 org.apache.catalina.core.StandardService startInternal
信息: Starting service [Tomcat]
十一月 25, 2020 10:42:38 下午 org.apache.catalina.core.StandardEngine startInternal
信息: Starting Servlet engine: [Apache Tomcat/9.0.21]
十一月 25, 2020 10:42:38 下午 org.apache.coyote.AbstractProtocol init
信息: Initializing ProtocolHandler ["http-nio-auto-33"]
十一月 25, 2020 10:42:38 下午 org.apache.coyote.AbstractProtocol start
信息: Starting ProtocolHandler ["http-nio-auto-33-53927"]
十一月 25, 2020 10:42:38 下午 org.apache.coyote.AbstractProtocol pause
信息: Pausing ProtocolHandler ["http-nio-auto-33-53927"]
十一月 25, 2020 10:42:38 下午 org.apache.catalina.core.StandardService stopInternal
信息: Stopping service [Tomcat]
十一月 25, 2020 10:42:38 下午 org.apache.coyote.AbstractProtocol stop
信息: Stopping ProtocolHandler ["http-nio-auto-33-53927"]
十一月 25, 2020 10:42:38 下午 org.apache.coyote.AbstractProtocol destroy
信息: Destroying ProtocolHandler ["http-nio-auto-33-53927"]
]]></system-err>
</testsuite>
